<?xml version="1.0" encoding="UTF-8" ?>
<testsuites name="vitest tests" tests="851" failures="317" errors="0" time="59.477">
    <testsuite name="app/__tests__/layout-hydration.test.tsx" timestamp="2025-07-02T10:22:05.361Z" hostname="Shubhs-MacBook-Air.local" tests="4" failures="3" errors="0" skipped="0" time="0.011037042">
        <testcase classname="app/__tests__/layout-hydration.test.tsx" name="Layout Hydration &gt; should render without hydration warnings" time="0.00598275">
        </testcase>
        <testcase classname="app/__tests__/layout-hydration.test.tsx" name="Layout Hydration &gt; should read theme from cookies deterministically" time="0.002457791">
            <failure message="Unable to find an element by: [data-testid=&quot;theme-provider&quot;]

Ignored nodes: comments, script, style
[36m&lt;body&gt;[39m
  [36m&lt;div /&gt;[39m
[36m&lt;/body&gt;[39m" type="TestingLibraryElementError">
TestingLibraryElementError: Unable to find an element by: [data-testid=&quot;theme-provider&quot;]

Ignored nodes: comments, script, style
&lt;body&gt;
  &lt;div /&gt;
&lt;/body&gt;
 ❯ Object.getElementError node_modules/@testing-library/dom/dist/config.js:37:19
 ❯ node_modules/@testing-library/dom/dist/query-helpers.js:76:38
 ❯ node_modules/@testing-library/dom/dist/query-helpers.js:52:17
 ❯ node_modules/@testing-library/dom/dist/query-helpers.js:95:19
 ❯ app/__tests__/layout-hydration.test.tsx:84:27
            </failure>
        </testcase>
        <testcase classname="app/__tests__/layout-hydration.test.tsx" name="Layout Hydration &gt; should include hydration safety measures" time="0.001383042">
            <failure message="expect(received).toBeInTheDocument()

received value must be an HTMLElement or an SVGElement.
" type="Error">
Error: expect(received).toBeInTheDocument()

received value must be an HTMLElement or an SVGElement.

 ❯ app/__tests__/layout-hydration.test.tsx:98:71
            </failure>
        </testcase>
        <testcase classname="app/__tests__/layout-hydration.test.tsx" name="Layout Hydration &gt; should include Grammarly disable script" time="0.000791292">
            <failure message="expected undefined to be defined" type="AssertionError">
AssertionError: expected undefined to be defined
 ❯ app/__tests__/layout-hydration.test.tsx:113:29
            </failure>
        </testcase>
    </testsuite>
    <testsuite name="hooks/__tests__/useRateLimiting.test.ts" timestamp="2025-07-02T10:22:05.362Z" hostname="Shubhs-MacBook-Air.local" tests="16" failures="3" errors="0" skipped="0" time="30.313832375">
        <testcase classname="hooks/__tests__/useRateLimiting.test.ts" name="useRateLimiting &gt; initializes with loading state" time="0.005255584">
        </testcase>
        <testcase classname="hooks/__tests__/useRateLimiting.test.ts" name="useRateLimiting &gt; loads status on mount when autoCheck is enabled" time="0.05321025">
        </testcase>
        <testcase classname="hooks/__tests__/useRateLimiting.test.ts" name="useRateLimiting &gt; does not auto-load when autoCheck is disabled" time="0.000722833">
        </testcase>
        <testcase classname="hooks/__tests__/useRateLimiting.test.ts" name="useRateLimiting &gt; calculates warning states correctly" time="0.053509291">
        </testcase>
        <testcase classname="hooks/__tests__/useRateLimiting.test.ts" name="useRateLimiting &gt; calculates critical states correctly" time="0.053227208">
        </testcase>
        <testcase classname="hooks/__tests__/useRateLimiting.test.ts" name="useRateLimiting &gt; identifies blocked models correctly" time="0.053952667">
        </testcase>
        <testcase classname="hooks/__tests__/useRateLimiting.test.ts" name="useRateLimiting &gt; handles API errors gracefully" time="0.054362917">
        </testcase>
        <testcase classname="hooks/__tests__/useRateLimiting.test.ts" name="useRateLimiting &gt; refreshes status manually" time="0.00312525">
        </testcase>
        <testcase classname="hooks/__tests__/useRateLimiting.test.ts" name="useRateLimiting &gt; checks model availability" time="0.001441583">
        </testcase>
        <testcase classname="hooks/__tests__/useRateLimiting.test.ts" name="useRateLimiting &gt; resets limits successfully" time="0.001616958">
        </testcase>
        <testcase classname="hooks/__tests__/useRateLimiting.test.ts" name="useRateLimiting &gt; handles reset errors" time="0.000945">
        </testcase>
        <testcase classname="hooks/__tests__/useRateLimiting.test.ts" name="useRateLimiting &gt; auto-checks at specified intervals" time="10.008195875">
            <failure message="Test timed out in 10000ms.
If this is a long-running test, pass a timeout value as the last argument or configure it globally with &quot;testTimeout&quot;." type="Error">
Error: Test timed out in 10000ms.
If this is a long-running test, pass a timeout value as the last argument or configure it globally with &quot;testTimeout&quot;.
            </failure>
        </testcase>
        <testcase classname="hooks/__tests__/useRateLimiting.test.ts" name="useRateLimiting &gt; returns correct utilization values" time="10.004896625">
            <failure message="Test timed out in 10000ms.
If this is a long-running test, pass a timeout value as the last argument or configure it globally with &quot;testTimeout&quot;." type="Error">
Error: Test timed out in 10000ms.
If this is a long-running test, pass a timeout value as the last argument or configure it globally with &quot;testTimeout&quot;.
            </failure>
        </testcase>
        <testcase classname="hooks/__tests__/useRateLimiting.test.ts" name="useRateLimiting &gt; returns zero utilization when no status available" time="0.00150075">
        </testcase>
        <testcase classname="hooks/__tests__/useRateLimiting.test.ts" name="useRateLimiting &gt; cleans up intervals on unmount" time="0.002763417">
        </testcase>
        <testcase classname="hooks/__tests__/useRateLimiting.test.ts" name="useRateLimiting &gt; respects custom thresholds" time="10.014173041">
            <failure message="Test timed out in 10000ms.
If this is a long-running test, pass a timeout value as the last argument or configure it globally with &quot;testTimeout&quot;." type="Error">
Error: Test timed out in 10000ms.
If this is a long-running test, pass a timeout value as the last argument or configure it globally with &quot;testTimeout&quot;.
            </failure>
            <failure message="clearInterval is not defined" type="ReferenceError">
ReferenceError: clearInterval is not defined
 ❯ hooks/useRateLimiting.ts:126:20
 ❯ Object.react-stack-bottom-frame node_modules/react-dom/cjs/react-dom-client.development.js:23961:13
 ❯ runWithFiberInDEV node_modules/react-dom/cjs/react-dom-client.development.js:1522:13
 ❯ commitHookEffectListUnmount node_modules/react-dom/cjs/react-dom-client.development.js:11996:17
 ❯ commitHookPassiveUnmountEffects node_modules/react-dom/cjs/react-dom-client.development.js:12043:11
 ❯ commitPassiveUnmountEffectsInsideOfDeletedTree_begin node_modules/react-dom/cjs/react-dom-client.development.js:14269:13
 ❯ recursivelyTraversePassiveUnmountEffects node_modules/react-dom/cjs/react-dom-client.development.js:14167:13
 ❯ commitPassiveUnmountOnFiber node_modules/react-dom/cjs/react-dom-client.development.js:14194:11
 ❯ flushPassiveEffects node_modules/react-dom/cjs/react-dom-client.development.js:15736:9
 ❯ flushPendingEffects node_modules/react-dom/cjs/react-dom-client.development.js:15702:14
            </failure>
        </testcase>
    </testsuite>
    <testsuite name="lib/__tests__/emoji.test.ts" timestamp="2025-07-02T10:22:05.363Z" hostname="Shubhs-MacBook-Air.local" tests="8" failures="0" errors="0" skipped="0" time="0.001668166">
        <testcase classname="lib/__tests__/emoji.test.ts" name="emoji utility &gt; sectionIcon &gt; defines correct icons for each section type" time="0.00037875">
        </testcase>
        <testcase classname="lib/__tests__/emoji.test.ts" name="emoji utility &gt; sectionPatterns &gt; matches executive summary patterns" time="0.000180208">
        </testcase>
        <testcase classname="lib/__tests__/emoji.test.ts" name="emoji utility &gt; sectionPatterns &gt; matches issues patterns" time="0.000199625">
        </testcase>
        <testcase classname="lib/__tests__/emoji.test.ts" name="emoji utility &gt; sectionPatterns &gt; matches solutions patterns" time="0.000149208">
        </testcase>
        <testcase classname="lib/__tests__/emoji.test.ts" name="emoji utility &gt; sectionPatterns &gt; patterns are case insensitive" time="0.000114041">
        </testcase>
        <testcase classname="lib/__tests__/emoji.test.ts" name="emoji utility &gt; accessibleEmoji &gt; wraps emoji in proper accessibility markup" time="0.0000745">
        </testcase>
        <testcase classname="lib/__tests__/emoji.test.ts" name="emoji utility &gt; accessibleEmoji &gt; handles special characters in label" time="0.000045833">
        </testcase>
        <testcase classname="lib/__tests__/emoji.test.ts" name="emoji utility &gt; NBSP &gt; is a non-breaking space character" time="0.000049625">
        </testcase>
    </testsuite>
    <testsuite name="lib/__tests__/feedme-api-url.test.ts" timestamp="2025-07-02T10:22:05.364Z" hostname="Shubhs-MacBook-Air.local" tests="4" failures="0" errors="0" skipped="0" time="0.003301084">
        <testcase classname="lib/__tests__/feedme-api-url.test.ts" name="FeedMe API URL Configuration &gt; should use environment variable when provided" time="0.001492083">
            <system-out>
[FeedMe API] Using API_BASE: https://api.example.com/v1
[FeedMe API] Using FEEDME_API_BASE: https://api.example.com/v1/feedme
[FeedMe API Client] Initialized with baseUrl: https://api.example.com/v1/feedme

            </system-out>
        </testcase>
        <testcase classname="lib/__tests__/feedme-api-url.test.ts" name="FeedMe API URL Configuration &gt; should use default relative path when env variable not set" time="0.000521125">
            <system-out>
[FeedMe API] Using API_BASE: /api/v1
[FeedMe API] Using FEEDME_API_BASE: /api/v1/feedme
[FeedMe API Client] Initialized with baseUrl: /api/v1/feedme

            </system-out>
        </testcase>
        <testcase classname="lib/__tests__/feedme-api-url.test.ts" name="FeedMe API URL Configuration &gt; should not use typeof window checks for URL determination" time="0.00042">
            <system-out>
[FeedMe API] Using API_BASE: /api/v1
[FeedMe API] Using FEEDME_API_BASE: /api/v1/feedme
[FeedMe API Client] Initialized with baseUrl: /api/v1/feedme

            </system-out>
        </testcase>
        <testcase classname="lib/__tests__/feedme-api-url.test.ts" name="FeedMe API URL Configuration &gt; should have ApiUnreachableError available for import" time="0.000468333">
            <system-out>
[FeedMe API] Using API_BASE: /api/v1
[FeedMe API] Using FEEDME_API_BASE: /api/v1/feedme
[FeedMe API Client] Initialized with baseUrl: /api/v1/feedme

            </system-out>
        </testcase>
    </testsuite>
    <testsuite name="components/chat/__tests__/SystemStatusMessage.test.tsx" timestamp="2025-07-02T10:22:05.364Z" hostname="Shubhs-MacBook-Air.local" tests="6" failures="0" errors="0" skipped="0" time="0.022960583">
        <testcase classname="components/chat/__tests__/SystemStatusMessage.test.tsx" name="SystemStatusMessage &gt; renders analyzing phase with file information" time="0.01465175">
        </testcase>
        <testcase classname="components/chat/__tests__/SystemStatusMessage.test.tsx" name="SystemStatusMessage &gt; renders processing phase" time="0.001937958">
        </testcase>
        <testcase classname="components/chat/__tests__/SystemStatusMessage.test.tsx" name="SystemStatusMessage &gt; handles missing file information gracefully" time="0.001574333">
        </testcase>
        <testcase classname="components/chat/__tests__/SystemStatusMessage.test.tsx" name="SystemStatusMessage &gt; extracts filename from complex filesize string" time="0.001402708">
        </testcase>
        <testcase classname="components/chat/__tests__/SystemStatusMessage.test.tsx" name="SystemStatusMessage &gt; displays loading animation elements" time="0.001772625">
        </testcase>
        <testcase classname="components/chat/__tests__/SystemStatusMessage.test.tsx" name="SystemStatusMessage &gt; displays time with clock icon" time="0.001140583">
        </testcase>
    </testsuite>
    <testsuite name="components/log-analysis/__tests__/ActionBar.test.tsx" timestamp="2025-07-02T10:22:05.364Z" hostname="Shubhs-MacBook-Air.local" tests="6" failures="0" errors="0" skipped="0" time="0.061806291">
        <testcase classname="components/log-analysis/__tests__/ActionBar.test.tsx" name="ActionBar &gt; renders all four tabs" time="0.015719125">
        </testcase>
        <testcase classname="components/log-analysis/__tests__/ActionBar.test.tsx" name="ActionBar &gt; shows issue count when issueCount &gt; 0" time="0.002018917">
        </testcase>
        <testcase classname="components/log-analysis/__tests__/ActionBar.test.tsx" name="ActionBar &gt; disables insights tab when hasInsights is false" time="0.023816125">
        </testcase>
        <testcase classname="components/log-analysis/__tests__/ActionBar.test.tsx" name="ActionBar &gt; marks active tab as selected" time="0.006363042">
        </testcase>
        <testcase classname="components/log-analysis/__tests__/ActionBar.test.tsx" name="ActionBar &gt; calls onTabChange when non-system tab is clicked" time="0.007120209">
        </testcase>
        <testcase classname="components/log-analysis/__tests__/ActionBar.test.tsx" name="ActionBar &gt; calls onSystemOverviewClick when system tab is clicked" time="0.006261667">
        </testcase>
    </testsuite>
    <testsuite name="components/log-analysis/__tests__/ExecutiveSummary.test.tsx" timestamp="2025-07-02T10:22:05.365Z" hostname="Shubhs-MacBook-Air.local" tests="3" failures="0" errors="0" skipped="0" time="0.027447417">
        <testcase classname="components/log-analysis/__tests__/ExecutiveSummary.test.tsx" name="ExecutiveSummary &gt; renders executive summary when content is provided" time="0.025704792">
        </testcase>
        <testcase classname="components/log-analysis/__tests__/ExecutiveSummary.test.tsx" name="ExecutiveSummary &gt; does not render when content is empty" time="0.000579916">
        </testcase>
        <testcase classname="components/log-analysis/__tests__/ExecutiveSummary.test.tsx" name="ExecutiveSummary &gt; does not render when content is whitespace only" time="0.000433375">
        </testcase>
    </testsuite>
    <testsuite name="components/markdown/__tests__/ExecutiveSummaryRenderer.test.tsx" timestamp="2025-07-02T10:22:05.365Z" hostname="Shubhs-MacBook-Air.local" tests="10" failures="0" errors="0" skipped="0" time="0.041076166">
        <testcase classname="components/markdown/__tests__/ExecutiveSummaryRenderer.test.tsx" name="ExecutiveSummaryRenderer &gt; renders markdown content correctly" time="0.019036083">
        </testcase>
        <testcase classname="components/markdown/__tests__/ExecutiveSummaryRenderer.test.tsx" name="ExecutiveSummaryRenderer &gt; filters out implementation timeline sections" time="0.003133834">
        </testcase>
        <testcase classname="components/markdown/__tests__/ExecutiveSummaryRenderer.test.tsx" name="ExecutiveSummaryRenderer &gt; handles case-insensitive implementation timeline filtering" time="0.002383">
        </testcase>
        <testcase classname="components/markdown/__tests__/ExecutiveSummaryRenderer.test.tsx" name="ExecutiveSummaryRenderer &gt; returns null for empty content" time="0.000419083">
        </testcase>
        <testcase classname="components/markdown/__tests__/ExecutiveSummaryRenderer.test.tsx" name="ExecutiveSummaryRenderer &gt; handles whitespace-only content" time="0.001804958">
        </testcase>
        <testcase classname="components/markdown/__tests__/ExecutiveSummaryRenderer.test.tsx" name="ExecutiveSummaryRenderer &gt; preserves other markdown formatting" time="0.004964458">
        </testcase>
        <testcase classname="components/markdown/__tests__/ExecutiveSummaryRenderer.test.tsx" name="ExecutiveSummaryRenderer &gt; applies exec-summary class for accent color styling" time="0.001992458">
        </testcase>
        <testcase classname="components/markdown/__tests__/ExecutiveSummaryRenderer.test.tsx" name="ExecutiveSummaryRenderer &gt; injects emojis for recognized h2 section headings" time="0.002958292">
        </testcase>
        <testcase classname="components/markdown/__tests__/ExecutiveSummaryRenderer.test.tsx" name="ExecutiveSummaryRenderer &gt; filters out priority implementation order sections" time="0.001891833">
        </testcase>
        <testcase classname="components/markdown/__tests__/ExecutiveSummaryRenderer.test.tsx" name="ExecutiveSummaryRenderer &gt; handles case-insensitive emoji pattern matching" time="0.00204">
        </testcase>
    </testsuite>
    <testsuite name="components/markdown/__tests__/MarkdownMessage.test.tsx" timestamp="2025-07-02T10:22:05.365Z" hostname="Shubhs-MacBook-Air.local" tests="5" failures="0" errors="0" skipped="0" time="0.023591042">
        <testcase classname="components/markdown/__tests__/MarkdownMessage.test.tsx" name="MarkdownMessage &gt; renders basic markdown content" time="0.01469925">
        </testcase>
        <testcase classname="components/markdown/__tests__/MarkdownMessage.test.tsx" name="MarkdownMessage &gt; renders markdown lists" time="0.00413425">
        </testcase>
        <testcase classname="components/markdown/__tests__/MarkdownMessage.test.tsx" name="MarkdownMessage &gt; renders code blocks" time="0.001914291">
        </testcase>
        <testcase classname="components/markdown/__tests__/MarkdownMessage.test.tsx" name="MarkdownMessage &gt; trims whitespace from content" time="0.000970583">
        </testcase>
        <testcase classname="components/markdown/__tests__/MarkdownMessage.test.tsx" name="MarkdownMessage &gt; applies correct CSS classes for prose styling" time="0.001405542">
        </testcase>
    </testsuite>
    <testsuite name="components/rate-limiting/__tests__/RateLimitDialog.test.tsx" timestamp="2025-07-02T10:22:05.366Z" hostname="Shubhs-MacBook-Air.local" tests="21" failures="8" errors="0" skipped="0" time="20.211222916">
        <testcase classname="components/rate-limiting/__tests__/RateLimitDialog.test.tsx" name="RateLimitDialog &gt; renders dialog when open" time="0.042941917">
            <system-err>
`DialogContent` requires a `DialogTitle` for the component to be accessible for screen reader users.

If you want to hide the `DialogTitle`, you can wrap it with our VisuallyHidden component.

For more information, see https://radix-ui.com/primitives/docs/components/dialog
Warning: Missing `Description` or `aria-describedby={undefined}` for {DialogContent}.

            </system-err>
        </testcase>
        <testcase classname="components/rate-limiting/__tests__/RateLimitDialog.test.tsx" name="RateLimitDialog &gt; does not render when closed" time="0.001046792">
        </testcase>
        <testcase classname="components/rate-limiting/__tests__/RateLimitDialog.test.tsx" name="RateLimitDialog &gt; displays correct model information for Flash" time="0.00779775">
            <system-err>
`DialogContent` requires a `DialogTitle` for the component to be accessible for screen reader users.

If you want to hide the `DialogTitle`, you can wrap it with our VisuallyHidden component.

For more information, see https://radix-ui.com/primitives/docs/components/dialog
Warning: Missing `Description` or `aria-describedby={undefined}` for {DialogContent}.

            </system-err>
        </testcase>
        <testcase classname="components/rate-limiting/__tests__/RateLimitDialog.test.tsx" name="RateLimitDialog &gt; displays correct model information for Pro" time="0.008913666">
            <system-err>
`DialogContent` requires a `DialogTitle` for the component to be accessible for screen reader users.

If you want to hide the `DialogTitle`, you can wrap it with our VisuallyHidden component.

For more information, see https://radix-ui.com/primitives/docs/components/dialog
Warning: Missing `Description` or `aria-describedby={undefined}` for {DialogContent}.

            </system-err>
        </testcase>
        <testcase classname="components/rate-limiting/__tests__/RateLimitDialog.test.tsx" name="RateLimitDialog &gt; shows RPM limit information when blocked by RPM" time="0.006428375">
            <system-err>
`DialogContent` requires a `DialogTitle` for the component to be accessible for screen reader users.

If you want to hide the `DialogTitle`, you can wrap it with our VisuallyHidden component.

For more information, see https://radix-ui.com/primitives/docs/components/dialog
Warning: Missing `Description` or `aria-describedby={undefined}` for {DialogContent}.

            </system-err>
        </testcase>
        <testcase classname="components/rate-limiting/__tests__/RateLimitDialog.test.tsx" name="RateLimitDialog &gt; shows RPD limit information when blocked by RPD" time="0.006112167">
            <system-err>
`DialogContent` requires a `DialogTitle` for the component to be accessible for screen reader users.

If you want to hide the `DialogTitle`, you can wrap it with our VisuallyHidden component.

For more information, see https://radix-ui.com/primitives/docs/components/dialog
Warning: Missing `Description` or `aria-describedby={undefined}` for {DialogContent}.

            </system-err>
        </testcase>
        <testcase classname="components/rate-limiting/__tests__/RateLimitDialog.test.tsx" name="RateLimitDialog &gt; displays progress bar with correct utilization" time="0.005983666">
            <system-err>
`DialogContent` requires a `DialogTitle` for the component to be accessible for screen reader users.

If you want to hide the `DialogTitle`, you can wrap it with our VisuallyHidden component.

For more information, see https://radix-ui.com/primitives/docs/components/dialog
Warning: Missing `Description` or `aria-describedby={undefined}` for {DialogContent}.

            </system-err>
        </testcase>
        <testcase classname="components/rate-limiting/__tests__/RateLimitDialog.test.tsx" name="RateLimitDialog &gt; shows reset timer" time="0.004783584">
            <system-err>
`DialogContent` requires a `DialogTitle` for the component to be accessible for screen reader users.

If you want to hide the `DialogTitle`, you can wrap it with our VisuallyHidden component.

For more information, see https://radix-ui.com/primitives/docs/components/dialog
Warning: Missing `Description` or `aria-describedby={undefined}` for {DialogContent}.

            </system-err>
        </testcase>
        <testcase classname="components/rate-limiting/__tests__/RateLimitDialog.test.tsx" name="RateLimitDialog &gt; updates timer countdown" time="10.0129475">
            <system-err>
`DialogContent` requires a `DialogTitle` for the component to be accessible for screen reader users.

If you want to hide the `DialogTitle`, you can wrap it with our VisuallyHidden component.

For more information, see https://radix-ui.com/primitives/docs/components/dialog
Warning: Missing `Description` or `aria-describedby={undefined}` for {DialogContent}.

            </system-err>
            <failure message="Test timed out in 10000ms.
If this is a long-running test, pass a timeout value as the last argument or configure it globally with &quot;testTimeout&quot;." type="Error">
Error: Test timed out in 10000ms.
If this is a long-running test, pass a timeout value as the last argument or configure it globally with &quot;testTimeout&quot;.
            </failure>
        </testcase>
        <testcase classname="components/rate-limiting/__tests__/RateLimitDialog.test.tsx" name="RateLimitDialog &gt; auto-closes when timer reaches zero" time="10.023194375">
            <system-err>
`DialogContent` requires a `DialogTitle` for the component to be accessible for screen reader users.

If you want to hide the `DialogTitle`, you can wrap it with our VisuallyHidden component.

For more information, see https://radix-ui.com/primitives/docs/components/dialog
Warning: Missing `Description` or `aria-describedby={undefined}` for {DialogContent}.

            </system-err>
            <failure message="Test timed out in 10000ms.
If this is a long-running test, pass a timeout value as the last argument or configure it globally with &quot;testTimeout&quot;." type="Error">
Error: Test timed out in 10000ms.
If this is a long-running test, pass a timeout value as the last argument or configure it globally with &quot;testTimeout&quot;.
            </failure>
        </testcase>
        <testcase classname="components/rate-limiting/__tests__/RateLimitDialog.test.tsx" name="RateLimitDialog &gt; calls onClose when close button is clicked" time="0.030099375">
            <system-err>
`DialogContent` requires a `DialogTitle` for the component to be accessible for screen reader users.

If you want to hide the `DialogTitle`, you can wrap it with our VisuallyHidden component.

For more information, see https://radix-ui.com/primitives/docs/components/dialog
Warning: Missing `Description` or `aria-describedby={undefined}` for {DialogContent}.

            </system-err>
            <failure message="Found multiple elements with the text: Close

Here are the matching elements:

Ignored nodes: comments, script, style
[36m&lt;button[39m
  [33mclass[39m=[32m&quot;inline-flex items-center justify-center gap-2 whitespace-nowrap rounded-md text-sm font-medium ring-offset-background transition-colors focus-visible:outline-none focus-visible:ring-2 focus-visible:ring-ring focus-visible:ring-offset-2 disabled:pointer-events-none disabled:opacity-50 [&amp;_svg]:pointer-events-none [&amp;_svg]:size-4 [&amp;_svg]:shrink-0 bg-primary text-primary-foreground hover:bg-primary/90 h-10 px-4 py-2 w-full&quot;[39m
[36m&gt;[39m
  [0mClose[0m
[36m&lt;/button&gt;[39m

Ignored nodes: comments, script, style
[36m&lt;span[39m
  [33mclass[39m=[32m&quot;sr-only&quot;[39m
[36m&gt;[39m
  [0mClose[0m
[36m&lt;/span&gt;[39m

(If this is intentional, then use the `*AllBy*` variant of the query (like `queryAllByText`, `getAllByText`, or `findAllByText`)).

Ignored nodes: comments, script, style
[36m&lt;body[39m
  [33mdata-scroll-locked[39m=[32m&quot;1&quot;[39m
  [33mstyle[39m=[32m&quot;pointer-events: none;&quot;[39m
[36m&gt;[39m
  [36m&lt;span[39m
    [33maria-hidden[39m=[32m&quot;true&quot;[39m
    [33mdata-aria-hidden[39m=[32m&quot;true&quot;[39m
    [33mdata-radix-focus-guard[39m=[32m&quot;&quot;[39m
    [33mstyle[39m=[32m&quot;outline: none; opacity: 0; position: fixed; pointer-events: none;&quot;[39m
    [33mtabindex[39m=[32m&quot;0&quot;[39m
  [36m/&gt;[39m
  [36m&lt;div[39m
    [33maria-hidden[39m=[32m&quot;true&quot;[39m
    [33mdata-aria-hidden[39m=[32m&quot;true&quot;[39m
  [36m/&gt;[39m
  [36m&lt;div[39m
    [33maria-hidden[39m=[32m&quot;true&quot;[39m
    [33mclass[39m=[32m&quot;fixed inset-0 z-50 bg-black/80 data-[state=open]:animate-in data-[state=closed]:animate-out data-[state=closed]:fade-out-0 data-[state=open]:fade-in-0&quot;[39m
    [33mdata-aria-hidden[39m=[32m&quot;true&quot;[39m
    [33mdata-state[39m=[32m&quot;open&quot;[39m
    [33mstyle[39m=[32m&quot;pointer-events: auto;&quot;[39m
  [36m/&gt;[39m
  [36m&lt;div[39m
    [33maria-describedby[39m=[32m&quot;rate-limit-dialog-description&quot;[39m
    [33maria-labelledby[39m=[32m&quot;rate-limit-dialog-title&quot;[39m
    [33mclass[39m=[32m&quot;fixed left-[50%] top-[50%] z-50 grid w-full translate-x-[-50%] translate-y-[-50%] gap-4 border bg-background p-6 shadow-lg duration-200 data-[state=open]:animate-in data-[state=closed]:animate-out data-[state=closed]:fade-out-0 data-[state=open]:fade-in-0 data-[state=closed]:zoom-out-95 data-[state=open]:zoom-in-95 data-[state=closed]:slide-out-to-left-1/2 data-[state=closed]:slide-out-to-top-[48%] data-[state=open]:slide-in-from-left-1/2 data-[state=open]:slide-in-from-top-[48%] sm:rounded-lg max-w-md&quot;[39m
    [33mdata-state[39m=[32m&quot;open&quot;[39m
    [33mid[39m=[32m&quot;radix-«ru»&quot;[39m
    [33mrole[39m=[32m&quot;dialog&quot;[39m
    [33mstyle[39m=[32m&quot;pointer-events: auto;&quot;[39m
    [33mtabindex[39m=[32m&quot;-1&quot;[39m
  [36m&gt;[39m
    [36m&lt;div[39m
      [33mclass[39m=[32m&quot;flex flex-col space-y-1.5 text-center sm:text-left&quot;[39m
    [36m&gt;[39m
      [36m&lt;div[39m
        [33mclass[39m=[32m&quot;flex items-center space-x-2&quot;[39m
      [36m&gt;[39m
        [36m&lt;svg[39m
          [33mclass[39m=[32m&quot;lucide lucide-triangle-alert h-5 w-5 text-red-500&quot;[39m
          [33mfill[39m=[32m&quot;none&quot;[39m
          [33mheight[39m=[32m&quot;24&quot;[39m
          [33mstroke[39m=[32m&quot;currentColor&quot;[39m
          [33mstroke-linecap[39m=[32m&quot;round&quot;[39m
          [33mstroke-linejoin[39m=[32m&quot;round&quot;[39m
          [33mstroke-width[39m=[32m&quot;2&quot;[39m
          [33mviewBox[39m=[32m&quot;0 0 24 24&quot;[39m
          [33mwidth[39m=[32m&quot;24&quot;[39m
          [33mxmlns[39m=[32m&quot;http://www.w3.org/2000/svg&quot;[39m
        [36m&gt;[39m
          [36m&lt;path[39m
            [33md[39m=[32m&quot;m21.73 18-8-14a2 2 0 0 0-3.48 0l-8 14A2 2 0 0 0 4 21h16a2 2 0 0 0 1.73-3&quot;[39m
          [36m/&gt;[39m
          [36m&lt;path[39m
            [33md[39m=[32m&quot;M12 9v4&quot;[39m
          [36m/&gt;[39m
          [36m&lt;path[39m
            [33md[39m=[32m&quot;M12 17h.01&quot;[39m
          [36m/&gt;[39m
        [36m&lt;/svg&gt;[39m
        [36m&lt;h2[39m
          [33mclass[39m=[32m&quot;text-lg font-semibold leading-none tracking-tight&quot;[39m
          [33mid[39m=[32m&quot;rate-limit-dialog-title&quot;[39m
        [36m&gt;[39m
          [0mRate Limit Reached[0m
        [36m&lt;/h2&gt;[39m
      [36m&lt;/div&gt;[39m
      [36m&lt;p[39m
        [33mclass[39m=[32m&quot;text-sm text-muted-foreground&quot;[39m
        [33mid[39m=[32m&quot;rate-limit-dialog-description&quot;[39m
      [36m&gt;[39m
        [0mYou&apos;ve reached the rate limit for Gemini [0m
        [0mFlash[0m
        [0m model[0m
      [36m&lt;/p&gt;[39m
    [36m&lt;/div&gt;[39m
    [36m&lt;div[39m
      [33mclass[39m=[32m&quot;space-y-4&quot;[39m
    [36m&gt;[39m
      [36m&lt;div[39m
        [33mclass[39m=[32m&quot;p-4 bg-gray-50 rounded-lg space-y-3&quot;[39m
      [36m&gt;[39m
        [36m&lt;div[39m
          [33mclass[39m=[32m&quot;flex items-center justify-between&quot;[39m
        [36m&gt;[39m
          [36m&lt;div[39m
            [33mclass[39m=[32m&quot;flex items-center space-x-2&quot;[39m
          [36m&gt;[39m
            [36m&lt;svg[39m
              [33mclass[39m=[32m&quot;lucide lucide-zap h-5 w-5 text-blue-500&quot;[39m
              [33mfill[39m=[32m&quot;none&quot;[39m
              [33mheight[39m=[32m&quot;24&quot;[39m
              [33mstroke[39m=[32m&quot;currentColor&quot;[39m
              [33mstroke-linecap[39m=[32m&quot;round&quot;[39m
              [33mstroke-linejoin[39m=[32m&quot;round&quot;[39m
              [33mstroke-width[39m=[32m&quot;2&quot;[39m
              [33mviewBox[39m=[32m&quot;0 0 24 24&quot;[39m
              [33mwidth[39m=[32m&quot;24&quot;[39m
              [33mxmlns[39m=[32m&quot;http://www.w3.org/2000/svg&quot;[39m
            [36m&gt;[39m
              [36m&lt;path[39m
                [33md[39m=[32m&quot;M4 14a1 1 0 0 1-.78-1.63l9.9-10.2a.5.5 0 0 1 .86.46l-1.92 6.02A1 1 0 0 0 13 10h7a1 1 0 0 1 .78 1.63l-9.9 10.2a.5.5 0 0 1-.86-.46l1.92-6.02A1 1 0 0 0 11 14z&quot;[39m
              [36m/&gt;[39m
            [36m&lt;/svg&gt;[39m
            [36m&lt;span[39m
              [33mclass[39m=[32m&quot;font-medium&quot;[39m
            [36m&gt;[39m
              [0mGemini [0m
              [0mFlash[0m
            [36m&lt;/span&gt;[39m
          [36m&lt;/div&gt;[39m
          [36m&lt;div[39m
            [33mclass[39m=[32m&quot;inline-flex items-center rounded-full border px-2.5 py-0.5 font-semibold transition-colors focus:outline-none focus:ring-2 focus:ring-ring focus:ring-offset-2 border-transparent bg-destructive text-destructive-foreground hover:bg-destructive/80 text-xs&quot;[39m
          [36m&gt;[39m
            [0mRPM[0m
            [0m Limit[0m
          [36m&lt;/div&gt;[39m
        [36m&lt;/div&gt;[39m
        [36m&lt;div[39m
          [33mclass[39m=[32m&quot;space-y-2&quot;[39m
        [36m&gt;[39m
          [36m&lt;div[39m
            [33mclass[39m=[32m&quot;flex justify-between text-sm&quot;[39m
          [36m&gt;[39m
            [36m&lt;span&gt;[39m
              [0mRequests [0m
              [0mper minute[0m
            [36m&lt;/span&gt;[39m
            [36m&lt;span[39m
              [33mclass[39m=[32m&quot;font-mono&quot;[39m
            [36m&gt;[39m
              [0m8[0m
              [0m/[0m
              [0m8[0m
            [36m&lt;/span&gt;[39m
          [36m&lt;/div&gt;[39m
          [36m&lt;div[39m
            [33maria-label[39m=[32m&quot;Rate limit utilization: 100% used&quot;[39m
            [33maria-valuemax[39m=[32m&quot;100&quot;[39m
            [33maria-valuemin[39m=[32m&quot;0&quot;[39m
            [33maria-valuenow[39m=[32m&quot;100&quot;[39m
            [33mclass[39m=[32m&quot;relative w-full overflow-hidden rounded-full bg-secondary h-2&quot;[39m
            [33mdata-max[39m=[32m&quot;100&quot;[39m
            [33mdata-state[39m=[32m&quot;indeterminate&quot;[39m
            [33mrole[39m=[32m&quot;progressbar&quot;[39m
          [36m&gt;[39m
            [36m&lt;div[39m
              [33mclass[39m=[32m&quot;h-full w-full flex-1 bg-primary transition-all&quot;[39m
              [33mdata-max[39m=[32m&quot;100&quot;[39m
              [33mdata-state[39m=[32m&quot;indeterminate&quot;[39m
              [33mstyle[39m=[32m&quot;transform: translateX(-0%);&quot;[39m
            [36m/&gt;[39m
          [36m&lt;/div&gt;[39m
          [36m&lt;div[39m
            [33mclass[39m=[32m&quot;text-xs text-gray-500&quot;[39m
          [36m&gt;[39m
            [0m100[0m
            [0m% of free tier limit used[0m
          [36m&lt;/div&gt;[39m
        [36m&lt;/div&gt;[39m
      [36m&lt;/div&gt;[39m
      [36m&lt;div[39m
        [33mclass[39m=[32m&quot;flex items-center justify-center p-4 bg-blue-50 rounded-lg&quot;[39m
      [36m&gt;[39m
        [36m&lt;div[39m
          [33mclass[39m=[32m&quot;text-center space-y-2&quot;[39m
        [36m&gt;[39m
          [36m&lt;div[39m
            [33mclass[39m=[32m&quot;flex items-center justify-center space-x-2&quot;[39m
          [36m&gt;[39m
            [36m&lt;svg[39m
              [33mclass[39m=[32m&quot;lucide lucide-clock h-4 w-4 text-blue-500&quot;[39m
              [33mfill[39m=[32m&quot;none&quot;[39m
              [33mheight[39m=[32m&quot;24&quot;[39m
              [33mstroke[39m=[32m&quot;currentColor&quot;[39m
              [33mstroke-linecap[39m=[32m&quot;round&quot;[39m
              [33mstroke-linejoin[39m=[32m&quot;round&quot;[39m
              [33mstroke-width[39m=[32m&quot;2&quot;[39m
              [33mviewBox[39m=[32m&quot;0 0 24 24&quot;[39m
              [33mwidth[39m=[32m&quot;24&quot;[39m
              [33mxmlns[39m=[32m&quot;http://www.w3.org/2000/svg&quot;[39m
            [36m&gt;[39m
              [36m&lt;circle[39m
                [33mcx[39m=[32m&quot;12&quot;[39m
                [33mcy[39m=[32m&quot;12&quot;[39m
                [33mr[39m=[32m&quot;10&quot;[39m
              [36m/&gt;[39m
              [36m&lt;polyline[39m
                [33mpoints[39m=[32m&quot;12 6 12 12 16 14&quot;[39m
              [36m/&gt;[39m
            [36m&lt;/svg&gt;[39m
            [36m&lt;span[39m
              [33mclass[39m=[32m&quot;text-sm font-medium&quot;[39m
            [36m&gt;[39m
              [0mLimit resets in[0m
            [36m&lt;/span&gt;[39m
          [36m&lt;/div&gt;[39m
          [36m&lt;div[39m
            [33mclass[39m=[32m&quot;text-2xl font-mono font-bold text-blue-600&quot;[39m
          [36m&gt;[39m
            [0m5m 0s[0m
          [36m&lt;/div&gt;[39m
        [36m&lt;/div&gt;[39m
      [36m&lt;/div&gt;[39m
      [36m&lt;div[39m
        [33mclass[39m=[32m&quot;text-sm text-gray-600 space-y-1&quot;[39m
      [36m&gt;[39m
        [36m&lt;p&gt;[39m
          [36m&lt;strong&gt;[39m
            [0mWhat happened?[0m
          [36m&lt;/strong&gt;[39m
          [0m You&apos;ve reached the [0m
          [0mRPM[0m
          [0m limit for the Gemini [0m
          [0mFlash[0m
          [0m model. This helps keep the service free by staying within Google&apos;s free tier limits.[0m
        [36m&lt;/p&gt;[39m
        [36m&lt;p&gt;[39m
          [36m&lt;strong&gt;[39m
            [0mWhat&apos;s next?[0m
          [36m&lt;/strong&gt;[39m
          [0m You can wait for the limit to reset or try using a different model if available.[0m
        [36m&lt;/p&gt;[39m
      [36m&lt;/div&gt;[39m
      [36m&lt;div[39m
        [33mclass[39m=[32m&quot;text-xs text-gray-500 p-2 bg-yellow-50 rounded border-l-2 border-yellow-200&quot;[39m
      [36m&gt;[39m
        [36m&lt;strong&gt;[39m
          [0mSafety margin:[0m
        [36m&lt;/strong&gt;[39m
        [0m Limits are set to [0m
        [0m20[0m
        [0m% below Google&apos;s actual limits to prevent any overage charges.[0m
      [36m&lt;/div&gt;[39m
      [36m&lt;div[39m
        [33mclass[39m=[32m&quot;flex space-x-2 pt-2&quot;[39m
      [36m&gt;[39m
        [36m&lt;button[39m
          [33mclass[39m=[32m&quot;inline-flex items-center justify-center gap-2 whitespace-nowrap rounded-md text-sm font-medium ring-offset-background transition-colors focus-visible:outline-none focus-visible:ring-2 focus-visible:ring-ring focus-visible:ring-offset-2 disabled:pointer-events-none disabled:opacity-50 [&amp;_svg]:pointer-events-none [&amp;_svg]:size-4 [&amp;_svg]:shrink-0 bg-primary text-primary-foreground hover:bg-primary/90 h-10 px-4 py-2 w-full&quot;[39m
        [36m&gt;[39m
          [0mClose[0m
        [36m&lt;/button&gt;[39m
      [36m&lt;/div&gt;[39m
    [36m&lt;/div&gt;[39m
    [36m&lt;button[39m
      [33mclass[39m=[32m&quot;absolute right-4 top-4 rounded-sm opacity-70 ring-offset-background transition-opacity hover:opacity-100 focus:outline-none focus:ring-2 focus:ring-ring focus:ring-offset-2 disabled:pointer-events-none data-[state=open]:bg-accent data-[state=open]:text-muted-foreground&quot;[39m
      [33mtype[39m=[32m&quot;button&quot;[39m
    [36m&gt;[39m
      [36m&lt;svg[39m
        [33mclass[39m=[32m&quot;lucide lucide-x h-4 w-4&quot;[39m
        [33mfill[39m=[32m&quot;none&quot;[39m
        [33mheight[39m=[32m&quot;24&quot;[39m
        [33mstroke[39m=[32m&quot;currentColor&quot;[39m
        [33mstroke-linecap[39m=[32m&quot;round&quot;[39m
        [33mstroke-linejoin[39m=[32m&quot;round&quot;[39m
        [33mstroke-width[39m=[32m&quot;2&quot;[39m
        [33mviewBox[39m=[32m&quot;0 0 24 24&quot;[39m
        [33mwidth[39m=[32m&quot;24&quot;[39m
        [33mxmlns[39m=[32m&quot;http://www.w3.org/2000/svg&quot;[39m
      [36m&gt;[39m
        [36m&lt;path[39m
          [33md[39m=[32m&quot;M18 6 6 18&quot;[39m
        [36m/&gt;[39m
        [36m&lt;path[39m
          [33md[39m=[32m&quot;m6 6 12 12&quot;[39m
        [36m/&gt;[39m
      [36m&lt;/svg&gt;[39m
      [36m&lt;span[39m
        [33mclass[39m=[32m&quot;sr-only&quot;[39m
      [36m&gt;[39m
        [0mClose[0m
      [36m&lt;/span&gt;[39m
    [36m&lt;/button&gt;[39m
  [36m&lt;/div&gt;[39m
  [36m&lt;span[39m
    [33maria-hidden[39m=[32m&quot;true&quot;[39m
    [33mdata-aria-hidden[39m=[32m&quot;true&quot;[39m
    [33mdata-radix-focus-guard[39m=[32m&quot;&quot;[39m
    [33mstyle[39m=[32m&quot;outline: none; opacity: 0; position: fixed; pointer-events: none;&quot;[39m
    [33mtabindex[39m=[32m&quot;0&quot;[39m
  [36m/&gt;[39m
[36m&lt;/body&gt;[39m" type="TestingLibraryElementError">
TestingLibraryElementError: Found multiple elements with the text: Close

Here are the matching elements:

Ignored nodes: comments, script, style
&lt;button
  class=&quot;inline-flex items-center justify-center gap-2 whitespace-nowrap rounded-md text-sm font-medium ring-offset-background transition-colors focus-visible:outline-none focus-visible:ring-2 focus-visible:ring-ring focus-visible:ring-offset-2 disabled:pointer-events-none disabled:opacity-50 [&amp;_svg]:pointer-events-none [&amp;_svg]:size-4 [&amp;_svg]:shrink-0 bg-primary text-primary-foreground hover:bg-primary/90 h-10 px-4 py-2 w-full&quot;
&gt;
  Close
&lt;/button&gt;

Ignored nodes: comments, script, style
&lt;span
  class=&quot;sr-only&quot;
&gt;
  Close
&lt;/span&gt;

(If this is intentional, then use the `*AllBy*` variant of the query (like `queryAllByText`, `getAllByText`, or `findAllByText`)).

Ignored nodes: comments, script, style
&lt;body
  data-scroll-locked=&quot;1&quot;
  style=&quot;pointer-events: none;&quot;
&gt;
  &lt;span
    aria-hidden=&quot;true&quot;
    data-aria-hidden=&quot;true&quot;
    data-radix-focus-guard=&quot;&quot;
    style=&quot;outline: none; opacity: 0; position: fixed; pointer-events: none;&quot;
    tabindex=&quot;0&quot;
  /&gt;
  &lt;div
    aria-hidden=&quot;true&quot;
    data-aria-hidden=&quot;true&quot;
  /&gt;
  &lt;div
    aria-hidden=&quot;true&quot;
    class=&quot;fixed inset-0 z-50 bg-black/80 data-[state=open]:animate-in data-[state=closed]:animate-out data-[state=closed]:fade-out-0 data-[state=open]:fade-in-0&quot;
    data-aria-hidden=&quot;true&quot;
    data-state=&quot;open&quot;
    style=&quot;pointer-events: auto;&quot;
  /&gt;
  &lt;div
    aria-describedby=&quot;rate-limit-dialog-description&quot;
    aria-labelledby=&quot;rate-limit-dialog-title&quot;
    class=&quot;fixed left-[50%] top-[50%] z-50 grid w-full translate-x-[-50%] translate-y-[-50%] gap-4 border bg-background p-6 shadow-lg duration-200 data-[state=open]:animate-in data-[state=closed]:animate-out data-[state=closed]:fade-out-0 data-[state=open]:fade-in-0 data-[state=closed]:zoom-out-95 data-[state=open]:zoom-in-95 data-[state=closed]:slide-out-to-left-1/2 data-[state=closed]:slide-out-to-top-[48%] data-[state=open]:slide-in-from-left-1/2 data-[state=open]:slide-in-from-top-[48%] sm:rounded-lg max-w-md&quot;
    data-state=&quot;open&quot;
    id=&quot;radix-«ru»&quot;
    role=&quot;dialog&quot;
    style=&quot;pointer-events: auto;&quot;
    tabindex=&quot;-1&quot;
  &gt;
    &lt;div
      class=&quot;flex flex-col space-y-1.5 text-center sm:text-left&quot;
    &gt;
      &lt;div
        class=&quot;flex items-center space-x-2&quot;
      &gt;
        &lt;svg
          class=&quot;lucide lucide-triangle-alert h-5 w-5 text-red-500&quot;
          fill=&quot;none&quot;
          height=&quot;24&quot;
          stroke=&quot;currentColor&quot;
          stroke-linecap=&quot;round&quot;
          stroke-linejoin=&quot;round&quot;
          stroke-width=&quot;2&quot;
          viewBox=&quot;0 0 24 24&quot;
          width=&quot;24&quot;
          xmlns=&quot;http://www.w3.org/2000/svg&quot;
        &gt;
          &lt;path
            d=&quot;m21.73 18-8-14a2 2 0 0 0-3.48 0l-8 14A2 2 0 0 0 4 21h16a2 2 0 0 0 1.73-3&quot;
          /&gt;
          &lt;path
            d=&quot;M12 9v4&quot;
          /&gt;
          &lt;path
            d=&quot;M12 17h.01&quot;
          /&gt;
        &lt;/svg&gt;
        &lt;h2
          class=&quot;text-lg font-semibold leading-none tracking-tight&quot;
          id=&quot;rate-limit-dialog-title&quot;
        &gt;
          Rate Limit Reached
        &lt;/h2&gt;
      &lt;/div&gt;
      &lt;p
        class=&quot;text-sm text-muted-foreground&quot;
        id=&quot;rate-limit-dialog-description&quot;
      &gt;
        You&apos;ve reached the rate limit for Gemini 
        Flash
         model
      &lt;/p&gt;
    &lt;/div&gt;
    &lt;div
      class=&quot;space-y-4&quot;
    &gt;
      &lt;div
        class=&quot;p-4 bg-gray-50 rounded-lg space-y-3&quot;
      &gt;
        &lt;div
          class=&quot;flex items-center justify-between&quot;
        &gt;
          &lt;div
            class=&quot;flex items-center space-x-2&quot;
          &gt;
            &lt;svg
              class=&quot;lucide lucide-zap h-5 w-5 text-blue-500&quot;
              fill=&quot;none&quot;
              height=&quot;24&quot;
              stroke=&quot;currentColor&quot;
              stroke-linecap=&quot;round&quot;
              stroke-linejoin=&quot;round&quot;
              stroke-width=&quot;2&quot;
              viewBox=&quot;0 0 24 24&quot;
              width=&quot;24&quot;
              xmlns=&quot;http://www.w3.org/2000/svg&quot;
            &gt;
              &lt;path
                d=&quot;M4 14a1 1 0 0 1-.78-1.63l9.9-10.2a.5.5 0 0 1 .86.46l-1.92 6.02A1 1 0 0 0 13 10h7a1 1 0 0 1 .78 1.63l-9.9 10.2a.5.5 0 0 1-.86-.46l1.92-6.02A1 1 0 0 0 11 14z&quot;
              /&gt;
            &lt;/svg&gt;
            &lt;span
              class=&quot;font-medium&quot;
            &gt;
              Gemini 
              Flash
            &lt;/span&gt;
          &lt;/div&gt;
          &lt;div
            class=&quot;inline-flex items-center rounded-full border px-2.5 py-0.5 font-semibold transition-colors focus:outline-none focus:ring-2 focus:ring-ring focus:ring-offset-2 border-transparent bg-destructive text-destructive-foreground hover:bg-destructive/80 text-xs&quot;
          &gt;
            RPM
             Limit
          &lt;/div&gt;
        &lt;/div&gt;
        &lt;div
          class=&quot;space-y-2&quot;
        &gt;
          &lt;div
            class=&quot;flex justify-between text-sm&quot;
          &gt;
            &lt;span&gt;
              Requests 
              per minute
            &lt;/span&gt;
            &lt;span
              class=&quot;font-mono&quot;
            &gt;
              8
              /
              8
            &lt;/span&gt;
          &lt;/div&gt;
          &lt;div
            aria-label=&quot;Rate limit utilization: 100% used&quot;
            aria-valuemax=&quot;100&quot;
            aria-valuemin=&quot;0&quot;
            aria-valuenow=&quot;100&quot;
            class=&quot;relative w-full overflow-hidden rounded-full bg-secondary h-2&quot;
            data-max=&quot;100&quot;
            data-state=&quot;indeterminate&quot;
            role=&quot;progressbar&quot;
          &gt;
            &lt;div
              class=&quot;h-full w-full flex-1 bg-primary transition-all&quot;
              data-max=&quot;100&quot;
              data-state=&quot;indeterminate&quot;
              style=&quot;transform: translateX(-0%);&quot;
            /&gt;
          &lt;/div&gt;
          &lt;div
            class=&quot;text-xs text-gray-500&quot;
          &gt;
            100
            % of free tier limit used
          &lt;/div&gt;
        &lt;/div&gt;
      &lt;/div&gt;
      &lt;div
        class=&quot;flex items-center justify-center p-4 bg-blue-50 rounded-lg&quot;
      &gt;
        &lt;div
          class=&quot;text-center space-y-2&quot;
        &gt;
          &lt;div
            class=&quot;flex items-center justify-center space-x-2&quot;
          &gt;
            &lt;svg
              class=&quot;lucide lucide-clock h-4 w-4 text-blue-500&quot;
              fill=&quot;none&quot;
              height=&quot;24&quot;
              stroke=&quot;currentColor&quot;
              stroke-linecap=&quot;round&quot;
              stroke-linejoin=&quot;round&quot;
              stroke-width=&quot;2&quot;
              viewBox=&quot;0 0 24 24&quot;
              width=&quot;24&quot;
              xmlns=&quot;http://www.w3.org/2000/svg&quot;
            &gt;
              &lt;circle
                cx=&quot;12&quot;
                cy=&quot;12&quot;
                r=&quot;10&quot;
              /&gt;
              &lt;polyline
                points=&quot;12 6 12 12 16 14&quot;
              /&gt;
            &lt;/svg&gt;
            &lt;span
              class=&quot;text-sm font-medium&quot;
            &gt;
              Limit resets in
            &lt;/span&gt;
          &lt;/div&gt;
          &lt;div
            class=&quot;text-2xl font-mono font-bold text-blue-600&quot;
          &gt;
            5m 0s
          &lt;/div&gt;
        &lt;/div&gt;
      &lt;/div&gt;
      &lt;div
        class=&quot;text-sm text-gray-600 space-y-1&quot;
      &gt;
        &lt;p&gt;
          &lt;strong&gt;
            What happened?
          &lt;/strong&gt;
           You&apos;ve reached the 
          RPM
           limit for the Gemini 
          Flash
           model. This helps keep the service free by staying within Google&apos;s free tier limits.
        &lt;/p&gt;
        &lt;p&gt;
          &lt;strong&gt;
            What&apos;s next?
          &lt;/strong&gt;
           You can wait for the limit to reset or try using a different model if available.
        &lt;/p&gt;
      &lt;/div&gt;
      &lt;div
        class=&quot;text-xs text-gray-500 p-2 bg-yellow-50 rounded border-l-2 border-yellow-200&quot;
      &gt;
        &lt;strong&gt;
          Safety margin:
        &lt;/strong&gt;
         Limits are set to 
        20
        % below Google&apos;s actual limits to prevent any overage charges.
      &lt;/div&gt;
      &lt;div
        class=&quot;flex space-x-2 pt-2&quot;
      &gt;
        &lt;button
          class=&quot;inline-flex items-center justify-center gap-2 whitespace-nowrap rounded-md text-sm font-medium ring-offset-background transition-colors focus-visible:outline-none focus-visible:ring-2 focus-visible:ring-ring focus-visible:ring-offset-2 disabled:pointer-events-none disabled:opacity-50 [&amp;_svg]:pointer-events-none [&amp;_svg]:size-4 [&amp;_svg]:shrink-0 bg-primary text-primary-foreground hover:bg-primary/90 h-10 px-4 py-2 w-full&quot;
        &gt;
          Close
        &lt;/button&gt;
      &lt;/div&gt;
    &lt;/div&gt;
    &lt;button
      class=&quot;absolute right-4 top-4 rounded-sm opacity-70 ring-offset-background transition-opacity hover:opacity-100 focus:outline-none focus:ring-2 focus:ring-ring focus:ring-offset-2 disabled:pointer-events-none data-[state=open]:bg-accent data-[state=open]:text-muted-foreground&quot;
      type=&quot;button&quot;
    &gt;
      &lt;svg
        class=&quot;lucide lucide-x h-4 w-4&quot;
        fill=&quot;none&quot;
        height=&quot;24&quot;
        stroke=&quot;currentColor&quot;
        stroke-linecap=&quot;round&quot;
        stroke-linejoin=&quot;round&quot;
        stroke-width=&quot;2&quot;
        viewBox=&quot;0 0 24 24&quot;
        width=&quot;24&quot;
        xmlns=&quot;http://www.w3.org/2000/svg&quot;
      &gt;
        &lt;path
          d=&quot;M18 6 6 18&quot;
        /&gt;
        &lt;path
          d=&quot;m6 6 12 12&quot;
        /&gt;
      &lt;/svg&gt;
      &lt;span
        class=&quot;sr-only&quot;
      &gt;
        Close
      &lt;/span&gt;
    &lt;/button&gt;
  &lt;/div&gt;
  &lt;span
    aria-hidden=&quot;true&quot;
    data-aria-hidden=&quot;true&quot;
    data-radix-focus-guard=&quot;&quot;
    style=&quot;outline: none; opacity: 0; position: fixed; pointer-events: none;&quot;
    tabindex=&quot;0&quot;
  /&gt;
&lt;/body&gt;
 ❯ Object.getElementError node_modules/@testing-library/dom/dist/config.js:37:19
 ❯ getElementError node_modules/@testing-library/dom/dist/query-helpers.js:20:35
 ❯ getMultipleElementsFoundError node_modules/@testing-library/dom/dist/query-helpers.js:23:10
 ❯ node_modules/@testing-library/dom/dist/query-helpers.js:55:13
 ❯ node_modules/@testing-library/dom/dist/query-helpers.js:95:19
 ❯ components/rate-limiting/__tests__/RateLimitDialog.test.tsx:148:32
            </failure>
        </testcase>
        <testcase classname="components/rate-limiting/__tests__/RateLimitDialog.test.tsx" name="RateLimitDialog &gt; shows retry button when time has elapsed and onRetry is provided" time="0.000914375">
            <failure message="Cannot find module &apos;@/lib/api/rateLimitApi&apos;
Require stack:
- /Users/shubhpatel/Downloads/MB-Sparrow-main/frontend/components/rate-limiting/__tests__/RateLimitDialog.test.tsx" type="Error">
Error: Cannot find module &apos;@/lib/api/rateLimitApi&apos;
Require stack:
- /Users/shubhpatel/Downloads/MB-Sparrow-main/frontend/components/rate-limiting/__tests__/RateLimitDialog.test.tsx
 ❯ components/rate-limiting/__tests__/RateLimitDialog.test.tsx:158:32

⎯⎯⎯⎯⎯⎯⎯⎯⎯⎯⎯⎯⎯⎯⎯⎯⎯⎯⎯⎯⎯⎯⎯⎯⎯⎯⎯⎯⎯⎯
Serialized Error: { code: &apos;MODULE_NOT_FOUND&apos;, requireStack: [ &apos;/Users/shubhpatel/Downloads/MB-Sparrow-main/frontend/components/rate-limiting/__tests__/RateLimitDialog.test.tsx&apos; ] }
            </failure>
        </testcase>
        <testcase classname="components/rate-limiting/__tests__/RateLimitDialog.test.tsx" name="RateLimitDialog &gt; calls onRetry when retry button is clicked" time="0.000449125">
            <failure message="Cannot find module &apos;@/lib/api/rateLimitApi&apos;
Require stack:
- /Users/shubhpatel/Downloads/MB-Sparrow-main/frontend/components/rate-limiting/__tests__/RateLimitDialog.test.tsx" type="Error">
Error: Cannot find module &apos;@/lib/api/rateLimitApi&apos;
Require stack:
- /Users/shubhpatel/Downloads/MB-Sparrow-main/frontend/components/rate-limiting/__tests__/RateLimitDialog.test.tsx
 ❯ components/rate-limiting/__tests__/RateLimitDialog.test.tsx:170:32

⎯⎯⎯⎯⎯⎯⎯⎯⎯⎯⎯⎯⎯⎯⎯⎯⎯⎯⎯⎯⎯⎯⎯⎯⎯⎯⎯⎯⎯⎯
Serialized Error: { code: &apos;MODULE_NOT_FOUND&apos;, requireStack: [ &apos;/Users/shubhpatel/Downloads/MB-Sparrow-main/frontend/components/rate-limiting/__tests__/RateLimitDialog.test.tsx&apos; ] }
            </failure>
        </testcase>
        <testcase classname="components/rate-limiting/__tests__/RateLimitDialog.test.tsx" name="RateLimitDialog &gt; shows cancel button when onCancel is provided" time="0.01183925">
            <system-err>
`DialogContent` requires a `DialogTitle` for the component to be accessible for screen reader users.

If you want to hide the `DialogTitle`, you can wrap it with our VisuallyHidden component.

For more information, see https://radix-ui.com/primitives/docs/components/dialog
Warning: Missing `Description` or `aria-describedby={undefined}` for {DialogContent}.

            </system-err>
        </testcase>
        <testcase classname="components/rate-limiting/__tests__/RateLimitDialog.test.tsx" name="RateLimitDialog &gt; calls onCancel when cancel button is clicked" time="0.009826375">
            <system-err>
`DialogContent` requires a `DialogTitle` for the component to be accessible for screen reader users.

If you want to hide the `DialogTitle`, you can wrap it with our VisuallyHidden component.

For more information, see https://radix-ui.com/primitives/docs/components/dialog
Warning: Missing `Description` or `aria-describedby={undefined}` for {DialogContent}.

            </system-err>
        </testcase>
        <testcase classname="components/rate-limiting/__tests__/RateLimitDialog.test.tsx" name="RateLimitDialog &gt; displays safety margin information" time="0.008556584">
            <system-err>
`DialogContent` requires a `DialogTitle` for the component to be accessible for screen reader users.

If you want to hide the `DialogTitle`, you can wrap it with our VisuallyHidden component.

For more information, see https://radix-ui.com/primitives/docs/components/dialog
Warning: Missing `Description` or `aria-describedby={undefined}` for {DialogContent}.

            </system-err>
        </testcase>
        <testcase classname="components/rate-limiting/__tests__/RateLimitDialog.test.tsx" name="RateLimitDialog &gt; explains what happened and next steps" time="0.007546959">
            <system-err>
`DialogContent` requires a `DialogTitle` for the component to be accessible for screen reader users.

If you want to hide the `DialogTitle`, you can wrap it with our VisuallyHidden component.

For more information, see https://radix-ui.com/primitives/docs/components/dialog
Warning: Missing `Description` or `aria-describedby={undefined}` for {DialogContent}.

            </system-err>
        </testcase>
        <testcase classname="components/rate-limiting/__tests__/RateLimitDialog.test.tsx" name="RateLimitDialog &gt; shows custom retry after time if provided" time="0.006631417">
            <system-err>
`DialogContent` requires a `DialogTitle` for the component to be accessible for screen reader users.

If you want to hide the `DialogTitle`, you can wrap it with our VisuallyHidden component.

For more information, see https://radix-ui.com/primitives/docs/components/dialog
Warning: Missing `Description` or `aria-describedby={undefined}` for {DialogContent}.

            </system-err>
        </testcase>
        <testcase classname="components/rate-limiting/__tests__/RateLimitDialog.test.tsx" name="RateLimitDialog &gt; handles keyboard interactions for accessibility" time="0.007556625">
            <system-err>
`DialogContent` requires a `DialogTitle` for the component to be accessible for screen reader users.

If you want to hide the `DialogTitle`, you can wrap it with our VisuallyHidden component.

For more information, see https://radix-ui.com/primitives/docs/components/dialog
Warning: Missing `Description` or `aria-describedby={undefined}` for {DialogContent}.

            </system-err>
            <failure message="Found multiple elements with the text: Close

Here are the matching elements:

Ignored nodes: comments, script, style
[36m&lt;button[39m
  [33mclass[39m=[32m&quot;inline-flex items-center justify-center gap-2 whitespace-nowrap rounded-md text-sm font-medium ring-offset-background transition-colors focus-visible:outline-none focus-visible:ring-2 focus-visible:ring-ring focus-visible:ring-offset-2 disabled:pointer-events-none disabled:opacity-50 [&amp;_svg]:pointer-events-none [&amp;_svg]:size-4 [&amp;_svg]:shrink-0 bg-primary text-primary-foreground hover:bg-primary/90 h-10 px-4 py-2 w-full&quot;[39m
[36m&gt;[39m
  [0mClose[0m
[36m&lt;/button&gt;[39m

Ignored nodes: comments, script, style
[36m&lt;span[39m
  [33mclass[39m=[32m&quot;sr-only&quot;[39m
[36m&gt;[39m
  [0mClose[0m
[36m&lt;/span&gt;[39m

(If this is intentional, then use the `*AllBy*` variant of the query (like `queryAllByText`, `getAllByText`, or `findAllByText`)).

Ignored nodes: comments, script, style
[36m&lt;body[39m
  [33mdata-scroll-locked[39m=[32m&quot;1&quot;[39m
  [33mstyle[39m=[32m&quot;pointer-events: none;&quot;[39m
[36m&gt;[39m
  [36m&lt;span[39m
    [33maria-hidden[39m=[32m&quot;true&quot;[39m
    [33mdata-aria-hidden[39m=[32m&quot;true&quot;[39m
    [33mdata-radix-focus-guard[39m=[32m&quot;&quot;[39m
    [33mstyle[39m=[32m&quot;outline: none; opacity: 0; position: fixed; pointer-events: none;&quot;[39m
    [33mtabindex[39m=[32m&quot;0&quot;[39m
  [36m/&gt;[39m
  [36m&lt;div[39m
    [33maria-hidden[39m=[32m&quot;true&quot;[39m
    [33mdata-aria-hidden[39m=[32m&quot;true&quot;[39m
  [36m/&gt;[39m
  [36m&lt;div[39m
    [33maria-hidden[39m=[32m&quot;true&quot;[39m
    [33mclass[39m=[32m&quot;fixed inset-0 z-50 bg-black/80 data-[state=open]:animate-in data-[state=closed]:animate-out data-[state=closed]:fade-out-0 data-[state=open]:fade-in-0&quot;[39m
    [33mdata-aria-hidden[39m=[32m&quot;true&quot;[39m
    [33mdata-state[39m=[32m&quot;open&quot;[39m
    [33mstyle[39m=[32m&quot;pointer-events: auto;&quot;[39m
  [36m/&gt;[39m
  [36m&lt;div[39m
    [33maria-describedby[39m=[32m&quot;rate-limit-dialog-description&quot;[39m
    [33maria-labelledby[39m=[32m&quot;rate-limit-dialog-title&quot;[39m
    [33mclass[39m=[32m&quot;fixed left-[50%] top-[50%] z-50 grid w-full translate-x-[-50%] translate-y-[-50%] gap-4 border bg-background p-6 shadow-lg duration-200 data-[state=open]:animate-in data-[state=closed]:animate-out data-[state=closed]:fade-out-0 data-[state=open]:fade-in-0 data-[state=closed]:zoom-out-95 data-[state=open]:zoom-in-95 data-[state=closed]:slide-out-to-left-1/2 data-[state=closed]:slide-out-to-top-[48%] data-[state=open]:slide-in-from-left-1/2 data-[state=open]:slide-in-from-top-[48%] sm:rounded-lg max-w-md&quot;[39m
    [33mdata-state[39m=[32m&quot;open&quot;[39m
    [33mid[39m=[32m&quot;radix-«r1g»&quot;[39m
    [33mrole[39m=[32m&quot;dialog&quot;[39m
    [33mstyle[39m=[32m&quot;pointer-events: auto;&quot;[39m
    [33mtabindex[39m=[32m&quot;-1&quot;[39m
  [36m&gt;[39m
    [36m&lt;div[39m
      [33mclass[39m=[32m&quot;flex flex-col space-y-1.5 text-center sm:text-left&quot;[39m
    [36m&gt;[39m
      [36m&lt;div[39m
        [33mclass[39m=[32m&quot;flex items-center space-x-2&quot;[39m
      [36m&gt;[39m
        [36m&lt;svg[39m
          [33mclass[39m=[32m&quot;lucide lucide-triangle-alert h-5 w-5 text-red-500&quot;[39m
          [33mfill[39m=[32m&quot;none&quot;[39m
          [33mheight[39m=[32m&quot;24&quot;[39m
          [33mstroke[39m=[32m&quot;currentColor&quot;[39m
          [33mstroke-linecap[39m=[32m&quot;round&quot;[39m
          [33mstroke-linejoin[39m=[32m&quot;round&quot;[39m
          [33mstroke-width[39m=[32m&quot;2&quot;[39m
          [33mviewBox[39m=[32m&quot;0 0 24 24&quot;[39m
          [33mwidth[39m=[32m&quot;24&quot;[39m
          [33mxmlns[39m=[32m&quot;http://www.w3.org/2000/svg&quot;[39m
        [36m&gt;[39m
          [36m&lt;path[39m
            [33md[39m=[32m&quot;m21.73 18-8-14a2 2 0 0 0-3.48 0l-8 14A2 2 0 0 0 4 21h16a2 2 0 0 0 1.73-3&quot;[39m
          [36m/&gt;[39m
          [36m&lt;path[39m
            [33md[39m=[32m&quot;M12 9v4&quot;[39m
          [36m/&gt;[39m
          [36m&lt;path[39m
            [33md[39m=[32m&quot;M12 17h.01&quot;[39m
          [36m/&gt;[39m
        [36m&lt;/svg&gt;[39m
        [36m&lt;h2[39m
          [33mclass[39m=[32m&quot;text-lg font-semibold leading-none tracking-tight&quot;[39m
          [33mid[39m=[32m&quot;rate-limit-dialog-title&quot;[39m
        [36m&gt;[39m
          [0mRate Limit Reached[0m
        [36m&lt;/h2&gt;[39m
      [36m&lt;/div&gt;[39m
      [36m&lt;p[39m
        [33mclass[39m=[32m&quot;text-sm text-muted-foreground&quot;[39m
        [33mid[39m=[32m&quot;rate-limit-dialog-description&quot;[39m
      [36m&gt;[39m
        [0mYou&apos;ve reached the rate limit for Gemini [0m
        [0mFlash[0m
        [0m model[0m
      [36m&lt;/p&gt;[39m
    [36m&lt;/div&gt;[39m
    [36m&lt;div[39m
      [33mclass[39m=[32m&quot;space-y-4&quot;[39m
    [36m&gt;[39m
      [36m&lt;div[39m
        [33mclass[39m=[32m&quot;p-4 bg-gray-50 rounded-lg space-y-3&quot;[39m
      [36m&gt;[39m
        [36m&lt;div[39m
          [33mclass[39m=[32m&quot;flex items-center justify-between&quot;[39m
        [36m&gt;[39m
          [36m&lt;div[39m
            [33mclass[39m=[32m&quot;flex items-center space-x-2&quot;[39m
          [36m&gt;[39m
            [36m&lt;svg[39m
              [33mclass[39m=[32m&quot;lucide lucide-zap h-5 w-5 text-blue-500&quot;[39m
              [33mfill[39m=[32m&quot;none&quot;[39m
              [33mheight[39m=[32m&quot;24&quot;[39m
              [33mstroke[39m=[32m&quot;currentColor&quot;[39m
              [33mstroke-linecap[39m=[32m&quot;round&quot;[39m
              [33mstroke-linejoin[39m=[32m&quot;round&quot;[39m
              [33mstroke-width[39m=[32m&quot;2&quot;[39m
              [33mviewBox[39m=[32m&quot;0 0 24 24&quot;[39m
              [33mwidth[39m=[32m&quot;24&quot;[39m
              [33mxmlns[39m=[32m&quot;http://www.w3.org/2000/svg&quot;[39m
            [36m&gt;[39m
              [36m&lt;path[39m
                [33md[39m=[32m&quot;M4 14a1 1 0 0 1-.78-1.63l9.9-10.2a.5.5 0 0 1 .86.46l-1.92 6.02A1 1 0 0 0 13 10h7a1 1 0 0 1 .78 1.63l-9.9 10.2a.5.5 0 0 1-.86-.46l1.92-6.02A1 1 0 0 0 11 14z&quot;[39m
              [36m/&gt;[39m
            [36m&lt;/svg&gt;[39m
            [36m&lt;span[39m
              [33mclass[39m=[32m&quot;font-medium&quot;[39m
            [36m&gt;[39m
              [0mGemini [0m
              [0mFlash[0m
            [36m&lt;/span&gt;[39m
          [36m&lt;/div&gt;[39m
          [36m&lt;div[39m
            [33mclass[39m=[32m&quot;inline-flex items-center rounded-full border px-2.5 py-0.5 font-semibold transition-colors focus:outline-none focus:ring-2 focus:ring-ring focus:ring-offset-2 border-transparent bg-destructive text-destructive-foreground hover:bg-destructive/80 text-xs&quot;[39m
          [36m&gt;[39m
            [0mRPM[0m
            [0m Limit[0m
          [36m&lt;/div&gt;[39m
        [36m&lt;/div&gt;[39m
        [36m&lt;div[39m
          [33mclass[39m=[32m&quot;space-y-2&quot;[39m
        [36m&gt;[39m
          [36m&lt;div[39m
            [33mclass[39m=[32m&quot;flex justify-between text-sm&quot;[39m
          [36m&gt;[39m
            [36m&lt;span&gt;[39m
              [0mRequests [0m
              [0mper minute[0m
            [36m&lt;/span&gt;[39m
            [36m&lt;span[39m
              [33mclass[39m=[32m&quot;font-mono&quot;[39m
            [36m&gt;[39m
              [0m8[0m
              [0m/[0m
              [0m8[0m
            [36m&lt;/span&gt;[39m
          [36m&lt;/div&gt;[39m
          [36m&lt;div[39m
            [33maria-label[39m=[32m&quot;Rate limit utilization: 100% used&quot;[39m
            [33maria-valuemax[39m=[32m&quot;100&quot;[39m
            [33maria-valuemin[39m=[32m&quot;0&quot;[39m
            [33maria-valuenow[39m=[32m&quot;100&quot;[39m
            [33mclass[39m=[32m&quot;relative w-full overflow-hidden rounded-full bg-secondary h-2&quot;[39m
            [33mdata-max[39m=[32m&quot;100&quot;[39m
            [33mdata-state[39m=[32m&quot;indeterminate&quot;[39m
            [33mrole[39m=[32m&quot;progressbar&quot;[39m
          [36m&gt;[39m
            [36m&lt;div[39m
              [33mclass[39m=[32m&quot;h-full w-full flex-1 bg-primary transition-all&quot;[39m
              [33mdata-max[39m=[32m&quot;100&quot;[39m
              [33mdata-state[39m=[32m&quot;indeterminate&quot;[39m
              [33mstyle[39m=[32m&quot;transform: translateX(-0%);&quot;[39m
            [36m/&gt;[39m
          [36m&lt;/div&gt;[39m
          [36m&lt;div[39m
            [33mclass[39m=[32m&quot;text-xs text-gray-500&quot;[39m
          [36m&gt;[39m
            [0m100[0m
            [0m% of free tier limit used[0m
          [36m&lt;/div&gt;[39m
        [36m&lt;/div&gt;[39m
      [36m&lt;/div&gt;[39m
      [36m&lt;div[39m
        [33mclass[39m=[32m&quot;flex items-center justify-center p-4 bg-blue-50 rounded-lg&quot;[39m
      [36m&gt;[39m
        [36m&lt;div[39m
          [33mclass[39m=[32m&quot;text-center space-y-2&quot;[39m
        [36m&gt;[39m
          [36m&lt;div[39m
            [33mclass[39m=[32m&quot;flex items-center justify-center space-x-2&quot;[39m
          [36m&gt;[39m
            [36m&lt;svg[39m
              [33mclass[39m=[32m&quot;lucide lucide-clock h-4 w-4 text-blue-500&quot;[39m
              [33mfill[39m=[32m&quot;none&quot;[39m
              [33mheight[39m=[32m&quot;24&quot;[39m
              [33mstroke[39m=[32m&quot;currentColor&quot;[39m
              [33mstroke-linecap[39m=[32m&quot;round&quot;[39m
              [33mstroke-linejoin[39m=[32m&quot;round&quot;[39m
              [33mstroke-width[39m=[32m&quot;2&quot;[39m
              [33mviewBox[39m=[32m&quot;0 0 24 24&quot;[39m
              [33mwidth[39m=[32m&quot;24&quot;[39m
              [33mxmlns[39m=[32m&quot;http://www.w3.org/2000/svg&quot;[39m
            [36m&gt;[39m
              [36m&lt;circle[39m
                [33mcx[39m=[32m&quot;12&quot;[39m
                [33mcy[39m=[32m&quot;12&quot;[39m
                [33mr[39m=[32m&quot;10&quot;[39m
              [36m/&gt;[39m
              [36m&lt;polyline[39m
                [33mpoints[39m=[32m&quot;12 6 12 12 16 14&quot;[39m
              [36m/&gt;[39m
            [36m&lt;/svg&gt;[39m
            [36m&lt;span[39m
              [33mclass[39m=[32m&quot;text-sm font-medium&quot;[39m
            [36m&gt;[39m
              [0mLimit resets in[0m
            [36m&lt;/span&gt;[39m
          [36m&lt;/div&gt;[39m
          [36m&lt;div[39m
            [33mclass[39m=[32m&quot;text-2xl font-mono font-bold text-blue-600&quot;[39m
          [36m&gt;[39m
            [0m5m 0s[0m
          [36m&lt;/div&gt;[39m
        [36m&lt;/div&gt;[39m
      [36m&lt;/div&gt;[39m
      [36m&lt;div[39m
        [33mclass[39m=[32m&quot;text-sm text-gray-600 space-y-1&quot;[39m
      [36m&gt;[39m
        [36m&lt;p&gt;[39m
          [36m&lt;strong&gt;[39m
            [0mWhat happened?[0m
          [36m&lt;/strong&gt;[39m
          [0m You&apos;ve reached the [0m
          [0mRPM[0m
          [0m limit for the Gemini [0m
          [0mFlash[0m
          [0m model. This helps keep the service free by staying within Google&apos;s free tier limits.[0m
        [36m&lt;/p&gt;[39m
        [36m&lt;p&gt;[39m
          [36m&lt;strong&gt;[39m
            [0mWhat&apos;s next?[0m
          [36m&lt;/strong&gt;[39m
          [0m You can wait for the limit to reset or try using a different model if available.[0m
        [36m&lt;/p&gt;[39m
      [36m&lt;/div&gt;[39m
      [36m&lt;div[39m
        [33mclass[39m=[32m&quot;text-xs text-gray-500 p-2 bg-yellow-50 rounded border-l-2 border-yellow-200&quot;[39m
      [36m&gt;[39m
        [36m&lt;strong&gt;[39m
          [0mSafety margin:[0m
        [36m&lt;/strong&gt;[39m
        [0m Limits are set to [0m
        [0m20[0m
        [0m% below Google&apos;s actual limits to prevent any overage charges.[0m
      [36m&lt;/div&gt;[39m
      [36m&lt;div[39m
        [33mclass[39m=[32m&quot;flex space-x-2 pt-2&quot;[39m
      [36m&gt;[39m
        [36m&lt;button[39m
          [33mclass[39m=[32m&quot;inline-flex items-center justify-center gap-2 whitespace-nowrap rounded-md text-sm font-medium ring-offset-background transition-colors focus-visible:outline-none focus-visible:ring-2 focus-visible:ring-ring focus-visible:ring-offset-2 disabled:pointer-events-none disabled:opacity-50 [&amp;_svg]:pointer-events-none [&amp;_svg]:size-4 [&amp;_svg]:shrink-0 bg-primary text-primary-foreground hover:bg-primary/90 h-10 px-4 py-2 w-full&quot;[39m
        [36m&gt;[39m
          [0mClose[0m
        [36m&lt;/button&gt;[39m
      [36m&lt;/div&gt;[39m
    [36m&lt;/div&gt;[39m
    [36m&lt;button[39m
      [33mclass[39m=[32m&quot;absolute right-4 top-4 rounded-sm opacity-70 ring-offset-background transition-opacity hover:opacity-100 focus:outline-none focus:ring-2 focus:ring-ring focus:ring-offset-2 disabled:pointer-events-none data-[state=open]:bg-accent data-[state=open]:text-muted-foreground&quot;[39m
      [33mtype[39m=[32m&quot;button&quot;[39m
    [36m&gt;[39m
      [36m&lt;svg[39m
        [33mclass[39m=[32m&quot;lucide lucide-x h-4 w-4&quot;[39m
        [33mfill[39m=[32m&quot;none&quot;[39m
        [33mheight[39m=[32m&quot;24&quot;[39m
        [33mstroke[39m=[32m&quot;currentColor&quot;[39m
        [33mstroke-linecap[39m=[32m&quot;round&quot;[39m
        [33mstroke-linejoin[39m=[32m&quot;round&quot;[39m
        [33mstroke-width[39m=[32m&quot;2&quot;[39m
        [33mviewBox[39m=[32m&quot;0 0 24 24&quot;[39m
        [33mwidth[39m=[32m&quot;24&quot;[39m
        [33mxmlns[39m=[32m&quot;http://www.w3.org/2000/svg&quot;[39m
      [36m&gt;[39m
        [36m&lt;path[39m
          [33md[39m=[32m&quot;M18 6 6 18&quot;[39m
        [36m/&gt;[39m
        [36m&lt;path[39m
          [33md[39m=[32m&quot;m6 6 12 12&quot;[39m
        [36m/&gt;[39m
      [36m&lt;/svg&gt;[39m
      [36m&lt;span[39m
        [33mclass[39m=[32m&quot;sr-only&quot;[39m
      [36m&gt;[39m
        [0mClose[0m
      [36m&lt;/span&gt;[39m
    [36m&lt;/button&gt;[39m
  [36m&lt;/div&gt;[39m
  [36m&lt;span[39m
    [33maria-hidden[39m=[32m&quot;true&quot;[39m
    [33mdata-aria-hidden[39m=[32m&quot;true&quot;[39m
    [33mdata-radix-focus-guard[39m=[32m&quot;&quot;[39m
    [33mstyle[39m=[32m&quot;outline: none; opacity: 0; position: fixed; pointer-events: none;&quot;[39m
    [33mtabindex[39m=[32m&quot;0&quot;[39m
  [36m/&gt;[39m
[36m&lt;/body&gt;[39m" type="TestingLibraryElementError">
TestingLibraryElementError: Found multiple elements with the text: Close

Here are the matching elements:

Ignored nodes: comments, script, style
&lt;button
  class=&quot;inline-flex items-center justify-center gap-2 whitespace-nowrap rounded-md text-sm font-medium ring-offset-background transition-colors focus-visible:outline-none focus-visible:ring-2 focus-visible:ring-ring focus-visible:ring-offset-2 disabled:pointer-events-none disabled:opacity-50 [&amp;_svg]:pointer-events-none [&amp;_svg]:size-4 [&amp;_svg]:shrink-0 bg-primary text-primary-foreground hover:bg-primary/90 h-10 px-4 py-2 w-full&quot;
&gt;
  Close
&lt;/button&gt;

Ignored nodes: comments, script, style
&lt;span
  class=&quot;sr-only&quot;
&gt;
  Close
&lt;/span&gt;

(If this is intentional, then use the `*AllBy*` variant of the query (like `queryAllByText`, `getAllByText`, or `findAllByText`)).

Ignored nodes: comments, script, style
&lt;body
  data-scroll-locked=&quot;1&quot;
  style=&quot;pointer-events: none;&quot;
&gt;
  &lt;span
    aria-hidden=&quot;true&quot;
    data-aria-hidden=&quot;true&quot;
    data-radix-focus-guard=&quot;&quot;
    style=&quot;outline: none; opacity: 0; position: fixed; pointer-events: none;&quot;
    tabindex=&quot;0&quot;
  /&gt;
  &lt;div
    aria-hidden=&quot;true&quot;
    data-aria-hidden=&quot;true&quot;
  /&gt;
  &lt;div
    aria-hidden=&quot;true&quot;
    class=&quot;fixed inset-0 z-50 bg-black/80 data-[state=open]:animate-in data-[state=closed]:animate-out data-[state=closed]:fade-out-0 data-[state=open]:fade-in-0&quot;
    data-aria-hidden=&quot;true&quot;
    data-state=&quot;open&quot;
    style=&quot;pointer-events: auto;&quot;
  /&gt;
  &lt;div
    aria-describedby=&quot;rate-limit-dialog-description&quot;
    aria-labelledby=&quot;rate-limit-dialog-title&quot;
    class=&quot;fixed left-[50%] top-[50%] z-50 grid w-full translate-x-[-50%] translate-y-[-50%] gap-4 border bg-background p-6 shadow-lg duration-200 data-[state=open]:animate-in data-[state=closed]:animate-out data-[state=closed]:fade-out-0 data-[state=open]:fade-in-0 data-[state=closed]:zoom-out-95 data-[state=open]:zoom-in-95 data-[state=closed]:slide-out-to-left-1/2 data-[state=closed]:slide-out-to-top-[48%] data-[state=open]:slide-in-from-left-1/2 data-[state=open]:slide-in-from-top-[48%] sm:rounded-lg max-w-md&quot;
    data-state=&quot;open&quot;
    id=&quot;radix-«r1g»&quot;
    role=&quot;dialog&quot;
    style=&quot;pointer-events: auto;&quot;
    tabindex=&quot;-1&quot;
  &gt;
    &lt;div
      class=&quot;flex flex-col space-y-1.5 text-center sm:text-left&quot;
    &gt;
      &lt;div
        class=&quot;flex items-center space-x-2&quot;
      &gt;
        &lt;svg
          class=&quot;lucide lucide-triangle-alert h-5 w-5 text-red-500&quot;
          fill=&quot;none&quot;
          height=&quot;24&quot;
          stroke=&quot;currentColor&quot;
          stroke-linecap=&quot;round&quot;
          stroke-linejoin=&quot;round&quot;
          stroke-width=&quot;2&quot;
          viewBox=&quot;0 0 24 24&quot;
          width=&quot;24&quot;
          xmlns=&quot;http://www.w3.org/2000/svg&quot;
        &gt;
          &lt;path
            d=&quot;m21.73 18-8-14a2 2 0 0 0-3.48 0l-8 14A2 2 0 0 0 4 21h16a2 2 0 0 0 1.73-3&quot;
          /&gt;
          &lt;path
            d=&quot;M12 9v4&quot;
          /&gt;
          &lt;path
            d=&quot;M12 17h.01&quot;
          /&gt;
        &lt;/svg&gt;
        &lt;h2
          class=&quot;text-lg font-semibold leading-none tracking-tight&quot;
          id=&quot;rate-limit-dialog-title&quot;
        &gt;
          Rate Limit Reached
        &lt;/h2&gt;
      &lt;/div&gt;
      &lt;p
        class=&quot;text-sm text-muted-foreground&quot;
        id=&quot;rate-limit-dialog-description&quot;
      &gt;
        You&apos;ve reached the rate limit for Gemini 
        Flash
         model
      &lt;/p&gt;
    &lt;/div&gt;
    &lt;div
      class=&quot;space-y-4&quot;
    &gt;
      &lt;div
        class=&quot;p-4 bg-gray-50 rounded-lg space-y-3&quot;
      &gt;
        &lt;div
          class=&quot;flex items-center justify-between&quot;
        &gt;
          &lt;div
            class=&quot;flex items-center space-x-2&quot;
          &gt;
            &lt;svg
              class=&quot;lucide lucide-zap h-5 w-5 text-blue-500&quot;
              fill=&quot;none&quot;
              height=&quot;24&quot;
              stroke=&quot;currentColor&quot;
              stroke-linecap=&quot;round&quot;
              stroke-linejoin=&quot;round&quot;
              stroke-width=&quot;2&quot;
              viewBox=&quot;0 0 24 24&quot;
              width=&quot;24&quot;
              xmlns=&quot;http://www.w3.org/2000/svg&quot;
            &gt;
              &lt;path
                d=&quot;M4 14a1 1 0 0 1-.78-1.63l9.9-10.2a.5.5 0 0 1 .86.46l-1.92 6.02A1 1 0 0 0 13 10h7a1 1 0 0 1 .78 1.63l-9.9 10.2a.5.5 0 0 1-.86-.46l1.92-6.02A1 1 0 0 0 11 14z&quot;
              /&gt;
            &lt;/svg&gt;
            &lt;span
              class=&quot;font-medium&quot;
            &gt;
              Gemini 
              Flash
            &lt;/span&gt;
          &lt;/div&gt;
          &lt;div
            class=&quot;inline-flex items-center rounded-full border px-2.5 py-0.5 font-semibold transition-colors focus:outline-none focus:ring-2 focus:ring-ring focus:ring-offset-2 border-transparent bg-destructive text-destructive-foreground hover:bg-destructive/80 text-xs&quot;
          &gt;
            RPM
             Limit
          &lt;/div&gt;
        &lt;/div&gt;
        &lt;div
          class=&quot;space-y-2&quot;
        &gt;
          &lt;div
            class=&quot;flex justify-between text-sm&quot;
          &gt;
            &lt;span&gt;
              Requests 
              per minute
            &lt;/span&gt;
            &lt;span
              class=&quot;font-mono&quot;
            &gt;
              8
              /
              8
            &lt;/span&gt;
          &lt;/div&gt;
          &lt;div
            aria-label=&quot;Rate limit utilization: 100% used&quot;
            aria-valuemax=&quot;100&quot;
            aria-valuemin=&quot;0&quot;
            aria-valuenow=&quot;100&quot;
            class=&quot;relative w-full overflow-hidden rounded-full bg-secondary h-2&quot;
            data-max=&quot;100&quot;
            data-state=&quot;indeterminate&quot;
            role=&quot;progressbar&quot;
          &gt;
            &lt;div
              class=&quot;h-full w-full flex-1 bg-primary transition-all&quot;
              data-max=&quot;100&quot;
              data-state=&quot;indeterminate&quot;
              style=&quot;transform: translateX(-0%);&quot;
            /&gt;
          &lt;/div&gt;
          &lt;div
            class=&quot;text-xs text-gray-500&quot;
          &gt;
            100
            % of free tier limit used
          &lt;/div&gt;
        &lt;/div&gt;
      &lt;/div&gt;
      &lt;div
        class=&quot;flex items-center justify-center p-4 bg-blue-50 rounded-lg&quot;
      &gt;
        &lt;div
          class=&quot;text-center space-y-2&quot;
        &gt;
          &lt;div
            class=&quot;flex items-center justify-center space-x-2&quot;
          &gt;
            &lt;svg
              class=&quot;lucide lucide-clock h-4 w-4 text-blue-500&quot;
              fill=&quot;none&quot;
              height=&quot;24&quot;
              stroke=&quot;currentColor&quot;
              stroke-linecap=&quot;round&quot;
              stroke-linejoin=&quot;round&quot;
              stroke-width=&quot;2&quot;
              viewBox=&quot;0 0 24 24&quot;
              width=&quot;24&quot;
              xmlns=&quot;http://www.w3.org/2000/svg&quot;
            &gt;
              &lt;circle
                cx=&quot;12&quot;
                cy=&quot;12&quot;
                r=&quot;10&quot;
              /&gt;
              &lt;polyline
                points=&quot;12 6 12 12 16 14&quot;
              /&gt;
            &lt;/svg&gt;
            &lt;span
              class=&quot;text-sm font-medium&quot;
            &gt;
              Limit resets in
            &lt;/span&gt;
          &lt;/div&gt;
          &lt;div
            class=&quot;text-2xl font-mono font-bold text-blue-600&quot;
          &gt;
            5m 0s
          &lt;/div&gt;
        &lt;/div&gt;
      &lt;/div&gt;
      &lt;div
        class=&quot;text-sm text-gray-600 space-y-1&quot;
      &gt;
        &lt;p&gt;
          &lt;strong&gt;
            What happened?
          &lt;/strong&gt;
           You&apos;ve reached the 
          RPM
           limit for the Gemini 
          Flash
           model. This helps keep the service free by staying within Google&apos;s free tier limits.
        &lt;/p&gt;
        &lt;p&gt;
          &lt;strong&gt;
            What&apos;s next?
          &lt;/strong&gt;
           You can wait for the limit to reset or try using a different model if available.
        &lt;/p&gt;
      &lt;/div&gt;
      &lt;div
        class=&quot;text-xs text-gray-500 p-2 bg-yellow-50 rounded border-l-2 border-yellow-200&quot;
      &gt;
        &lt;strong&gt;
          Safety margin:
        &lt;/strong&gt;
         Limits are set to 
        20
        % below Google&apos;s actual limits to prevent any overage charges.
      &lt;/div&gt;
      &lt;div
        class=&quot;flex space-x-2 pt-2&quot;
      &gt;
        &lt;button
          class=&quot;inline-flex items-center justify-center gap-2 whitespace-nowrap rounded-md text-sm font-medium ring-offset-background transition-colors focus-visible:outline-none focus-visible:ring-2 focus-visible:ring-ring focus-visible:ring-offset-2 disabled:pointer-events-none disabled:opacity-50 [&amp;_svg]:pointer-events-none [&amp;_svg]:size-4 [&amp;_svg]:shrink-0 bg-primary text-primary-foreground hover:bg-primary/90 h-10 px-4 py-2 w-full&quot;
        &gt;
          Close
        &lt;/button&gt;
      &lt;/div&gt;
    &lt;/div&gt;
    &lt;button
      class=&quot;absolute right-4 top-4 rounded-sm opacity-70 ring-offset-background transition-opacity hover:opacity-100 focus:outline-none focus:ring-2 focus:ring-ring focus:ring-offset-2 disabled:pointer-events-none data-[state=open]:bg-accent data-[state=open]:text-muted-foreground&quot;
      type=&quot;button&quot;
    &gt;
      &lt;svg
        class=&quot;lucide lucide-x h-4 w-4&quot;
        fill=&quot;none&quot;
        height=&quot;24&quot;
        stroke=&quot;currentColor&quot;
        stroke-linecap=&quot;round&quot;
        stroke-linejoin=&quot;round&quot;
        stroke-width=&quot;2&quot;
        viewBox=&quot;0 0 24 24&quot;
        width=&quot;24&quot;
        xmlns=&quot;http://www.w3.org/2000/svg&quot;
      &gt;
        &lt;path
          d=&quot;M18 6 6 18&quot;
        /&gt;
        &lt;path
          d=&quot;m6 6 12 12&quot;
        /&gt;
      &lt;/svg&gt;
      &lt;span
        class=&quot;sr-only&quot;
      &gt;
        Close
      &lt;/span&gt;
    &lt;/button&gt;
  &lt;/div&gt;
  &lt;span
    aria-hidden=&quot;true&quot;
    data-aria-hidden=&quot;true&quot;
    data-radix-focus-guard=&quot;&quot;
    style=&quot;outline: none; opacity: 0; position: fixed; pointer-events: none;&quot;
    tabindex=&quot;0&quot;
  /&gt;
&lt;/body&gt;
 ❯ Object.getElementError node_modules/@testing-library/dom/dist/config.js:37:19
 ❯ getElementError node_modules/@testing-library/dom/dist/query-helpers.js:20:35
 ❯ getMultipleElementsFoundError node_modules/@testing-library/dom/dist/query-helpers.js:23:10
 ❯ node_modules/@testing-library/dom/dist/query-helpers.js:55:13
 ❯ node_modules/@testing-library/dom/dist/query-helpers.js:95:19
 ❯ components/rate-limiting/__tests__/RateLimitDialog.test.tsx:227:32
            </failure>
        </testcase>
        <testcase classname="components/rate-limiting/__tests__/RateLimitDialog.test.tsx" name="RateLimitDialog &gt; displays different limit types correctly" time="0.006411667">
            <system-err>
`DialogContent` requires a `DialogTitle` for the component to be accessible for screen reader users.

If you want to hide the `DialogTitle`, you can wrap it with our VisuallyHidden component.

For more information, see https://radix-ui.com/primitives/docs/components/dialog
Warning: Missing `Description` or `aria-describedby={undefined}` for {DialogContent}.

            </system-err>
            <failure message="Unable to find an element with the text: per minute. This could be because the text is broken up by multiple elements. In this case, you can provide a function for your text matcher to make your matcher more flexible.

Ignored nodes: comments, script, style
[36m&lt;body[39m
  [33mdata-scroll-locked[39m=[32m&quot;1&quot;[39m
  [33mstyle[39m=[32m&quot;pointer-events: none;&quot;[39m
[36m&gt;[39m
  [36m&lt;span[39m
    [33maria-hidden[39m=[32m&quot;true&quot;[39m
    [33mdata-aria-hidden[39m=[32m&quot;true&quot;[39m
    [33mdata-radix-focus-guard[39m=[32m&quot;&quot;[39m
    [33mstyle[39m=[32m&quot;outline: none; opacity: 0; position: fixed; pointer-events: none;&quot;[39m
    [33mtabindex[39m=[32m&quot;0&quot;[39m
  [36m/&gt;[39m
  [36m&lt;div[39m
    [33maria-hidden[39m=[32m&quot;true&quot;[39m
    [33mdata-aria-hidden[39m=[32m&quot;true&quot;[39m
  [36m/&gt;[39m
  [36m&lt;div[39m
    [33maria-hidden[39m=[32m&quot;true&quot;[39m
    [33mclass[39m=[32m&quot;fixed inset-0 z-50 bg-black/80 data-[state=open]:animate-in data-[state=closed]:animate-out data-[state=closed]:fade-out-0 data-[state=open]:fade-in-0&quot;[39m
    [33mdata-aria-hidden[39m=[32m&quot;true&quot;[39m
    [33mdata-state[39m=[32m&quot;open&quot;[39m
    [33mstyle[39m=[32m&quot;pointer-events: auto;&quot;[39m
  [36m/&gt;[39m
  [36m&lt;div[39m
    [33maria-describedby[39m=[32m&quot;rate-limit-dialog-description&quot;[39m
    [33maria-labelledby[39m=[32m&quot;rate-limit-dialog-title&quot;[39m
    [33mclass[39m=[32m&quot;fixed left-[50%] top-[50%] z-50 grid w-full translate-x-[-50%] translate-y-[-50%] gap-4 border bg-background p-6 shadow-lg duration-200 data-[state=open]:animate-in data-[state=closed]:animate-out data-[state=closed]:fade-out-0 data-[state=open]:fade-in-0 data-[state=closed]:zoom-out-95 data-[state=open]:zoom-in-95 data-[state=closed]:slide-out-to-left-1/2 data-[state=closed]:slide-out-to-top-[48%] data-[state=open]:slide-in-from-left-1/2 data-[state=open]:slide-in-from-top-[48%] sm:rounded-lg max-w-md&quot;[39m
    [33mdata-state[39m=[32m&quot;open&quot;[39m
    [33mid[39m=[32m&quot;radix-«r1j»&quot;[39m
    [33mrole[39m=[32m&quot;dialog&quot;[39m
    [33mstyle[39m=[32m&quot;pointer-events: auto;&quot;[39m
    [33mtabindex[39m=[32m&quot;-1&quot;[39m
  [36m&gt;[39m
    [36m&lt;div[39m
      [33mclass[39m=[32m&quot;flex flex-col space-y-1.5 text-center sm:text-left&quot;[39m
    [36m&gt;[39m
      [36m&lt;div[39m
        [33mclass[39m=[32m&quot;flex items-center space-x-2&quot;[39m
      [36m&gt;[39m
        [36m&lt;svg[39m
          [33mclass[39m=[32m&quot;lucide lucide-triangle-alert h-5 w-5 text-red-500&quot;[39m
          [33mfill[39m=[32m&quot;none&quot;[39m
          [33mheight[39m=[32m&quot;24&quot;[39m
          [33mstroke[39m=[32m&quot;currentColor&quot;[39m
          [33mstroke-linecap[39m=[32m&quot;round&quot;[39m
          [33mstroke-linejoin[39m=[32m&quot;round&quot;[39m
          [33mstroke-width[39m=[32m&quot;2&quot;[39m
          [33mviewBox[39m=[32m&quot;0 0 24 24&quot;[39m
          [33mwidth[39m=[32m&quot;24&quot;[39m
          [33mxmlns[39m=[32m&quot;http://www.w3.org/2000/svg&quot;[39m
        [36m&gt;[39m
          [36m&lt;path[39m
            [33md[39m=[32m&quot;m21.73 18-8-14a2 2 0 0 0-3.48 0l-8 14A2 2 0 0 0 4 21h16a2 2 0 0 0 1.73-3&quot;[39m
          [36m/&gt;[39m
          [36m&lt;path[39m
            [33md[39m=[32m&quot;M12 9v4&quot;[39m
          [36m/&gt;[39m
          [36m&lt;path[39m
            [33md[39m=[32m&quot;M12 17h.01&quot;[39m
          [36m/&gt;[39m
        [36m&lt;/svg&gt;[39m
        [36m&lt;h2[39m
          [33mclass[39m=[32m&quot;text-lg font-semibold leading-none tracking-tight&quot;[39m
          [33mid[39m=[32m&quot;rate-limit-dialog-title&quot;[39m
        [36m&gt;[39m
          [0mRate Limit Reached[0m
        [36m&lt;/h2&gt;[39m
      [36m&lt;/div&gt;[39m
      [36m&lt;p[39m
        [33mclass[39m=[32m&quot;text-sm text-muted-foreground&quot;[39m
        [33mid[39m=[32m&quot;rate-limit-dialog-description&quot;[39m
      [36m&gt;[39m
        [0mYou&apos;ve reached the rate limit for Gemini [0m
        [0mFlash[0m
        [0m model[0m
      [36m&lt;/p&gt;[39m
    [36m&lt;/div&gt;[39m
    [36m&lt;div[39m
      [33mclass[39m=[32m&quot;space-y-4&quot;[39m
    [36m&gt;[39m
      [36m&lt;div[39m
        [33mclass[39m=[32m&quot;p-4 bg-gray-50 rounded-lg space-y-3&quot;[39m
      [36m&gt;[39m
        [36m&lt;div[39m
          [33mclass[39m=[32m&quot;flex items-center justify-between&quot;[39m
        [36m&gt;[39m
          [36m&lt;div[39m
            [33mclass[39m=[32m&quot;flex items-center space-x-2&quot;[39m
          [36m&gt;[39m
            [36m&lt;svg[39m
              [33mclass[39m=[32m&quot;lucide lucide-zap h-5 w-5 text-blue-500&quot;[39m
              [33mfill[39m=[32m&quot;none&quot;[39m
              [33mheight[39m=[32m&quot;24&quot;[39m
              [33mstroke[39m=[32m&quot;currentColor&quot;[39m
              [33mstroke-linecap[39m=[32m&quot;round&quot;[39m
              [33mstroke-linejoin[39m=[32m&quot;round&quot;[39m
              [33mstroke-width[39m=[32m&quot;2&quot;[39m
              [33mviewBox[39m=[32m&quot;0 0 24 24&quot;[39m
              [33mwidth[39m=[32m&quot;24&quot;[39m
              [33mxmlns[39m=[32m&quot;http://www.w3.org/2000/svg&quot;[39m
            [36m&gt;[39m
              [36m&lt;path[39m
                [33md[39m=[32m&quot;M4 14a1 1 0 0 1-.78-1.63l9.9-10.2a.5.5 0 0 1 .86.46l-1.92 6.02A1 1 0 0 0 13 10h7a1 1 0 0 1 .78 1.63l-9.9 10.2a.5.5 0 0 1-.86-.46l1.92-6.02A1 1 0 0 0 11 14z&quot;[39m
              [36m/&gt;[39m
            [36m&lt;/svg&gt;[39m
            [36m&lt;span[39m
              [33mclass[39m=[32m&quot;font-medium&quot;[39m
            [36m&gt;[39m
              [0mGemini [0m
              [0mFlash[0m
            [36m&lt;/span&gt;[39m
          [36m&lt;/div&gt;[39m
          [36m&lt;div[39m
            [33mclass[39m=[32m&quot;inline-flex items-center rounded-full border px-2.5 py-0.5 font-semibold transition-colors focus:outline-none focus:ring-2 focus:ring-ring focus:ring-offset-2 border-transparent bg-destructive text-destructive-foreground hover:bg-destructive/80 text-xs&quot;[39m
          [36m&gt;[39m
            [0mRPM[0m
            [0m Limit[0m
          [36m&lt;/div&gt;[39m
        [36m&lt;/div&gt;[39m
        [36m&lt;div[39m
          [33mclass[39m=[32m&quot;space-y-2&quot;[39m
        [36m&gt;[39m
          [36m&lt;div[39m
            [33mclass[39m=[32m&quot;flex justify-between text-sm&quot;[39m
          [36m&gt;[39m
            [36m&lt;span&gt;[39m
              [0mRequests [0m
              [0mper minute[0m
            [36m&lt;/span&gt;[39m
            [36m&lt;span[39m
              [33mclass[39m=[32m&quot;font-mono&quot;[39m
            [36m&gt;[39m
              [0m8[0m
              [0m/[0m
              [0m8[0m
            [36m&lt;/span&gt;[39m
          [36m&lt;/div&gt;[39m
          [36m&lt;div[39m
            [33maria-label[39m=[32m&quot;Rate limit utilization: 100% used&quot;[39m
            [33maria-valuemax[39m=[32m&quot;100&quot;[39m
            [33maria-valuemin[39m=[32m&quot;0&quot;[39m
            [33maria-valuenow[39m=[32m&quot;100&quot;[39m
            [33mclass[39m=[32m&quot;relative w-full overflow-hidden rounded-full bg-secondary h-2&quot;[39m
            [33mdata-max[39m=[32m&quot;100&quot;[39m
            [33mdata-state[39m=[32m&quot;indeterminate&quot;[39m
            [33mrole[39m=[32m&quot;progressbar&quot;[39m
          [36m&gt;[39m
            [36m&lt;div[39m
              [33mclass[39m=[32m&quot;h-full w-full flex-1 bg-primary transition-all&quot;[39m
              [33mdata-max[39m=[32m&quot;100&quot;[39m
              [33mdata-state[39m=[32m&quot;indeterminate&quot;[39m
              [33mstyle[39m=[32m&quot;transform: translateX(-0%);&quot;[39m
            [36m/&gt;[39m
          [36m&lt;/div&gt;[39m
          [36m&lt;div[39m
            [33mclass[39m=[32m&quot;text-xs text-gray-500&quot;[39m
          [36m&gt;[39m
            [0m100[0m
            [0m% of free tier limit used[0m
          [36m&lt;/div&gt;[39m
        [36m&lt;/div&gt;[39m
      [36m&lt;/div&gt;[39m
      [36m&lt;div[39m
        [33mclass[39m=[32m&quot;flex items-center justify-center p-4 bg-blue-50 rounded-lg&quot;[39m
      [36m&gt;[39m
        [36m&lt;div[39m
          [33mclass[39m=[32m&quot;text-center space-y-2&quot;[39m
        [36m&gt;[39m
          [36m&lt;div[39m
            [33mclass[39m=[32m&quot;flex items-center justify-center space-x-2&quot;[39m
          [36m&gt;[39m
            [36m&lt;svg[39m
              [33mclass[39m=[32m&quot;lucide lucide-clock h-4 w-4 text-blue-500&quot;[39m
              [33mfill[39m=[32m&quot;none&quot;[39m
              [33mheight[39m=[32m&quot;24&quot;[39m
              [33mstroke[39m=[32m&quot;currentColor&quot;[39m
              [33mstroke-linecap[39m=[32m&quot;round&quot;[39m
              [33mstroke-linejoin[39m=[32m&quot;round&quot;[39m
              [33mstroke-width[39m=[32m&quot;2&quot;[39m
              [33mviewBox[39m=[32m&quot;0 0 24 24&quot;[39m
              [33mwidth[39m=[32m&quot;24&quot;[39m
              [33mxmlns[39m=[32m&quot;http://www.w3.org/2000/svg&quot;[39m
            [36m&gt;[39m
              [36m&lt;circle[39m
                [33mcx[39m=[32m&quot;12&quot;[39m
                [33mcy[39m=[32m&quot;12&quot;[39m
                [33mr[39m=[32m&quot;10&quot;[39m
              [36m/&gt;[39m
              [36m&lt;polyline[39m
                [33mpoints[39m=[32m&quot;12 6 12 12 16 14&quot;[39m
              [36m/&gt;[39m
            [36m&lt;/svg&gt;[39m
            [36m&lt;span[39m
              [33mclass[39m=[32m&quot;text-sm font-medium&quot;[39m
            [36m&gt;[39m
              [0mLimit resets in[0m
            [36m&lt;/span&gt;[39m
          [36m&lt;/div&gt;[39m
          [36m&lt;div[39m
            [33mclass[39m=[32m&quot;text-2xl font-mono font-bold text-blue-600&quot;[39m
          [36m&gt;[39m
            [0m5m 0s[0m
          [36m&lt;/div&gt;[39m
        [36m&lt;/div&gt;[39m
      [36m&lt;/div&gt;[39m
      [36m&lt;div[39m
        [33mclass[39m=[32m&quot;text-sm text-gray-600 space-y-1&quot;[39m
      [36m&gt;[39m
        [36m&lt;p&gt;[39m
          [36m&lt;strong&gt;[39m
            [0mWhat happened?[0m
          [36m&lt;/strong&gt;[39m
          [0m You&apos;ve reached the [0m
          [0mRPM[0m
          [0m limit for the Gemini [0m
          [0mFlash[0m
          [0m model. This helps keep the service free by staying within Google&apos;s free tier limits.[0m
        [36m&lt;/p&gt;[39m
        [36m&lt;p&gt;[39m
          [36m&lt;strong&gt;[39m
            [0mWhat&apos;s next?[0m
          [36m&lt;/strong&gt;[39m
          [0m You can wait for the limit to reset or try using a different model if available.[0m
        [36m&lt;/p&gt;[39m
      [36m&lt;/div&gt;[39m
      [36m&lt;div[39m
        [33mclass[39m=[32m&quot;text-xs text-gray-500 p-2 bg-yellow-50 rounded border-l-2 border-yellow-200&quot;[39m
      [36m&gt;[39m
        [36m&lt;strong&gt;[39m
          [0mSafety margin:[0m
        [36m&lt;/strong&gt;[39m
        [0m Limits are set to [0m
        [0m20[0m
        [0m% below Google&apos;s actual limits to prevent any overage charges.[0m
      [36m&lt;/div&gt;[39m
      [36m&lt;div[39m
        [33mclass[39m=[32m&quot;flex space-x-2 pt-2&quot;[39m
      [36m&gt;[39m
        [36m&lt;button[39m
          [33mclass[39m=[32m&quot;inline-flex items-center justify-center gap-2 whitespace-nowrap rounded-md text-sm font-medium ring-offset-background transition-colors focus-visible:outline-none focus-visible:ring-2 focus-visible:ring-ring focus-visible:ring-offset-2 disabled:pointer-events-none disabled:opacity-50 [&amp;_svg]:pointer-events-none [&amp;_svg]:size-4 [&amp;_svg]:shrink-0 bg-primary text-primary-foreground hover:bg-primary/90 h-10 px-4 py-2 w-full&quot;[39m
        [36m&gt;[39m
          [0mClose[0m
        [36m&lt;/button&gt;[39m
      [36m&lt;/div&gt;[39m
    [36m&lt;/div&gt;[39m
    [36m&lt;button[39m
      [33mclass[39m=[32m&quot;absolute right-4 top-4 rounded-sm opacity-70 ring-offset-background transition-opacity hover:opacity-100 focus:outline-none focus:ring-2 focus:ring-ring focus:ring-offset-2 disabled:pointer-events-none data-[state=open]:bg-accent data-[state=open]:text-muted-foreground&quot;[39m
      [33mtype[39m=[32m&quot;button&quot;[39m
    [36m&gt;[39m
      [36m&lt;svg[39m
        [33mclass[39m=[32m&quot;lucide lucide-x h-4 w-4&quot;[39m
        [33mfill[39m=[32m&quot;none&quot;[39m
        [33mheight[39m=[32m&quot;24&quot;[39m
        [33mstroke[39m=[32m&quot;currentColor&quot;[39m
        [33mstroke-linecap[39m=[32m&quot;round&quot;[39m
        [33mstroke-linejoin[39m=[32m&quot;round&quot;[39m
        [33mstroke-width[39m=[32m&quot;2&quot;[39m
        [33mviewBox[39m=[32m&quot;0 0 24 24&quot;[39m
        [33mwidth[39m=[32m&quot;24&quot;[39m
        [33mxmlns[39m=[32m&quot;http://www.w3.org/2000/svg&quot;[39m
      [36m&gt;[39m
        [36m&lt;path[39m
          [33md[39m=[32m&quot;M18 6 6 18&quot;[39m
        [36m/&gt;[39m
        [36m&lt;path[39m
          [33md[39m=[32m&quot;m6 6 12 12&quot;[39m
        [36m/&gt;[39m
      [36m&lt;/svg&gt;[39m
      [36m&lt;span[39m
        [33mclass[39m=[32m&quot;sr-only&quot;[39m
      [36m&gt;[39m
        [0mClose[0m
      [36m&lt;/span&gt;[39m
    [36m&lt;/button&gt;[39m
  [36m&lt;/div&gt;[39m
  [36m&lt;span[39m
    [33maria-hidden[39m=[32m&quot;true&quot;[39m
    [33mdata-aria-hidden[39m=[32m&quot;true&quot;[39m
    [33mdata-radix-focus-guard[39m=[32m&quot;&quot;[39m
    [33mstyle[39m=[32m&quot;outline: none; opacity: 0; position: fixed; pointer-events: none;&quot;[39m
    [33mtabindex[39m=[32m&quot;0&quot;[39m
  [36m/&gt;[39m
[36m&lt;/body&gt;[39m" type="TestingLibraryElementError">
TestingLibraryElementError: Unable to find an element with the text: per minute. This could be because the text is broken up by multiple elements. In this case, you can provide a function for your text matcher to make your matcher more flexible.

Ignored nodes: comments, script, style
&lt;body
  data-scroll-locked=&quot;1&quot;
  style=&quot;pointer-events: none;&quot;
&gt;
  &lt;span
    aria-hidden=&quot;true&quot;
    data-aria-hidden=&quot;true&quot;
    data-radix-focus-guard=&quot;&quot;
    style=&quot;outline: none; opacity: 0; position: fixed; pointer-events: none;&quot;
    tabindex=&quot;0&quot;
  /&gt;
  &lt;div
    aria-hidden=&quot;true&quot;
    data-aria-hidden=&quot;true&quot;
  /&gt;
  &lt;div
    aria-hidden=&quot;true&quot;
    class=&quot;fixed inset-0 z-50 bg-black/80 data-[state=open]:animate-in data-[state=closed]:animate-out data-[state=closed]:fade-out-0 data-[state=open]:fade-in-0&quot;
    data-aria-hidden=&quot;true&quot;
    data-state=&quot;open&quot;
    style=&quot;pointer-events: auto;&quot;
  /&gt;
  &lt;div
    aria-describedby=&quot;rate-limit-dialog-description&quot;
    aria-labelledby=&quot;rate-limit-dialog-title&quot;
    class=&quot;fixed left-[50%] top-[50%] z-50 grid w-full translate-x-[-50%] translate-y-[-50%] gap-4 border bg-background p-6 shadow-lg duration-200 data-[state=open]:animate-in data-[state=closed]:animate-out data-[state=closed]:fade-out-0 data-[state=open]:fade-in-0 data-[state=closed]:zoom-out-95 data-[state=open]:zoom-in-95 data-[state=closed]:slide-out-to-left-1/2 data-[state=closed]:slide-out-to-top-[48%] data-[state=open]:slide-in-from-left-1/2 data-[state=open]:slide-in-from-top-[48%] sm:rounded-lg max-w-md&quot;
    data-state=&quot;open&quot;
    id=&quot;radix-«r1j»&quot;
    role=&quot;dialog&quot;
    style=&quot;pointer-events: auto;&quot;
    tabindex=&quot;-1&quot;
  &gt;
    &lt;div
      class=&quot;flex flex-col space-y-1.5 text-center sm:text-left&quot;
    &gt;
      &lt;div
        class=&quot;flex items-center space-x-2&quot;
      &gt;
        &lt;svg
          class=&quot;lucide lucide-triangle-alert h-5 w-5 text-red-500&quot;
          fill=&quot;none&quot;
          height=&quot;24&quot;
          stroke=&quot;currentColor&quot;
          stroke-linecap=&quot;round&quot;
          stroke-linejoin=&quot;round&quot;
          stroke-width=&quot;2&quot;
          viewBox=&quot;0 0 24 24&quot;
          width=&quot;24&quot;
          xmlns=&quot;http://www.w3.org/2000/svg&quot;
        &gt;
          &lt;path
            d=&quot;m21.73 18-8-14a2 2 0 0 0-3.48 0l-8 14A2 2 0 0 0 4 21h16a2 2 0 0 0 1.73-3&quot;
          /&gt;
          &lt;path
            d=&quot;M12 9v4&quot;
          /&gt;
          &lt;path
            d=&quot;M12 17h.01&quot;
          /&gt;
        &lt;/svg&gt;
        &lt;h2
          class=&quot;text-lg font-semibold leading-none tracking-tight&quot;
          id=&quot;rate-limit-dialog-title&quot;
        &gt;
          Rate Limit Reached
        &lt;/h2&gt;
      &lt;/div&gt;
      &lt;p
        class=&quot;text-sm text-muted-foreground&quot;
        id=&quot;rate-limit-dialog-description&quot;
      &gt;
        You&apos;ve reached the rate limit for Gemini 
        Flash
         model
      &lt;/p&gt;
    &lt;/div&gt;
    &lt;div
      class=&quot;space-y-4&quot;
    &gt;
      &lt;div
        class=&quot;p-4 bg-gray-50 rounded-lg space-y-3&quot;
      &gt;
        &lt;div
          class=&quot;flex items-center justify-between&quot;
        &gt;
          &lt;div
            class=&quot;flex items-center space-x-2&quot;
          &gt;
            &lt;svg
              class=&quot;lucide lucide-zap h-5 w-5 text-blue-500&quot;
              fill=&quot;none&quot;
              height=&quot;24&quot;
              stroke=&quot;currentColor&quot;
              stroke-linecap=&quot;round&quot;
              stroke-linejoin=&quot;round&quot;
              stroke-width=&quot;2&quot;
              viewBox=&quot;0 0 24 24&quot;
              width=&quot;24&quot;
              xmlns=&quot;http://www.w3.org/2000/svg&quot;
            &gt;
              &lt;path
                d=&quot;M4 14a1 1 0 0 1-.78-1.63l9.9-10.2a.5.5 0 0 1 .86.46l-1.92 6.02A1 1 0 0 0 13 10h7a1 1 0 0 1 .78 1.63l-9.9 10.2a.5.5 0 0 1-.86-.46l1.92-6.02A1 1 0 0 0 11 14z&quot;
              /&gt;
            &lt;/svg&gt;
            &lt;span
              class=&quot;font-medium&quot;
            &gt;
              Gemini 
              Flash
            &lt;/span&gt;
          &lt;/div&gt;
          &lt;div
            class=&quot;inline-flex items-center rounded-full border px-2.5 py-0.5 font-semibold transition-colors focus:outline-none focus:ring-2 focus:ring-ring focus:ring-offset-2 border-transparent bg-destructive text-destructive-foreground hover:bg-destructive/80 text-xs&quot;
          &gt;
            RPM
             Limit
          &lt;/div&gt;
        &lt;/div&gt;
        &lt;div
          class=&quot;space-y-2&quot;
        &gt;
          &lt;div
            class=&quot;flex justify-between text-sm&quot;
          &gt;
            &lt;span&gt;
              Requests 
              per minute
            &lt;/span&gt;
            &lt;span
              class=&quot;font-mono&quot;
            &gt;
              8
              /
              8
            &lt;/span&gt;
          &lt;/div&gt;
          &lt;div
            aria-label=&quot;Rate limit utilization: 100% used&quot;
            aria-valuemax=&quot;100&quot;
            aria-valuemin=&quot;0&quot;
            aria-valuenow=&quot;100&quot;
            class=&quot;relative w-full overflow-hidden rounded-full bg-secondary h-2&quot;
            data-max=&quot;100&quot;
            data-state=&quot;indeterminate&quot;
            role=&quot;progressbar&quot;
          &gt;
            &lt;div
              class=&quot;h-full w-full flex-1 bg-primary transition-all&quot;
              data-max=&quot;100&quot;
              data-state=&quot;indeterminate&quot;
              style=&quot;transform: translateX(-0%);&quot;
            /&gt;
          &lt;/div&gt;
          &lt;div
            class=&quot;text-xs text-gray-500&quot;
          &gt;
            100
            % of free tier limit used
          &lt;/div&gt;
        &lt;/div&gt;
      &lt;/div&gt;
      &lt;div
        class=&quot;flex items-center justify-center p-4 bg-blue-50 rounded-lg&quot;
      &gt;
        &lt;div
          class=&quot;text-center space-y-2&quot;
        &gt;
          &lt;div
            class=&quot;flex items-center justify-center space-x-2&quot;
          &gt;
            &lt;svg
              class=&quot;lucide lucide-clock h-4 w-4 text-blue-500&quot;
              fill=&quot;none&quot;
              height=&quot;24&quot;
              stroke=&quot;currentColor&quot;
              stroke-linecap=&quot;round&quot;
              stroke-linejoin=&quot;round&quot;
              stroke-width=&quot;2&quot;
              viewBox=&quot;0 0 24 24&quot;
              width=&quot;24&quot;
              xmlns=&quot;http://www.w3.org/2000/svg&quot;
            &gt;
              &lt;circle
                cx=&quot;12&quot;
                cy=&quot;12&quot;
                r=&quot;10&quot;
              /&gt;
              &lt;polyline
                points=&quot;12 6 12 12 16 14&quot;
              /&gt;
            &lt;/svg&gt;
            &lt;span
              class=&quot;text-sm font-medium&quot;
            &gt;
              Limit resets in
            &lt;/span&gt;
          &lt;/div&gt;
          &lt;div
            class=&quot;text-2xl font-mono font-bold text-blue-600&quot;
          &gt;
            5m 0s
          &lt;/div&gt;
        &lt;/div&gt;
      &lt;/div&gt;
      &lt;div
        class=&quot;text-sm text-gray-600 space-y-1&quot;
      &gt;
        &lt;p&gt;
          &lt;strong&gt;
            What happened?
          &lt;/strong&gt;
           You&apos;ve reached the 
          RPM
           limit for the Gemini 
          Flash
           model. This helps keep the service free by staying within Google&apos;s free tier limits.
        &lt;/p&gt;
        &lt;p&gt;
          &lt;strong&gt;
            What&apos;s next?
          &lt;/strong&gt;
           You can wait for the limit to reset or try using a different model if available.
        &lt;/p&gt;
      &lt;/div&gt;
      &lt;div
        class=&quot;text-xs text-gray-500 p-2 bg-yellow-50 rounded border-l-2 border-yellow-200&quot;
      &gt;
        &lt;strong&gt;
          Safety margin:
        &lt;/strong&gt;
         Limits are set to 
        20
        % below Google&apos;s actual limits to prevent any overage charges.
      &lt;/div&gt;
      &lt;div
        class=&quot;flex space-x-2 pt-2&quot;
      &gt;
        &lt;button
          class=&quot;inline-flex items-center justify-center gap-2 whitespace-nowrap rounded-md text-sm font-medium ring-offset-background transition-colors focus-visible:outline-none focus-visible:ring-2 focus-visible:ring-ring focus-visible:ring-offset-2 disabled:pointer-events-none disabled:opacity-50 [&amp;_svg]:pointer-events-none [&amp;_svg]:size-4 [&amp;_svg]:shrink-0 bg-primary text-primary-foreground hover:bg-primary/90 h-10 px-4 py-2 w-full&quot;
        &gt;
          Close
        &lt;/button&gt;
      &lt;/div&gt;
    &lt;/div&gt;
    &lt;button
      class=&quot;absolute right-4 top-4 rounded-sm opacity-70 ring-offset-background transition-opacity hover:opacity-100 focus:outline-none focus:ring-2 focus:ring-ring focus:ring-offset-2 disabled:pointer-events-none data-[state=open]:bg-accent data-[state=open]:text-muted-foreground&quot;
      type=&quot;button&quot;
    &gt;
      &lt;svg
        class=&quot;lucide lucide-x h-4 w-4&quot;
        fill=&quot;none&quot;
        height=&quot;24&quot;
        stroke=&quot;currentColor&quot;
        stroke-linecap=&quot;round&quot;
        stroke-linejoin=&quot;round&quot;
        stroke-width=&quot;2&quot;
        viewBox=&quot;0 0 24 24&quot;
        width=&quot;24&quot;
        xmlns=&quot;http://www.w3.org/2000/svg&quot;
      &gt;
        &lt;path
          d=&quot;M18 6 6 18&quot;
        /&gt;
        &lt;path
          d=&quot;m6 6 12 12&quot;
        /&gt;
      &lt;/svg&gt;
      &lt;span
        class=&quot;sr-only&quot;
      &gt;
        Close
      &lt;/span&gt;
    &lt;/button&gt;
  &lt;/div&gt;
  &lt;span
    aria-hidden=&quot;true&quot;
    data-aria-hidden=&quot;true&quot;
    data-radix-focus-guard=&quot;&quot;
    style=&quot;outline: none; opacity: 0; position: fixed; pointer-events: none;&quot;
    tabindex=&quot;0&quot;
  /&gt;
&lt;/body&gt;
 ❯ Object.getElementError node_modules/@testing-library/dom/dist/config.js:37:19
 ❯ node_modules/@testing-library/dom/dist/query-helpers.js:76:38
 ❯ node_modules/@testing-library/dom/dist/query-helpers.js:52:17
 ❯ node_modules/@testing-library/dom/dist/query-helpers.js:95:19
 ❯ components/rate-limiting/__tests__/RateLimitDialog.test.tsx:233:19
            </failure>
        </testcase>
        <testcase classname="components/rate-limiting/__tests__/RateLimitDialog.test.tsx" name="RateLimitDialog &gt; handles edge case when reset time is in the past" time="0.00029425">
            <failure message="Cannot find module &apos;@/lib/api/rateLimitApi&apos;
Require stack:
- /Users/shubhpatel/Downloads/MB-Sparrow-main/frontend/components/rate-limiting/__tests__/RateLimitDialog.test.tsx" type="Error">
Error: Cannot find module &apos;@/lib/api/rateLimitApi&apos;
Require stack:
- /Users/shubhpatel/Downloads/MB-Sparrow-main/frontend/components/rate-limiting/__tests__/RateLimitDialog.test.tsx
 ❯ components/rate-limiting/__tests__/RateLimitDialog.test.tsx:241:32

⎯⎯⎯⎯⎯⎯⎯⎯⎯⎯⎯⎯⎯⎯⎯⎯⎯⎯⎯⎯⎯⎯⎯⎯⎯⎯⎯⎯⎯⎯
Serialized Error: { code: &apos;MODULE_NOT_FOUND&apos;, requireStack: [ &apos;/Users/shubhpatel/Downloads/MB-Sparrow-main/frontend/components/rate-limiting/__tests__/RateLimitDialog.test.tsx&apos; ] }
            </failure>
        </testcase>
    </testsuite>
    <testsuite name="components/rate-limiting/__tests__/RateLimitDropdown.test.tsx" timestamp="2025-07-02T10:22:05.370Z" hostname="Shubhs-MacBook-Air.local" tests="7" failures="1" errors="0" skipped="0" time="10.080150292">
        <testcase classname="components/rate-limiting/__tests__/RateLimitDropdown.test.tsx" name="RateLimitDropdown &gt; renders trigger button correctly" time="0.033653">
        </testcase>
        <testcase classname="components/rate-limiting/__tests__/RateLimitDropdown.test.tsx" name="RateLimitDropdown &gt; opens dropdown when clicked" time="0.011609792">
        </testcase>
        <testcase classname="components/rate-limiting/__tests__/RateLimitDropdown.test.tsx" name="RateLimitDropdown &gt; closes dropdown when clicking outside" time="0.012206708">
        </testcase>
        <testcase classname="components/rate-limiting/__tests__/RateLimitDropdown.test.tsx" name="RateLimitDropdown &gt; shows loading state initially" time="0.003159917">
        </testcase>
        <testcase classname="components/rate-limiting/__tests__/RateLimitDropdown.test.tsx" name="RateLimitDropdown &gt; shows error state when API fails" time="0.008623167">
        </testcase>
        <testcase classname="components/rate-limiting/__tests__/RateLimitDropdown.test.tsx" name="RateLimitDropdown &gt; displays correct utilization data" time="0.007845125">
        </testcase>
        <testcase classname="components/rate-limiting/__tests__/RateLimitDropdown.test.tsx" name="RateLimitDropdown &gt; auto-closes after timeout" time="10.002582667">
            <failure message="Test timed out in 10000ms.
If this is a long-running test, pass a timeout value as the last argument or configure it globally with &quot;testTimeout&quot;." type="Error">
Error: Test timed out in 10000ms.
If this is a long-running test, pass a timeout value as the last argument or configure it globally with &quot;testTimeout&quot;.
            </failure>
        </testcase>
    </testsuite>
    <testsuite name="components/rate-limiting/__tests__/RateLimitStatus.test.tsx" timestamp="2025-07-02T10:22:05.370Z" hostname="Shubhs-MacBook-Air.local" tests="11" failures="4" errors="0" skipped="0" time="40.067201542">
        <testcase classname="components/rate-limiting/__tests__/RateLimitStatus.test.tsx" name="RateLimitStatus &gt; renders loading state initially" time="0.012340208">
            <system-err>
An update to RateLimitStatus inside a test was not wrapped in act(...).

When testing, code that causes React state updates should be wrapped into act(...):

act(() =&gt; {
  /* fire events that update state */
});
/* assert on the output */

This ensures that you&apos;re testing the behavior the user would see in the browser. Learn more at https://react.dev/link/wrap-tests-with-act
An update to RateLimitStatus inside a test was not wrapped in act(...).

When testing, code that causes React state updates should be wrapped into act(...):

act(() =&gt; {
  /* fire events that update state */
});
/* assert on the output */

This ensures that you&apos;re testing the behavior the user would see in the browser. Learn more at https://react.dev/link/wrap-tests-with-act
An update to RateLimitStatus inside a test was not wrapped in act(...).

When testing, code that causes React state updates should be wrapped into act(...):

act(() =&gt; {
  /* fire events that update state */
});
/* assert on the output */

This ensures that you&apos;re testing the behavior the user would see in the browser. Learn more at https://react.dev/link/wrap-tests-with-act

            </system-err>
        </testcase>
        <testcase classname="components/rate-limiting/__tests__/RateLimitStatus.test.tsx" name="RateLimitStatus &gt; renders rate limit status after loading" time="0.01215575">
        </testcase>
        <testcase classname="components/rate-limiting/__tests__/RateLimitStatus.test.tsx" name="RateLimitStatus &gt; displays Flash and Pro model information" time="0.006618166">
        </testcase>
        <testcase classname="components/rate-limiting/__tests__/RateLimitStatus.test.tsx" name="RateLimitStatus &gt; shows detailed information when showDetails is true" time="0.005946083">
        </testcase>
        <testcase classname="components/rate-limiting/__tests__/RateLimitStatus.test.tsx" name="RateLimitStatus &gt; hides detailed information when showDetails is false" time="0.004806125">
        </testcase>
        <testcase classname="components/rate-limiting/__tests__/RateLimitStatus.test.tsx" name="RateLimitStatus &gt; handles API errors gracefully" time="0.002738208">
        </testcase>
        <testcase classname="components/rate-limiting/__tests__/RateLimitStatus.test.tsx" name="RateLimitStatus &gt; displays warning status correctly" time="0.004879167">
        </testcase>
        <testcase classname="components/rate-limiting/__tests__/RateLimitStatus.test.tsx" name="RateLimitStatus &gt; updates automatically when autoUpdate is enabled" time="10.005726791">
            <failure message="Test timed out in 10000ms.
If this is a long-running test, pass a timeout value as the last argument or configure it globally with &quot;testTimeout&quot;." type="Error">
Error: Test timed out in 10000ms.
If this is a long-running test, pass a timeout value as the last argument or configure it globally with &quot;testTimeout&quot;.
            </failure>
        </testcase>
        <testcase classname="components/rate-limiting/__tests__/RateLimitStatus.test.tsx" name="RateLimitStatus &gt; does not auto-update when autoUpdate is disabled" time="10.003614625">
            <failure message="Test timed out in 10000ms.
If this is a long-running test, pass a timeout value as the last argument or configure it globally with &quot;testTimeout&quot;." type="Error">
Error: Test timed out in 10000ms.
If this is a long-running test, pass a timeout value as the last argument or configure it globally with &quot;testTimeout&quot;.
            </failure>
        </testcase>
        <testcase classname="components/rate-limiting/__tests__/RateLimitStatus.test.tsx" name="RateLimitStatus &gt; displays progress bars with correct utilization" time="10.003616458">
            <failure message="Test timed out in 10000ms.
If this is a long-running test, pass a timeout value as the last argument or configure it globally with &quot;testTimeout&quot;." type="Error">
Error: Test timed out in 10000ms.
If this is a long-running test, pass a timeout value as the last argument or configure it globally with &quot;testTimeout&quot;.
            </failure>
        </testcase>
        <testcase classname="components/rate-limiting/__tests__/RateLimitStatus.test.tsx" name="RateLimitStatus &gt; shows tooltip information on hover" time="10.003628458">
            <failure message="Test timed out in 10000ms.
If this is a long-running test, pass a timeout value as the last argument or configure it globally with &quot;testTimeout&quot;." type="Error">
Error: Test timed out in 10000ms.
If this is a long-running test, pass a timeout value as the last argument or configure it globally with &quot;testTimeout&quot;.
            </failure>
        </testcase>
    </testsuite>
    <testsuite name="components/rate-limiting/__tests__/RateLimitWarning.test.tsx" timestamp="2025-07-02T10:22:05.371Z" hostname="Shubhs-MacBook-Air.local" tests="12" failures="12" errors="0" skipped="0" time="39.041146833">
        <testcase classname="components/rate-limiting/__tests__/RateLimitWarning.test.tsx" name="RateLimitWarning &gt; does not render when utilization is below warning threshold" time="1.012374084">
            <failure message="expected &quot;spy&quot; to be called at least once

Ignored nodes: comments, script, style
[36m&lt;html&gt;[39m
  [36m&lt;head /&gt;[39m
  [36m&lt;body&gt;[39m
    [36m&lt;div /&gt;[39m
  [36m&lt;/body&gt;[39m
[36m&lt;/html&gt;[39m" type="AssertionError">
AssertionError: expected &quot;spy&quot; to be called at least once

Ignored nodes: comments, script, style
&lt;html&gt;
  &lt;head /&gt;
  &lt;body&gt;
    &lt;div /&gt;
  &lt;/body&gt;
&lt;/html&gt;
 ❯ components/rate-limiting/__tests__/RateLimitWarning.test.tsx:121:57
 ❯ runWithExpensiveErrorDiagnosticsDisabled node_modules/@testing-library/dom/dist/config.js:47:12
 ❯ checkCallback node_modules/@testing-library/dom/dist/wait-for.js:124:77
 ❯ Timeout.checkRealTimersCallback node_modules/@testing-library/dom/dist/wait-for.js:118:16
            </failure>
        </testcase>
        <testcase classname="components/rate-limiting/__tests__/RateLimitWarning.test.tsx" name="RateLimitWarning &gt; renders warning when utilization exceeds warning threshold" time="1.002938584">
            <failure message="Unable to find an element with the text: Warning: Approaching rate limits. This could be because the text is broken up by multiple elements. In this case, you can provide a function for your text matcher to make your matcher more flexible.

Ignored nodes: comments, script, style
[36m&lt;body&gt;[39m
  [36m&lt;div /&gt;[39m
[36m&lt;/body&gt;[39m

Ignored nodes: comments, script, style
[36m&lt;html&gt;[39m
  [36m&lt;head /&gt;[39m
  [36m&lt;body&gt;[39m
    [36m&lt;div /&gt;[39m
  [36m&lt;/body&gt;[39m
[36m&lt;/html&gt;[39m" type="TestingLibraryElementError">
TestingLibraryElementError: Unable to find an element with the text: Warning: Approaching rate limits. This could be because the text is broken up by multiple elements. In this case, you can provide a function for your text matcher to make your matcher more flexible.

Ignored nodes: comments, script, style
&lt;body&gt;
  &lt;div /&gt;
&lt;/body&gt;

Ignored nodes: comments, script, style
&lt;html&gt;
  &lt;head /&gt;
  &lt;body&gt;
    &lt;div /&gt;
  &lt;/body&gt;
&lt;/html&gt;
 ❯ Proxy.waitForWrapper node_modules/@testing-library/dom/dist/wait-for.js:163:27
 ❯ components/rate-limiting/__tests__/RateLimitWarning.test.tsx:139:11
            </failure>
        </testcase>
        <testcase classname="components/rate-limiting/__tests__/RateLimitWarning.test.tsx" name="RateLimitWarning &gt; renders critical warning when utilization exceeds critical threshold" time="1.003127833">
            <failure message="Unable to find an element with the text: Critical: Rate limits nearly exhausted!. This could be because the text is broken up by multiple elements. In this case, you can provide a function for your text matcher to make your matcher more flexible.

Ignored nodes: comments, script, style
[36m&lt;body&gt;[39m
  [36m&lt;div /&gt;[39m
[36m&lt;/body&gt;[39m

Ignored nodes: comments, script, style
[36m&lt;html&gt;[39m
  [36m&lt;head /&gt;[39m
  [36m&lt;body&gt;[39m
    [36m&lt;div /&gt;[39m
  [36m&lt;/body&gt;[39m
[36m&lt;/html&gt;[39m" type="TestingLibraryElementError">
TestingLibraryElementError: Unable to find an element with the text: Critical: Rate limits nearly exhausted!. This could be because the text is broken up by multiple elements. In this case, you can provide a function for your text matcher to make your matcher more flexible.

Ignored nodes: comments, script, style
&lt;body&gt;
  &lt;div /&gt;
&lt;/body&gt;

Ignored nodes: comments, script, style
&lt;html&gt;
  &lt;head /&gt;
  &lt;body&gt;
    &lt;div /&gt;
  &lt;/body&gt;
&lt;/html&gt;
 ❯ Proxy.waitForWrapper node_modules/@testing-library/dom/dist/wait-for.js:163:27
 ❯ components/rate-limiting/__tests__/RateLimitWarning.test.tsx:156:11
            </failure>
        </testcase>
        <testcase classname="components/rate-limiting/__tests__/RateLimitWarning.test.tsx" name="RateLimitWarning &gt; shows details for all models exceeding threshold" time="1.002879">
            <failure message="Unable to find an element with the text: Flash RPM. This could be because the text is broken up by multiple elements. In this case, you can provide a function for your text matcher to make your matcher more flexible.

Ignored nodes: comments, script, style
[36m&lt;body&gt;[39m
  [36m&lt;div /&gt;[39m
[36m&lt;/body&gt;[39m

Ignored nodes: comments, script, style
[36m&lt;html&gt;[39m
  [36m&lt;head /&gt;[39m
  [36m&lt;body&gt;[39m
    [36m&lt;div /&gt;[39m
  [36m&lt;/body&gt;[39m
[36m&lt;/html&gt;[39m" type="TestingLibraryElementError">
TestingLibraryElementError: Unable to find an element with the text: Flash RPM. This could be because the text is broken up by multiple elements. In this case, you can provide a function for your text matcher to make your matcher more flexible.

Ignored nodes: comments, script, style
&lt;body&gt;
  &lt;div /&gt;
&lt;/body&gt;

Ignored nodes: comments, script, style
&lt;html&gt;
  &lt;head /&gt;
  &lt;body&gt;
    &lt;div /&gt;
  &lt;/body&gt;
&lt;/html&gt;
 ❯ Proxy.waitForWrapper node_modules/@testing-library/dom/dist/wait-for.js:163:27
 ❯ components/rate-limiting/__tests__/RateLimitWarning.test.tsx:173:11
            </failure>
        </testcase>
        <testcase classname="components/rate-limiting/__tests__/RateLimitWarning.test.tsx" name="RateLimitWarning &gt; displays utilization percentages correctly" time="1.002447667">
            <failure message="Unable to find an element with the text: 80% used. This could be because the text is broken up by multiple elements. In this case, you can provide a function for your text matcher to make your matcher more flexible.

Ignored nodes: comments, script, style
[36m&lt;body&gt;[39m
  [36m&lt;div /&gt;[39m
[36m&lt;/body&gt;[39m

Ignored nodes: comments, script, style
[36m&lt;html&gt;[39m
  [36m&lt;head /&gt;[39m
  [36m&lt;body&gt;[39m
    [36m&lt;div /&gt;[39m
  [36m&lt;/body&gt;[39m
[36m&lt;/html&gt;[39m" type="TestingLibraryElementError">
TestingLibraryElementError: Unable to find an element with the text: 80% used. This could be because the text is broken up by multiple elements. In this case, you can provide a function for your text matcher to make your matcher more flexible.

Ignored nodes: comments, script, style
&lt;body&gt;
  &lt;div /&gt;
&lt;/body&gt;

Ignored nodes: comments, script, style
&lt;html&gt;
  &lt;head /&gt;
  &lt;body&gt;
    &lt;div /&gt;
  &lt;/body&gt;
&lt;/html&gt;
 ❯ Proxy.waitForWrapper node_modules/@testing-library/dom/dist/wait-for.js:163:27
 ❯ components/rate-limiting/__tests__/RateLimitWarning.test.tsx:193:11
            </failure>
        </testcase>
        <testcase classname="components/rate-limiting/__tests__/RateLimitWarning.test.tsx" name="RateLimitWarning &gt; shows remaining counts and reset times" time="1.002439958">
            <failure message="Unable to find an element with the text: /remaining • Resets in/. This could be because the text is broken up by multiple elements. In this case, you can provide a function for your text matcher to make your matcher more flexible.

Ignored nodes: comments, script, style
[36m&lt;body&gt;[39m
  [36m&lt;div /&gt;[39m
[36m&lt;/body&gt;[39m

Ignored nodes: comments, script, style
[36m&lt;html&gt;[39m
  [36m&lt;head /&gt;[39m
  [36m&lt;body&gt;[39m
    [36m&lt;div /&gt;[39m
  [36m&lt;/body&gt;[39m
[36m&lt;/html&gt;[39m" type="TestingLibraryElementError">
TestingLibraryElementError: Unable to find an element with the text: /remaining • Resets in/. This could be because the text is broken up by multiple elements. In this case, you can provide a function for your text matcher to make your matcher more flexible.

Ignored nodes: comments, script, style
&lt;body&gt;
  &lt;div /&gt;
&lt;/body&gt;

Ignored nodes: comments, script, style
&lt;html&gt;
  &lt;head /&gt;
  &lt;body&gt;
    &lt;div /&gt;
  &lt;/body&gt;
&lt;/html&gt;
 ❯ Proxy.waitForWrapper node_modules/@testing-library/dom/dist/wait-for.js:163:27
 ❯ components/rate-limiting/__tests__/RateLimitWarning.test.tsx:210:11
            </failure>
        </testcase>
        <testcase classname="components/rate-limiting/__tests__/RateLimitWarning.test.tsx" name="RateLimitWarning &gt; can be dismissed when dismissible is true" time="1.00143325">
            <failure message="Unable to find an element with the text: Warning: Approaching rate limits. This could be because the text is broken up by multiple elements. In this case, you can provide a function for your text matcher to make your matcher more flexible.

Ignored nodes: comments, script, style
[36m&lt;body&gt;[39m
  [36m&lt;div /&gt;[39m
[36m&lt;/body&gt;[39m

Ignored nodes: comments, script, style
[36m&lt;html&gt;[39m
  [36m&lt;head /&gt;[39m
  [36m&lt;body&gt;[39m
    [36m&lt;div /&gt;[39m
  [36m&lt;/body&gt;[39m
[36m&lt;/html&gt;[39m" type="TestingLibraryElementError">
TestingLibraryElementError: Unable to find an element with the text: Warning: Approaching rate limits. This could be because the text is broken up by multiple elements. In this case, you can provide a function for your text matcher to make your matcher more flexible.

Ignored nodes: comments, script, style
&lt;body&gt;
  &lt;div /&gt;
&lt;/body&gt;

Ignored nodes: comments, script, style
&lt;html&gt;
  &lt;head /&gt;
  &lt;body&gt;
    &lt;div /&gt;
  &lt;/body&gt;
&lt;/html&gt;
 ❯ Proxy.waitForWrapper node_modules/@testing-library/dom/dist/wait-for.js:163:27
 ❯ components/rate-limiting/__tests__/RateLimitWarning.test.tsx:227:11
            </failure>
        </testcase>
        <testcase classname="components/rate-limiting/__tests__/RateLimitWarning.test.tsx" name="RateLimitWarning &gt; cannot be dismissed when dismissible is false" time="1.001345542">
            <failure message="Unable to find an element with the text: Warning: Approaching rate limits. This could be because the text is broken up by multiple elements. In this case, you can provide a function for your text matcher to make your matcher more flexible.

Ignored nodes: comments, script, style
[36m&lt;body&gt;[39m
  [36m&lt;div /&gt;[39m
[36m&lt;/body&gt;[39m

Ignored nodes: comments, script, style
[36m&lt;html&gt;[39m
  [36m&lt;head /&gt;[39m
  [36m&lt;body&gt;[39m
    [36m&lt;div /&gt;[39m
  [36m&lt;/body&gt;[39m
[36m&lt;/html&gt;[39m" type="TestingLibraryElementError">
TestingLibraryElementError: Unable to find an element with the text: Warning: Approaching rate limits. This could be because the text is broken up by multiple elements. In this case, you can provide a function for your text matcher to make your matcher more flexible.

Ignored nodes: comments, script, style
&lt;body&gt;
  &lt;div /&gt;
&lt;/body&gt;

Ignored nodes: comments, script, style
&lt;html&gt;
  &lt;head /&gt;
  &lt;body&gt;
    &lt;div /&gt;
  &lt;/body&gt;
&lt;/html&gt;
 ❯ Proxy.waitForWrapper node_modules/@testing-library/dom/dist/wait-for.js:163:27
 ❯ components/rate-limiting/__tests__/RateLimitWarning.test.tsx:249:11
            </failure>
        </testcase>
        <testcase classname="components/rate-limiting/__tests__/RateLimitWarning.test.tsx" name="RateLimitWarning &gt; calls onDismiss callback when dismissed" time="1.002122375">
            <failure message="Unable to find an element with the text: Warning: Approaching rate limits. This could be because the text is broken up by multiple elements. In this case, you can provide a function for your text matcher to make your matcher more flexible.

Ignored nodes: comments, script, style
[36m&lt;body&gt;[39m
  [36m&lt;div /&gt;[39m
[36m&lt;/body&gt;[39m

Ignored nodes: comments, script, style
[36m&lt;html&gt;[39m
  [36m&lt;head /&gt;[39m
  [36m&lt;body&gt;[39m
    [36m&lt;div /&gt;[39m
  [36m&lt;/body&gt;[39m
[36m&lt;/html&gt;[39m" type="TestingLibraryElementError">
TestingLibraryElementError: Unable to find an element with the text: Warning: Approaching rate limits. This could be because the text is broken up by multiple elements. In this case, you can provide a function for your text matcher to make your matcher more flexible.

Ignored nodes: comments, script, style
&lt;body&gt;
  &lt;div /&gt;
&lt;/body&gt;

Ignored nodes: comments, script, style
&lt;html&gt;
  &lt;head /&gt;
  &lt;body&gt;
    &lt;div /&gt;
  &lt;/body&gt;
&lt;/html&gt;
 ❯ Proxy.waitForWrapper node_modules/@testing-library/dom/dist/wait-for.js:163:27
 ❯ components/rate-limiting/__tests__/RateLimitWarning.test.tsx:269:11
            </failure>
        </testcase>
        <testcase classname="components/rate-limiting/__tests__/RateLimitWarning.test.tsx" name="RateLimitWarning &gt; auto-checks at specified intervals" time="10.003186917">
            <failure message="Test timed out in 10000ms.
If this is a long-running test, pass a timeout value as the last argument or configure it globally with &quot;testTimeout&quot;." type="Error">
Error: Test timed out in 10000ms.
If this is a long-running test, pass a timeout value as the last argument or configure it globally with &quot;testTimeout&quot;.
            </failure>
        </testcase>
        <testcase classname="components/rate-limiting/__tests__/RateLimitWarning.test.tsx" name="RateLimitWarning &gt; handles API errors gracefully without showing warning" time="10.003343625">
            <failure message="Test timed out in 10000ms.
If this is a long-running test, pass a timeout value as the last argument or configure it globally with &quot;testTimeout&quot;." type="Error">
Error: Test timed out in 10000ms.
If this is a long-running test, pass a timeout value as the last argument or configure it globally with &quot;testTimeout&quot;.
            </failure>
        </testcase>
        <testcase classname="components/rate-limiting/__tests__/RateLimitWarning.test.tsx" name="RateLimitWarning &gt; respects custom thresholds" time="10.002845208">
            <failure message="Test timed out in 10000ms.
If this is a long-running test, pass a timeout value as the last argument or configure it globally with &quot;testTimeout&quot;." type="Error">
Error: Test timed out in 10000ms.
If this is a long-running test, pass a timeout value as the last argument or configure it globally with &quot;testTimeout&quot;.
            </failure>
        </testcase>
    </testsuite>
    <testsuite name="components/feedme/__tests__/AnalyticsDashboard.test.tsx" timestamp="2025-07-02T10:22:05.373Z" hostname="Shubhs-MacBook-Air.local" tests="52" failures="52" errors="0" skipped="0" time="0.238717791">
        <testcase classname="components/feedme/__tests__/AnalyticsDashboard.test.tsx" name="AnalyticsDashboard &gt; Rendering &gt; renders analytics dashboard with header" time="0.030784209">
            <failure message="[vitest] No &quot;ChevronDown&quot; export is defined on the &quot;lucide-react&quot; mock. Did you forget to return it from &quot;vi.mock&quot;?
If you need to partially mock a module, you can use &quot;importOriginal&quot; helper inside:
" type="Error">
Error: [vitest] No &quot;ChevronDown&quot; export is defined on the &quot;lucide-react&quot; mock. Did you forget to return it from &quot;vi.mock&quot;?
If you need to partially mock a module, you can use &quot;importOriginal&quot; helper inside:

vi.mock(import(&quot;lucide-react&quot;), async (importOriginal) =&gt; {
  const actual = await importOriginal()
  return {
    ...actual,
    // your mocked methods
  }
})

 ❯ SelectTrigger components/ui/select.tsx:29:8
 ❯ Object.react-stack-bottom-frame node_modules/react-dom/cjs/react-dom-client.development.js:23863:20
 ❯ renderWithHooks node_modules/react-dom/cjs/react-dom-client.development.js:5529:22
 ❯ updateForwardRef node_modules/react-dom/cjs/react-dom-client.development.js:8645:19
 ❯ beginWork node_modules/react-dom/cjs/react-dom-client.development.js:10861:18
 ❯ runWithFiberInDEV node_modules/react-dom/cjs/react-dom-client.development.js:1522:13
 ❯ performUnitOfWork node_modules/react-dom/cjs/react-dom-client.development.js:15140:22
 ❯ workLoopSync node_modules/react-dom/cjs/react-dom-client.development.js:14956:41
            </failure>
        </testcase>
        <testcase classname="components/feedme/__tests__/AnalyticsDashboard.test.tsx" name="AnalyticsDashboard &gt; Rendering &gt; displays key metrics cards" time="0.003850583">
            <failure message="[vitest] No &quot;ChevronDown&quot; export is defined on the &quot;lucide-react&quot; mock. Did you forget to return it from &quot;vi.mock&quot;?
If you need to partially mock a module, you can use &quot;importOriginal&quot; helper inside:
" type="Error">
Error: [vitest] No &quot;ChevronDown&quot; export is defined on the &quot;lucide-react&quot; mock. Did you forget to return it from &quot;vi.mock&quot;?
If you need to partially mock a module, you can use &quot;importOriginal&quot; helper inside:

vi.mock(import(&quot;lucide-react&quot;), async (importOriginal) =&gt; {
  const actual = await importOriginal()
  return {
    ...actual,
    // your mocked methods
  }
})

 ❯ SelectTrigger components/ui/select.tsx:29:8
 ❯ Object.react-stack-bottom-frame node_modules/react-dom/cjs/react-dom-client.development.js:23863:20
 ❯ renderWithHooks node_modules/react-dom/cjs/react-dom-client.development.js:5529:22
 ❯ updateForwardRef node_modules/react-dom/cjs/react-dom-client.development.js:8645:19
 ❯ beginWork node_modules/react-dom/cjs/react-dom-client.development.js:10861:18
 ❯ runWithFiberInDEV node_modules/react-dom/cjs/react-dom-client.development.js:1522:13
 ❯ performUnitOfWork node_modules/react-dom/cjs/react-dom-client.development.js:15140:22
 ❯ workLoopSync node_modules/react-dom/cjs/react-dom-client.development.js:14956:41
            </failure>
        </testcase>
        <testcase classname="components/feedme/__tests__/AnalyticsDashboard.test.tsx" name="AnalyticsDashboard &gt; Rendering &gt; shows metric values with proper formatting" time="0.004201792">
            <failure message="[vitest] No &quot;ChevronDown&quot; export is defined on the &quot;lucide-react&quot; mock. Did you forget to return it from &quot;vi.mock&quot;?
If you need to partially mock a module, you can use &quot;importOriginal&quot; helper inside:
" type="Error">
Error: [vitest] No &quot;ChevronDown&quot; export is defined on the &quot;lucide-react&quot; mock. Did you forget to return it from &quot;vi.mock&quot;?
If you need to partially mock a module, you can use &quot;importOriginal&quot; helper inside:

vi.mock(import(&quot;lucide-react&quot;), async (importOriginal) =&gt; {
  const actual = await importOriginal()
  return {
    ...actual,
    // your mocked methods
  }
})

 ❯ SelectTrigger components/ui/select.tsx:29:8
 ❯ Object.react-stack-bottom-frame node_modules/react-dom/cjs/react-dom-client.development.js:23863:20
 ❯ renderWithHooks node_modules/react-dom/cjs/react-dom-client.development.js:5529:22
 ❯ updateForwardRef node_modules/react-dom/cjs/react-dom-client.development.js:8645:19
 ❯ beginWork node_modules/react-dom/cjs/react-dom-client.development.js:10861:18
 ❯ runWithFiberInDEV node_modules/react-dom/cjs/react-dom-client.development.js:1522:13
 ❯ performUnitOfWork node_modules/react-dom/cjs/react-dom-client.development.js:15140:22
 ❯ workLoopSync node_modules/react-dom/cjs/react-dom-client.development.js:14956:41
            </failure>
        </testcase>
        <testcase classname="components/feedme/__tests__/AnalyticsDashboard.test.tsx" name="AnalyticsDashboard &gt; Rendering &gt; displays trend indicators" time="0.003125">
            <failure message="[vitest] No &quot;ChevronDown&quot; export is defined on the &quot;lucide-react&quot; mock. Did you forget to return it from &quot;vi.mock&quot;?
If you need to partially mock a module, you can use &quot;importOriginal&quot; helper inside:
" type="Error">
Error: [vitest] No &quot;ChevronDown&quot; export is defined on the &quot;lucide-react&quot; mock. Did you forget to return it from &quot;vi.mock&quot;?
If you need to partially mock a module, you can use &quot;importOriginal&quot; helper inside:

vi.mock(import(&quot;lucide-react&quot;), async (importOriginal) =&gt; {
  const actual = await importOriginal()
  return {
    ...actual,
    // your mocked methods
  }
})

 ❯ SelectTrigger components/ui/select.tsx:29:8
 ❯ Object.react-stack-bottom-frame node_modules/react-dom/cjs/react-dom-client.development.js:23863:20
 ❯ renderWithHooks node_modules/react-dom/cjs/react-dom-client.development.js:5529:22
 ❯ updateForwardRef node_modules/react-dom/cjs/react-dom-client.development.js:8645:19
 ❯ beginWork node_modules/react-dom/cjs/react-dom-client.development.js:10861:18
 ❯ runWithFiberInDEV node_modules/react-dom/cjs/react-dom-client.development.js:1522:13
 ❯ performUnitOfWork node_modules/react-dom/cjs/react-dom-client.development.js:15140:22
 ❯ workLoopSync node_modules/react-dom/cjs/react-dom-client.development.js:14956:41
            </failure>
        </testcase>
        <testcase classname="components/feedme/__tests__/AnalyticsDashboard.test.tsx" name="AnalyticsDashboard &gt; Rendering &gt; shows live indicator when real-time is enabled" time="0.004019834">
            <failure message="[vitest] No &quot;ChevronDown&quot; export is defined on the &quot;lucide-react&quot; mock. Did you forget to return it from &quot;vi.mock&quot;?
If you need to partially mock a module, you can use &quot;importOriginal&quot; helper inside:
" type="Error">
Error: [vitest] No &quot;ChevronDown&quot; export is defined on the &quot;lucide-react&quot; mock. Did you forget to return it from &quot;vi.mock&quot;?
If you need to partially mock a module, you can use &quot;importOriginal&quot; helper inside:

vi.mock(import(&quot;lucide-react&quot;), async (importOriginal) =&gt; {
  const actual = await importOriginal()
  return {
    ...actual,
    // your mocked methods
  }
})

 ❯ SelectTrigger components/ui/select.tsx:29:8
 ❯ Object.react-stack-bottom-frame node_modules/react-dom/cjs/react-dom-client.development.js:23863:20
 ❯ renderWithHooks node_modules/react-dom/cjs/react-dom-client.development.js:5529:22
 ❯ updateForwardRef node_modules/react-dom/cjs/react-dom-client.development.js:8645:19
 ❯ beginWork node_modules/react-dom/cjs/react-dom-client.development.js:10861:18
 ❯ runWithFiberInDEV node_modules/react-dom/cjs/react-dom-client.development.js:1522:13
 ❯ performUnitOfWork node_modules/react-dom/cjs/react-dom-client.development.js:15140:22
 ❯ workLoopSync node_modules/react-dom/cjs/react-dom-client.development.js:14956:41
            </failure>
        </testcase>
        <testcase classname="components/feedme/__tests__/AnalyticsDashboard.test.tsx" name="AnalyticsDashboard &gt; Tabs and Navigation &gt; renders all tab options" time="0.005957791">
            <failure message="[vitest] No &quot;ChevronDown&quot; export is defined on the &quot;lucide-react&quot; mock. Did you forget to return it from &quot;vi.mock&quot;?
If you need to partially mock a module, you can use &quot;importOriginal&quot; helper inside:
" type="Error">
Error: [vitest] No &quot;ChevronDown&quot; export is defined on the &quot;lucide-react&quot; mock. Did you forget to return it from &quot;vi.mock&quot;?
If you need to partially mock a module, you can use &quot;importOriginal&quot; helper inside:

vi.mock(import(&quot;lucide-react&quot;), async (importOriginal) =&gt; {
  const actual = await importOriginal()
  return {
    ...actual,
    // your mocked methods
  }
})

 ❯ SelectTrigger components/ui/select.tsx:29:8
 ❯ Object.react-stack-bottom-frame node_modules/react-dom/cjs/react-dom-client.development.js:23863:20
 ❯ renderWithHooks node_modules/react-dom/cjs/react-dom-client.development.js:5529:22
 ❯ updateForwardRef node_modules/react-dom/cjs/react-dom-client.development.js:8645:19
 ❯ beginWork node_modules/react-dom/cjs/react-dom-client.development.js:10861:18
 ❯ runWithFiberInDEV node_modules/react-dom/cjs/react-dom-client.development.js:1522:13
 ❯ performUnitOfWork node_modules/react-dom/cjs/react-dom-client.development.js:15140:22
 ❯ workLoopSync node_modules/react-dom/cjs/react-dom-client.development.js:14956:41
            </failure>
        </testcase>
        <testcase classname="components/feedme/__tests__/AnalyticsDashboard.test.tsx" name="AnalyticsDashboard &gt; Tabs and Navigation &gt; switches between tabs" time="0.00898175">
            <failure message="[vitest] No &quot;ChevronDown&quot; export is defined on the &quot;lucide-react&quot; mock. Did you forget to return it from &quot;vi.mock&quot;?
If you need to partially mock a module, you can use &quot;importOriginal&quot; helper inside:
" type="Error">
Error: [vitest] No &quot;ChevronDown&quot; export is defined on the &quot;lucide-react&quot; mock. Did you forget to return it from &quot;vi.mock&quot;?
If you need to partially mock a module, you can use &quot;importOriginal&quot; helper inside:

vi.mock(import(&quot;lucide-react&quot;), async (importOriginal) =&gt; {
  const actual = await importOriginal()
  return {
    ...actual,
    // your mocked methods
  }
})

 ❯ SelectTrigger components/ui/select.tsx:29:8
 ❯ Object.react-stack-bottom-frame node_modules/react-dom/cjs/react-dom-client.development.js:23863:20
 ❯ renderWithHooks node_modules/react-dom/cjs/react-dom-client.development.js:5529:22
 ❯ updateForwardRef node_modules/react-dom/cjs/react-dom-client.development.js:8645:19
 ❯ beginWork node_modules/react-dom/cjs/react-dom-client.development.js:10861:18
 ❯ runWithFiberInDEV node_modules/react-dom/cjs/react-dom-client.development.js:1522:13
 ❯ performUnitOfWork node_modules/react-dom/cjs/react-dom-client.development.js:15140:22
 ❯ workLoopSync node_modules/react-dom/cjs/react-dom-client.development.js:14956:41
            </failure>
        </testcase>
        <testcase classname="components/feedme/__tests__/AnalyticsDashboard.test.tsx" name="AnalyticsDashboard &gt; Tabs and Navigation &gt; maintains tab state on re-render" time="0.006074416">
            <failure message="[vitest] No &quot;ChevronDown&quot; export is defined on the &quot;lucide-react&quot; mock. Did you forget to return it from &quot;vi.mock&quot;?
If you need to partially mock a module, you can use &quot;importOriginal&quot; helper inside:
" type="Error">
Error: [vitest] No &quot;ChevronDown&quot; export is defined on the &quot;lucide-react&quot; mock. Did you forget to return it from &quot;vi.mock&quot;?
If you need to partially mock a module, you can use &quot;importOriginal&quot; helper inside:

vi.mock(import(&quot;lucide-react&quot;), async (importOriginal) =&gt; {
  const actual = await importOriginal()
  return {
    ...actual,
    // your mocked methods
  }
})

 ❯ SelectTrigger components/ui/select.tsx:29:8
 ❯ Object.react-stack-bottom-frame node_modules/react-dom/cjs/react-dom-client.development.js:23863:20
 ❯ renderWithHooks node_modules/react-dom/cjs/react-dom-client.development.js:5529:22
 ❯ updateForwardRef node_modules/react-dom/cjs/react-dom-client.development.js:8645:19
 ❯ beginWork node_modules/react-dom/cjs/react-dom-client.development.js:10861:18
 ❯ runWithFiberInDEV node_modules/react-dom/cjs/react-dom-client.development.js:1522:13
 ❯ performUnitOfWork node_modules/react-dom/cjs/react-dom-client.development.js:15140:22
 ❯ workLoopSync node_modules/react-dom/cjs/react-dom-client.development.js:14956:41
            </failure>
        </testcase>
        <testcase classname="components/feedme/__tests__/AnalyticsDashboard.test.tsx" name="AnalyticsDashboard &gt; Time Range Selection &gt; renders time range selector" time="0.005984208">
            <failure message="[vitest] No &quot;ChevronDown&quot; export is defined on the &quot;lucide-react&quot; mock. Did you forget to return it from &quot;vi.mock&quot;?
If you need to partially mock a module, you can use &quot;importOriginal&quot; helper inside:
" type="Error">
Error: [vitest] No &quot;ChevronDown&quot; export is defined on the &quot;lucide-react&quot; mock. Did you forget to return it from &quot;vi.mock&quot;?
If you need to partially mock a module, you can use &quot;importOriginal&quot; helper inside:

vi.mock(import(&quot;lucide-react&quot;), async (importOriginal) =&gt; {
  const actual = await importOriginal()
  return {
    ...actual,
    // your mocked methods
  }
})

 ❯ SelectTrigger components/ui/select.tsx:29:8
 ❯ Object.react-stack-bottom-frame node_modules/react-dom/cjs/react-dom-client.development.js:23863:20
 ❯ renderWithHooks node_modules/react-dom/cjs/react-dom-client.development.js:5529:22
 ❯ updateForwardRef node_modules/react-dom/cjs/react-dom-client.development.js:8645:19
 ❯ beginWork node_modules/react-dom/cjs/react-dom-client.development.js:10861:18
 ❯ runWithFiberInDEV node_modules/react-dom/cjs/react-dom-client.development.js:1522:13
 ❯ performUnitOfWork node_modules/react-dom/cjs/react-dom-client.development.js:15140:22
 ❯ workLoopSync node_modules/react-dom/cjs/react-dom-client.development.js:14956:41
            </failure>
        </testcase>
        <testcase classname="components/feedme/__tests__/AnalyticsDashboard.test.tsx" name="AnalyticsDashboard &gt; Time Range Selection &gt; updates time range selection" time="0.005917125">
            <failure message="[vitest] No &quot;ChevronDown&quot; export is defined on the &quot;lucide-react&quot; mock. Did you forget to return it from &quot;vi.mock&quot;?
If you need to partially mock a module, you can use &quot;importOriginal&quot; helper inside:
" type="Error">
Error: [vitest] No &quot;ChevronDown&quot; export is defined on the &quot;lucide-react&quot; mock. Did you forget to return it from &quot;vi.mock&quot;?
If you need to partially mock a module, you can use &quot;importOriginal&quot; helper inside:

vi.mock(import(&quot;lucide-react&quot;), async (importOriginal) =&gt; {
  const actual = await importOriginal()
  return {
    ...actual,
    // your mocked methods
  }
})

 ❯ SelectTrigger components/ui/select.tsx:29:8
 ❯ Object.react-stack-bottom-frame node_modules/react-dom/cjs/react-dom-client.development.js:23863:20
 ❯ renderWithHooks node_modules/react-dom/cjs/react-dom-client.development.js:5529:22
 ❯ updateForwardRef node_modules/react-dom/cjs/react-dom-client.development.js:8645:19
 ❯ beginWork node_modules/react-dom/cjs/react-dom-client.development.js:10861:18
 ❯ runWithFiberInDEV node_modules/react-dom/cjs/react-dom-client.development.js:1522:13
 ❯ performUnitOfWork node_modules/react-dom/cjs/react-dom-client.development.js:15140:22
 ❯ workLoopSync node_modules/react-dom/cjs/react-dom-client.development.js:14956:41
            </failure>
        </testcase>
        <testcase classname="components/feedme/__tests__/AnalyticsDashboard.test.tsx" name="AnalyticsDashboard &gt; Time Range Selection &gt; filters data based on time range" time="0.005643959">
            <failure message="[vitest] No &quot;ChevronDown&quot; export is defined on the &quot;lucide-react&quot; mock. Did you forget to return it from &quot;vi.mock&quot;?
If you need to partially mock a module, you can use &quot;importOriginal&quot; helper inside:
" type="Error">
Error: [vitest] No &quot;ChevronDown&quot; export is defined on the &quot;lucide-react&quot; mock. Did you forget to return it from &quot;vi.mock&quot;?
If you need to partially mock a module, you can use &quot;importOriginal&quot; helper inside:

vi.mock(import(&quot;lucide-react&quot;), async (importOriginal) =&gt; {
  const actual = await importOriginal()
  return {
    ...actual,
    // your mocked methods
  }
})

 ❯ SelectTrigger components/ui/select.tsx:29:8
 ❯ Object.react-stack-bottom-frame node_modules/react-dom/cjs/react-dom-client.development.js:23863:20
 ❯ renderWithHooks node_modules/react-dom/cjs/react-dom-client.development.js:5529:22
 ❯ updateForwardRef node_modules/react-dom/cjs/react-dom-client.development.js:8645:19
 ❯ beginWork node_modules/react-dom/cjs/react-dom-client.development.js:10861:18
 ❯ runWithFiberInDEV node_modules/react-dom/cjs/react-dom-client.development.js:1522:13
 ❯ performUnitOfWork node_modules/react-dom/cjs/react-dom-client.development.js:15140:22
 ❯ workLoopSync node_modules/react-dom/cjs/react-dom-client.development.js:14956:41
            </failure>
        </testcase>
        <testcase classname="components/feedme/__tests__/AnalyticsDashboard.test.tsx" name="AnalyticsDashboard &gt; Charts and Visualizations &gt; renders search volume chart" time="0.005519167">
            <failure message="[vitest] No &quot;ChevronDown&quot; export is defined on the &quot;lucide-react&quot; mock. Did you forget to return it from &quot;vi.mock&quot;?
If you need to partially mock a module, you can use &quot;importOriginal&quot; helper inside:
" type="Error">
Error: [vitest] No &quot;ChevronDown&quot; export is defined on the &quot;lucide-react&quot; mock. Did you forget to return it from &quot;vi.mock&quot;?
If you need to partially mock a module, you can use &quot;importOriginal&quot; helper inside:

vi.mock(import(&quot;lucide-react&quot;), async (importOriginal) =&gt; {
  const actual = await importOriginal()
  return {
    ...actual,
    // your mocked methods
  }
})

 ❯ SelectTrigger components/ui/select.tsx:29:8
 ❯ Object.react-stack-bottom-frame node_modules/react-dom/cjs/react-dom-client.development.js:23863:20
 ❯ renderWithHooks node_modules/react-dom/cjs/react-dom-client.development.js:5529:22
 ❯ updateForwardRef node_modules/react-dom/cjs/react-dom-client.development.js:8645:19
 ❯ beginWork node_modules/react-dom/cjs/react-dom-client.development.js:10861:18
 ❯ runWithFiberInDEV node_modules/react-dom/cjs/react-dom-client.development.js:1522:13
 ❯ performUnitOfWork node_modules/react-dom/cjs/react-dom-client.development.js:15140:22
 ❯ workLoopSync node_modules/react-dom/cjs/react-dom-client.development.js:14956:41
            </failure>
        </testcase>
        <testcase classname="components/feedme/__tests__/AnalyticsDashboard.test.tsx" name="AnalyticsDashboard &gt; Charts and Visualizations &gt; renders response time chart" time="0.006511042">
            <failure message="[vitest] No &quot;ChevronDown&quot; export is defined on the &quot;lucide-react&quot; mock. Did you forget to return it from &quot;vi.mock&quot;?
If you need to partially mock a module, you can use &quot;importOriginal&quot; helper inside:
" type="Error">
Error: [vitest] No &quot;ChevronDown&quot; export is defined on the &quot;lucide-react&quot; mock. Did you forget to return it from &quot;vi.mock&quot;?
If you need to partially mock a module, you can use &quot;importOriginal&quot; helper inside:

vi.mock(import(&quot;lucide-react&quot;), async (importOriginal) =&gt; {
  const actual = await importOriginal()
  return {
    ...actual,
    // your mocked methods
  }
})

 ❯ SelectTrigger components/ui/select.tsx:29:8
 ❯ Object.react-stack-bottom-frame node_modules/react-dom/cjs/react-dom-client.development.js:23863:20
 ❯ renderWithHooks node_modules/react-dom/cjs/react-dom-client.development.js:5529:22
 ❯ updateForwardRef node_modules/react-dom/cjs/react-dom-client.development.js:8645:19
 ❯ beginWork node_modules/react-dom/cjs/react-dom-client.development.js:10861:18
 ❯ runWithFiberInDEV node_modules/react-dom/cjs/react-dom-client.development.js:1522:13
 ❯ performUnitOfWork node_modules/react-dom/cjs/react-dom-client.development.js:15140:22
 ❯ workLoopSync node_modules/react-dom/cjs/react-dom-client.development.js:14956:41
            </failure>
        </testcase>
        <testcase classname="components/feedme/__tests__/AnalyticsDashboard.test.tsx" name="AnalyticsDashboard &gt; Charts and Visualizations &gt; displays popular queries table" time="0.005637">
            <failure message="[vitest] No &quot;ChevronDown&quot; export is defined on the &quot;lucide-react&quot; mock. Did you forget to return it from &quot;vi.mock&quot;?
If you need to partially mock a module, you can use &quot;importOriginal&quot; helper inside:
" type="Error">
Error: [vitest] No &quot;ChevronDown&quot; export is defined on the &quot;lucide-react&quot; mock. Did you forget to return it from &quot;vi.mock&quot;?
If you need to partially mock a module, you can use &quot;importOriginal&quot; helper inside:

vi.mock(import(&quot;lucide-react&quot;), async (importOriginal) =&gt; {
  const actual = await importOriginal()
  return {
    ...actual,
    // your mocked methods
  }
})

 ❯ SelectTrigger components/ui/select.tsx:29:8
 ❯ Object.react-stack-bottom-frame node_modules/react-dom/cjs/react-dom-client.development.js:23863:20
 ❯ renderWithHooks node_modules/react-dom/cjs/react-dom-client.development.js:5529:22
 ❯ updateForwardRef node_modules/react-dom/cjs/react-dom-client.development.js:8645:19
 ❯ beginWork node_modules/react-dom/cjs/react-dom-client.development.js:10861:18
 ❯ runWithFiberInDEV node_modules/react-dom/cjs/react-dom-client.development.js:1522:13
 ❯ performUnitOfWork node_modules/react-dom/cjs/react-dom-client.development.js:15140:22
 ❯ workLoopSync node_modules/react-dom/cjs/react-dom-client.development.js:14956:41
            </failure>
        </testcase>
        <testcase classname="components/feedme/__tests__/AnalyticsDashboard.test.tsx" name="AnalyticsDashboard &gt; Charts and Visualizations &gt; shows trending tags cloud" time="0.005847459">
            <failure message="[vitest] No &quot;ChevronDown&quot; export is defined on the &quot;lucide-react&quot; mock. Did you forget to return it from &quot;vi.mock&quot;?
If you need to partially mock a module, you can use &quot;importOriginal&quot; helper inside:
" type="Error">
Error: [vitest] No &quot;ChevronDown&quot; export is defined on the &quot;lucide-react&quot; mock. Did you forget to return it from &quot;vi.mock&quot;?
If you need to partially mock a module, you can use &quot;importOriginal&quot; helper inside:

vi.mock(import(&quot;lucide-react&quot;), async (importOriginal) =&gt; {
  const actual = await importOriginal()
  return {
    ...actual,
    // your mocked methods
  }
})

 ❯ SelectTrigger components/ui/select.tsx:29:8
 ❯ Object.react-stack-bottom-frame node_modules/react-dom/cjs/react-dom-client.development.js:23863:20
 ❯ renderWithHooks node_modules/react-dom/cjs/react-dom-client.development.js:5529:22
 ❯ updateForwardRef node_modules/react-dom/cjs/react-dom-client.development.js:8645:19
 ❯ beginWork node_modules/react-dom/cjs/react-dom-client.development.js:10861:18
 ❯ runWithFiberInDEV node_modules/react-dom/cjs/react-dom-client.development.js:1522:13
 ❯ performUnitOfWork node_modules/react-dom/cjs/react-dom-client.development.js:15140:22
 ❯ workLoopSync node_modules/react-dom/cjs/react-dom-client.development.js:14956:41
            </failure>
        </testcase>
        <testcase classname="components/feedme/__tests__/AnalyticsDashboard.test.tsx" name="AnalyticsDashboard &gt; Charts and Visualizations &gt; handles query click interactions" time="0.005643833">
            <failure message="[vitest] No &quot;ChevronDown&quot; export is defined on the &quot;lucide-react&quot; mock. Did you forget to return it from &quot;vi.mock&quot;?
If you need to partially mock a module, you can use &quot;importOriginal&quot; helper inside:
" type="Error">
Error: [vitest] No &quot;ChevronDown&quot; export is defined on the &quot;lucide-react&quot; mock. Did you forget to return it from &quot;vi.mock&quot;?
If you need to partially mock a module, you can use &quot;importOriginal&quot; helper inside:

vi.mock(import(&quot;lucide-react&quot;), async (importOriginal) =&gt; {
  const actual = await importOriginal()
  return {
    ...actual,
    // your mocked methods
  }
})

 ❯ SelectTrigger components/ui/select.tsx:29:8
 ❯ Object.react-stack-bottom-frame node_modules/react-dom/cjs/react-dom-client.development.js:23863:20
 ❯ renderWithHooks node_modules/react-dom/cjs/react-dom-client.development.js:5529:22
 ❯ updateForwardRef node_modules/react-dom/cjs/react-dom-client.development.js:8645:19
 ❯ beginWork node_modules/react-dom/cjs/react-dom-client.development.js:10861:18
 ❯ runWithFiberInDEV node_modules/react-dom/cjs/react-dom-client.development.js:1522:13
 ❯ performUnitOfWork node_modules/react-dom/cjs/react-dom-client.development.js:15140:22
 ❯ workLoopSync node_modules/react-dom/cjs/react-dom-client.development.js:14956:41
            </failure>
        </testcase>
        <testcase classname="components/feedme/__tests__/AnalyticsDashboard.test.tsx" name="AnalyticsDashboard &gt; Charts and Visualizations &gt; handles tag click interactions" time="0.005895875">
            <failure message="[vitest] No &quot;ChevronDown&quot; export is defined on the &quot;lucide-react&quot; mock. Did you forget to return it from &quot;vi.mock&quot;?
If you need to partially mock a module, you can use &quot;importOriginal&quot; helper inside:
" type="Error">
Error: [vitest] No &quot;ChevronDown&quot; export is defined on the &quot;lucide-react&quot; mock. Did you forget to return it from &quot;vi.mock&quot;?
If you need to partially mock a module, you can use &quot;importOriginal&quot; helper inside:

vi.mock(import(&quot;lucide-react&quot;), async (importOriginal) =&gt; {
  const actual = await importOriginal()
  return {
    ...actual,
    // your mocked methods
  }
})

 ❯ SelectTrigger components/ui/select.tsx:29:8
 ❯ Object.react-stack-bottom-frame node_modules/react-dom/cjs/react-dom-client.development.js:23863:20
 ❯ renderWithHooks node_modules/react-dom/cjs/react-dom-client.development.js:5529:22
 ❯ updateForwardRef node_modules/react-dom/cjs/react-dom-client.development.js:8645:19
 ❯ beginWork node_modules/react-dom/cjs/react-dom-client.development.js:10861:18
 ❯ runWithFiberInDEV node_modules/react-dom/cjs/react-dom-client.development.js:1522:13
 ❯ performUnitOfWork node_modules/react-dom/cjs/react-dom-client.development.js:15140:22
 ❯ workLoopSync node_modules/react-dom/cjs/react-dom-client.development.js:14956:41
            </failure>
        </testcase>
        <testcase classname="components/feedme/__tests__/AnalyticsDashboard.test.tsx" name="AnalyticsDashboard &gt; Performance Tab &gt; displays performance metrics" time="0.005873792">
            <failure message="[vitest] No &quot;ChevronDown&quot; export is defined on the &quot;lucide-react&quot; mock. Did you forget to return it from &quot;vi.mock&quot;?
If you need to partially mock a module, you can use &quot;importOriginal&quot; helper inside:
" type="Error">
Error: [vitest] No &quot;ChevronDown&quot; export is defined on the &quot;lucide-react&quot; mock. Did you forget to return it from &quot;vi.mock&quot;?
If you need to partially mock a module, you can use &quot;importOriginal&quot; helper inside:

vi.mock(import(&quot;lucide-react&quot;), async (importOriginal) =&gt; {
  const actual = await importOriginal()
  return {
    ...actual,
    // your mocked methods
  }
})

 ❯ SelectTrigger components/ui/select.tsx:29:8
 ❯ Object.react-stack-bottom-frame node_modules/react-dom/cjs/react-dom-client.development.js:23863:20
 ❯ renderWithHooks node_modules/react-dom/cjs/react-dom-client.development.js:5529:22
 ❯ updateForwardRef node_modules/react-dom/cjs/react-dom-client.development.js:8645:19
 ❯ beginWork node_modules/react-dom/cjs/react-dom-client.development.js:10861:18
 ❯ runWithFiberInDEV node_modules/react-dom/cjs/react-dom-client.development.js:1522:13
 ❯ performUnitOfWork node_modules/react-dom/cjs/react-dom-client.development.js:15140:22
 ❯ workLoopSync node_modules/react-dom/cjs/react-dom-client.development.js:14956:41
            </failure>
        </testcase>
        <testcase classname="components/feedme/__tests__/AnalyticsDashboard.test.tsx" name="AnalyticsDashboard &gt; Performance Tab &gt; shows system performance status" time="0.005813916">
            <failure message="[vitest] No &quot;ChevronDown&quot; export is defined on the &quot;lucide-react&quot; mock. Did you forget to return it from &quot;vi.mock&quot;?
If you need to partially mock a module, you can use &quot;importOriginal&quot; helper inside:
" type="Error">
Error: [vitest] No &quot;ChevronDown&quot; export is defined on the &quot;lucide-react&quot; mock. Did you forget to return it from &quot;vi.mock&quot;?
If you need to partially mock a module, you can use &quot;importOriginal&quot; helper inside:

vi.mock(import(&quot;lucide-react&quot;), async (importOriginal) =&gt; {
  const actual = await importOriginal()
  return {
    ...actual,
    // your mocked methods
  }
})

 ❯ SelectTrigger components/ui/select.tsx:29:8
 ❯ Object.react-stack-bottom-frame node_modules/react-dom/cjs/react-dom-client.development.js:23863:20
 ❯ renderWithHooks node_modules/react-dom/cjs/react-dom-client.development.js:5529:22
 ❯ updateForwardRef node_modules/react-dom/cjs/react-dom-client.development.js:8645:19
 ❯ beginWork node_modules/react-dom/cjs/react-dom-client.development.js:10861:18
 ❯ runWithFiberInDEV node_modules/react-dom/cjs/react-dom-client.development.js:1522:13
 ❯ performUnitOfWork node_modules/react-dom/cjs/react-dom-client.development.js:15140:22
 ❯ workLoopSync node_modules/react-dom/cjs/react-dom-client.development.js:14956:41
            </failure>
        </testcase>
        <testcase classname="components/feedme/__tests__/AnalyticsDashboard.test.tsx" name="AnalyticsDashboard &gt; Performance Tab &gt; displays resource usage metrics" time="0.006644125">
            <failure message="[vitest] No &quot;ChevronDown&quot; export is defined on the &quot;lucide-react&quot; mock. Did you forget to return it from &quot;vi.mock&quot;?
If you need to partially mock a module, you can use &quot;importOriginal&quot; helper inside:
" type="Error">
Error: [vitest] No &quot;ChevronDown&quot; export is defined on the &quot;lucide-react&quot; mock. Did you forget to return it from &quot;vi.mock&quot;?
If you need to partially mock a module, you can use &quot;importOriginal&quot; helper inside:

vi.mock(import(&quot;lucide-react&quot;), async (importOriginal) =&gt; {
  const actual = await importOriginal()
  return {
    ...actual,
    // your mocked methods
  }
})

 ❯ SelectTrigger components/ui/select.tsx:29:8
 ❯ Object.react-stack-bottom-frame node_modules/react-dom/cjs/react-dom-client.development.js:23863:20
 ❯ renderWithHooks node_modules/react-dom/cjs/react-dom-client.development.js:5529:22
 ❯ updateForwardRef node_modules/react-dom/cjs/react-dom-client.development.js:8645:19
 ❯ beginWork node_modules/react-dom/cjs/react-dom-client.development.js:10861:18
 ❯ runWithFiberInDEV node_modules/react-dom/cjs/react-dom-client.development.js:1522:13
 ❯ performUnitOfWork node_modules/react-dom/cjs/react-dom-client.development.js:15140:22
 ❯ workLoopSync node_modules/react-dom/cjs/react-dom-client.development.js:14956:41
            </failure>
        </testcase>
        <testcase classname="components/feedme/__tests__/AnalyticsDashboard.test.tsx" name="AnalyticsDashboard &gt; Performance Tab &gt; shows response time distribution chart" time="0.005867167">
            <failure message="[vitest] No &quot;ChevronDown&quot; export is defined on the &quot;lucide-react&quot; mock. Did you forget to return it from &quot;vi.mock&quot;?
If you need to partially mock a module, you can use &quot;importOriginal&quot; helper inside:
" type="Error">
Error: [vitest] No &quot;ChevronDown&quot; export is defined on the &quot;lucide-react&quot; mock. Did you forget to return it from &quot;vi.mock&quot;?
If you need to partially mock a module, you can use &quot;importOriginal&quot; helper inside:

vi.mock(import(&quot;lucide-react&quot;), async (importOriginal) =&gt; {
  const actual = await importOriginal()
  return {
    ...actual,
    // your mocked methods
  }
})

 ❯ SelectTrigger components/ui/select.tsx:29:8
 ❯ Object.react-stack-bottom-frame node_modules/react-dom/cjs/react-dom-client.development.js:23863:20
 ❯ renderWithHooks node_modules/react-dom/cjs/react-dom-client.development.js:5529:22
 ❯ updateForwardRef node_modules/react-dom/cjs/react-dom-client.development.js:8645:19
 ❯ beginWork node_modules/react-dom/cjs/react-dom-client.development.js:10861:18
 ❯ runWithFiberInDEV node_modules/react-dom/cjs/react-dom-client.development.js:1522:13
 ❯ performUnitOfWork node_modules/react-dom/cjs/react-dom-client.development.js:15140:22
 ❯ workLoopSync node_modules/react-dom/cjs/react-dom-client.development.js:14956:41
            </failure>
        </testcase>
        <testcase classname="components/feedme/__tests__/AnalyticsDashboard.test.tsx" name="AnalyticsDashboard &gt; Engagement Tab &gt; displays engagement metrics" time="0.005834875">
            <failure message="[vitest] No &quot;ChevronDown&quot; export is defined on the &quot;lucide-react&quot; mock. Did you forget to return it from &quot;vi.mock&quot;?
If you need to partially mock a module, you can use &quot;importOriginal&quot; helper inside:
" type="Error">
Error: [vitest] No &quot;ChevronDown&quot; export is defined on the &quot;lucide-react&quot; mock. Did you forget to return it from &quot;vi.mock&quot;?
If you need to partially mock a module, you can use &quot;importOriginal&quot; helper inside:

vi.mock(import(&quot;lucide-react&quot;), async (importOriginal) =&gt; {
  const actual = await importOriginal()
  return {
    ...actual,
    // your mocked methods
  }
})

 ❯ SelectTrigger components/ui/select.tsx:29:8
 ❯ Object.react-stack-bottom-frame node_modules/react-dom/cjs/react-dom-client.development.js:23863:20
 ❯ renderWithHooks node_modules/react-dom/cjs/react-dom-client.development.js:5529:22
 ❯ updateForwardRef node_modules/react-dom/cjs/react-dom-client.development.js:8645:19
 ❯ beginWork node_modules/react-dom/cjs/react-dom-client.development.js:10861:18
 ❯ runWithFiberInDEV node_modules/react-dom/cjs/react-dom-client.development.js:1522:13
 ❯ performUnitOfWork node_modules/react-dom/cjs/react-dom-client.development.js:15140:22
 ❯ workLoopSync node_modules/react-dom/cjs/react-dom-client.development.js:14956:41
            </failure>
        </testcase>
        <testcase classname="components/feedme/__tests__/AnalyticsDashboard.test.tsx" name="AnalyticsDashboard &gt; Engagement Tab &gt; shows user activity chart" time="0.006752542">
            <failure message="[vitest] No &quot;ChevronDown&quot; export is defined on the &quot;lucide-react&quot; mock. Did you forget to return it from &quot;vi.mock&quot;?
If you need to partially mock a module, you can use &quot;importOriginal&quot; helper inside:
" type="Error">
Error: [vitest] No &quot;ChevronDown&quot; export is defined on the &quot;lucide-react&quot; mock. Did you forget to return it from &quot;vi.mock&quot;?
If you need to partially mock a module, you can use &quot;importOriginal&quot; helper inside:

vi.mock(import(&quot;lucide-react&quot;), async (importOriginal) =&gt; {
  const actual = await importOriginal()
  return {
    ...actual,
    // your mocked methods
  }
})

 ❯ SelectTrigger components/ui/select.tsx:29:8
 ❯ Object.react-stack-bottom-frame node_modules/react-dom/cjs/react-dom-client.development.js:23863:20
 ❯ renderWithHooks node_modules/react-dom/cjs/react-dom-client.development.js:5529:22
 ❯ updateForwardRef node_modules/react-dom/cjs/react-dom-client.development.js:8645:19
 ❯ beginWork node_modules/react-dom/cjs/react-dom-client.development.js:10861:18
 ❯ runWithFiberInDEV node_modules/react-dom/cjs/react-dom-client.development.js:1522:13
 ❯ performUnitOfWork node_modules/react-dom/cjs/react-dom-client.development.js:15140:22
 ❯ workLoopSync node_modules/react-dom/cjs/react-dom-client.development.js:14956:41
            </failure>
        </testcase>
        <testcase classname="components/feedme/__tests__/AnalyticsDashboard.test.tsx" name="AnalyticsDashboard &gt; Engagement Tab &gt; displays success rate trend" time="0.005209708">
            <failure message="[vitest] No &quot;ChevronDown&quot; export is defined on the &quot;lucide-react&quot; mock. Did you forget to return it from &quot;vi.mock&quot;?
If you need to partially mock a module, you can use &quot;importOriginal&quot; helper inside:
" type="Error">
Error: [vitest] No &quot;ChevronDown&quot; export is defined on the &quot;lucide-react&quot; mock. Did you forget to return it from &quot;vi.mock&quot;?
If you need to partially mock a module, you can use &quot;importOriginal&quot; helper inside:

vi.mock(import(&quot;lucide-react&quot;), async (importOriginal) =&gt; {
  const actual = await importOriginal()
  return {
    ...actual,
    // your mocked methods
  }
})

 ❯ SelectTrigger components/ui/select.tsx:29:8
 ❯ Object.react-stack-bottom-frame node_modules/react-dom/cjs/react-dom-client.development.js:23863:20
 ❯ renderWithHooks node_modules/react-dom/cjs/react-dom-client.development.js:5529:22
 ❯ updateForwardRef node_modules/react-dom/cjs/react-dom-client.development.js:8645:19
 ❯ beginWork node_modules/react-dom/cjs/react-dom-client.development.js:10861:18
 ❯ runWithFiberInDEV node_modules/react-dom/cjs/react-dom-client.development.js:1522:13
 ❯ performUnitOfWork node_modules/react-dom/cjs/react-dom-client.development.js:15140:22
 ❯ workLoopSync node_modules/react-dom/cjs/react-dom-client.development.js:14956:41
            </failure>
        </testcase>
        <testcase classname="components/feedme/__tests__/AnalyticsDashboard.test.tsx" name="AnalyticsDashboard &gt; Insights Tab &gt; displays quality metrics" time="0.005157792">
            <failure message="[vitest] No &quot;ChevronDown&quot; export is defined on the &quot;lucide-react&quot; mock. Did you forget to return it from &quot;vi.mock&quot;?
If you need to partially mock a module, you can use &quot;importOriginal&quot; helper inside:
" type="Error">
Error: [vitest] No &quot;ChevronDown&quot; export is defined on the &quot;lucide-react&quot; mock. Did you forget to return it from &quot;vi.mock&quot;?
If you need to partially mock a module, you can use &quot;importOriginal&quot; helper inside:

vi.mock(import(&quot;lucide-react&quot;), async (importOriginal) =&gt; {
  const actual = await importOriginal()
  return {
    ...actual,
    // your mocked methods
  }
})

 ❯ SelectTrigger components/ui/select.tsx:29:8
 ❯ Object.react-stack-bottom-frame node_modules/react-dom/cjs/react-dom-client.development.js:23863:20
 ❯ renderWithHooks node_modules/react-dom/cjs/react-dom-client.development.js:5529:22
 ❯ updateForwardRef node_modules/react-dom/cjs/react-dom-client.development.js:8645:19
 ❯ beginWork node_modules/react-dom/cjs/react-dom-client.development.js:10861:18
 ❯ runWithFiberInDEV node_modules/react-dom/cjs/react-dom-client.development.js:1522:13
 ❯ performUnitOfWork node_modules/react-dom/cjs/react-dom-client.development.js:15140:22
 ❯ workLoopSync node_modules/react-dom/cjs/react-dom-client.development.js:14956:41
            </failure>
        </testcase>
        <testcase classname="components/feedme/__tests__/AnalyticsDashboard.test.tsx" name="AnalyticsDashboard &gt; Insights Tab &gt; shows key insights" time="0.005154917">
            <failure message="[vitest] No &quot;ChevronDown&quot; export is defined on the &quot;lucide-react&quot; mock. Did you forget to return it from &quot;vi.mock&quot;?
If you need to partially mock a module, you can use &quot;importOriginal&quot; helper inside:
" type="Error">
Error: [vitest] No &quot;ChevronDown&quot; export is defined on the &quot;lucide-react&quot; mock. Did you forget to return it from &quot;vi.mock&quot;?
If you need to partially mock a module, you can use &quot;importOriginal&quot; helper inside:

vi.mock(import(&quot;lucide-react&quot;), async (importOriginal) =&gt; {
  const actual = await importOriginal()
  return {
    ...actual,
    // your mocked methods
  }
})

 ❯ SelectTrigger components/ui/select.tsx:29:8
 ❯ Object.react-stack-bottom-frame node_modules/react-dom/cjs/react-dom-client.development.js:23863:20
 ❯ renderWithHooks node_modules/react-dom/cjs/react-dom-client.development.js:5529:22
 ❯ updateForwardRef node_modules/react-dom/cjs/react-dom-client.development.js:8645:19
 ❯ beginWork node_modules/react-dom/cjs/react-dom-client.development.js:10861:18
 ❯ runWithFiberInDEV node_modules/react-dom/cjs/react-dom-client.development.js:1522:13
 ❯ performUnitOfWork node_modules/react-dom/cjs/react-dom-client.development.js:15140:22
 ❯ workLoopSync node_modules/react-dom/cjs/react-dom-client.development.js:14956:41
            </failure>
        </testcase>
        <testcase classname="components/feedme/__tests__/AnalyticsDashboard.test.tsx" name="AnalyticsDashboard &gt; Insights Tab &gt; displays optimization recommendations" time="0.005768875">
            <failure message="[vitest] No &quot;ChevronDown&quot; export is defined on the &quot;lucide-react&quot; mock. Did you forget to return it from &quot;vi.mock&quot;?
If you need to partially mock a module, you can use &quot;importOriginal&quot; helper inside:
" type="Error">
Error: [vitest] No &quot;ChevronDown&quot; export is defined on the &quot;lucide-react&quot; mock. Did you forget to return it from &quot;vi.mock&quot;?
If you need to partially mock a module, you can use &quot;importOriginal&quot; helper inside:

vi.mock(import(&quot;lucide-react&quot;), async (importOriginal) =&gt; {
  const actual = await importOriginal()
  return {
    ...actual,
    // your mocked methods
  }
})

 ❯ SelectTrigger components/ui/select.tsx:29:8
 ❯ Object.react-stack-bottom-frame node_modules/react-dom/cjs/react-dom-client.development.js:23863:20
 ❯ renderWithHooks node_modules/react-dom/cjs/react-dom-client.development.js:5529:22
 ❯ updateForwardRef node_modules/react-dom/cjs/react-dom-client.development.js:8645:19
 ❯ beginWork node_modules/react-dom/cjs/react-dom-client.development.js:10861:18
 ❯ runWithFiberInDEV node_modules/react-dom/cjs/react-dom-client.development.js:1522:13
 ❯ performUnitOfWork node_modules/react-dom/cjs/react-dom-client.development.js:15140:22
 ❯ workLoopSync node_modules/react-dom/cjs/react-dom-client.development.js:14956:41
            </failure>
        </testcase>
        <testcase classname="components/feedme/__tests__/AnalyticsDashboard.test.tsx" name="AnalyticsDashboard &gt; Insights Tab &gt; shows recommendation priorities" time="0.005219208">
            <failure message="[vitest] No &quot;ChevronDown&quot; export is defined on the &quot;lucide-react&quot; mock. Did you forget to return it from &quot;vi.mock&quot;?
If you need to partially mock a module, you can use &quot;importOriginal&quot; helper inside:
" type="Error">
Error: [vitest] No &quot;ChevronDown&quot; export is defined on the &quot;lucide-react&quot; mock. Did you forget to return it from &quot;vi.mock&quot;?
If you need to partially mock a module, you can use &quot;importOriginal&quot; helper inside:

vi.mock(import(&quot;lucide-react&quot;), async (importOriginal) =&gt; {
  const actual = await importOriginal()
  return {
    ...actual,
    // your mocked methods
  }
})

 ❯ SelectTrigger components/ui/select.tsx:29:8
 ❯ Object.react-stack-bottom-frame node_modules/react-dom/cjs/react-dom-client.development.js:23863:20
 ❯ renderWithHooks node_modules/react-dom/cjs/react-dom-client.development.js:5529:22
 ❯ updateForwardRef node_modules/react-dom/cjs/react-dom-client.development.js:8645:19
 ❯ beginWork node_modules/react-dom/cjs/react-dom-client.development.js:10861:18
 ❯ runWithFiberInDEV node_modules/react-dom/cjs/react-dom-client.development.js:1522:13
 ❯ performUnitOfWork node_modules/react-dom/cjs/react-dom-client.development.js:15140:22
 ❯ workLoopSync node_modules/react-dom/cjs/react-dom-client.development.js:14956:41
            </failure>
        </testcase>
        <testcase classname="components/feedme/__tests__/AnalyticsDashboard.test.tsx" name="AnalyticsDashboard &gt; Actions and Controls &gt; handles refresh action" time="0.005095958">
            <failure message="[vitest] No &quot;ChevronDown&quot; export is defined on the &quot;lucide-react&quot; mock. Did you forget to return it from &quot;vi.mock&quot;?
If you need to partially mock a module, you can use &quot;importOriginal&quot; helper inside:
" type="Error">
Error: [vitest] No &quot;ChevronDown&quot; export is defined on the &quot;lucide-react&quot; mock. Did you forget to return it from &quot;vi.mock&quot;?
If you need to partially mock a module, you can use &quot;importOriginal&quot; helper inside:

vi.mock(import(&quot;lucide-react&quot;), async (importOriginal) =&gt; {
  const actual = await importOriginal()
  return {
    ...actual,
    // your mocked methods
  }
})

 ❯ SelectTrigger components/ui/select.tsx:29:8
 ❯ Object.react-stack-bottom-frame node_modules/react-dom/cjs/react-dom-client.development.js:23863:20
 ❯ renderWithHooks node_modules/react-dom/cjs/react-dom-client.development.js:5529:22
 ❯ updateForwardRef node_modules/react-dom/cjs/react-dom-client.development.js:8645:19
 ❯ beginWork node_modules/react-dom/cjs/react-dom-client.development.js:10861:18
 ❯ runWithFiberInDEV node_modules/react-dom/cjs/react-dom-client.development.js:1522:13
 ❯ performUnitOfWork node_modules/react-dom/cjs/react-dom-client.development.js:15140:22
 ❯ workLoopSync node_modules/react-dom/cjs/react-dom-client.development.js:14956:41
            </failure>
        </testcase>
        <testcase classname="components/feedme/__tests__/AnalyticsDashboard.test.tsx" name="AnalyticsDashboard &gt; Actions and Controls &gt; shows loading state during refresh" time="0.009410708">
            <failure message="[vitest] No &quot;ChevronDown&quot; export is defined on the &quot;lucide-react&quot; mock. Did you forget to return it from &quot;vi.mock&quot;?
If you need to partially mock a module, you can use &quot;importOriginal&quot; helper inside:
" type="Error">
Error: [vitest] No &quot;ChevronDown&quot; export is defined on the &quot;lucide-react&quot; mock. Did you forget to return it from &quot;vi.mock&quot;?
If you need to partially mock a module, you can use &quot;importOriginal&quot; helper inside:

vi.mock(import(&quot;lucide-react&quot;), async (importOriginal) =&gt; {
  const actual = await importOriginal()
  return {
    ...actual,
    // your mocked methods
  }
})

 ❯ SelectTrigger components/ui/select.tsx:29:8
 ❯ Object.react-stack-bottom-frame node_modules/react-dom/cjs/react-dom-client.development.js:23863:20
 ❯ renderWithHooks node_modules/react-dom/cjs/react-dom-client.development.js:5529:22
 ❯ updateForwardRef node_modules/react-dom/cjs/react-dom-client.development.js:8645:19
 ❯ beginWork node_modules/react-dom/cjs/react-dom-client.development.js:10861:18
 ❯ runWithFiberInDEV node_modules/react-dom/cjs/react-dom-client.development.js:1522:13
 ❯ performUnitOfWork node_modules/react-dom/cjs/react-dom-client.development.js:15140:22
 ❯ workLoopSync node_modules/react-dom/cjs/react-dom-client.development.js:14956:41
            </failure>
        </testcase>
        <testcase classname="components/feedme/__tests__/AnalyticsDashboard.test.tsx" name="AnalyticsDashboard &gt; Actions and Controls &gt; handles export action" time="0.005058333">
            <failure message="[vitest] No &quot;ChevronDown&quot; export is defined on the &quot;lucide-react&quot; mock. Did you forget to return it from &quot;vi.mock&quot;?
If you need to partially mock a module, you can use &quot;importOriginal&quot; helper inside:
" type="Error">
Error: [vitest] No &quot;ChevronDown&quot; export is defined on the &quot;lucide-react&quot; mock. Did you forget to return it from &quot;vi.mock&quot;?
If you need to partially mock a module, you can use &quot;importOriginal&quot; helper inside:

vi.mock(import(&quot;lucide-react&quot;), async (importOriginal) =&gt; {
  const actual = await importOriginal()
  return {
    ...actual,
    // your mocked methods
  }
})

 ❯ SelectTrigger components/ui/select.tsx:29:8
 ❯ Object.react-stack-bottom-frame node_modules/react-dom/cjs/react-dom-client.development.js:23863:20
 ❯ renderWithHooks node_modules/react-dom/cjs/react-dom-client.development.js:5529:22
 ❯ updateForwardRef node_modules/react-dom/cjs/react-dom-client.development.js:8645:19
 ❯ beginWork node_modules/react-dom/cjs/react-dom-client.development.js:10861:18
 ❯ runWithFiberInDEV node_modules/react-dom/cjs/react-dom-client.development.js:1522:13
 ❯ performUnitOfWork node_modules/react-dom/cjs/react-dom-client.development.js:15140:22
 ❯ workLoopSync node_modules/react-dom/cjs/react-dom-client.development.js:14956:41
            </failure>
        </testcase>
        <testcase classname="components/feedme/__tests__/AnalyticsDashboard.test.tsx" name="AnalyticsDashboard &gt; Actions and Controls &gt; generates correct export filename" time="0.005377167">
            <failure message="[vitest] No &quot;ChevronDown&quot; export is defined on the &quot;lucide-react&quot; mock. Did you forget to return it from &quot;vi.mock&quot;?
If you need to partially mock a module, you can use &quot;importOriginal&quot; helper inside:
" type="Error">
Error: [vitest] No &quot;ChevronDown&quot; export is defined on the &quot;lucide-react&quot; mock. Did you forget to return it from &quot;vi.mock&quot;?
If you need to partially mock a module, you can use &quot;importOriginal&quot; helper inside:

vi.mock(import(&quot;lucide-react&quot;), async (importOriginal) =&gt; {
  const actual = await importOriginal()
  return {
    ...actual,
    // your mocked methods
  }
})

 ❯ SelectTrigger components/ui/select.tsx:29:8
 ❯ Object.react-stack-bottom-frame node_modules/react-dom/cjs/react-dom-client.development.js:23863:20
 ❯ renderWithHooks node_modules/react-dom/cjs/react-dom-client.development.js:5529:22
 ❯ updateForwardRef node_modules/react-dom/cjs/react-dom-client.development.js:8645:19
 ❯ beginWork node_modules/react-dom/cjs/react-dom-client.development.js:10861:18
 ❯ runWithFiberInDEV node_modules/react-dom/cjs/react-dom-client.development.js:1522:13
 ❯ performUnitOfWork node_modules/react-dom/cjs/react-dom-client.development.js:15140:22
 ❯ workLoopSync node_modules/react-dom/cjs/react-dom-client.development.js:14956:41
            </failure>
        </testcase>
        <testcase classname="components/feedme/__tests__/AnalyticsDashboard.test.tsx" name="AnalyticsDashboard &gt; Real-time Updates &gt; enables auto-refresh when real-time is active" time="0.00565675">
            <failure message="[vitest] No &quot;ChevronDown&quot; export is defined on the &quot;lucide-react&quot; mock. Did you forget to return it from &quot;vi.mock&quot;?
If you need to partially mock a module, you can use &quot;importOriginal&quot; helper inside:
" type="Error">
Error: [vitest] No &quot;ChevronDown&quot; export is defined on the &quot;lucide-react&quot; mock. Did you forget to return it from &quot;vi.mock&quot;?
If you need to partially mock a module, you can use &quot;importOriginal&quot; helper inside:

vi.mock(import(&quot;lucide-react&quot;), async (importOriginal) =&gt; {
  const actual = await importOriginal()
  return {
    ...actual,
    // your mocked methods
  }
})

 ❯ SelectTrigger components/ui/select.tsx:29:8
 ❯ Object.react-stack-bottom-frame node_modules/react-dom/cjs/react-dom-client.development.js:23863:20
 ❯ renderWithHooks node_modules/react-dom/cjs/react-dom-client.development.js:5529:22
 ❯ updateForwardRef node_modules/react-dom/cjs/react-dom-client.development.js:8645:19
 ❯ beginWork node_modules/react-dom/cjs/react-dom-client.development.js:10861:18
 ❯ runWithFiberInDEV node_modules/react-dom/cjs/react-dom-client.development.js:1522:13
 ❯ performUnitOfWork node_modules/react-dom/cjs/react-dom-client.development.js:15140:22
 ❯ workLoopSync node_modules/react-dom/cjs/react-dom-client.development.js:14956:41
            </failure>
        </testcase>
        <testcase classname="components/feedme/__tests__/AnalyticsDashboard.test.tsx" name="AnalyticsDashboard &gt; Real-time Updates &gt; disables auto-refresh when real-time is disabled" time="0.002161709">
            <failure message="[vitest] No &quot;ChevronDown&quot; export is defined on the &quot;lucide-react&quot; mock. Did you forget to return it from &quot;vi.mock&quot;?
If you need to partially mock a module, you can use &quot;importOriginal&quot; helper inside:
" type="Error">
Error: [vitest] No &quot;ChevronDown&quot; export is defined on the &quot;lucide-react&quot; mock. Did you forget to return it from &quot;vi.mock&quot;?
If you need to partially mock a module, you can use &quot;importOriginal&quot; helper inside:

vi.mock(import(&quot;lucide-react&quot;), async (importOriginal) =&gt; {
  const actual = await importOriginal()
  return {
    ...actual,
    // your mocked methods
  }
})

 ❯ SelectTrigger components/ui/select.tsx:29:8
 ❯ Object.react-stack-bottom-frame node_modules/react-dom/cjs/react-dom-client.development.js:23863:20
 ❯ renderWithHooks node_modules/react-dom/cjs/react-dom-client.development.js:5529:22
 ❯ updateForwardRef node_modules/react-dom/cjs/react-dom-client.development.js:8645:19
 ❯ beginWork node_modules/react-dom/cjs/react-dom-client.development.js:10861:18
 ❯ runWithFiberInDEV node_modules/react-dom/cjs/react-dom-client.development.js:1522:13
 ❯ performUnitOfWork node_modules/react-dom/cjs/react-dom-client.development.js:15140:22
 ❯ workLoopSync node_modules/react-dom/cjs/react-dom-client.development.js:14956:41
            </failure>
        </testcase>
        <testcase classname="components/feedme/__tests__/AnalyticsDashboard.test.tsx" name="AnalyticsDashboard &gt; Real-time Updates &gt; updates timestamp display" time="0.0008295">
            <failure message="[vitest] No &quot;ChevronDown&quot; export is defined on the &quot;lucide-react&quot; mock. Did you forget to return it from &quot;vi.mock&quot;?
If you need to partially mock a module, you can use &quot;importOriginal&quot; helper inside:
" type="Error">
Error: [vitest] No &quot;ChevronDown&quot; export is defined on the &quot;lucide-react&quot; mock. Did you forget to return it from &quot;vi.mock&quot;?
If you need to partially mock a module, you can use &quot;importOriginal&quot; helper inside:

vi.mock(import(&quot;lucide-react&quot;), async (importOriginal) =&gt; {
  const actual = await importOriginal()
  return {
    ...actual,
    // your mocked methods
  }
})

 ❯ SelectTrigger components/ui/select.tsx:29:8
 ❯ Object.react-stack-bottom-frame node_modules/react-dom/cjs/react-dom-client.development.js:23863:20
 ❯ renderWithHooks node_modules/react-dom/cjs/react-dom-client.development.js:5529:22
 ❯ updateForwardRef node_modules/react-dom/cjs/react-dom-client.development.js:8645:19
 ❯ beginWork node_modules/react-dom/cjs/react-dom-client.development.js:10861:18
 ❯ runWithFiberInDEV node_modules/react-dom/cjs/react-dom-client.development.js:1522:13
 ❯ performUnitOfWork node_modules/react-dom/cjs/react-dom-client.development.js:15140:22
 ❯ workLoopSync node_modules/react-dom/cjs/react-dom-client.development.js:14956:41
            </failure>
        </testcase>
        <testcase classname="components/feedme/__tests__/AnalyticsDashboard.test.tsx" name="AnalyticsDashboard &gt; Real-time Updates &gt; shows system health in footer" time="0.000810583">
            <failure message="[vitest] No &quot;ChevronDown&quot; export is defined on the &quot;lucide-react&quot; mock. Did you forget to return it from &quot;vi.mock&quot;?
If you need to partially mock a module, you can use &quot;importOriginal&quot; helper inside:
" type="Error">
Error: [vitest] No &quot;ChevronDown&quot; export is defined on the &quot;lucide-react&quot; mock. Did you forget to return it from &quot;vi.mock&quot;?
If you need to partially mock a module, you can use &quot;importOriginal&quot; helper inside:

vi.mock(import(&quot;lucide-react&quot;), async (importOriginal) =&gt; {
  const actual = await importOriginal()
  return {
    ...actual,
    // your mocked methods
  }
})

 ❯ SelectTrigger components/ui/select.tsx:29:8
 ❯ Object.react-stack-bottom-frame node_modules/react-dom/cjs/react-dom-client.development.js:23863:20
 ❯ renderWithHooks node_modules/react-dom/cjs/react-dom-client.development.js:5529:22
 ❯ updateForwardRef node_modules/react-dom/cjs/react-dom-client.development.js:8645:19
 ❯ beginWork node_modules/react-dom/cjs/react-dom-client.development.js:10861:18
 ❯ runWithFiberInDEV node_modules/react-dom/cjs/react-dom-client.development.js:1522:13
 ❯ performUnitOfWork node_modules/react-dom/cjs/react-dom-client.development.js:15140:22
 ❯ workLoopSync node_modules/react-dom/cjs/react-dom-client.development.js:14956:41
            </failure>
        </testcase>
        <testcase classname="components/feedme/__tests__/AnalyticsDashboard.test.tsx" name="AnalyticsDashboard &gt; Tag Interactions &gt; displays tag tooltips" time="0.000861834">
            <failure message="[vitest] No &quot;ChevronDown&quot; export is defined on the &quot;lucide-react&quot; mock. Did you forget to return it from &quot;vi.mock&quot;?
If you need to partially mock a module, you can use &quot;importOriginal&quot; helper inside:
" type="Error">
Error: [vitest] No &quot;ChevronDown&quot; export is defined on the &quot;lucide-react&quot; mock. Did you forget to return it from &quot;vi.mock&quot;?
If you need to partially mock a module, you can use &quot;importOriginal&quot; helper inside:

vi.mock(import(&quot;lucide-react&quot;), async (importOriginal) =&gt; {
  const actual = await importOriginal()
  return {
    ...actual,
    // your mocked methods
  }
})

 ❯ SelectTrigger components/ui/select.tsx:29:8
 ❯ Object.react-stack-bottom-frame node_modules/react-dom/cjs/react-dom-client.development.js:23863:20
 ❯ renderWithHooks node_modules/react-dom/cjs/react-dom-client.development.js:5529:22
 ❯ updateForwardRef node_modules/react-dom/cjs/react-dom-client.development.js:8645:19
 ❯ beginWork node_modules/react-dom/cjs/react-dom-client.development.js:10861:18
 ❯ runWithFiberInDEV node_modules/react-dom/cjs/react-dom-client.development.js:1522:13
 ❯ performUnitOfWork node_modules/react-dom/cjs/react-dom-client.development.js:15140:22
 ❯ workLoopSync node_modules/react-dom/cjs/react-dom-client.development.js:14956:41
            </failure>
        </testcase>
        <testcase classname="components/feedme/__tests__/AnalyticsDashboard.test.tsx" name="AnalyticsDashboard &gt; Tag Interactions &gt; sizes tags based on usage" time="0.000791542">
            <failure message="[vitest] No &quot;ChevronDown&quot; export is defined on the &quot;lucide-react&quot; mock. Did you forget to return it from &quot;vi.mock&quot;?
If you need to partially mock a module, you can use &quot;importOriginal&quot; helper inside:
" type="Error">
Error: [vitest] No &quot;ChevronDown&quot; export is defined on the &quot;lucide-react&quot; mock. Did you forget to return it from &quot;vi.mock&quot;?
If you need to partially mock a module, you can use &quot;importOriginal&quot; helper inside:

vi.mock(import(&quot;lucide-react&quot;), async (importOriginal) =&gt; {
  const actual = await importOriginal()
  return {
    ...actual,
    // your mocked methods
  }
})

 ❯ SelectTrigger components/ui/select.tsx:29:8
 ❯ Object.react-stack-bottom-frame node_modules/react-dom/cjs/react-dom-client.development.js:23863:20
 ❯ renderWithHooks node_modules/react-dom/cjs/react-dom-client.development.js:5529:22
 ❯ updateForwardRef node_modules/react-dom/cjs/react-dom-client.development.js:8645:19
 ❯ beginWork node_modules/react-dom/cjs/react-dom-client.development.js:10861:18
 ❯ runWithFiberInDEV node_modules/react-dom/cjs/react-dom-client.development.js:1522:13
 ❯ performUnitOfWork node_modules/react-dom/cjs/react-dom-client.development.js:15140:22
 ❯ workLoopSync node_modules/react-dom/cjs/react-dom-client.development.js:14956:41
            </failure>
        </testcase>
        <testcase classname="components/feedme/__tests__/AnalyticsDashboard.test.tsx" name="AnalyticsDashboard &gt; Tag Interactions &gt; shows growth indicators in tooltips" time="0.002289875">
            <failure message="[vitest] No &quot;ChevronDown&quot; export is defined on the &quot;lucide-react&quot; mock. Did you forget to return it from &quot;vi.mock&quot;?
If you need to partially mock a module, you can use &quot;importOriginal&quot; helper inside:
" type="Error">
Error: [vitest] No &quot;ChevronDown&quot; export is defined on the &quot;lucide-react&quot; mock. Did you forget to return it from &quot;vi.mock&quot;?
If you need to partially mock a module, you can use &quot;importOriginal&quot; helper inside:

vi.mock(import(&quot;lucide-react&quot;), async (importOriginal) =&gt; {
  const actual = await importOriginal()
  return {
    ...actual,
    // your mocked methods
  }
})

 ❯ SelectTrigger components/ui/select.tsx:29:8
 ❯ Object.react-stack-bottom-frame node_modules/react-dom/cjs/react-dom-client.development.js:23863:20
 ❯ renderWithHooks node_modules/react-dom/cjs/react-dom-client.development.js:5529:22
 ❯ updateForwardRef node_modules/react-dom/cjs/react-dom-client.development.js:8645:19
 ❯ beginWork node_modules/react-dom/cjs/react-dom-client.development.js:10861:18
 ❯ runWithFiberInDEV node_modules/react-dom/cjs/react-dom-client.development.js:1522:13
 ❯ performUnitOfWork node_modules/react-dom/cjs/react-dom-client.development.js:15140:22
 ❯ workLoopSync node_modules/react-dom/cjs/react-dom-client.development.js:14956:41
            </failure>
        </testcase>
        <testcase classname="components/feedme/__tests__/AnalyticsDashboard.test.tsx" name="AnalyticsDashboard &gt; Loading States &gt; handles loading state" time="0.002067583">
            <failure message="[vitest] No &quot;ChevronDown&quot; export is defined on the &quot;lucide-react&quot; mock. Did you forget to return it from &quot;vi.mock&quot;?
If you need to partially mock a module, you can use &quot;importOriginal&quot; helper inside:
" type="Error">
Error: [vitest] No &quot;ChevronDown&quot; export is defined on the &quot;lucide-react&quot; mock. Did you forget to return it from &quot;vi.mock&quot;?
If you need to partially mock a module, you can use &quot;importOriginal&quot; helper inside:

vi.mock(import(&quot;lucide-react&quot;), async (importOriginal) =&gt; {
  const actual = await importOriginal()
  return {
    ...actual,
    // your mocked methods
  }
})

 ❯ SelectTrigger components/ui/select.tsx:29:8
 ❯ Object.react-stack-bottom-frame node_modules/react-dom/cjs/react-dom-client.development.js:23863:20
 ❯ renderWithHooks node_modules/react-dom/cjs/react-dom-client.development.js:5529:22
 ❯ updateForwardRef node_modules/react-dom/cjs/react-dom-client.development.js:8645:19
 ❯ beginWork node_modules/react-dom/cjs/react-dom-client.development.js:10861:18
 ❯ runWithFiberInDEV node_modules/react-dom/cjs/react-dom-client.development.js:1522:13
 ❯ performUnitOfWork node_modules/react-dom/cjs/react-dom-client.development.js:15140:22
 ❯ workLoopSync node_modules/react-dom/cjs/react-dom-client.development.js:14956:41
            </failure>
        </testcase>
        <testcase classname="components/feedme/__tests__/AnalyticsDashboard.test.tsx" name="AnalyticsDashboard &gt; Loading States &gt; shows skeleton placeholders during loading" time="0.002241875">
            <failure message="[vitest] No &quot;ChevronDown&quot; export is defined on the &quot;lucide-react&quot; mock. Did you forget to return it from &quot;vi.mock&quot;?
If you need to partially mock a module, you can use &quot;importOriginal&quot; helper inside:
" type="Error">
Error: [vitest] No &quot;ChevronDown&quot; export is defined on the &quot;lucide-react&quot; mock. Did you forget to return it from &quot;vi.mock&quot;?
If you need to partially mock a module, you can use &quot;importOriginal&quot; helper inside:

vi.mock(import(&quot;lucide-react&quot;), async (importOriginal) =&gt; {
  const actual = await importOriginal()
  return {
    ...actual,
    // your mocked methods
  }
})

 ❯ SelectTrigger components/ui/select.tsx:29:8
 ❯ Object.react-stack-bottom-frame node_modules/react-dom/cjs/react-dom-client.development.js:23863:20
 ❯ renderWithHooks node_modules/react-dom/cjs/react-dom-client.development.js:5529:22
 ❯ updateForwardRef node_modules/react-dom/cjs/react-dom-client.development.js:8645:19
 ❯ beginWork node_modules/react-dom/cjs/react-dom-client.development.js:10861:18
 ❯ runWithFiberInDEV node_modules/react-dom/cjs/react-dom-client.development.js:1522:13
 ❯ performUnitOfWork node_modules/react-dom/cjs/react-dom-client.development.js:15140:22
 ❯ workLoopSync node_modules/react-dom/cjs/react-dom-client.development.js:14956:41
            </failure>
        </testcase>
        <testcase classname="components/feedme/__tests__/AnalyticsDashboard.test.tsx" name="AnalyticsDashboard &gt; Error Handling &gt; handles refresh errors gracefully" time="0.0019195">
            <failure message="[vitest] No &quot;ChevronDown&quot; export is defined on the &quot;lucide-react&quot; mock. Did you forget to return it from &quot;vi.mock&quot;?
If you need to partially mock a module, you can use &quot;importOriginal&quot; helper inside:
" type="Error">
Error: [vitest] No &quot;ChevronDown&quot; export is defined on the &quot;lucide-react&quot; mock. Did you forget to return it from &quot;vi.mock&quot;?
If you need to partially mock a module, you can use &quot;importOriginal&quot; helper inside:

vi.mock(import(&quot;lucide-react&quot;), async (importOriginal) =&gt; {
  const actual = await importOriginal()
  return {
    ...actual,
    // your mocked methods
  }
})

 ❯ SelectTrigger components/ui/select.tsx:29:8
 ❯ Object.react-stack-bottom-frame node_modules/react-dom/cjs/react-dom-client.development.js:23863:20
 ❯ renderWithHooks node_modules/react-dom/cjs/react-dom-client.development.js:5529:22
 ❯ updateForwardRef node_modules/react-dom/cjs/react-dom-client.development.js:8645:19
 ❯ beginWork node_modules/react-dom/cjs/react-dom-client.development.js:10861:18
 ❯ runWithFiberInDEV node_modules/react-dom/cjs/react-dom-client.development.js:1522:13
 ❯ performUnitOfWork node_modules/react-dom/cjs/react-dom-client.development.js:15140:22
 ❯ workLoopSync node_modules/react-dom/cjs/react-dom-client.development.js:14956:41
            </failure>
        </testcase>
        <testcase classname="components/feedme/__tests__/AnalyticsDashboard.test.tsx" name="AnalyticsDashboard &gt; Error Handling &gt; continues functioning after errors" time="0.000938292">
            <failure message="[vitest] No &quot;ChevronDown&quot; export is defined on the &quot;lucide-react&quot; mock. Did you forget to return it from &quot;vi.mock&quot;?
If you need to partially mock a module, you can use &quot;importOriginal&quot; helper inside:
" type="Error">
Error: [vitest] No &quot;ChevronDown&quot; export is defined on the &quot;lucide-react&quot; mock. Did you forget to return it from &quot;vi.mock&quot;?
If you need to partially mock a module, you can use &quot;importOriginal&quot; helper inside:

vi.mock(import(&quot;lucide-react&quot;), async (importOriginal) =&gt; {
  const actual = await importOriginal()
  return {
    ...actual,
    // your mocked methods
  }
})

 ❯ SelectTrigger components/ui/select.tsx:29:8
 ❯ Object.react-stack-bottom-frame node_modules/react-dom/cjs/react-dom-client.development.js:23863:20
 ❯ renderWithHooks node_modules/react-dom/cjs/react-dom-client.development.js:5529:22
 ❯ updateForwardRef node_modules/react-dom/cjs/react-dom-client.development.js:8645:19
 ❯ beginWork node_modules/react-dom/cjs/react-dom-client.development.js:10861:18
 ❯ runWithFiberInDEV node_modules/react-dom/cjs/react-dom-client.development.js:1522:13
 ❯ performUnitOfWork node_modules/react-dom/cjs/react-dom-client.development.js:15140:22
 ❯ workLoopSync node_modules/react-dom/cjs/react-dom-client.development.js:14956:41
            </failure>
        </testcase>
        <testcase classname="components/feedme/__tests__/AnalyticsDashboard.test.tsx" name="AnalyticsDashboard &gt; Performance &gt; renders quickly with large datasets" time="0.000770458">
            <failure message="[vitest] No &quot;ChevronDown&quot; export is defined on the &quot;lucide-react&quot; mock. Did you forget to return it from &quot;vi.mock&quot;?
If you need to partially mock a module, you can use &quot;importOriginal&quot; helper inside:
" type="Error">
Error: [vitest] No &quot;ChevronDown&quot; export is defined on the &quot;lucide-react&quot; mock. Did you forget to return it from &quot;vi.mock&quot;?
If you need to partially mock a module, you can use &quot;importOriginal&quot; helper inside:

vi.mock(import(&quot;lucide-react&quot;), async (importOriginal) =&gt; {
  const actual = await importOriginal()
  return {
    ...actual,
    // your mocked methods
  }
})

 ❯ SelectTrigger components/ui/select.tsx:29:8
 ❯ Object.react-stack-bottom-frame node_modules/react-dom/cjs/react-dom-client.development.js:23863:20
 ❯ renderWithHooks node_modules/react-dom/cjs/react-dom-client.development.js:5529:22
 ❯ updateForwardRef node_modules/react-dom/cjs/react-dom-client.development.js:8645:19
 ❯ beginWork node_modules/react-dom/cjs/react-dom-client.development.js:10861:18
 ❯ runWithFiberInDEV node_modules/react-dom/cjs/react-dom-client.development.js:1522:13
 ❯ performUnitOfWork node_modules/react-dom/cjs/react-dom-client.development.js:15140:22
 ❯ workLoopSync node_modules/react-dom/cjs/react-dom-client.development.js:14956:41
            </failure>
        </testcase>
        <testcase classname="components/feedme/__tests__/AnalyticsDashboard.test.tsx" name="AnalyticsDashboard &gt; Performance &gt; memoizes expensive calculations" time="0.00073425">
            <failure message="[vitest] No &quot;ChevronDown&quot; export is defined on the &quot;lucide-react&quot; mock. Did you forget to return it from &quot;vi.mock&quot;?
If you need to partially mock a module, you can use &quot;importOriginal&quot; helper inside:
" type="Error">
Error: [vitest] No &quot;ChevronDown&quot; export is defined on the &quot;lucide-react&quot; mock. Did you forget to return it from &quot;vi.mock&quot;?
If you need to partially mock a module, you can use &quot;importOriginal&quot; helper inside:

vi.mock(import(&quot;lucide-react&quot;), async (importOriginal) =&gt; {
  const actual = await importOriginal()
  return {
    ...actual,
    // your mocked methods
  }
})

 ❯ SelectTrigger components/ui/select.tsx:29:8
 ❯ Object.react-stack-bottom-frame node_modules/react-dom/cjs/react-dom-client.development.js:23863:20
 ❯ renderWithHooks node_modules/react-dom/cjs/react-dom-client.development.js:5529:22
 ❯ updateForwardRef node_modules/react-dom/cjs/react-dom-client.development.js:8645:19
 ❯ beginWork node_modules/react-dom/cjs/react-dom-client.development.js:10861:18
 ❯ runWithFiberInDEV node_modules/react-dom/cjs/react-dom-client.development.js:1522:13
 ❯ performUnitOfWork node_modules/react-dom/cjs/react-dom-client.development.js:15140:22
 ❯ workLoopSync node_modules/react-dom/cjs/react-dom-client.development.js:14956:41
            </failure>
        </testcase>
        <testcase classname="components/feedme/__tests__/AnalyticsDashboard.test.tsx" name="AnalyticsDashboard &gt; Performance &gt; handles large time series data efficiently" time="0.002388625">
            <failure message="[vitest] No &quot;ChevronDown&quot; export is defined on the &quot;lucide-react&quot; mock. Did you forget to return it from &quot;vi.mock&quot;?
If you need to partially mock a module, you can use &quot;importOriginal&quot; helper inside:
" type="Error">
Error: [vitest] No &quot;ChevronDown&quot; export is defined on the &quot;lucide-react&quot; mock. Did you forget to return it from &quot;vi.mock&quot;?
If you need to partially mock a module, you can use &quot;importOriginal&quot; helper inside:

vi.mock(import(&quot;lucide-react&quot;), async (importOriginal) =&gt; {
  const actual = await importOriginal()
  return {
    ...actual,
    // your mocked methods
  }
})

 ❯ SelectTrigger components/ui/select.tsx:29:8
 ❯ Object.react-stack-bottom-frame node_modules/react-dom/cjs/react-dom-client.development.js:23863:20
 ❯ renderWithHooks node_modules/react-dom/cjs/react-dom-client.development.js:5529:22
 ❯ updateForwardRef node_modules/react-dom/cjs/react-dom-client.development.js:8645:19
 ❯ beginWork node_modules/react-dom/cjs/react-dom-client.development.js:10861:18
 ❯ runWithFiberInDEV node_modules/react-dom/cjs/react-dom-client.development.js:1522:13
 ❯ performUnitOfWork node_modules/react-dom/cjs/react-dom-client.development.js:15140:22
 ❯ workLoopSync node_modules/react-dom/cjs/react-dom-client.development.js:14956:41
            </failure>
        </testcase>
        <testcase classname="components/feedme/__tests__/AnalyticsDashboard.test.tsx" name="AnalyticsDashboard &gt; Accessibility &gt; has proper ARIA labels" time="0.000828291">
            <failure message="[vitest] No &quot;ChevronDown&quot; export is defined on the &quot;lucide-react&quot; mock. Did you forget to return it from &quot;vi.mock&quot;?
If you need to partially mock a module, you can use &quot;importOriginal&quot; helper inside:
" type="Error">
Error: [vitest] No &quot;ChevronDown&quot; export is defined on the &quot;lucide-react&quot; mock. Did you forget to return it from &quot;vi.mock&quot;?
If you need to partially mock a module, you can use &quot;importOriginal&quot; helper inside:

vi.mock(import(&quot;lucide-react&quot;), async (importOriginal) =&gt; {
  const actual = await importOriginal()
  return {
    ...actual,
    // your mocked methods
  }
})

 ❯ SelectTrigger components/ui/select.tsx:29:8
 ❯ Object.react-stack-bottom-frame node_modules/react-dom/cjs/react-dom-client.development.js:23863:20
 ❯ renderWithHooks node_modules/react-dom/cjs/react-dom-client.development.js:5529:22
 ❯ updateForwardRef node_modules/react-dom/cjs/react-dom-client.development.js:8645:19
 ❯ beginWork node_modules/react-dom/cjs/react-dom-client.development.js:10861:18
 ❯ runWithFiberInDEV node_modules/react-dom/cjs/react-dom-client.development.js:1522:13
 ❯ performUnitOfWork node_modules/react-dom/cjs/react-dom-client.development.js:15140:22
 ❯ workLoopSync node_modules/react-dom/cjs/react-dom-client.development.js:14956:41
            </failure>
        </testcase>
        <testcase classname="components/feedme/__tests__/AnalyticsDashboard.test.tsx" name="AnalyticsDashboard &gt; Accessibility &gt; supports keyboard navigation" time="0.000781792">
            <failure message="[vitest] No &quot;ChevronDown&quot; export is defined on the &quot;lucide-react&quot; mock. Did you forget to return it from &quot;vi.mock&quot;?
If you need to partially mock a module, you can use &quot;importOriginal&quot; helper inside:
" type="Error">
Error: [vitest] No &quot;ChevronDown&quot; export is defined on the &quot;lucide-react&quot; mock. Did you forget to return it from &quot;vi.mock&quot;?
If you need to partially mock a module, you can use &quot;importOriginal&quot; helper inside:

vi.mock(import(&quot;lucide-react&quot;), async (importOriginal) =&gt; {
  const actual = await importOriginal()
  return {
    ...actual,
    // your mocked methods
  }
})

 ❯ SelectTrigger components/ui/select.tsx:29:8
 ❯ Object.react-stack-bottom-frame node_modules/react-dom/cjs/react-dom-client.development.js:23863:20
 ❯ renderWithHooks node_modules/react-dom/cjs/react-dom-client.development.js:5529:22
 ❯ updateForwardRef node_modules/react-dom/cjs/react-dom-client.development.js:8645:19
 ❯ beginWork node_modules/react-dom/cjs/react-dom-client.development.js:10861:18
 ❯ runWithFiberInDEV node_modules/react-dom/cjs/react-dom-client.development.js:1522:13
 ❯ performUnitOfWork node_modules/react-dom/cjs/react-dom-client.development.js:15140:22
 ❯ workLoopSync node_modules/react-dom/cjs/react-dom-client.development.js:14956:41
            </failure>
        </testcase>
        <testcase classname="components/feedme/__tests__/AnalyticsDashboard.test.tsx" name="AnalyticsDashboard &gt; Accessibility &gt; has proper focus management in tabs" time="0.00076025">
            <failure message="[vitest] No &quot;ChevronDown&quot; export is defined on the &quot;lucide-react&quot; mock. Did you forget to return it from &quot;vi.mock&quot;?
If you need to partially mock a module, you can use &quot;importOriginal&quot; helper inside:
" type="Error">
Error: [vitest] No &quot;ChevronDown&quot; export is defined on the &quot;lucide-react&quot; mock. Did you forget to return it from &quot;vi.mock&quot;?
If you need to partially mock a module, you can use &quot;importOriginal&quot; helper inside:

vi.mock(import(&quot;lucide-react&quot;), async (importOriginal) =&gt; {
  const actual = await importOriginal()
  return {
    ...actual,
    // your mocked methods
  }
})

 ❯ SelectTrigger components/ui/select.tsx:29:8
 ❯ Object.react-stack-bottom-frame node_modules/react-dom/cjs/react-dom-client.development.js:23863:20
 ❯ renderWithHooks node_modules/react-dom/cjs/react-dom-client.development.js:5529:22
 ❯ updateForwardRef node_modules/react-dom/cjs/react-dom-client.development.js:8645:19
 ❯ beginWork node_modules/react-dom/cjs/react-dom-client.development.js:10861:18
 ❯ runWithFiberInDEV node_modules/react-dom/cjs/react-dom-client.development.js:1522:13
 ❯ performUnitOfWork node_modules/react-dom/cjs/react-dom-client.development.js:15140:22
 ❯ workLoopSync node_modules/react-dom/cjs/react-dom-client.development.js:14956:41
            </failure>
        </testcase>
        <testcase classname="components/feedme/__tests__/AnalyticsDashboard.test.tsx" name="AnalyticsDashboard &gt; Accessibility &gt; provides screen reader announcements" time="0.000753959">
            <failure message="[vitest] No &quot;ChevronDown&quot; export is defined on the &quot;lucide-react&quot; mock. Did you forget to return it from &quot;vi.mock&quot;?
If you need to partially mock a module, you can use &quot;importOriginal&quot; helper inside:
" type="Error">
Error: [vitest] No &quot;ChevronDown&quot; export is defined on the &quot;lucide-react&quot; mock. Did you forget to return it from &quot;vi.mock&quot;?
If you need to partially mock a module, you can use &quot;importOriginal&quot; helper inside:

vi.mock(import(&quot;lucide-react&quot;), async (importOriginal) =&gt; {
  const actual = await importOriginal()
  return {
    ...actual,
    // your mocked methods
  }
})

 ❯ SelectTrigger components/ui/select.tsx:29:8
 ❯ Object.react-stack-bottom-frame node_modules/react-dom/cjs/react-dom-client.development.js:23863:20
 ❯ renderWithHooks node_modules/react-dom/cjs/react-dom-client.development.js:5529:22
 ❯ updateForwardRef node_modules/react-dom/cjs/react-dom-client.development.js:8645:19
 ❯ beginWork node_modules/react-dom/cjs/react-dom-client.development.js:10861:18
 ❯ runWithFiberInDEV node_modules/react-dom/cjs/react-dom-client.development.js:1522:13
 ❯ performUnitOfWork node_modules/react-dom/cjs/react-dom-client.development.js:15140:22
 ❯ workLoopSync node_modules/react-dom/cjs/react-dom-client.development.js:14956:41
            </failure>
        </testcase>
        <testcase classname="components/feedme/__tests__/AnalyticsDashboard.test.tsx" name="AnalyticsDashboard &gt; Responsive Design &gt; adapts to different screen sizes" time="0.000818667">
            <failure message="[vitest] No &quot;ChevronDown&quot; export is defined on the &quot;lucide-react&quot; mock. Did you forget to return it from &quot;vi.mock&quot;?
If you need to partially mock a module, you can use &quot;importOriginal&quot; helper inside:
" type="Error">
Error: [vitest] No &quot;ChevronDown&quot; export is defined on the &quot;lucide-react&quot; mock. Did you forget to return it from &quot;vi.mock&quot;?
If you need to partially mock a module, you can use &quot;importOriginal&quot; helper inside:

vi.mock(import(&quot;lucide-react&quot;), async (importOriginal) =&gt; {
  const actual = await importOriginal()
  return {
    ...actual,
    // your mocked methods
  }
})

 ❯ SelectTrigger components/ui/select.tsx:29:8
 ❯ Object.react-stack-bottom-frame node_modules/react-dom/cjs/react-dom-client.development.js:23863:20
 ❯ renderWithHooks node_modules/react-dom/cjs/react-dom-client.development.js:5529:22
 ❯ updateForwardRef node_modules/react-dom/cjs/react-dom-client.development.js:8645:19
 ❯ beginWork node_modules/react-dom/cjs/react-dom-client.development.js:10861:18
 ❯ runWithFiberInDEV node_modules/react-dom/cjs/react-dom-client.development.js:1522:13
 ❯ performUnitOfWork node_modules/react-dom/cjs/react-dom-client.development.js:15140:22
 ❯ workLoopSync node_modules/react-dom/cjs/react-dom-client.development.js:14956:41
            </failure>
        </testcase>
        <testcase classname="components/feedme/__tests__/AnalyticsDashboard.test.tsx" name="AnalyticsDashboard &gt; Responsive Design &gt; adjusts chart dimensions on resize" time="0.000963125">
            <failure message="[vitest] No &quot;ChevronDown&quot; export is defined on the &quot;lucide-react&quot; mock. Did you forget to return it from &quot;vi.mock&quot;?
If you need to partially mock a module, you can use &quot;importOriginal&quot; helper inside:
" type="Error">
Error: [vitest] No &quot;ChevronDown&quot; export is defined on the &quot;lucide-react&quot; mock. Did you forget to return it from &quot;vi.mock&quot;?
If you need to partially mock a module, you can use &quot;importOriginal&quot; helper inside:

vi.mock(import(&quot;lucide-react&quot;), async (importOriginal) =&gt; {
  const actual = await importOriginal()
  return {
    ...actual,
    // your mocked methods
  }
})

 ❯ SelectTrigger components/ui/select.tsx:29:8
 ❯ Object.react-stack-bottom-frame node_modules/react-dom/cjs/react-dom-client.development.js:23863:20
 ❯ renderWithHooks node_modules/react-dom/cjs/react-dom-client.development.js:5529:22
 ❯ updateForwardRef node_modules/react-dom/cjs/react-dom-client.development.js:8645:19
 ❯ beginWork node_modules/react-dom/cjs/react-dom-client.development.js:10861:18
 ❯ runWithFiberInDEV node_modules/react-dom/cjs/react-dom-client.development.js:1522:13
 ❯ performUnitOfWork node_modules/react-dom/cjs/react-dom-client.development.js:15140:22
 ❯ workLoopSync node_modules/react-dom/cjs/react-dom-client.development.js:14956:41
            </failure>
        </testcase>
    </testsuite>
    <testsuite name="components/feedme/__tests__/ConversationEditor.test.tsx" timestamp="2025-07-02T10:22:05.382Z" hostname="Shubhs-MacBook-Air.local" tests="1" failures="1" errors="0" skipped="0" time="0">
        <testcase classname="components/feedme/__tests__/ConversationEditor.test.tsx" name="components/feedme/__tests__/ConversationEditor.test.tsx" time="0">
            <failure message="[vitest] No &quot;Panel&quot; export is defined on the &quot;react-resizable-panels&quot; mock. Did you forget to return it from &quot;vi.mock&quot;?
If you need to partially mock a module, you can use &quot;importOriginal&quot; helper inside:
" type="Error">
Error: [vitest] No &quot;Panel&quot; export is defined on the &quot;react-resizable-panels&quot; mock. Did you forget to return it from &quot;vi.mock&quot;?
If you need to partially mock a module, you can use &quot;importOriginal&quot; helper inside:

vi.mock(import(&quot;react-resizable-panels&quot;), async (importOriginal) =&gt; {
  const actual = await importOriginal()
  return {
    ...actual,
    // your mocked methods
  }
})

 ❯ components/ui/resizable.tsx:21:43
 ❯ components/feedme/ConversationEditor.tsx:3:31
            </failure>
        </testcase>
    </testsuite>
    <testsuite name="components/feedme/__tests__/DragDropManager.test.tsx" timestamp="2025-07-02T10:22:05.382Z" hostname="Shubhs-MacBook-Air.local" tests="38" failures="38" errors="0" skipped="0" time="0.03295125">
        <testcase classname="components/feedme/__tests__/DragDropManager.test.tsx" name="DragDropManager &gt; Rendering &gt; renders drag drop context" time="0.011141292">
            <failure message="[vitest] No &quot;useConversations&quot; export is defined on the &quot;@/lib/stores/feedme-store&quot; mock. Did you forget to return it from &quot;vi.mock&quot;?
If you need to partially mock a module, you can use &quot;importOriginal&quot; helper inside:
" type="Error">
Error: [vitest] No &quot;useConversations&quot; export is defined on the &quot;@/lib/stores/feedme-store&quot; mock. Did you forget to return it from &quot;vi.mock&quot;?
If you need to partially mock a module, you can use &quot;importOriginal&quot; helper inside:

vi.mock(import(&quot;@/lib/stores/feedme-store&quot;), async (importOriginal) =&gt; {
  const actual = await importOriginal()
  return {
    ...actual,
    // your mocked methods
  }
})

 ❯ DragDropManager components/feedme/DragDropManager.tsx:384:25
 ❯ Object.react-stack-bottom-frame node_modules/react-dom/cjs/react-dom-client.development.js:23863:20
 ❯ renderWithHooks node_modules/react-dom/cjs/react-dom-client.development.js:5529:22
 ❯ updateFunctionComponent node_modules/react-dom/cjs/react-dom-client.development.js:8897:19
 ❯ beginWork node_modules/react-dom/cjs/react-dom-client.development.js:10522:18
 ❯ runWithFiberInDEV node_modules/react-dom/cjs/react-dom-client.development.js:1522:13
 ❯ performUnitOfWork node_modules/react-dom/cjs/react-dom-client.development.js:15140:22
 ❯ workLoopSync node_modules/react-dom/cjs/react-dom-client.development.js:14956:41
            </failure>
        </testcase>
        <testcase classname="components/feedme/__tests__/DragDropManager.test.tsx" name="DragDropManager &gt; Rendering &gt; renders without active operations" time="0.000880917">
            <failure message="[vitest] No &quot;useConversations&quot; export is defined on the &quot;@/lib/stores/feedme-store&quot; mock. Did you forget to return it from &quot;vi.mock&quot;?
If you need to partially mock a module, you can use &quot;importOriginal&quot; helper inside:
" type="Error">
Error: [vitest] No &quot;useConversations&quot; export is defined on the &quot;@/lib/stores/feedme-store&quot; mock. Did you forget to return it from &quot;vi.mock&quot;?
If you need to partially mock a module, you can use &quot;importOriginal&quot; helper inside:

vi.mock(import(&quot;@/lib/stores/feedme-store&quot;), async (importOriginal) =&gt; {
  const actual = await importOriginal()
  return {
    ...actual,
    // your mocked methods
  }
})

 ❯ DragDropManager components/feedme/DragDropManager.tsx:384:25
 ❯ Object.react-stack-bottom-frame node_modules/react-dom/cjs/react-dom-client.development.js:23863:20
 ❯ renderWithHooks node_modules/react-dom/cjs/react-dom-client.development.js:5529:22
 ❯ updateFunctionComponent node_modules/react-dom/cjs/react-dom-client.development.js:8897:19
 ❯ beginWork node_modules/react-dom/cjs/react-dom-client.development.js:10522:18
 ❯ runWithFiberInDEV node_modules/react-dom/cjs/react-dom-client.development.js:1522:13
 ❯ performUnitOfWork node_modules/react-dom/cjs/react-dom-client.development.js:15140:22
 ❯ workLoopSync node_modules/react-dom/cjs/react-dom-client.development.js:14956:41
            </failure>
        </testcase>
        <testcase classname="components/feedme/__tests__/DragDropManager.test.tsx" name="DragDropManager &gt; Rendering &gt; displays drag zones when enabled" time="0.000736833">
            <failure message="[vitest] No &quot;useConversations&quot; export is defined on the &quot;@/lib/stores/feedme-store&quot; mock. Did you forget to return it from &quot;vi.mock&quot;?
If you need to partially mock a module, you can use &quot;importOriginal&quot; helper inside:
" type="Error">
Error: [vitest] No &quot;useConversations&quot; export is defined on the &quot;@/lib/stores/feedme-store&quot; mock. Did you forget to return it from &quot;vi.mock&quot;?
If you need to partially mock a module, you can use &quot;importOriginal&quot; helper inside:

vi.mock(import(&quot;@/lib/stores/feedme-store&quot;), async (importOriginal) =&gt; {
  const actual = await importOriginal()
  return {
    ...actual,
    // your mocked methods
  }
})

 ❯ DragDropManager components/feedme/DragDropManager.tsx:384:25
 ❯ Object.react-stack-bottom-frame node_modules/react-dom/cjs/react-dom-client.development.js:23863:20
 ❯ renderWithHooks node_modules/react-dom/cjs/react-dom-client.development.js:5529:22
 ❯ updateFunctionComponent node_modules/react-dom/cjs/react-dom-client.development.js:8897:19
 ❯ beginWork node_modules/react-dom/cjs/react-dom-client.development.js:10522:18
 ❯ runWithFiberInDEV node_modules/react-dom/cjs/react-dom-client.development.js:1522:13
 ❯ performUnitOfWork node_modules/react-dom/cjs/react-dom-client.development.js:15140:22
 ❯ workLoopSync node_modules/react-dom/cjs/react-dom-client.development.js:14956:41
            </failure>
        </testcase>
        <testcase classname="components/feedme/__tests__/DragDropManager.test.tsx" name="DragDropManager &gt; Drag Operations &gt; handles drag start" time="0.00069275">
            <failure message="[vitest] No &quot;useConversations&quot; export is defined on the &quot;@/lib/stores/feedme-store&quot; mock. Did you forget to return it from &quot;vi.mock&quot;?
If you need to partially mock a module, you can use &quot;importOriginal&quot; helper inside:
" type="Error">
Error: [vitest] No &quot;useConversations&quot; export is defined on the &quot;@/lib/stores/feedme-store&quot; mock. Did you forget to return it from &quot;vi.mock&quot;?
If you need to partially mock a module, you can use &quot;importOriginal&quot; helper inside:

vi.mock(import(&quot;@/lib/stores/feedme-store&quot;), async (importOriginal) =&gt; {
  const actual = await importOriginal()
  return {
    ...actual,
    // your mocked methods
  }
})

 ❯ DragDropManager components/feedme/DragDropManager.tsx:384:25
 ❯ Object.react-stack-bottom-frame node_modules/react-dom/cjs/react-dom-client.development.js:23863:20
 ❯ renderWithHooks node_modules/react-dom/cjs/react-dom-client.development.js:5529:22
 ❯ updateFunctionComponent node_modules/react-dom/cjs/react-dom-client.development.js:8897:19
 ❯ beginWork node_modules/react-dom/cjs/react-dom-client.development.js:10522:18
 ❯ runWithFiberInDEV node_modules/react-dom/cjs/react-dom-client.development.js:1522:13
 ❯ performUnitOfWork node_modules/react-dom/cjs/react-dom-client.development.js:15140:22
 ❯ workLoopSync node_modules/react-dom/cjs/react-dom-client.development.js:14956:41
            </failure>
        </testcase>
        <testcase classname="components/feedme/__tests__/DragDropManager.test.tsx" name="DragDropManager &gt; Drag Operations &gt; handles drag end with valid drop" time="0.001777041">
            <failure message="[vitest] No &quot;useConversations&quot; export is defined on the &quot;@/lib/stores/feedme-store&quot; mock. Did you forget to return it from &quot;vi.mock&quot;?
If you need to partially mock a module, you can use &quot;importOriginal&quot; helper inside:
" type="Error">
Error: [vitest] No &quot;useConversations&quot; export is defined on the &quot;@/lib/stores/feedme-store&quot; mock. Did you forget to return it from &quot;vi.mock&quot;?
If you need to partially mock a module, you can use &quot;importOriginal&quot; helper inside:

vi.mock(import(&quot;@/lib/stores/feedme-store&quot;), async (importOriginal) =&gt; {
  const actual = await importOriginal()
  return {
    ...actual,
    // your mocked methods
  }
})

 ❯ DragDropManager components/feedme/DragDropManager.tsx:384:25
 ❯ Object.react-stack-bottom-frame node_modules/react-dom/cjs/react-dom-client.development.js:23863:20
 ❯ renderWithHooks node_modules/react-dom/cjs/react-dom-client.development.js:5529:22
 ❯ updateFunctionComponent node_modules/react-dom/cjs/react-dom-client.development.js:8897:19
 ❯ beginWork node_modules/react-dom/cjs/react-dom-client.development.js:10522:18
 ❯ runWithFiberInDEV node_modules/react-dom/cjs/react-dom-client.development.js:1522:13
 ❯ performUnitOfWork node_modules/react-dom/cjs/react-dom-client.development.js:15140:22
 ❯ workLoopSync node_modules/react-dom/cjs/react-dom-client.development.js:14956:41
            </failure>
        </testcase>
        <testcase classname="components/feedme/__tests__/DragDropManager.test.tsx" name="DragDropManager &gt; Drag Operations &gt; ignores invalid drop operations" time="0.00063775">
            <failure message="[vitest] No &quot;useConversations&quot; export is defined on the &quot;@/lib/stores/feedme-store&quot; mock. Did you forget to return it from &quot;vi.mock&quot;?
If you need to partially mock a module, you can use &quot;importOriginal&quot; helper inside:
" type="Error">
Error: [vitest] No &quot;useConversations&quot; export is defined on the &quot;@/lib/stores/feedme-store&quot; mock. Did you forget to return it from &quot;vi.mock&quot;?
If you need to partially mock a module, you can use &quot;importOriginal&quot; helper inside:

vi.mock(import(&quot;@/lib/stores/feedme-store&quot;), async (importOriginal) =&gt; {
  const actual = await importOriginal()
  return {
    ...actual,
    // your mocked methods
  }
})

 ❯ DragDropManager components/feedme/DragDropManager.tsx:384:25
 ❯ Object.react-stack-bottom-frame node_modules/react-dom/cjs/react-dom-client.development.js:23863:20
 ❯ renderWithHooks node_modules/react-dom/cjs/react-dom-client.development.js:5529:22
 ❯ updateFunctionComponent node_modules/react-dom/cjs/react-dom-client.development.js:8897:19
 ❯ beginWork node_modules/react-dom/cjs/react-dom-client.development.js:10522:18
 ❯ runWithFiberInDEV node_modules/react-dom/cjs/react-dom-client.development.js:1522:13
 ❯ performUnitOfWork node_modules/react-dom/cjs/react-dom-client.development.js:15140:22
 ❯ workLoopSync node_modules/react-dom/cjs/react-dom-client.development.js:14956:41
            </failure>
        </testcase>
        <testcase classname="components/feedme/__tests__/DragDropManager.test.tsx" name="DragDropManager &gt; Drag Operations &gt; prevents circular folder moves" time="0.000478875">
            <failure message="[vitest] No &quot;useConversations&quot; export is defined on the &quot;@/lib/stores/feedme-store&quot; mock. Did you forget to return it from &quot;vi.mock&quot;?
If you need to partially mock a module, you can use &quot;importOriginal&quot; helper inside:
" type="Error">
Error: [vitest] No &quot;useConversations&quot; export is defined on the &quot;@/lib/stores/feedme-store&quot; mock. Did you forget to return it from &quot;vi.mock&quot;?
If you need to partially mock a module, you can use &quot;importOriginal&quot; helper inside:

vi.mock(import(&quot;@/lib/stores/feedme-store&quot;), async (importOriginal) =&gt; {
  const actual = await importOriginal()
  return {
    ...actual,
    // your mocked methods
  }
})

 ❯ DragDropManager components/feedme/DragDropManager.tsx:384:25
 ❯ Object.react-stack-bottom-frame node_modules/react-dom/cjs/react-dom-client.development.js:23863:20
 ❯ renderWithHooks node_modules/react-dom/cjs/react-dom-client.development.js:5529:22
 ❯ updateFunctionComponent node_modules/react-dom/cjs/react-dom-client.development.js:8897:19
 ❯ beginWork node_modules/react-dom/cjs/react-dom-client.development.js:10522:18
 ❯ runWithFiberInDEV node_modules/react-dom/cjs/react-dom-client.development.js:1522:13
 ❯ performUnitOfWork node_modules/react-dom/cjs/react-dom-client.development.js:15140:22
 ❯ workLoopSync node_modules/react-dom/cjs/react-dom-client.development.js:14956:41
            </failure>
        </testcase>
        <testcase classname="components/feedme/__tests__/DragDropManager.test.tsx" name="DragDropManager &gt; Active Operation Display &gt; displays active move operation" time="0.000466875">
            <failure message="[vitest] No &quot;useConversations&quot; export is defined on the &quot;@/lib/stores/feedme-store&quot; mock. Did you forget to return it from &quot;vi.mock&quot;?
If you need to partially mock a module, you can use &quot;importOriginal&quot; helper inside:
" type="Error">
Error: [vitest] No &quot;useConversations&quot; export is defined on the &quot;@/lib/stores/feedme-store&quot; mock. Did you forget to return it from &quot;vi.mock&quot;?
If you need to partially mock a module, you can use &quot;importOriginal&quot; helper inside:

vi.mock(import(&quot;@/lib/stores/feedme-store&quot;), async (importOriginal) =&gt; {
  const actual = await importOriginal()
  return {
    ...actual,
    // your mocked methods
  }
})

 ❯ DragDropManager components/feedme/DragDropManager.tsx:384:25
 ❯ Object.react-stack-bottom-frame node_modules/react-dom/cjs/react-dom-client.development.js:23863:20
 ❯ renderWithHooks node_modules/react-dom/cjs/react-dom-client.development.js:5529:22
 ❯ updateFunctionComponent node_modules/react-dom/cjs/react-dom-client.development.js:8897:19
 ❯ beginWork node_modules/react-dom/cjs/react-dom-client.development.js:10522:18
 ❯ runWithFiberInDEV node_modules/react-dom/cjs/react-dom-client.development.js:1522:13
 ❯ performUnitOfWork node_modules/react-dom/cjs/react-dom-client.development.js:15140:22
 ❯ workLoopSync node_modules/react-dom/cjs/react-dom-client.development.js:14956:41
            </failure>
        </testcase>
        <testcase classname="components/feedme/__tests__/DragDropManager.test.tsx" name="DragDropManager &gt; Active Operation Display &gt; shows progress indicator" time="0.000414667">
            <failure message="[vitest] No &quot;useConversations&quot; export is defined on the &quot;@/lib/stores/feedme-store&quot; mock. Did you forget to return it from &quot;vi.mock&quot;?
If you need to partially mock a module, you can use &quot;importOriginal&quot; helper inside:
" type="Error">
Error: [vitest] No &quot;useConversations&quot; export is defined on the &quot;@/lib/stores/feedme-store&quot; mock. Did you forget to return it from &quot;vi.mock&quot;?
If you need to partially mock a module, you can use &quot;importOriginal&quot; helper inside:

vi.mock(import(&quot;@/lib/stores/feedme-store&quot;), async (importOriginal) =&gt; {
  const actual = await importOriginal()
  return {
    ...actual,
    // your mocked methods
  }
})

 ❯ DragDropManager components/feedme/DragDropManager.tsx:384:25
 ❯ Object.react-stack-bottom-frame node_modules/react-dom/cjs/react-dom-client.development.js:23863:20
 ❯ renderWithHooks node_modules/react-dom/cjs/react-dom-client.development.js:5529:22
 ❯ updateFunctionComponent node_modules/react-dom/cjs/react-dom-client.development.js:8897:19
 ❯ beginWork node_modules/react-dom/cjs/react-dom-client.development.js:10522:18
 ❯ runWithFiberInDEV node_modules/react-dom/cjs/react-dom-client.development.js:1522:13
 ❯ performUnitOfWork node_modules/react-dom/cjs/react-dom-client.development.js:15140:22
 ❯ workLoopSync node_modules/react-dom/cjs/react-dom-client.development.js:14956:41
            </failure>
        </testcase>
        <testcase classname="components/feedme/__tests__/DragDropManager.test.tsx" name="DragDropManager &gt; Active Operation Display &gt; displays cancel button for active operations" time="0.001235709">
            <failure message="[vitest] No &quot;useConversations&quot; export is defined on the &quot;@/lib/stores/feedme-store&quot; mock. Did you forget to return it from &quot;vi.mock&quot;?
If you need to partially mock a module, you can use &quot;importOriginal&quot; helper inside:
" type="Error">
Error: [vitest] No &quot;useConversations&quot; export is defined on the &quot;@/lib/stores/feedme-store&quot; mock. Did you forget to return it from &quot;vi.mock&quot;?
If you need to partially mock a module, you can use &quot;importOriginal&quot; helper inside:

vi.mock(import(&quot;@/lib/stores/feedme-store&quot;), async (importOriginal) =&gt; {
  const actual = await importOriginal()
  return {
    ...actual,
    // your mocked methods
  }
})

 ❯ DragDropManager components/feedme/DragDropManager.tsx:384:25
 ❯ Object.react-stack-bottom-frame node_modules/react-dom/cjs/react-dom-client.development.js:23863:20
 ❯ renderWithHooks node_modules/react-dom/cjs/react-dom-client.development.js:5529:22
 ❯ updateFunctionComponent node_modules/react-dom/cjs/react-dom-client.development.js:8897:19
 ❯ beginWork node_modules/react-dom/cjs/react-dom-client.development.js:10522:18
 ❯ runWithFiberInDEV node_modules/react-dom/cjs/react-dom-client.development.js:1522:13
 ❯ performUnitOfWork node_modules/react-dom/cjs/react-dom-client.development.js:15140:22
 ❯ workLoopSync node_modules/react-dom/cjs/react-dom-client.development.js:14956:41
            </failure>
        </testcase>
        <testcase classname="components/feedme/__tests__/DragDropManager.test.tsx" name="DragDropManager &gt; Active Operation Display &gt; shows operation details" time="0.00046325">
            <failure message="[vitest] No &quot;useConversations&quot; export is defined on the &quot;@/lib/stores/feedme-store&quot; mock. Did you forget to return it from &quot;vi.mock&quot;?
If you need to partially mock a module, you can use &quot;importOriginal&quot; helper inside:
" type="Error">
Error: [vitest] No &quot;useConversations&quot; export is defined on the &quot;@/lib/stores/feedme-store&quot; mock. Did you forget to return it from &quot;vi.mock&quot;?
If you need to partially mock a module, you can use &quot;importOriginal&quot; helper inside:

vi.mock(import(&quot;@/lib/stores/feedme-store&quot;), async (importOriginal) =&gt; {
  const actual = await importOriginal()
  return {
    ...actual,
    // your mocked methods
  }
})

 ❯ DragDropManager components/feedme/DragDropManager.tsx:384:25
 ❯ Object.react-stack-bottom-frame node_modules/react-dom/cjs/react-dom-client.development.js:23863:20
 ❯ renderWithHooks node_modules/react-dom/cjs/react-dom-client.development.js:5529:22
 ❯ updateFunctionComponent node_modules/react-dom/cjs/react-dom-client.development.js:8897:19
 ❯ beginWork node_modules/react-dom/cjs/react-dom-client.development.js:10522:18
 ❯ runWithFiberInDEV node_modules/react-dom/cjs/react-dom-client.development.js:1522:13
 ❯ performUnitOfWork node_modules/react-dom/cjs/react-dom-client.development.js:15140:22
 ❯ workLoopSync node_modules/react-dom/cjs/react-dom-client.development.js:14956:41
            </failure>
        </testcase>
        <testcase classname="components/feedme/__tests__/DragDropManager.test.tsx" name="DragDropManager &gt; Conflict Resolution &gt; displays conflict resolution dialog" time="0.000406375">
            <failure message="[vitest] No &quot;useConversations&quot; export is defined on the &quot;@/lib/stores/feedme-store&quot; mock. Did you forget to return it from &quot;vi.mock&quot;?
If you need to partially mock a module, you can use &quot;importOriginal&quot; helper inside:
" type="Error">
Error: [vitest] No &quot;useConversations&quot; export is defined on the &quot;@/lib/stores/feedme-store&quot; mock. Did you forget to return it from &quot;vi.mock&quot;?
If you need to partially mock a module, you can use &quot;importOriginal&quot; helper inside:

vi.mock(import(&quot;@/lib/stores/feedme-store&quot;), async (importOriginal) =&gt; {
  const actual = await importOriginal()
  return {
    ...actual,
    // your mocked methods
  }
})

 ❯ DragDropManager components/feedme/DragDropManager.tsx:384:25
 ❯ Object.react-stack-bottom-frame node_modules/react-dom/cjs/react-dom-client.development.js:23863:20
 ❯ renderWithHooks node_modules/react-dom/cjs/react-dom-client.development.js:5529:22
 ❯ updateFunctionComponent node_modules/react-dom/cjs/react-dom-client.development.js:8897:19
 ❯ beginWork node_modules/react-dom/cjs/react-dom-client.development.js:10522:18
 ❯ runWithFiberInDEV node_modules/react-dom/cjs/react-dom-client.development.js:1522:13
 ❯ performUnitOfWork node_modules/react-dom/cjs/react-dom-client.development.js:15140:22
 ❯ workLoopSync node_modules/react-dom/cjs/react-dom-client.development.js:14956:41
            </failure>
        </testcase>
        <testcase classname="components/feedme/__tests__/DragDropManager.test.tsx" name="DragDropManager &gt; Conflict Resolution &gt; shows conflict details" time="0.000356709">
            <failure message="[vitest] No &quot;useConversations&quot; export is defined on the &quot;@/lib/stores/feedme-store&quot; mock. Did you forget to return it from &quot;vi.mock&quot;?
If you need to partially mock a module, you can use &quot;importOriginal&quot; helper inside:
" type="Error">
Error: [vitest] No &quot;useConversations&quot; export is defined on the &quot;@/lib/stores/feedme-store&quot; mock. Did you forget to return it from &quot;vi.mock&quot;?
If you need to partially mock a module, you can use &quot;importOriginal&quot; helper inside:

vi.mock(import(&quot;@/lib/stores/feedme-store&quot;), async (importOriginal) =&gt; {
  const actual = await importOriginal()
  return {
    ...actual,
    // your mocked methods
  }
})

 ❯ DragDropManager components/feedme/DragDropManager.tsx:384:25
 ❯ Object.react-stack-bottom-frame node_modules/react-dom/cjs/react-dom-client.development.js:23863:20
 ❯ renderWithHooks node_modules/react-dom/cjs/react-dom-client.development.js:5529:22
 ❯ updateFunctionComponent node_modules/react-dom/cjs/react-dom-client.development.js:8897:19
 ❯ beginWork node_modules/react-dom/cjs/react-dom-client.development.js:10522:18
 ❯ runWithFiberInDEV node_modules/react-dom/cjs/react-dom-client.development.js:1522:13
 ❯ performUnitOfWork node_modules/react-dom/cjs/react-dom-client.development.js:15140:22
 ❯ workLoopSync node_modules/react-dom/cjs/react-dom-client.development.js:14956:41
            </failure>
        </testcase>
        <testcase classname="components/feedme/__tests__/DragDropManager.test.tsx" name="DragDropManager &gt; Conflict Resolution &gt; provides resolution options" time="0.000338417">
            <failure message="[vitest] No &quot;useConversations&quot; export is defined on the &quot;@/lib/stores/feedme-store&quot; mock. Did you forget to return it from &quot;vi.mock&quot;?
If you need to partially mock a module, you can use &quot;importOriginal&quot; helper inside:
" type="Error">
Error: [vitest] No &quot;useConversations&quot; export is defined on the &quot;@/lib/stores/feedme-store&quot; mock. Did you forget to return it from &quot;vi.mock&quot;?
If you need to partially mock a module, you can use &quot;importOriginal&quot; helper inside:

vi.mock(import(&quot;@/lib/stores/feedme-store&quot;), async (importOriginal) =&gt; {
  const actual = await importOriginal()
  return {
    ...actual,
    // your mocked methods
  }
})

 ❯ DragDropManager components/feedme/DragDropManager.tsx:384:25
 ❯ Object.react-stack-bottom-frame node_modules/react-dom/cjs/react-dom-client.development.js:23863:20
 ❯ renderWithHooks node_modules/react-dom/cjs/react-dom-client.development.js:5529:22
 ❯ updateFunctionComponent node_modules/react-dom/cjs/react-dom-client.development.js:8897:19
 ❯ beginWork node_modules/react-dom/cjs/react-dom-client.development.js:10522:18
 ❯ runWithFiberInDEV node_modules/react-dom/cjs/react-dom-client.development.js:1522:13
 ❯ performUnitOfWork node_modules/react-dom/cjs/react-dom-client.development.js:15140:22
 ❯ workLoopSync node_modules/react-dom/cjs/react-dom-client.development.js:14956:41
            </failure>
        </testcase>
        <testcase classname="components/feedme/__tests__/DragDropManager.test.tsx" name="DragDropManager &gt; Conflict Resolution &gt; handles conflict resolution" time="0.000397917">
            <failure message="[vitest] No &quot;useConversations&quot; export is defined on the &quot;@/lib/stores/feedme-store&quot; mock. Did you forget to return it from &quot;vi.mock&quot;?
If you need to partially mock a module, you can use &quot;importOriginal&quot; helper inside:
" type="Error">
Error: [vitest] No &quot;useConversations&quot; export is defined on the &quot;@/lib/stores/feedme-store&quot; mock. Did you forget to return it from &quot;vi.mock&quot;?
If you need to partially mock a module, you can use &quot;importOriginal&quot; helper inside:

vi.mock(import(&quot;@/lib/stores/feedme-store&quot;), async (importOriginal) =&gt; {
  const actual = await importOriginal()
  return {
    ...actual,
    // your mocked methods
  }
})

 ❯ DragDropManager components/feedme/DragDropManager.tsx:384:25
 ❯ Object.react-stack-bottom-frame node_modules/react-dom/cjs/react-dom-client.development.js:23863:20
 ❯ renderWithHooks node_modules/react-dom/cjs/react-dom-client.development.js:5529:22
 ❯ updateFunctionComponent node_modules/react-dom/cjs/react-dom-client.development.js:8897:19
 ❯ beginWork node_modules/react-dom/cjs/react-dom-client.development.js:10522:18
 ❯ runWithFiberInDEV node_modules/react-dom/cjs/react-dom-client.development.js:1522:13
 ❯ performUnitOfWork node_modules/react-dom/cjs/react-dom-client.development.js:15140:22
 ❯ workLoopSync node_modules/react-dom/cjs/react-dom-client.development.js:14956:41
            </failure>
        </testcase>
        <testcase classname="components/feedme/__tests__/DragDropManager.test.tsx" name="DragDropManager &gt; Conflict Resolution &gt; shows file comparison for name collisions" time="0.000326583">
            <failure message="[vitest] No &quot;useConversations&quot; export is defined on the &quot;@/lib/stores/feedme-store&quot; mock. Did you forget to return it from &quot;vi.mock&quot;?
If you need to partially mock a module, you can use &quot;importOriginal&quot; helper inside:
" type="Error">
Error: [vitest] No &quot;useConversations&quot; export is defined on the &quot;@/lib/stores/feedme-store&quot; mock. Did you forget to return it from &quot;vi.mock&quot;?
If you need to partially mock a module, you can use &quot;importOriginal&quot; helper inside:

vi.mock(import(&quot;@/lib/stores/feedme-store&quot;), async (importOriginal) =&gt; {
  const actual = await importOriginal()
  return {
    ...actual,
    // your mocked methods
  }
})

 ❯ DragDropManager components/feedme/DragDropManager.tsx:384:25
 ❯ Object.react-stack-bottom-frame node_modules/react-dom/cjs/react-dom-client.development.js:23863:20
 ❯ renderWithHooks node_modules/react-dom/cjs/react-dom-client.development.js:5529:22
 ❯ updateFunctionComponent node_modules/react-dom/cjs/react-dom-client.development.js:8897:19
 ❯ beginWork node_modules/react-dom/cjs/react-dom-client.development.js:10522:18
 ❯ runWithFiberInDEV node_modules/react-dom/cjs/react-dom-client.development.js:1522:13
 ❯ performUnitOfWork node_modules/react-dom/cjs/react-dom-client.development.js:15140:22
 ❯ workLoopSync node_modules/react-dom/cjs/react-dom-client.development.js:14956:41
            </failure>
        </testcase>
        <testcase classname="components/feedme/__tests__/DragDropManager.test.tsx" name="DragDropManager &gt; Conflict Resolution &gt; handles bulk conflict resolution" time="0.000409">
            <failure message="[vitest] No &quot;useConversations&quot; export is defined on the &quot;@/lib/stores/feedme-store&quot; mock. Did you forget to return it from &quot;vi.mock&quot;?
If you need to partially mock a module, you can use &quot;importOriginal&quot; helper inside:
" type="Error">
Error: [vitest] No &quot;useConversations&quot; export is defined on the &quot;@/lib/stores/feedme-store&quot; mock. Did you forget to return it from &quot;vi.mock&quot;?
If you need to partially mock a module, you can use &quot;importOriginal&quot; helper inside:

vi.mock(import(&quot;@/lib/stores/feedme-store&quot;), async (importOriginal) =&gt; {
  const actual = await importOriginal()
  return {
    ...actual,
    // your mocked methods
  }
})

 ❯ DragDropManager components/feedme/DragDropManager.tsx:384:25
 ❯ Object.react-stack-bottom-frame node_modules/react-dom/cjs/react-dom-client.development.js:23863:20
 ❯ renderWithHooks node_modules/react-dom/cjs/react-dom-client.development.js:5529:22
 ❯ updateFunctionComponent node_modules/react-dom/cjs/react-dom-client.development.js:8897:19
 ❯ beginWork node_modules/react-dom/cjs/react-dom-client.development.js:10522:18
 ❯ runWithFiberInDEV node_modules/react-dom/cjs/react-dom-client.development.js:1522:13
 ❯ performUnitOfWork node_modules/react-dom/cjs/react-dom-client.development.js:15140:22
 ❯ workLoopSync node_modules/react-dom/cjs/react-dom-client.development.js:14956:41
            </failure>
        </testcase>
        <testcase classname="components/feedme/__tests__/DragDropManager.test.tsx" name="DragDropManager &gt; Progress Tracking &gt; displays progress bar" time="0.000355666">
            <failure message="[vitest] No &quot;useConversations&quot; export is defined on the &quot;@/lib/stores/feedme-store&quot; mock. Did you forget to return it from &quot;vi.mock&quot;?
If you need to partially mock a module, you can use &quot;importOriginal&quot; helper inside:
" type="Error">
Error: [vitest] No &quot;useConversations&quot; export is defined on the &quot;@/lib/stores/feedme-store&quot; mock. Did you forget to return it from &quot;vi.mock&quot;?
If you need to partially mock a module, you can use &quot;importOriginal&quot; helper inside:

vi.mock(import(&quot;@/lib/stores/feedme-store&quot;), async (importOriginal) =&gt; {
  const actual = await importOriginal()
  return {
    ...actual,
    // your mocked methods
  }
})

 ❯ DragDropManager components/feedme/DragDropManager.tsx:384:25
 ❯ Object.react-stack-bottom-frame node_modules/react-dom/cjs/react-dom-client.development.js:23863:20
 ❯ renderWithHooks node_modules/react-dom/cjs/react-dom-client.development.js:5529:22
 ❯ updateFunctionComponent node_modules/react-dom/cjs/react-dom-client.development.js:8897:19
 ❯ beginWork node_modules/react-dom/cjs/react-dom-client.development.js:10522:18
 ❯ runWithFiberInDEV node_modules/react-dom/cjs/react-dom-client.development.js:1522:13
 ❯ performUnitOfWork node_modules/react-dom/cjs/react-dom-client.development.js:15140:22
 ❯ workLoopSync node_modules/react-dom/cjs/react-dom-client.development.js:14956:41
            </failure>
        </testcase>
        <testcase classname="components/feedme/__tests__/DragDropManager.test.tsx" name="DragDropManager &gt; Progress Tracking &gt; shows detailed progress information" time="0.00030275">
            <failure message="[vitest] No &quot;useConversations&quot; export is defined on the &quot;@/lib/stores/feedme-store&quot; mock. Did you forget to return it from &quot;vi.mock&quot;?
If you need to partially mock a module, you can use &quot;importOriginal&quot; helper inside:
" type="Error">
Error: [vitest] No &quot;useConversations&quot; export is defined on the &quot;@/lib/stores/feedme-store&quot; mock. Did you forget to return it from &quot;vi.mock&quot;?
If you need to partially mock a module, you can use &quot;importOriginal&quot; helper inside:

vi.mock(import(&quot;@/lib/stores/feedme-store&quot;), async (importOriginal) =&gt; {
  const actual = await importOriginal()
  return {
    ...actual,
    // your mocked methods
  }
})

 ❯ DragDropManager components/feedme/DragDropManager.tsx:384:25
 ❯ Object.react-stack-bottom-frame node_modules/react-dom/cjs/react-dom-client.development.js:23863:20
 ❯ renderWithHooks node_modules/react-dom/cjs/react-dom-client.development.js:5529:22
 ❯ updateFunctionComponent node_modules/react-dom/cjs/react-dom-client.development.js:8897:19
 ❯ beginWork node_modules/react-dom/cjs/react-dom-client.development.js:10522:18
 ❯ runWithFiberInDEV node_modules/react-dom/cjs/react-dom-client.development.js:1522:13
 ❯ performUnitOfWork node_modules/react-dom/cjs/react-dom-client.development.js:15140:22
 ❯ workLoopSync node_modules/react-dom/cjs/react-dom-client.development.js:14956:41
            </failure>
        </testcase>
        <testcase classname="components/feedme/__tests__/DragDropManager.test.tsx" name="DragDropManager &gt; Progress Tracking &gt; updates progress in real-time" time="0.000299417">
            <failure message="[vitest] No &quot;useConversations&quot; export is defined on the &quot;@/lib/stores/feedme-store&quot; mock. Did you forget to return it from &quot;vi.mock&quot;?
If you need to partially mock a module, you can use &quot;importOriginal&quot; helper inside:
" type="Error">
Error: [vitest] No &quot;useConversations&quot; export is defined on the &quot;@/lib/stores/feedme-store&quot; mock. Did you forget to return it from &quot;vi.mock&quot;?
If you need to partially mock a module, you can use &quot;importOriginal&quot; helper inside:

vi.mock(import(&quot;@/lib/stores/feedme-store&quot;), async (importOriginal) =&gt; {
  const actual = await importOriginal()
  return {
    ...actual,
    // your mocked methods
  }
})

 ❯ DragDropManager components/feedme/DragDropManager.tsx:384:25
 ❯ Object.react-stack-bottom-frame node_modules/react-dom/cjs/react-dom-client.development.js:23863:20
 ❯ renderWithHooks node_modules/react-dom/cjs/react-dom-client.development.js:5529:22
 ❯ updateFunctionComponent node_modules/react-dom/cjs/react-dom-client.development.js:8897:19
 ❯ beginWork node_modules/react-dom/cjs/react-dom-client.development.js:10522:18
 ❯ runWithFiberInDEV node_modules/react-dom/cjs/react-dom-client.development.js:1522:13
 ❯ performUnitOfWork node_modules/react-dom/cjs/react-dom-client.development.js:15140:22
 ❯ workLoopSync node_modules/react-dom/cjs/react-dom-client.development.js:14956:41
            </failure>
        </testcase>
        <testcase classname="components/feedme/__tests__/DragDropManager.test.tsx" name="DragDropManager &gt; Operation History &gt; displays operation history" time="0.0003235">
            <failure message="[vitest] No &quot;useConversations&quot; export is defined on the &quot;@/lib/stores/feedme-store&quot; mock. Did you forget to return it from &quot;vi.mock&quot;?
If you need to partially mock a module, you can use &quot;importOriginal&quot; helper inside:
" type="Error">
Error: [vitest] No &quot;useConversations&quot; export is defined on the &quot;@/lib/stores/feedme-store&quot; mock. Did you forget to return it from &quot;vi.mock&quot;?
If you need to partially mock a module, you can use &quot;importOriginal&quot; helper inside:

vi.mock(import(&quot;@/lib/stores/feedme-store&quot;), async (importOriginal) =&gt; {
  const actual = await importOriginal()
  return {
    ...actual,
    // your mocked methods
  }
})

 ❯ DragDropManager components/feedme/DragDropManager.tsx:384:25
 ❯ Object.react-stack-bottom-frame node_modules/react-dom/cjs/react-dom-client.development.js:23863:20
 ❯ renderWithHooks node_modules/react-dom/cjs/react-dom-client.development.js:5529:22
 ❯ updateFunctionComponent node_modules/react-dom/cjs/react-dom-client.development.js:8897:19
 ❯ beginWork node_modules/react-dom/cjs/react-dom-client.development.js:10522:18
 ❯ runWithFiberInDEV node_modules/react-dom/cjs/react-dom-client.development.js:1522:13
 ❯ performUnitOfWork node_modules/react-dom/cjs/react-dom-client.development.js:15140:22
 ❯ workLoopSync node_modules/react-dom/cjs/react-dom-client.development.js:14956:41
            </failure>
        </testcase>
        <testcase classname="components/feedme/__tests__/DragDropManager.test.tsx" name="DragDropManager &gt; Operation History &gt; shows completed operations" time="0.00031475">
            <failure message="[vitest] No &quot;useConversations&quot; export is defined on the &quot;@/lib/stores/feedme-store&quot; mock. Did you forget to return it from &quot;vi.mock&quot;?
If you need to partially mock a module, you can use &quot;importOriginal&quot; helper inside:
" type="Error">
Error: [vitest] No &quot;useConversations&quot; export is defined on the &quot;@/lib/stores/feedme-store&quot; mock. Did you forget to return it from &quot;vi.mock&quot;?
If you need to partially mock a module, you can use &quot;importOriginal&quot; helper inside:

vi.mock(import(&quot;@/lib/stores/feedme-store&quot;), async (importOriginal) =&gt; {
  const actual = await importOriginal()
  return {
    ...actual,
    // your mocked methods
  }
})

 ❯ DragDropManager components/feedme/DragDropManager.tsx:384:25
 ❯ Object.react-stack-bottom-frame node_modules/react-dom/cjs/react-dom-client.development.js:23863:20
 ❯ renderWithHooks node_modules/react-dom/cjs/react-dom-client.development.js:5529:22
 ❯ updateFunctionComponent node_modules/react-dom/cjs/react-dom-client.development.js:8897:19
 ❯ beginWork node_modules/react-dom/cjs/react-dom-client.development.js:10522:18
 ❯ runWithFiberInDEV node_modules/react-dom/cjs/react-dom-client.development.js:1522:13
 ❯ performUnitOfWork node_modules/react-dom/cjs/react-dom-client.development.js:15140:22
 ❯ workLoopSync node_modules/react-dom/cjs/react-dom-client.development.js:14956:41
            </failure>
        </testcase>
        <testcase classname="components/feedme/__tests__/DragDropManager.test.tsx" name="DragDropManager &gt; Operation History &gt; shows failed operations" time="0.000297584">
            <failure message="[vitest] No &quot;useConversations&quot; export is defined on the &quot;@/lib/stores/feedme-store&quot; mock. Did you forget to return it from &quot;vi.mock&quot;?
If you need to partially mock a module, you can use &quot;importOriginal&quot; helper inside:
" type="Error">
Error: [vitest] No &quot;useConversations&quot; export is defined on the &quot;@/lib/stores/feedme-store&quot; mock. Did you forget to return it from &quot;vi.mock&quot;?
If you need to partially mock a module, you can use &quot;importOriginal&quot; helper inside:

vi.mock(import(&quot;@/lib/stores/feedme-store&quot;), async (importOriginal) =&gt; {
  const actual = await importOriginal()
  return {
    ...actual,
    // your mocked methods
  }
})

 ❯ DragDropManager components/feedme/DragDropManager.tsx:384:25
 ❯ Object.react-stack-bottom-frame node_modules/react-dom/cjs/react-dom-client.development.js:23863:20
 ❯ renderWithHooks node_modules/react-dom/cjs/react-dom-client.development.js:5529:22
 ❯ updateFunctionComponent node_modules/react-dom/cjs/react-dom-client.development.js:8897:19
 ❯ beginWork node_modules/react-dom/cjs/react-dom-client.development.js:10522:18
 ❯ runWithFiberInDEV node_modules/react-dom/cjs/react-dom-client.development.js:1522:13
 ❯ performUnitOfWork node_modules/react-dom/cjs/react-dom-client.development.js:15140:22
 ❯ workLoopSync node_modules/react-dom/cjs/react-dom-client.development.js:14956:41
            </failure>
        </testcase>
        <testcase classname="components/feedme/__tests__/DragDropManager.test.tsx" name="DragDropManager &gt; Operation History &gt; provides rollback option for completed operations" time="0.000336042">
            <failure message="[vitest] No &quot;useConversations&quot; export is defined on the &quot;@/lib/stores/feedme-store&quot; mock. Did you forget to return it from &quot;vi.mock&quot;?
If you need to partially mock a module, you can use &quot;importOriginal&quot; helper inside:
" type="Error">
Error: [vitest] No &quot;useConversations&quot; export is defined on the &quot;@/lib/stores/feedme-store&quot; mock. Did you forget to return it from &quot;vi.mock&quot;?
If you need to partially mock a module, you can use &quot;importOriginal&quot; helper inside:

vi.mock(import(&quot;@/lib/stores/feedme-store&quot;), async (importOriginal) =&gt; {
  const actual = await importOriginal()
  return {
    ...actual,
    // your mocked methods
  }
})

 ❯ DragDropManager components/feedme/DragDropManager.tsx:384:25
 ❯ Object.react-stack-bottom-frame node_modules/react-dom/cjs/react-dom-client.development.js:23863:20
 ❯ renderWithHooks node_modules/react-dom/cjs/react-dom-client.development.js:5529:22
 ❯ updateFunctionComponent node_modules/react-dom/cjs/react-dom-client.development.js:8897:19
 ❯ beginWork node_modules/react-dom/cjs/react-dom-client.development.js:10522:18
 ❯ runWithFiberInDEV node_modules/react-dom/cjs/react-dom-client.development.js:1522:13
 ❯ performUnitOfWork node_modules/react-dom/cjs/react-dom-client.development.js:15140:22
 ❯ workLoopSync node_modules/react-dom/cjs/react-dom-client.development.js:14956:41
            </failure>
        </testcase>
        <testcase classname="components/feedme/__tests__/DragDropManager.test.tsx" name="DragDropManager &gt; Operation History &gt; handles rollback confirmation" time="0.00449525">
            <failure message="[vitest] No &quot;useConversations&quot; export is defined on the &quot;@/lib/stores/feedme-store&quot; mock. Did you forget to return it from &quot;vi.mock&quot;?
If you need to partially mock a module, you can use &quot;importOriginal&quot; helper inside:
" type="Error">
Error: [vitest] No &quot;useConversations&quot; export is defined on the &quot;@/lib/stores/feedme-store&quot; mock. Did you forget to return it from &quot;vi.mock&quot;?
If you need to partially mock a module, you can use &quot;importOriginal&quot; helper inside:

vi.mock(import(&quot;@/lib/stores/feedme-store&quot;), async (importOriginal) =&gt; {
  const actual = await importOriginal()
  return {
    ...actual,
    // your mocked methods
  }
})

 ❯ DragDropManager components/feedme/DragDropManager.tsx:384:25
 ❯ Object.react-stack-bottom-frame node_modules/react-dom/cjs/react-dom-client.development.js:23863:20
 ❯ renderWithHooks node_modules/react-dom/cjs/react-dom-client.development.js:5529:22
 ❯ updateFunctionComponent node_modules/react-dom/cjs/react-dom-client.development.js:8897:19
 ❯ beginWork node_modules/react-dom/cjs/react-dom-client.development.js:10522:18
 ❯ runWithFiberInDEV node_modules/react-dom/cjs/react-dom-client.development.js:1522:13
 ❯ performUnitOfWork node_modules/react-dom/cjs/react-dom-client.development.js:15140:22
 ❯ workLoopSync node_modules/react-dom/cjs/react-dom-client.development.js:14956:41
            </failure>
        </testcase>
        <testcase classname="components/feedme/__tests__/DragDropManager.test.tsx" name="DragDropManager &gt; Operation History &gt; clears operation history" time="0.000466167">
            <failure message="[vitest] No &quot;useConversations&quot; export is defined on the &quot;@/lib/stores/feedme-store&quot; mock. Did you forget to return it from &quot;vi.mock&quot;?
If you need to partially mock a module, you can use &quot;importOriginal&quot; helper inside:
" type="Error">
Error: [vitest] No &quot;useConversations&quot; export is defined on the &quot;@/lib/stores/feedme-store&quot; mock. Did you forget to return it from &quot;vi.mock&quot;?
If you need to partially mock a module, you can use &quot;importOriginal&quot; helper inside:

vi.mock(import(&quot;@/lib/stores/feedme-store&quot;), async (importOriginal) =&gt; {
  const actual = await importOriginal()
  return {
    ...actual,
    // your mocked methods
  }
})

 ❯ DragDropManager components/feedme/DragDropManager.tsx:384:25
 ❯ Object.react-stack-bottom-frame node_modules/react-dom/cjs/react-dom-client.development.js:23863:20
 ❯ renderWithHooks node_modules/react-dom/cjs/react-dom-client.development.js:5529:22
 ❯ updateFunctionComponent node_modules/react-dom/cjs/react-dom-client.development.js:8897:19
 ❯ beginWork node_modules/react-dom/cjs/react-dom-client.development.js:10522:18
 ❯ runWithFiberInDEV node_modules/react-dom/cjs/react-dom-client.development.js:1522:13
 ❯ performUnitOfWork node_modules/react-dom/cjs/react-dom-client.development.js:15140:22
 ❯ workLoopSync node_modules/react-dom/cjs/react-dom-client.development.js:14956:41
            </failure>
        </testcase>
        <testcase classname="components/feedme/__tests__/DragDropManager.test.tsx" name="DragDropManager &gt; Validation &gt; validates move operations before execution" time="0.000322458">
            <failure message="[vitest] No &quot;useConversations&quot; export is defined on the &quot;@/lib/stores/feedme-store&quot; mock. Did you forget to return it from &quot;vi.mock&quot;?
If you need to partially mock a module, you can use &quot;importOriginal&quot; helper inside:
" type="Error">
Error: [vitest] No &quot;useConversations&quot; export is defined on the &quot;@/lib/stores/feedme-store&quot; mock. Did you forget to return it from &quot;vi.mock&quot;?
If you need to partially mock a module, you can use &quot;importOriginal&quot; helper inside:

vi.mock(import(&quot;@/lib/stores/feedme-store&quot;), async (importOriginal) =&gt; {
  const actual = await importOriginal()
  return {
    ...actual,
    // your mocked methods
  }
})

 ❯ DragDropManager components/feedme/DragDropManager.tsx:384:25
 ❯ Object.react-stack-bottom-frame node_modules/react-dom/cjs/react-dom-client.development.js:23863:20
 ❯ renderWithHooks node_modules/react-dom/cjs/react-dom-client.development.js:5529:22
 ❯ updateFunctionComponent node_modules/react-dom/cjs/react-dom-client.development.js:8897:19
 ❯ beginWork node_modules/react-dom/cjs/react-dom-client.development.js:10522:18
 ❯ runWithFiberInDEV node_modules/react-dom/cjs/react-dom-client.development.js:1522:13
 ❯ performUnitOfWork node_modules/react-dom/cjs/react-dom-client.development.js:15140:22
 ❯ workLoopSync node_modules/react-dom/cjs/react-dom-client.development.js:14956:41
            </failure>
        </testcase>
        <testcase classname="components/feedme/__tests__/DragDropManager.test.tsx" name="DragDropManager &gt; Validation &gt; shows validation results" time="0.000290583">
            <failure message="[vitest] No &quot;useConversations&quot; export is defined on the &quot;@/lib/stores/feedme-store&quot; mock. Did you forget to return it from &quot;vi.mock&quot;?
If you need to partially mock a module, you can use &quot;importOriginal&quot; helper inside:
" type="Error">
Error: [vitest] No &quot;useConversations&quot; export is defined on the &quot;@/lib/stores/feedme-store&quot; mock. Did you forget to return it from &quot;vi.mock&quot;?
If you need to partially mock a module, you can use &quot;importOriginal&quot; helper inside:

vi.mock(import(&quot;@/lib/stores/feedme-store&quot;), async (importOriginal) =&gt; {
  const actual = await importOriginal()
  return {
    ...actual,
    // your mocked methods
  }
})

 ❯ DragDropManager components/feedme/DragDropManager.tsx:384:25
 ❯ Object.react-stack-bottom-frame node_modules/react-dom/cjs/react-dom-client.development.js:23863:20
 ❯ renderWithHooks node_modules/react-dom/cjs/react-dom-client.development.js:5529:22
 ❯ updateFunctionComponent node_modules/react-dom/cjs/react-dom-client.development.js:8897:19
 ❯ beginWork node_modules/react-dom/cjs/react-dom-client.development.js:10522:18
 ❯ runWithFiberInDEV node_modules/react-dom/cjs/react-dom-client.development.js:1522:13
 ❯ performUnitOfWork node_modules/react-dom/cjs/react-dom-client.development.js:15140:22
 ❯ workLoopSync node_modules/react-dom/cjs/react-dom-client.development.js:14956:41
            </failure>
        </testcase>
        <testcase classname="components/feedme/__tests__/DragDropManager.test.tsx" name="DragDropManager &gt; Validation &gt; prevents invalid operations" time="0.000269458">
            <failure message="[vitest] No &quot;useConversations&quot; export is defined on the &quot;@/lib/stores/feedme-store&quot; mock. Did you forget to return it from &quot;vi.mock&quot;?
If you need to partially mock a module, you can use &quot;importOriginal&quot; helper inside:
" type="Error">
Error: [vitest] No &quot;useConversations&quot; export is defined on the &quot;@/lib/stores/feedme-store&quot; mock. Did you forget to return it from &quot;vi.mock&quot;?
If you need to partially mock a module, you can use &quot;importOriginal&quot; helper inside:

vi.mock(import(&quot;@/lib/stores/feedme-store&quot;), async (importOriginal) =&gt; {
  const actual = await importOriginal()
  return {
    ...actual,
    // your mocked methods
  }
})

 ❯ DragDropManager components/feedme/DragDropManager.tsx:384:25
 ❯ Object.react-stack-bottom-frame node_modules/react-dom/cjs/react-dom-client.development.js:23863:20
 ❯ renderWithHooks node_modules/react-dom/cjs/react-dom-client.development.js:5529:22
 ❯ updateFunctionComponent node_modules/react-dom/cjs/react-dom-client.development.js:8897:19
 ❯ beginWork node_modules/react-dom/cjs/react-dom-client.development.js:10522:18
 ❯ runWithFiberInDEV node_modules/react-dom/cjs/react-dom-client.development.js:1522:13
 ❯ performUnitOfWork node_modules/react-dom/cjs/react-dom-client.development.js:15140:22
 ❯ workLoopSync node_modules/react-dom/cjs/react-dom-client.development.js:14956:41
            </failure>
        </testcase>
        <testcase classname="components/feedme/__tests__/DragDropManager.test.tsx" name="DragDropManager &gt; Performance &gt; handles large move operations efficiently" time="0.00066975">
            <failure message="[vitest] No &quot;useConversations&quot; export is defined on the &quot;@/lib/stores/feedme-store&quot; mock. Did you forget to return it from &quot;vi.mock&quot;?
If you need to partially mock a module, you can use &quot;importOriginal&quot; helper inside:
" type="Error">
Error: [vitest] No &quot;useConversations&quot; export is defined on the &quot;@/lib/stores/feedme-store&quot; mock. Did you forget to return it from &quot;vi.mock&quot;?
If you need to partially mock a module, you can use &quot;importOriginal&quot; helper inside:

vi.mock(import(&quot;@/lib/stores/feedme-store&quot;), async (importOriginal) =&gt; {
  const actual = await importOriginal()
  return {
    ...actual,
    // your mocked methods
  }
})

 ❯ DragDropManager components/feedme/DragDropManager.tsx:384:25
 ❯ Object.react-stack-bottom-frame node_modules/react-dom/cjs/react-dom-client.development.js:23863:20
 ❯ renderWithHooks node_modules/react-dom/cjs/react-dom-client.development.js:5529:22
 ❯ updateFunctionComponent node_modules/react-dom/cjs/react-dom-client.development.js:8897:19
 ❯ beginWork node_modules/react-dom/cjs/react-dom-client.development.js:10522:18
 ❯ runWithFiberInDEV node_modules/react-dom/cjs/react-dom-client.development.js:1522:13
 ❯ performUnitOfWork node_modules/react-dom/cjs/react-dom-client.development.js:15140:22
 ❯ workLoopSync node_modules/react-dom/cjs/react-dom-client.development.js:14956:41
            </failure>
        </testcase>
        <testcase classname="components/feedme/__tests__/DragDropManager.test.tsx" name="DragDropManager &gt; Performance &gt; debounces frequent updates" time="0.000308583">
            <failure message="[vitest] No &quot;useConversations&quot; export is defined on the &quot;@/lib/stores/feedme-store&quot; mock. Did you forget to return it from &quot;vi.mock&quot;?
If you need to partially mock a module, you can use &quot;importOriginal&quot; helper inside:
" type="Error">
Error: [vitest] No &quot;useConversations&quot; export is defined on the &quot;@/lib/stores/feedme-store&quot; mock. Did you forget to return it from &quot;vi.mock&quot;?
If you need to partially mock a module, you can use &quot;importOriginal&quot; helper inside:

vi.mock(import(&quot;@/lib/stores/feedme-store&quot;), async (importOriginal) =&gt; {
  const actual = await importOriginal()
  return {
    ...actual,
    // your mocked methods
  }
})

 ❯ DragDropManager components/feedme/DragDropManager.tsx:384:25
 ❯ Object.react-stack-bottom-frame node_modules/react-dom/cjs/react-dom-client.development.js:23863:20
 ❯ renderWithHooks node_modules/react-dom/cjs/react-dom-client.development.js:5529:22
 ❯ updateFunctionComponent node_modules/react-dom/cjs/react-dom-client.development.js:8897:19
 ❯ beginWork node_modules/react-dom/cjs/react-dom-client.development.js:10522:18
 ❯ runWithFiberInDEV node_modules/react-dom/cjs/react-dom-client.development.js:1522:13
 ❯ performUnitOfWork node_modules/react-dom/cjs/react-dom-client.development.js:15140:22
 ❯ workLoopSync node_modules/react-dom/cjs/react-dom-client.development.js:14956:41
            </failure>
        </testcase>
        <testcase classname="components/feedme/__tests__/DragDropManager.test.tsx" name="DragDropManager &gt; Accessibility &gt; has proper ARIA labels" time="0.000270083">
            <failure message="[vitest] No &quot;useConversations&quot; export is defined on the &quot;@/lib/stores/feedme-store&quot; mock. Did you forget to return it from &quot;vi.mock&quot;?
If you need to partially mock a module, you can use &quot;importOriginal&quot; helper inside:
" type="Error">
Error: [vitest] No &quot;useConversations&quot; export is defined on the &quot;@/lib/stores/feedme-store&quot; mock. Did you forget to return it from &quot;vi.mock&quot;?
If you need to partially mock a module, you can use &quot;importOriginal&quot; helper inside:

vi.mock(import(&quot;@/lib/stores/feedme-store&quot;), async (importOriginal) =&gt; {
  const actual = await importOriginal()
  return {
    ...actual,
    // your mocked methods
  }
})

 ❯ DragDropManager components/feedme/DragDropManager.tsx:384:25
 ❯ Object.react-stack-bottom-frame node_modules/react-dom/cjs/react-dom-client.development.js:23863:20
 ❯ renderWithHooks node_modules/react-dom/cjs/react-dom-client.development.js:5529:22
 ❯ updateFunctionComponent node_modules/react-dom/cjs/react-dom-client.development.js:8897:19
 ❯ beginWork node_modules/react-dom/cjs/react-dom-client.development.js:10522:18
 ❯ runWithFiberInDEV node_modules/react-dom/cjs/react-dom-client.development.js:1522:13
 ❯ performUnitOfWork node_modules/react-dom/cjs/react-dom-client.development.js:15140:22
 ❯ workLoopSync node_modules/react-dom/cjs/react-dom-client.development.js:14956:41
            </failure>
        </testcase>
        <testcase classname="components/feedme/__tests__/DragDropManager.test.tsx" name="DragDropManager &gt; Accessibility &gt; provides keyboard navigation support" time="0.000299917">
            <failure message="[vitest] No &quot;useConversations&quot; export is defined on the &quot;@/lib/stores/feedme-store&quot; mock. Did you forget to return it from &quot;vi.mock&quot;?
If you need to partially mock a module, you can use &quot;importOriginal&quot; helper inside:
" type="Error">
Error: [vitest] No &quot;useConversations&quot; export is defined on the &quot;@/lib/stores/feedme-store&quot; mock. Did you forget to return it from &quot;vi.mock&quot;?
If you need to partially mock a module, you can use &quot;importOriginal&quot; helper inside:

vi.mock(import(&quot;@/lib/stores/feedme-store&quot;), async (importOriginal) =&gt; {
  const actual = await importOriginal()
  return {
    ...actual,
    // your mocked methods
  }
})

 ❯ DragDropManager components/feedme/DragDropManager.tsx:384:25
 ❯ Object.react-stack-bottom-frame node_modules/react-dom/cjs/react-dom-client.development.js:23863:20
 ❯ renderWithHooks node_modules/react-dom/cjs/react-dom-client.development.js:5529:22
 ❯ updateFunctionComponent node_modules/react-dom/cjs/react-dom-client.development.js:8897:19
 ❯ beginWork node_modules/react-dom/cjs/react-dom-client.development.js:10522:18
 ❯ runWithFiberInDEV node_modules/react-dom/cjs/react-dom-client.development.js:1522:13
 ❯ performUnitOfWork node_modules/react-dom/cjs/react-dom-client.development.js:15140:22
 ❯ workLoopSync node_modules/react-dom/cjs/react-dom-client.development.js:14956:41
            </failure>
        </testcase>
        <testcase classname="components/feedme/__tests__/DragDropManager.test.tsx" name="DragDropManager &gt; Accessibility &gt; announces operation status to screen readers" time="0.00025675">
            <failure message="[vitest] No &quot;useConversations&quot; export is defined on the &quot;@/lib/stores/feedme-store&quot; mock. Did you forget to return it from &quot;vi.mock&quot;?
If you need to partially mock a module, you can use &quot;importOriginal&quot; helper inside:
" type="Error">
Error: [vitest] No &quot;useConversations&quot; export is defined on the &quot;@/lib/stores/feedme-store&quot; mock. Did you forget to return it from &quot;vi.mock&quot;?
If you need to partially mock a module, you can use &quot;importOriginal&quot; helper inside:

vi.mock(import(&quot;@/lib/stores/feedme-store&quot;), async (importOriginal) =&gt; {
  const actual = await importOriginal()
  return {
    ...actual,
    // your mocked methods
  }
})

 ❯ DragDropManager components/feedme/DragDropManager.tsx:384:25
 ❯ Object.react-stack-bottom-frame node_modules/react-dom/cjs/react-dom-client.development.js:23863:20
 ❯ renderWithHooks node_modules/react-dom/cjs/react-dom-client.development.js:5529:22
 ❯ updateFunctionComponent node_modules/react-dom/cjs/react-dom-client.development.js:8897:19
 ❯ beginWork node_modules/react-dom/cjs/react-dom-client.development.js:10522:18
 ❯ runWithFiberInDEV node_modules/react-dom/cjs/react-dom-client.development.js:1522:13
 ❯ performUnitOfWork node_modules/react-dom/cjs/react-dom-client.development.js:15140:22
 ❯ workLoopSync node_modules/react-dom/cjs/react-dom-client.development.js:14956:41
            </failure>
        </testcase>
        <testcase classname="components/feedme/__tests__/DragDropManager.test.tsx" name="DragDropManager &gt; Accessibility &gt; provides clear conflict resolution instructions" time="0.00026225">
            <failure message="[vitest] No &quot;useConversations&quot; export is defined on the &quot;@/lib/stores/feedme-store&quot; mock. Did you forget to return it from &quot;vi.mock&quot;?
If you need to partially mock a module, you can use &quot;importOriginal&quot; helper inside:
" type="Error">
Error: [vitest] No &quot;useConversations&quot; export is defined on the &quot;@/lib/stores/feedme-store&quot; mock. Did you forget to return it from &quot;vi.mock&quot;?
If you need to partially mock a module, you can use &quot;importOriginal&quot; helper inside:

vi.mock(import(&quot;@/lib/stores/feedme-store&quot;), async (importOriginal) =&gt; {
  const actual = await importOriginal()
  return {
    ...actual,
    // your mocked methods
  }
})

 ❯ DragDropManager components/feedme/DragDropManager.tsx:384:25
 ❯ Object.react-stack-bottom-frame node_modules/react-dom/cjs/react-dom-client.development.js:23863:20
 ❯ renderWithHooks node_modules/react-dom/cjs/react-dom-client.development.js:5529:22
 ❯ updateFunctionComponent node_modules/react-dom/cjs/react-dom-client.development.js:8897:19
 ❯ beginWork node_modules/react-dom/cjs/react-dom-client.development.js:10522:18
 ❯ runWithFiberInDEV node_modules/react-dom/cjs/react-dom-client.development.js:1522:13
 ❯ performUnitOfWork node_modules/react-dom/cjs/react-dom-client.development.js:15140:22
 ❯ workLoopSync node_modules/react-dom/cjs/react-dom-client.development.js:14956:41
            </failure>
        </testcase>
        <testcase classname="components/feedme/__tests__/DragDropManager.test.tsx" name="DragDropManager &gt; Error Handling &gt; handles move operation errors gracefully" time="0.000256583">
            <failure message="[vitest] No &quot;useConversations&quot; export is defined on the &quot;@/lib/stores/feedme-store&quot; mock. Did you forget to return it from &quot;vi.mock&quot;?
If you need to partially mock a module, you can use &quot;importOriginal&quot; helper inside:
" type="Error">
Error: [vitest] No &quot;useConversations&quot; export is defined on the &quot;@/lib/stores/feedme-store&quot; mock. Did you forget to return it from &quot;vi.mock&quot;?
If you need to partially mock a module, you can use &quot;importOriginal&quot; helper inside:

vi.mock(import(&quot;@/lib/stores/feedme-store&quot;), async (importOriginal) =&gt; {
  const actual = await importOriginal()
  return {
    ...actual,
    // your mocked methods
  }
})

 ❯ DragDropManager components/feedme/DragDropManager.tsx:384:25
 ❯ Object.react-stack-bottom-frame node_modules/react-dom/cjs/react-dom-client.development.js:23863:20
 ❯ renderWithHooks node_modules/react-dom/cjs/react-dom-client.development.js:5529:22
 ❯ updateFunctionComponent node_modules/react-dom/cjs/react-dom-client.development.js:8897:19
 ❯ beginWork node_modules/react-dom/cjs/react-dom-client.development.js:10522:18
 ❯ runWithFiberInDEV node_modules/react-dom/cjs/react-dom-client.development.js:1522:13
 ❯ performUnitOfWork node_modules/react-dom/cjs/react-dom-client.development.js:15140:22
 ❯ workLoopSync node_modules/react-dom/cjs/react-dom-client.development.js:14956:41
            </failure>
        </testcase>
        <testcase classname="components/feedme/__tests__/DragDropManager.test.tsx" name="DragDropManager &gt; Error Handling &gt; provides recovery options for failed operations" time="0.000284125">
            <failure message="[vitest] No &quot;useConversations&quot; export is defined on the &quot;@/lib/stores/feedme-store&quot; mock. Did you forget to return it from &quot;vi.mock&quot;?
If you need to partially mock a module, you can use &quot;importOriginal&quot; helper inside:
" type="Error">
Error: [vitest] No &quot;useConversations&quot; export is defined on the &quot;@/lib/stores/feedme-store&quot; mock. Did you forget to return it from &quot;vi.mock&quot;?
If you need to partially mock a module, you can use &quot;importOriginal&quot; helper inside:

vi.mock(import(&quot;@/lib/stores/feedme-store&quot;), async (importOriginal) =&gt; {
  const actual = await importOriginal()
  return {
    ...actual,
    // your mocked methods
  }
})

 ❯ DragDropManager components/feedme/DragDropManager.tsx:384:25
 ❯ Object.react-stack-bottom-frame node_modules/react-dom/cjs/react-dom-client.development.js:23863:20
 ❯ renderWithHooks node_modules/react-dom/cjs/react-dom-client.development.js:5529:22
 ❯ updateFunctionComponent node_modules/react-dom/cjs/react-dom-client.development.js:8897:19
 ❯ beginWork node_modules/react-dom/cjs/react-dom-client.development.js:10522:18
 ❯ runWithFiberInDEV node_modules/react-dom/cjs/react-dom-client.development.js:1522:13
 ❯ performUnitOfWork node_modules/react-dom/cjs/react-dom-client.development.js:15140:22
 ❯ workLoopSync node_modules/react-dom/cjs/react-dom-client.development.js:14956:41
            </failure>
        </testcase>
        <testcase classname="components/feedme/__tests__/DragDropManager.test.tsx" name="DragDropManager &gt; Error Handling &gt; handles network disconnection during operations" time="0.000247708">
            <failure message="[vitest] No &quot;useConversations&quot; export is defined on the &quot;@/lib/stores/feedme-store&quot; mock. Did you forget to return it from &quot;vi.mock&quot;?
If you need to partially mock a module, you can use &quot;importOriginal&quot; helper inside:
" type="Error">
Error: [vitest] No &quot;useConversations&quot; export is defined on the &quot;@/lib/stores/feedme-store&quot; mock. Did you forget to return it from &quot;vi.mock&quot;?
If you need to partially mock a module, you can use &quot;importOriginal&quot; helper inside:

vi.mock(import(&quot;@/lib/stores/feedme-store&quot;), async (importOriginal) =&gt; {
  const actual = await importOriginal()
  return {
    ...actual,
    // your mocked methods
  }
})

 ❯ DragDropManager components/feedme/DragDropManager.tsx:384:25
 ❯ Object.react-stack-bottom-frame node_modules/react-dom/cjs/react-dom-client.development.js:23863:20
 ❯ renderWithHooks node_modules/react-dom/cjs/react-dom-client.development.js:5529:22
 ❯ updateFunctionComponent node_modules/react-dom/cjs/react-dom-client.development.js:8897:19
 ❯ beginWork node_modules/react-dom/cjs/react-dom-client.development.js:10522:18
 ❯ runWithFiberInDEV node_modules/react-dom/cjs/react-dom-client.development.js:1522:13
 ❯ performUnitOfWork node_modules/react-dom/cjs/react-dom-client.development.js:15140:22
 ❯ workLoopSync node_modules/react-dom/cjs/react-dom-client.development.js:14956:41
            </failure>
        </testcase>
    </testsuite>
    <testsuite name="components/feedme/__tests__/EditConversationModal.test.tsx" timestamp="2025-07-02T10:22:05.388Z" hostname="Shubhs-MacBook-Air.local" tests="8" failures="6" errors="0" skipped="0" time="0.266848167">
        <testcase classname="components/feedme/__tests__/EditConversationModal.test.tsx" name="EditConversationModal &gt; should render edit modal with conversation content" time="0.055049666">
            <system-out>
[EditModal] Using raw transcript as fallback

            </system-out>
            <system-err>
Received `true` for a non-boolean attribute `jsx`.

If you want to write it to the DOM, pass a string instead: jsx=&quot;true&quot; or jsx={value.toString()}.
Failed to load formatted content: TypeError: Cannot read properties of undefined (reading &apos;content_type&apos;)
    at loadFormattedContent (/Users/shubhpatel/Downloads/MB-Sparrow-main/frontend/components/feedme/EditConversationModal.tsx:151:49)
TypeError: Cannot read properties of undefined (reading &apos;formatted_content&apos;)
    at /Users/shubhpatel/Downloads/MB-Sparrow-main/frontend/components/feedme/EditConversationModal.tsx:148:29
    at basicStateReducer (/Users/shubhpatel/Downloads/MB-Sparrow-main/frontend/node_modules/react-dom/cjs/react-dom-client.development.js:5802:45)
    at updateReducerImpl (/Users/shubhpatel/Downloads/MB-Sparrow-main/frontend/node_modules/react-dom/cjs/react-dom-client.development.js:5913:17)
    at updateReducer (/Users/shubhpatel/Downloads/MB-Sparrow-main/frontend/node_modules/react-dom/cjs/react-dom-client.development.js:5835:14)
    at Object.useState (/Users/shubhpatel/Downloads/MB-Sparrow-main/frontend/node_modules/react-dom/cjs/react-dom-client.development.js:23209:18)
    at Proxy.process.env.NODE_ENV.exports.useState (/Users/shubhpatel/Downloads/MB-Sparrow-main/frontend/node_modules/react/cjs/react.development.js:1221:34)
    at EditConversationModal (/Users/shubhpatel/Downloads/MB-Sparrow-main/frontend/components/feedme/EditConversationModal.tsx:74:35)
    at Object.react-stack-bottom-frame (/Users/shubhpatel/Downloads/MB-Sparrow-main/frontend/node_modules/react-dom/cjs/react-dom-client.development.js:23863:20)
    at renderWithHooks (/Users/shubhpatel/Downloads/MB-Sparrow-main/frontend/node_modules/react-dom/cjs/react-dom-client.development.js:5529:22)
    at updateFunctionComponent (/Users/shubhpatel/Downloads/MB-Sparrow-main/frontend/node_modules/react-dom/cjs/react-dom-client.development.js:8897:19) {
  stackStr: &quot;TypeError: Cannot read properties of undefined (reading &apos;formatted_content&apos;)\n&quot; +
    &apos;    at /Users/shubhpatel/Downloads/MB-Sparrow-main/frontend/components/feedme/EditConversationModal.tsx:148:29\n&apos; +
    &apos;    at basicStateReducer (/Users/shubhpatel/Downloads/MB-Sparrow-main/frontend/node_modules/react-dom/cjs/react-dom-client.development.js:5802:45)\n&apos; +
    &apos;    at updateReducerImpl (/Users/shubhpatel/Downloads/MB-Sparrow-main/frontend/node_modules/react-dom/cjs/react-dom-client.development.js:5913:17)\n&apos; +
    &apos;    at updateReducer (/Users/shubhpatel/Downloads/MB-Sparrow-main/frontend/node_modules/react-dom/cjs/react-dom-client.development.js:5835:14)\n&apos; +
    &apos;    at Object.useState (/Users/shubhpatel/Downloads/MB-Sparrow-main/frontend/node_modules/react-dom/cjs/react-dom-client.development.js:23209:18)\n&apos; +
    &apos;    at Proxy.process.env.NODE_ENV.exports.useState (/Users/shubhpatel/Downloads/MB-Sparrow-main/frontend/node_modules/react/cjs/react.development.js:1221:34)\n&apos; +
    &apos;    at EditConversationModal (/Users/shubhpatel/Downloads/MB-Sparrow-main/frontend/components/feedme/EditConversationModal.tsx:74:35)\n&apos; +
    &apos;    at Object.react-stack-bottom-frame (/Users/shubhpatel/Downloads/MB-Sparrow-main/frontend/node_modules/react-dom/cjs/react-dom-client.development.js:23863:20)\n&apos; +
    &apos;    at renderWithHooks (/Users/shubhpatel/Downloads/MB-Sparrow-main/frontend/node_modules/react-dom/cjs/react-dom-client.development.js:5529:22)\n&apos; +
    &apos;    at updateFunctionComponent (/Users/shubhpatel/Downloads/MB-Sparrow-main/frontend/node_modules/react-dom/cjs/react-dom-client.development.js:8897:19)&apos;,
  nameStr: &apos;TypeError&apos;,
  expected: &apos;undefined&apos;,
  actual: &apos;undefined&apos;
}
An error occurred in the &lt;EditConversationModal&gt; component.

Consider adding an error boundary to your tree to customize error handling behavior.
Visit https://react.dev/link/error-boundaries to learn more about error boundaries.


            </system-err>
            <failure message="Unable to find an element with the text: /edit conversation/i. This could be because the text is broken up by multiple elements. In this case, you can provide a function for your text matcher to make your matcher more flexible.

Ignored nodes: comments, script, style
[36m&lt;body[39m
  [33mstyle[39m=[32m&quot;&quot;[39m
[36m&gt;[39m
  [36m&lt;div /&gt;[39m
[36m&lt;/body&gt;[39m" type="TestingLibraryElementError">
TestingLibraryElementError: Unable to find an element with the text: /edit conversation/i. This could be because the text is broken up by multiple elements. In this case, you can provide a function for your text matcher to make your matcher more flexible.

Ignored nodes: comments, script, style
&lt;body
  style=&quot;&quot;
&gt;
  &lt;div /&gt;
&lt;/body&gt;
 ❯ Object.getElementError node_modules/@testing-library/dom/dist/config.js:37:19
 ❯ node_modules/@testing-library/dom/dist/query-helpers.js:76:38
 ❯ node_modules/@testing-library/dom/dist/query-helpers.js:52:17
 ❯ node_modules/@testing-library/dom/dist/query-helpers.js:95:19
 ❯ components/feedme/__tests__/EditConversationModal.test.tsx:94:19
            </failure>
        </testcase>
        <testcase classname="components/feedme/__tests__/EditConversationModal.test.tsx" name="EditConversationModal &gt; should allow editing title and transcript" time="0.047613084">
            <system-out>
[EditModal] Using raw transcript as fallback

            </system-out>
            <system-err>
Failed to load formatted content: TypeError: Cannot read properties of undefined (reading &apos;content_type&apos;)
    at loadFormattedContent (/Users/shubhpatel/Downloads/MB-Sparrow-main/frontend/components/feedme/EditConversationModal.tsx:151:49)
    at runNextTicks (node:internal/process/task_queues:65:5)
    at listOnTimeout (node:internal/timers:569:9)
    at processTimers (node:internal/timers:543:7)
TypeError: Cannot read properties of undefined (reading &apos;formatted_content&apos;)
    at /Users/shubhpatel/Downloads/MB-Sparrow-main/frontend/components/feedme/EditConversationModal.tsx:148:29
    at basicStateReducer (/Users/shubhpatel/Downloads/MB-Sparrow-main/frontend/node_modules/react-dom/cjs/react-dom-client.development.js:5802:45)
    at updateReducerImpl (/Users/shubhpatel/Downloads/MB-Sparrow-main/frontend/node_modules/react-dom/cjs/react-dom-client.development.js:5913:17)
    at updateReducer (/Users/shubhpatel/Downloads/MB-Sparrow-main/frontend/node_modules/react-dom/cjs/react-dom-client.development.js:5835:14)
    at Object.useState (/Users/shubhpatel/Downloads/MB-Sparrow-main/frontend/node_modules/react-dom/cjs/react-dom-client.development.js:23209:18)
    at Proxy.process.env.NODE_ENV.exports.useState (/Users/shubhpatel/Downloads/MB-Sparrow-main/frontend/node_modules/react/cjs/react.development.js:1221:34)
    at EditConversationModal (/Users/shubhpatel/Downloads/MB-Sparrow-main/frontend/components/feedme/EditConversationModal.tsx:74:35)
    at Object.react-stack-bottom-frame (/Users/shubhpatel/Downloads/MB-Sparrow-main/frontend/node_modules/react-dom/cjs/react-dom-client.development.js:23863:20)
    at renderWithHooks (/Users/shubhpatel/Downloads/MB-Sparrow-main/frontend/node_modules/react-dom/cjs/react-dom-client.development.js:5529:22)
    at updateFunctionComponent (/Users/shubhpatel/Downloads/MB-Sparrow-main/frontend/node_modules/react-dom/cjs/react-dom-client.development.js:8897:19) {
  stackStr: &quot;TypeError: Cannot read properties of undefined (reading &apos;formatted_content&apos;)\n&quot; +
    &apos;    at /Users/shubhpatel/Downloads/MB-Sparrow-main/frontend/components/feedme/EditConversationModal.tsx:148:29\n&apos; +
    &apos;    at basicStateReducer (/Users/shubhpatel/Downloads/MB-Sparrow-main/frontend/node_modules/react-dom/cjs/react-dom-client.development.js:5802:45)\n&apos; +
    &apos;    at updateReducerImpl (/Users/shubhpatel/Downloads/MB-Sparrow-main/frontend/node_modules/react-dom/cjs/react-dom-client.development.js:5913:17)\n&apos; +
    &apos;    at updateReducer (/Users/shubhpatel/Downloads/MB-Sparrow-main/frontend/node_modules/react-dom/cjs/react-dom-client.development.js:5835:14)\n&apos; +
    &apos;    at Object.useState (/Users/shubhpatel/Downloads/MB-Sparrow-main/frontend/node_modules/react-dom/cjs/react-dom-client.development.js:23209:18)\n&apos; +
    &apos;    at Proxy.process.env.NODE_ENV.exports.useState (/Users/shubhpatel/Downloads/MB-Sparrow-main/frontend/node_modules/react/cjs/react.development.js:1221:34)\n&apos; +
    &apos;    at EditConversationModal (/Users/shubhpatel/Downloads/MB-Sparrow-main/frontend/components/feedme/EditConversationModal.tsx:74:35)\n&apos; +
    &apos;    at Object.react-stack-bottom-frame (/Users/shubhpatel/Downloads/MB-Sparrow-main/frontend/node_modules/react-dom/cjs/react-dom-client.development.js:23863:20)\n&apos; +
    &apos;    at renderWithHooks (/Users/shubhpatel/Downloads/MB-Sparrow-main/frontend/node_modules/react-dom/cjs/react-dom-client.development.js:5529:22)\n&apos; +
    &apos;    at updateFunctionComponent (/Users/shubhpatel/Downloads/MB-Sparrow-main/frontend/node_modules/react-dom/cjs/react-dom-client.development.js:8897:19)&apos;,
  nameStr: &apos;TypeError&apos;,
  expected: &apos;undefined&apos;,
  actual: &apos;undefined&apos;
}
An error occurred in the &lt;EditConversationModal&gt; component.

Consider adding an error boundary to your tree to customize error handling behavior.
Visit https://react.dev/link/error-boundaries to learn more about error boundaries.


            </system-err>
            <failure message="expect(element).toHaveValue(New Title)

Expected the element to have value:
  New Title
Received:
" type="Error">
Error: expect(element).toHaveValue(New Title)

Expected the element to have value:
  New Title
Received:

 ❯ components/feedme/__tests__/EditConversationModal.test.tsx:113:24
            </failure>
        </testcase>
        <testcase classname="components/feedme/__tests__/EditConversationModal.test.tsx" name="EditConversationModal &gt; should save changes and call the update handler" time="0.04369275">
            <system-out>
[EditModal] Using raw transcript as fallback

            </system-out>
            <system-err>
Failed to load formatted content: TypeError: Cannot read properties of undefined (reading &apos;content_type&apos;)
    at loadFormattedContent (/Users/shubhpatel/Downloads/MB-Sparrow-main/frontend/components/feedme/EditConversationModal.tsx:151:49)
TypeError: Cannot read properties of undefined (reading &apos;formatted_content&apos;)
    at /Users/shubhpatel/Downloads/MB-Sparrow-main/frontend/components/feedme/EditConversationModal.tsx:148:29
    at basicStateReducer (/Users/shubhpatel/Downloads/MB-Sparrow-main/frontend/node_modules/react-dom/cjs/react-dom-client.development.js:5802:45)
    at updateReducerImpl (/Users/shubhpatel/Downloads/MB-Sparrow-main/frontend/node_modules/react-dom/cjs/react-dom-client.development.js:5913:17)
    at updateReducer (/Users/shubhpatel/Downloads/MB-Sparrow-main/frontend/node_modules/react-dom/cjs/react-dom-client.development.js:5835:14)
    at Object.useState (/Users/shubhpatel/Downloads/MB-Sparrow-main/frontend/node_modules/react-dom/cjs/react-dom-client.development.js:23209:18)
    at Proxy.process.env.NODE_ENV.exports.useState (/Users/shubhpatel/Downloads/MB-Sparrow-main/frontend/node_modules/react/cjs/react.development.js:1221:34)
    at EditConversationModal (/Users/shubhpatel/Downloads/MB-Sparrow-main/frontend/components/feedme/EditConversationModal.tsx:74:35)
    at Object.react-stack-bottom-frame (/Users/shubhpatel/Downloads/MB-Sparrow-main/frontend/node_modules/react-dom/cjs/react-dom-client.development.js:23863:20)
    at renderWithHooks (/Users/shubhpatel/Downloads/MB-Sparrow-main/frontend/node_modules/react-dom/cjs/react-dom-client.development.js:5529:22)
    at updateFunctionComponent (/Users/shubhpatel/Downloads/MB-Sparrow-main/frontend/node_modules/react-dom/cjs/react-dom-client.development.js:8897:19) {
  stackStr: &quot;TypeError: Cannot read properties of undefined (reading &apos;formatted_content&apos;)\n&quot; +
    &apos;    at /Users/shubhpatel/Downloads/MB-Sparrow-main/frontend/components/feedme/EditConversationModal.tsx:148:29\n&apos; +
    &apos;    at basicStateReducer (/Users/shubhpatel/Downloads/MB-Sparrow-main/frontend/node_modules/react-dom/cjs/react-dom-client.development.js:5802:45)\n&apos; +
    &apos;    at updateReducerImpl (/Users/shubhpatel/Downloads/MB-Sparrow-main/frontend/node_modules/react-dom/cjs/react-dom-client.development.js:5913:17)\n&apos; +
    &apos;    at updateReducer (/Users/shubhpatel/Downloads/MB-Sparrow-main/frontend/node_modules/react-dom/cjs/react-dom-client.development.js:5835:14)\n&apos; +
    &apos;    at Object.useState (/Users/shubhpatel/Downloads/MB-Sparrow-main/frontend/node_modules/react-dom/cjs/react-dom-client.development.js:23209:18)\n&apos; +
    &apos;    at Proxy.process.env.NODE_ENV.exports.useState (/Users/shubhpatel/Downloads/MB-Sparrow-main/frontend/node_modules/react/cjs/react.development.js:1221:34)\n&apos; +
    &apos;    at EditConversationModal (/Users/shubhpatel/Downloads/MB-Sparrow-main/frontend/components/feedme/EditConversationModal.tsx:74:35)\n&apos; +
    &apos;    at Object.react-stack-bottom-frame (/Users/shubhpatel/Downloads/MB-Sparrow-main/frontend/node_modules/react-dom/cjs/react-dom-client.development.js:23863:20)\n&apos; +
    &apos;    at renderWithHooks (/Users/shubhpatel/Downloads/MB-Sparrow-main/frontend/node_modules/react-dom/cjs/react-dom-client.development.js:5529:22)\n&apos; +
    &apos;    at updateFunctionComponent (/Users/shubhpatel/Downloads/MB-Sparrow-main/frontend/node_modules/react-dom/cjs/react-dom-client.development.js:8897:19)&apos;,
  nameStr: &apos;TypeError&apos;,
  expected: &apos;undefined&apos;,
  actual: &apos;undefined&apos;
}
An error occurred in the &lt;EditConversationModal&gt; component.

Consider adding an error boundary to your tree to customize error handling behavior.
Visit https://react.dev/link/error-boundaries to learn more about error boundaries.


            </system-err>
            <failure message="Unable to find an accessible element with the role &quot;button&quot; and name `/save changes/i`

There are no accessible roles. But there might be some inaccessible roles. If you wish to access them, then set the `hidden` option to `true`. Learn more about this here: https://testing-library.com/docs/dom-testing-library/api-queries#byrole

Ignored nodes: comments, script, style
[36m&lt;body[39m
  [33mstyle[39m=[32m&quot;&quot;[39m
[36m&gt;[39m
  [36m&lt;div /&gt;[39m
[36m&lt;/body&gt;[39m" type="TestingLibraryElementError">
TestingLibraryElementError: Unable to find an accessible element with the role &quot;button&quot; and name `/save changes/i`

There are no accessible roles. But there might be some inaccessible roles. If you wish to access them, then set the `hidden` option to `true`. Learn more about this here: https://testing-library.com/docs/dom-testing-library/api-queries#byrole

Ignored nodes: comments, script, style
&lt;body
  style=&quot;&quot;
&gt;
  &lt;div /&gt;
&lt;/body&gt;
 ❯ Object.getElementError node_modules/@testing-library/dom/dist/config.js:37:19
 ❯ node_modules/@testing-library/dom/dist/query-helpers.js:76:38
 ❯ node_modules/@testing-library/dom/dist/query-helpers.js:52:17
 ❯ node_modules/@testing-library/dom/dist/query-helpers.js:95:19
 ❯ components/feedme/__tests__/EditConversationModal.test.tsx:146:31
            </failure>
        </testcase>
        <testcase classname="components/feedme/__tests__/EditConversationModal.test.tsx" name="EditConversationModal &gt; should display an API error message if saving fails" time="0.027840083">
            <system-out>
[EditModal] Using raw transcript as fallback

            </system-out>
            <system-err>
Failed to load formatted content: TypeError: Cannot read properties of undefined (reading &apos;content_type&apos;)
    at loadFormattedContent (/Users/shubhpatel/Downloads/MB-Sparrow-main/frontend/components/feedme/EditConversationModal.tsx:151:49)
TypeError: Cannot read properties of undefined (reading &apos;formatted_content&apos;)
    at /Users/shubhpatel/Downloads/MB-Sparrow-main/frontend/components/feedme/EditConversationModal.tsx:148:29
    at basicStateReducer (/Users/shubhpatel/Downloads/MB-Sparrow-main/frontend/node_modules/react-dom/cjs/react-dom-client.development.js:5802:45)
    at updateReducerImpl (/Users/shubhpatel/Downloads/MB-Sparrow-main/frontend/node_modules/react-dom/cjs/react-dom-client.development.js:5913:17)
    at updateReducer (/Users/shubhpatel/Downloads/MB-Sparrow-main/frontend/node_modules/react-dom/cjs/react-dom-client.development.js:5835:14)
    at Object.useState (/Users/shubhpatel/Downloads/MB-Sparrow-main/frontend/node_modules/react-dom/cjs/react-dom-client.development.js:23209:18)
    at Proxy.process.env.NODE_ENV.exports.useState (/Users/shubhpatel/Downloads/MB-Sparrow-main/frontend/node_modules/react/cjs/react.development.js:1221:34)
    at EditConversationModal (/Users/shubhpatel/Downloads/MB-Sparrow-main/frontend/components/feedme/EditConversationModal.tsx:74:35)
    at Object.react-stack-bottom-frame (/Users/shubhpatel/Downloads/MB-Sparrow-main/frontend/node_modules/react-dom/cjs/react-dom-client.development.js:23863:20)
    at renderWithHooks (/Users/shubhpatel/Downloads/MB-Sparrow-main/frontend/node_modules/react-dom/cjs/react-dom-client.development.js:5529:22)
    at updateFunctionComponent (/Users/shubhpatel/Downloads/MB-Sparrow-main/frontend/node_modules/react-dom/cjs/react-dom-client.development.js:8897:19) {
  stackStr: &quot;TypeError: Cannot read properties of undefined (reading &apos;formatted_content&apos;)\n&quot; +
    &apos;    at /Users/shubhpatel/Downloads/MB-Sparrow-main/frontend/components/feedme/EditConversationModal.tsx:148:29\n&apos; +
    &apos;    at basicStateReducer (/Users/shubhpatel/Downloads/MB-Sparrow-main/frontend/node_modules/react-dom/cjs/react-dom-client.development.js:5802:45)\n&apos; +
    &apos;    at updateReducerImpl (/Users/shubhpatel/Downloads/MB-Sparrow-main/frontend/node_modules/react-dom/cjs/react-dom-client.development.js:5913:17)\n&apos; +
    &apos;    at updateReducer (/Users/shubhpatel/Downloads/MB-Sparrow-main/frontend/node_modules/react-dom/cjs/react-dom-client.development.js:5835:14)\n&apos; +
    &apos;    at Object.useState (/Users/shubhpatel/Downloads/MB-Sparrow-main/frontend/node_modules/react-dom/cjs/react-dom-client.development.js:23209:18)\n&apos; +
    &apos;    at Proxy.process.env.NODE_ENV.exports.useState (/Users/shubhpatel/Downloads/MB-Sparrow-main/frontend/node_modules/react/cjs/react.development.js:1221:34)\n&apos; +
    &apos;    at EditConversationModal (/Users/shubhpatel/Downloads/MB-Sparrow-main/frontend/components/feedme/EditConversationModal.tsx:74:35)\n&apos; +
    &apos;    at Object.react-stack-bottom-frame (/Users/shubhpatel/Downloads/MB-Sparrow-main/frontend/node_modules/react-dom/cjs/react-dom-client.development.js:23863:20)\n&apos; +
    &apos;    at renderWithHooks (/Users/shubhpatel/Downloads/MB-Sparrow-main/frontend/node_modules/react-dom/cjs/react-dom-client.development.js:5529:22)\n&apos; +
    &apos;    at updateFunctionComponent (/Users/shubhpatel/Downloads/MB-Sparrow-main/frontend/node_modules/react-dom/cjs/react-dom-client.development.js:8897:19)&apos;,
  nameStr: &apos;TypeError&apos;,
  expected: &apos;undefined&apos;,
  actual: &apos;undefined&apos;
}
An error occurred in the &lt;EditConversationModal&gt; component.

Consider adding an error boundary to your tree to customize error handling behavior.
Visit https://react.dev/link/error-boundaries to learn more about error boundaries.


            </system-err>
            <failure message="Unable to find an accessible element with the role &quot;button&quot; and name `/save changes/i`

There are no accessible roles. But there might be some inaccessible roles. If you wish to access them, then set the `hidden` option to `true`. Learn more about this here: https://testing-library.com/docs/dom-testing-library/api-queries#byrole

Ignored nodes: comments, script, style
[36m&lt;body[39m
  [33mstyle[39m=[32m&quot;&quot;[39m
[36m&gt;[39m
  [36m&lt;div /&gt;[39m
[36m&lt;/body&gt;[39m" type="TestingLibraryElementError">
TestingLibraryElementError: Unable to find an accessible element with the role &quot;button&quot; and name `/save changes/i`

There are no accessible roles. But there might be some inaccessible roles. If you wish to access them, then set the `hidden` option to `true`. Learn more about this here: https://testing-library.com/docs/dom-testing-library/api-queries#byrole

Ignored nodes: comments, script, style
&lt;body
  style=&quot;&quot;
&gt;
  &lt;div /&gt;
&lt;/body&gt;
 ❯ Object.getElementError node_modules/@testing-library/dom/dist/config.js:37:19
 ❯ node_modules/@testing-library/dom/dist/query-helpers.js:76:38
 ❯ node_modules/@testing-library/dom/dist/query-helpers.js:52:17
 ❯ node_modules/@testing-library/dom/dist/query-helpers.js:95:19
 ❯ components/feedme/__tests__/EditConversationModal.test.tsx:177:31
            </failure>
        </testcase>
        <testcase classname="components/feedme/__tests__/EditConversationModal.test.tsx" name="EditConversationModal &gt; should validate required fields" time="0.017588375">
            <system-out>
[EditModal] Using raw transcript as fallback

            </system-out>
            <system-err>
Failed to load formatted content: TypeError: Cannot read properties of undefined (reading &apos;content_type&apos;)
    at loadFormattedContent (/Users/shubhpatel/Downloads/MB-Sparrow-main/frontend/components/feedme/EditConversationModal.tsx:151:49)
TypeError: Cannot read properties of undefined (reading &apos;formatted_content&apos;)
    at /Users/shubhpatel/Downloads/MB-Sparrow-main/frontend/components/feedme/EditConversationModal.tsx:148:29
    at basicStateReducer (/Users/shubhpatel/Downloads/MB-Sparrow-main/frontend/node_modules/react-dom/cjs/react-dom-client.development.js:5802:45)
    at updateReducerImpl (/Users/shubhpatel/Downloads/MB-Sparrow-main/frontend/node_modules/react-dom/cjs/react-dom-client.development.js:5913:17)
    at updateReducer (/Users/shubhpatel/Downloads/MB-Sparrow-main/frontend/node_modules/react-dom/cjs/react-dom-client.development.js:5835:14)
    at Object.useState (/Users/shubhpatel/Downloads/MB-Sparrow-main/frontend/node_modules/react-dom/cjs/react-dom-client.development.js:23209:18)
    at Proxy.process.env.NODE_ENV.exports.useState (/Users/shubhpatel/Downloads/MB-Sparrow-main/frontend/node_modules/react/cjs/react.development.js:1221:34)
    at EditConversationModal (/Users/shubhpatel/Downloads/MB-Sparrow-main/frontend/components/feedme/EditConversationModal.tsx:74:35)
    at Object.react-stack-bottom-frame (/Users/shubhpatel/Downloads/MB-Sparrow-main/frontend/node_modules/react-dom/cjs/react-dom-client.development.js:23863:20)
    at renderWithHooks (/Users/shubhpatel/Downloads/MB-Sparrow-main/frontend/node_modules/react-dom/cjs/react-dom-client.development.js:5529:22)
    at updateFunctionComponent (/Users/shubhpatel/Downloads/MB-Sparrow-main/frontend/node_modules/react-dom/cjs/react-dom-client.development.js:8897:19) {
  stackStr: &quot;TypeError: Cannot read properties of undefined (reading &apos;formatted_content&apos;)\n&quot; +
    &apos;    at /Users/shubhpatel/Downloads/MB-Sparrow-main/frontend/components/feedme/EditConversationModal.tsx:148:29\n&apos; +
    &apos;    at basicStateReducer (/Users/shubhpatel/Downloads/MB-Sparrow-main/frontend/node_modules/react-dom/cjs/react-dom-client.development.js:5802:45)\n&apos; +
    &apos;    at updateReducerImpl (/Users/shubhpatel/Downloads/MB-Sparrow-main/frontend/node_modules/react-dom/cjs/react-dom-client.development.js:5913:17)\n&apos; +
    &apos;    at updateReducer (/Users/shubhpatel/Downloads/MB-Sparrow-main/frontend/node_modules/react-dom/cjs/react-dom-client.development.js:5835:14)\n&apos; +
    &apos;    at Object.useState (/Users/shubhpatel/Downloads/MB-Sparrow-main/frontend/node_modules/react-dom/cjs/react-dom-client.development.js:23209:18)\n&apos; +
    &apos;    at Proxy.process.env.NODE_ENV.exports.useState (/Users/shubhpatel/Downloads/MB-Sparrow-main/frontend/node_modules/react/cjs/react.development.js:1221:34)\n&apos; +
    &apos;    at EditConversationModal (/Users/shubhpatel/Downloads/MB-Sparrow-main/frontend/components/feedme/EditConversationModal.tsx:74:35)\n&apos; +
    &apos;    at Object.react-stack-bottom-frame (/Users/shubhpatel/Downloads/MB-Sparrow-main/frontend/node_modules/react-dom/cjs/react-dom-client.development.js:23863:20)\n&apos; +
    &apos;    at renderWithHooks (/Users/shubhpatel/Downloads/MB-Sparrow-main/frontend/node_modules/react-dom/cjs/react-dom-client.development.js:5529:22)\n&apos; +
    &apos;    at updateFunctionComponent (/Users/shubhpatel/Downloads/MB-Sparrow-main/frontend/node_modules/react-dom/cjs/react-dom-client.development.js:8897:19)&apos;,
  nameStr: &apos;TypeError&apos;,
  expected: &apos;undefined&apos;,
  actual: &apos;undefined&apos;
}
An error occurred in the &lt;EditConversationModal&gt; component.

Consider adding an error boundary to your tree to customize error handling behavior.
Visit https://react.dev/link/error-boundaries to learn more about error boundaries.


            </system-err>
            <failure message="Unable to find an accessible element with the role &quot;button&quot; and name `/save changes/i`

There are no accessible roles. But there might be some inaccessible roles. If you wish to access them, then set the `hidden` option to `true`. Learn more about this here: https://testing-library.com/docs/dom-testing-library/api-queries#byrole

Ignored nodes: comments, script, style
[36m&lt;body[39m
  [33mstyle[39m=[32m&quot;&quot;[39m
[36m&gt;[39m
  [36m&lt;div /&gt;[39m
[36m&lt;/body&gt;[39m" type="TestingLibraryElementError">
TestingLibraryElementError: Unable to find an accessible element with the role &quot;button&quot; and name `/save changes/i`

There are no accessible roles. But there might be some inaccessible roles. If you wish to access them, then set the `hidden` option to `true`. Learn more about this here: https://testing-library.com/docs/dom-testing-library/api-queries#byrole

Ignored nodes: comments, script, style
&lt;body
  style=&quot;&quot;
&gt;
  &lt;div /&gt;
&lt;/body&gt;
 ❯ Object.getElementError node_modules/@testing-library/dom/dist/config.js:37:19
 ❯ node_modules/@testing-library/dom/dist/query-helpers.js:76:38
 ❯ node_modules/@testing-library/dom/dist/query-helpers.js:52:17
 ❯ node_modules/@testing-library/dom/dist/query-helpers.js:95:19
 ❯ components/feedme/__tests__/EditConversationModal.test.tsx:198:31
            </failure>
        </testcase>
        <testcase classname="components/feedme/__tests__/EditConversationModal.test.tsx" name="EditConversationModal &gt; should show loading state during save" time="0.025753084">
            <system-out>
[EditModal] Using raw transcript as fallback

            </system-out>
            <system-err>
Failed to load formatted content: TypeError: Cannot read properties of undefined (reading &apos;content_type&apos;)
    at loadFormattedContent (/Users/shubhpatel/Downloads/MB-Sparrow-main/frontend/components/feedme/EditConversationModal.tsx:151:49)
TypeError: Cannot read properties of undefined (reading &apos;formatted_content&apos;)
    at /Users/shubhpatel/Downloads/MB-Sparrow-main/frontend/components/feedme/EditConversationModal.tsx:148:29
    at basicStateReducer (/Users/shubhpatel/Downloads/MB-Sparrow-main/frontend/node_modules/react-dom/cjs/react-dom-client.development.js:5802:45)
    at updateReducerImpl (/Users/shubhpatel/Downloads/MB-Sparrow-main/frontend/node_modules/react-dom/cjs/react-dom-client.development.js:5913:17)
    at updateReducer (/Users/shubhpatel/Downloads/MB-Sparrow-main/frontend/node_modules/react-dom/cjs/react-dom-client.development.js:5835:14)
    at Object.useState (/Users/shubhpatel/Downloads/MB-Sparrow-main/frontend/node_modules/react-dom/cjs/react-dom-client.development.js:23209:18)
    at Proxy.process.env.NODE_ENV.exports.useState (/Users/shubhpatel/Downloads/MB-Sparrow-main/frontend/node_modules/react/cjs/react.development.js:1221:34)
    at EditConversationModal (/Users/shubhpatel/Downloads/MB-Sparrow-main/frontend/components/feedme/EditConversationModal.tsx:74:35)
    at Object.react-stack-bottom-frame (/Users/shubhpatel/Downloads/MB-Sparrow-main/frontend/node_modules/react-dom/cjs/react-dom-client.development.js:23863:20)
    at renderWithHooks (/Users/shubhpatel/Downloads/MB-Sparrow-main/frontend/node_modules/react-dom/cjs/react-dom-client.development.js:5529:22)
    at updateFunctionComponent (/Users/shubhpatel/Downloads/MB-Sparrow-main/frontend/node_modules/react-dom/cjs/react-dom-client.development.js:8897:19) {
  stackStr: &quot;TypeError: Cannot read properties of undefined (reading &apos;formatted_content&apos;)\n&quot; +
    &apos;    at /Users/shubhpatel/Downloads/MB-Sparrow-main/frontend/components/feedme/EditConversationModal.tsx:148:29\n&apos; +
    &apos;    at basicStateReducer (/Users/shubhpatel/Downloads/MB-Sparrow-main/frontend/node_modules/react-dom/cjs/react-dom-client.development.js:5802:45)\n&apos; +
    &apos;    at updateReducerImpl (/Users/shubhpatel/Downloads/MB-Sparrow-main/frontend/node_modules/react-dom/cjs/react-dom-client.development.js:5913:17)\n&apos; +
    &apos;    at updateReducer (/Users/shubhpatel/Downloads/MB-Sparrow-main/frontend/node_modules/react-dom/cjs/react-dom-client.development.js:5835:14)\n&apos; +
    &apos;    at Object.useState (/Users/shubhpatel/Downloads/MB-Sparrow-main/frontend/node_modules/react-dom/cjs/react-dom-client.development.js:23209:18)\n&apos; +
    &apos;    at Proxy.process.env.NODE_ENV.exports.useState (/Users/shubhpatel/Downloads/MB-Sparrow-main/frontend/node_modules/react/cjs/react.development.js:1221:34)\n&apos; +
    &apos;    at EditConversationModal (/Users/shubhpatel/Downloads/MB-Sparrow-main/frontend/components/feedme/EditConversationModal.tsx:74:35)\n&apos; +
    &apos;    at Object.react-stack-bottom-frame (/Users/shubhpatel/Downloads/MB-Sparrow-main/frontend/node_modules/react-dom/cjs/react-dom-client.development.js:23863:20)\n&apos; +
    &apos;    at renderWithHooks (/Users/shubhpatel/Downloads/MB-Sparrow-main/frontend/node_modules/react-dom/cjs/react-dom-client.development.js:5529:22)\n&apos; +
    &apos;    at updateFunctionComponent (/Users/shubhpatel/Downloads/MB-Sparrow-main/frontend/node_modules/react-dom/cjs/react-dom-client.development.js:8897:19)&apos;,
  nameStr: &apos;TypeError&apos;,
  expected: &apos;undefined&apos;,
  actual: &apos;undefined&apos;
}
An error occurred in the &lt;EditConversationModal&gt; component.

Consider adding an error boundary to your tree to customize error handling behavior.
Visit https://react.dev/link/error-boundaries to learn more about error boundaries.


            </system-err>
            <failure message="Unable to find an accessible element with the role &quot;button&quot; and name `/save changes/i`

There are no accessible roles. But there might be some inaccessible roles. If you wish to access them, then set the `hidden` option to `true`. Learn more about this here: https://testing-library.com/docs/dom-testing-library/api-queries#byrole

Ignored nodes: comments, script, style
[36m&lt;body[39m
  [33mstyle[39m=[32m&quot;&quot;[39m
[36m&gt;[39m
  [36m&lt;div /&gt;[39m
[36m&lt;/body&gt;[39m" type="TestingLibraryElementError">
TestingLibraryElementError: Unable to find an accessible element with the role &quot;button&quot; and name `/save changes/i`

There are no accessible roles. But there might be some inaccessible roles. If you wish to access them, then set the `hidden` option to `true`. Learn more about this here: https://testing-library.com/docs/dom-testing-library/api-queries#byrole

Ignored nodes: comments, script, style
&lt;body
  style=&quot;&quot;
&gt;
  &lt;div /&gt;
&lt;/body&gt;
 ❯ Object.getElementError node_modules/@testing-library/dom/dist/config.js:37:19
 ❯ node_modules/@testing-library/dom/dist/query-helpers.js:76:38
 ❯ node_modules/@testing-library/dom/dist/query-helpers.js:52:17
 ❯ node_modules/@testing-library/dom/dist/query-helpers.js:95:19
 ❯ components/feedme/__tests__/EditConversationModal.test.tsx:222:31
            </failure>
        </testcase>
        <testcase classname="components/feedme/__tests__/EditConversationModal.test.tsx" name="VersionHistoryPanel &gt; should display version list and handle interactions" time="0.042279875">
        </testcase>
        <testcase classname="components/feedme/__tests__/EditConversationModal.test.tsx" name="DiffViewer &gt; should fetch and display diff between versions" time="0.006454708">
        </testcase>
    </testsuite>
    <testsuite name="components/feedme/__tests__/EnhancedFeedMeModal.test.tsx" timestamp="2025-07-02T10:22:05.390Z" hostname="Shubhs-MacBook-Air.local" tests="25" failures="8" errors="0" skipped="0" time="6.257609167">
        <testcase classname="components/feedme/__tests__/EnhancedFeedMeModal.test.tsx" name="EnhancedFeedMeModal &gt; Modal Rendering &gt; renders the modal when open" time="0.057303625">
            <failure message="Unable to find an element with the text: Upload customer support transcripts with advanced multi-file support. This could be because the text is broken up by multiple elements. In this case, you can provide a function for your text matcher to make your matcher more flexible.

Ignored nodes: comments, script, style
[36m&lt;body[39m
  [33mdata-scroll-locked[39m=[32m&quot;1&quot;[39m
  [33mstyle[39m=[32m&quot;pointer-events: none;&quot;[39m
[36m&gt;[39m
  [36m&lt;span[39m
    [33maria-hidden[39m=[32m&quot;true&quot;[39m
    [33mdata-aria-hidden[39m=[32m&quot;true&quot;[39m
    [33mdata-radix-focus-guard[39m=[32m&quot;&quot;[39m
    [33mstyle[39m=[32m&quot;outline: none; opacity: 0; position: fixed; pointer-events: none;&quot;[39m
    [33mtabindex[39m=[32m&quot;0&quot;[39m
  [36m/&gt;[39m
  [36m&lt;div[39m
    [33maria-hidden[39m=[32m&quot;true&quot;[39m
    [33mdata-aria-hidden[39m=[32m&quot;true&quot;[39m
  [36m/&gt;[39m
  [36m&lt;div[39m
    [33maria-hidden[39m=[32m&quot;true&quot;[39m
    [33mclass[39m=[32m&quot;fixed inset-0 z-50 bg-black/80 data-[state=open]:animate-in data-[state=closed]:animate-out data-[state=closed]:fade-out-0 data-[state=open]:fade-in-0&quot;[39m
    [33mdata-aria-hidden[39m=[32m&quot;true&quot;[39m
    [33mdata-state[39m=[32m&quot;open&quot;[39m
    [33mstyle[39m=[32m&quot;pointer-events: auto;&quot;[39m
  [36m/&gt;[39m
  [36m&lt;div[39m
    [33maria-describedby[39m=[32m&quot;radix-«r2»&quot;[39m
    [33maria-labelledby[39m=[32m&quot;radix-«r1»&quot;[39m
    [33mclass[39m=[32m&quot;fixed left-[50%] top-[50%] z-50 w-full translate-x-[-50%] translate-y-[-50%] gap-4 border bg-background p-6 shadow-lg duration-200 data-[state=open]:animate-in data-[state=closed]:animate-out data-[state=closed]:fade-out-0 data-[state=open]:fade-in-0 data-[state=closed]:zoom-out-95 data-[state=open]:zoom-in-95 data-[state=closed]:slide-out-to-left-1/2 data-[state=closed]:slide-out-to-top-[48%] data-[state=open]:slide-in-from-left-1/2 data-[state=open]:slide-in-from-top-[48%] sm:rounded-lg max-w-4xl max-h-[90vh] overflow-hidden flex flex-col&quot;[39m
    [33mdata-state[39m=[32m&quot;open&quot;[39m
    [33mid[39m=[32m&quot;radix-«r0»&quot;[39m
    [33mrole[39m=[32m&quot;dialog&quot;[39m
    [33mstyle[39m=[32m&quot;pointer-events: auto;&quot;[39m
    [33mtabindex[39m=[32m&quot;-1&quot;[39m
  [36m&gt;[39m
    [36m&lt;div[39m
      [33mclass[39m=[32m&quot;flex flex-col space-y-1.5 text-center sm:text-left&quot;[39m
    [36m&gt;[39m
      [36m&lt;h2[39m
        [33mclass[39m=[32m&quot;text-lg font-semibold leading-none tracking-tight flex items-center gap-2 text-accent&quot;[39m
        [33mid[39m=[32m&quot;radix-«r1»&quot;[39m
      [36m&gt;[39m
        [36m&lt;svg[39m
          [33mclass[39m=[32m&quot;lucide lucide-upload h-5 w-5&quot;[39m
          [33mfill[39m=[32m&quot;none&quot;[39m
          [33mheight[39m=[32m&quot;24&quot;[39m
          [33mstroke[39m=[32m&quot;currentColor&quot;[39m
          [33mstroke-linecap[39m=[32m&quot;round&quot;[39m
          [33mstroke-linejoin[39m=[32m&quot;round&quot;[39m
          [33mstroke-width[39m=[32m&quot;2&quot;[39m
          [33mviewBox[39m=[32m&quot;0 0 24 24&quot;[39m
          [33mwidth[39m=[32m&quot;24&quot;[39m
          [33mxmlns[39m=[32m&quot;http://www.w3.org/2000/svg&quot;[39m
        [36m&gt;[39m
          [36m&lt;path[39m
            [33md[39m=[32m&quot;M21 15v4a2 2 0 0 1-2 2H5a2 2 0 0 1-2-2v-4&quot;[39m
          [36m/&gt;[39m
          [36m&lt;polyline[39m
            [33mpoints[39m=[32m&quot;17 8 12 3 7 8&quot;[39m
          [36m/&gt;[39m
          [36m&lt;line[39m
            [33mx1[39m=[32m&quot;12&quot;[39m
            [33mx2[39m=[32m&quot;12&quot;[39m
            [33my1[39m=[32m&quot;3&quot;[39m
            [33my2[39m=[32m&quot;15&quot;[39m
          [36m/&gt;[39m
        [36m&lt;/svg&gt;[39m
        [0mEnhanced FeedMe Upload[0m
      [36m&lt;/h2&gt;[39m
      [36m&lt;p[39m
        [33mclass[39m=[32m&quot;text-sm text-muted-foreground&quot;[39m
        [33mid[39m=[32m&quot;radix-«r2»&quot;[39m
      [36m&gt;[39m
        [0mUpload customer support transcripts with advanced multi-file support, real-time preview, and batch processing.[0m
      [36m&lt;/p&gt;[39m
    [36m&lt;/div&gt;[39m
    [36m&lt;div[39m
      [33mclass[39m=[32m&quot;flex-1 flex flex-col overflow-hidden&quot;[39m
      [33mdata-orientation[39m=[32m&quot;horizontal&quot;[39m
      [33mdir[39m=[32m&quot;ltr&quot;[39m
    [36m&gt;[39m
      [36m&lt;div[39m
        [33maria-orientation[39m=[32m&quot;horizontal&quot;[39m
        [33mclass[39m=[32m&quot;h-10 items-center justify-center rounded-md bg-muted p-1 text-muted-foreground grid w-full grid-cols-3&quot;[39m
        [33mdata-orientation[39m=[32m&quot;horizontal&quot;[39m
        [33mrole[39m=[32m&quot;tablist&quot;[39m
        [33mstyle[39m=[32m&quot;outline: none;&quot;[39m
        [33mtabindex[39m=[32m&quot;0&quot;[39m
      [36m&gt;[39m
        [36m&lt;button[39m
          [33maria-controls[39m=[32m&quot;radix-«r3»-content-multi-file&quot;[39m
          [33maria-selected[39m=[32m&quot;true&quot;[39m
          [33mclass[39m=[32m&quot;inline-flex items-center justify-center whitespace-nowrap rounded-sm px-3 py-1.5 text-sm font-medium ring-offset-background transition-all focus-visible:outline-none focus-visible:ring-2 focus-visible:ring-ring focus-visible:ring-offset-2 disabled:pointer-events-none disabled:opacity-50 data-[state=active]:bg-background data-[state=active]:text-foreground data-[state=active]:shadow-sm&quot;[39m
          [33mdata-orientation[39m=[32m&quot;horizontal&quot;[39m
          [33mdata-radix-collection-item[39m=[32m&quot;&quot;[39m
          [33mdata-state[39m=[32m&quot;active&quot;[39m
          [33mid[39m=[32m&quot;radix-«r3»-trigger-multi-file&quot;[39m
          [33mrole[39m=[32m&quot;tab&quot;[39m
          [33mtabindex[39m=[32m&quot;0&quot;[39m
          [33mtype[39m=[32m&quot;button&quot;[39m
        [36m&gt;[39m
          [36m&lt;svg[39m
            [33mclass[39m=[32m&quot;lucide lucide-folder h-4 w-4 mr-2&quot;[39m
            [33mfill[39m=[32m&quot;none&quot;[39m
            [33mheight[39m=[32m&quot;24&quot;[39m
            [33mstroke[39m=[32m&quot;currentColor&quot;[39m
            [33mstroke-linecap[39m=[32m&quot;round&quot;[39m
            [33mstroke-linejoin[39m=[32m&quot;round&quot;[39m
            [33mstroke-width[39m=[32m&quot;2&quot;[39m
            [33mviewBox[39m=[32m&quot;0 0 24 24&quot;[39m
            [33mwidth[39m=[32m&quot;24&quot;[39m
            [33mxmlns[39m=[32m&quot;http://www.w3.org/2000/svg&quot;[39m
          [36m&gt;[39m
            [36m&lt;path[39m
              [33md[39m=[32m&quot;M20 20a2 2 0 0 0 2-2V8a2 2 0 0 0-2-2h-7.9a2 2 0 0 1-1.69-.9L9.6 3.9A2 2 0 0 0 7.93 3H4a2 2 0 0 0-2 2v13a2 2 0 0 0 2 2Z&quot;[39m
            [36m/&gt;[39m
          [36m&lt;/svg&gt;[39m
          [0mMulti-File Upload[0m
        [36m&lt;/button&gt;[39m
        [36m&lt;button[39m
          [33maria-controls[39m=[32m&quot;radix-«r3»-content-single-file&quot;[39m
          [33maria-selected[39m=[32m&quot;false&quot;[39m
          [33mclass[39m=[32m&quot;inline-flex items-center justify-center whitespace-nowrap rounded-sm px-3 py-1.5 text-sm font-medium ring-offset-background transition-all focus-visible:outline-none focus-visible:ring-2 focus-visible:ring-ring focus-visible:ring-offset-2 disabled:pointer-events-none disabled:opacity-50 data-[state=active]:bg-background data-[state=active]:text-foreground data-[state=active]:shadow-sm&quot;[39m
          [33mdata-orientation[39m=[32m&quot;horizontal&quot;[39m
          [33mdata-radix-collection-item[39m=[32m&quot;&quot;[39m
          [33mdata-state[39m=[32m&quot;inactive&quot;[39m
          [33mid[39m=[32m&quot;radix-«r3»-trigger-single-file&quot;[39m
          [33mrole[39m=[32m&quot;tab&quot;[39m
          [33mtabindex[39m=[32m&quot;-1&quot;[39m
        ..." type="TestingLibraryElementError">
TestingLibraryElementError: Unable to find an element with the text: Upload customer support transcripts with advanced multi-file support. This could be because the text is broken up by multiple elements. In this case, you can provide a function for your text matcher to make your matcher more flexible.

Ignored nodes: comments, script, style
&lt;body
  data-scroll-locked=&quot;1&quot;
  style=&quot;pointer-events: none;&quot;
&gt;
  &lt;span
    aria-hidden=&quot;true&quot;
    data-aria-hidden=&quot;true&quot;
    data-radix-focus-guard=&quot;&quot;
    style=&quot;outline: none; opacity: 0; position: fixed; pointer-events: none;&quot;
    tabindex=&quot;0&quot;
  /&gt;
  &lt;div
    aria-hidden=&quot;true&quot;
    data-aria-hidden=&quot;true&quot;
  /&gt;
  &lt;div
    aria-hidden=&quot;true&quot;
    class=&quot;fixed inset-0 z-50 bg-black/80 data-[state=open]:animate-in data-[state=closed]:animate-out data-[state=closed]:fade-out-0 data-[state=open]:fade-in-0&quot;
    data-aria-hidden=&quot;true&quot;
    data-state=&quot;open&quot;
    style=&quot;pointer-events: auto;&quot;
  /&gt;
  &lt;div
    aria-describedby=&quot;radix-«r2»&quot;
    aria-labelledby=&quot;radix-«r1»&quot;
    class=&quot;fixed left-[50%] top-[50%] z-50 w-full translate-x-[-50%] translate-y-[-50%] gap-4 border bg-background p-6 shadow-lg duration-200 data-[state=open]:animate-in data-[state=closed]:animate-out data-[state=closed]:fade-out-0 data-[state=open]:fade-in-0 data-[state=closed]:zoom-out-95 data-[state=open]:zoom-in-95 data-[state=closed]:slide-out-to-left-1/2 data-[state=closed]:slide-out-to-top-[48%] data-[state=open]:slide-in-from-left-1/2 data-[state=open]:slide-in-from-top-[48%] sm:rounded-lg max-w-4xl max-h-[90vh] overflow-hidden flex flex-col&quot;
    data-state=&quot;open&quot;
    id=&quot;radix-«r0»&quot;
    role=&quot;dialog&quot;
    style=&quot;pointer-events: auto;&quot;
    tabindex=&quot;-1&quot;
  &gt;
    &lt;div
      class=&quot;flex flex-col space-y-1.5 text-center sm:text-left&quot;
    &gt;
      &lt;h2
        class=&quot;text-lg font-semibold leading-none tracking-tight flex items-center gap-2 text-accent&quot;
        id=&quot;radix-«r1»&quot;
      &gt;
        &lt;svg
          class=&quot;lucide lucide-upload h-5 w-5&quot;
          fill=&quot;none&quot;
          height=&quot;24&quot;
          stroke=&quot;currentColor&quot;
          stroke-linecap=&quot;round&quot;
          stroke-linejoin=&quot;round&quot;
          stroke-width=&quot;2&quot;
          viewBox=&quot;0 0 24 24&quot;
          width=&quot;24&quot;
          xmlns=&quot;http://www.w3.org/2000/svg&quot;
        &gt;
          &lt;path
            d=&quot;M21 15v4a2 2 0 0 1-2 2H5a2 2 0 0 1-2-2v-4&quot;
          /&gt;
          &lt;polyline
            points=&quot;17 8 12 3 7 8&quot;
          /&gt;
          &lt;line
            x1=&quot;12&quot;
            x2=&quot;12&quot;
            y1=&quot;3&quot;
            y2=&quot;15&quot;
          /&gt;
        &lt;/svg&gt;
        Enhanced FeedMe Upload
      &lt;/h2&gt;
      &lt;p
        class=&quot;text-sm text-muted-foreground&quot;
        id=&quot;radix-«r2»&quot;
      &gt;
        Upload customer support transcripts with advanced multi-file support, real-time preview, and batch processing.
      &lt;/p&gt;
    &lt;/div&gt;
    &lt;div
      class=&quot;flex-1 flex flex-col overflow-hidden&quot;
      data-orientation=&quot;horizontal&quot;
      dir=&quot;ltr&quot;
    &gt;
      &lt;div
        aria-orientation=&quot;horizontal&quot;
        class=&quot;h-10 items-center justify-center rounded-md bg-muted p-1 text-muted-foreground grid w-full grid-cols-3&quot;
        data-orientation=&quot;horizontal&quot;
        role=&quot;tablist&quot;
        style=&quot;outline: none;&quot;
        tabindex=&quot;0&quot;
      &gt;
        &lt;button
          aria-controls=&quot;radix-«r3»-content-multi-file&quot;
          aria-selected=&quot;true&quot;
          class=&quot;inline-flex items-center justify-center whitespace-nowrap rounded-sm px-3 py-1.5 text-sm font-medium ring-offset-background transition-all focus-visible:outline-none focus-visible:ring-2 focus-visible:ring-ring focus-visible:ring-offset-2 disabled:pointer-events-none disabled:opacity-50 data-[state=active]:bg-background data-[state=active]:text-foreground data-[state=active]:shadow-sm&quot;
          data-orientation=&quot;horizontal&quot;
          data-radix-collection-item=&quot;&quot;
          data-state=&quot;active&quot;
          id=&quot;radix-«r3»-trigger-multi-file&quot;
          role=&quot;tab&quot;
          tabindex=&quot;0&quot;
          type=&quot;button&quot;
        &gt;
          &lt;svg
            class=&quot;lucide lucide-folder h-4 w-4 mr-2&quot;
            fill=&quot;none&quot;
            height=&quot;24&quot;
            stroke=&quot;currentColor&quot;
            stroke-linecap=&quot;round&quot;
            stroke-linejoin=&quot;round&quot;
            stroke-width=&quot;2&quot;
            viewBox=&quot;0 0 24 24&quot;
            width=&quot;24&quot;
            xmlns=&quot;http://www.w3.org/2000/svg&quot;
          &gt;
            &lt;path
              d=&quot;M20 20a2 2 0 0 0 2-2V8a2 2 0 0 0-2-2h-7.9a2 2 0 0 1-1.69-.9L9.6 3.9A2 2 0 0 0 7.93 3H4a2 2 0 0 0-2 2v13a2 2 0 0 0 2 2Z&quot;
            /&gt;
          &lt;/svg&gt;
          Multi-File Upload
        &lt;/button&gt;
        &lt;button
          aria-controls=&quot;radix-«r3»-content-single-file&quot;
          aria-selected=&quot;false&quot;
          class=&quot;inline-flex items-center justify-center whitespace-nowrap rounded-sm px-3 py-1.5 text-sm font-medium ring-offset-background transition-all focus-visible:outline-none focus-visible:ring-2 focus-visible:ring-ring focus-visible:ring-offset-2 disabled:pointer-events-none disabled:opacity-50 data-[state=active]:bg-background data-[state=active]:text-foreground data-[state=active]:shadow-sm&quot;
          data-orientation=&quot;horizontal&quot;
          data-radix-collection-item=&quot;&quot;
          data-state=&quot;inactive&quot;
          id=&quot;radix-«r3»-trigger-single-file&quot;
          role=&quot;tab&quot;
          tabindex=&quot;-1&quot;
        ...
 ❯ Object.getElementError node_modules/@testing-library/dom/dist/config.js:37:19
 ❯ node_modules/@testing-library/dom/dist/query-helpers.js:76:38
 ❯ node_modules/@testing-library/dom/dist/query-helpers.js:52:17
 ❯ node_modules/@testing-library/dom/dist/query-helpers.js:95:19
 ❯ components/feedme/__tests__/EnhancedFeedMeModal.test.tsx:92:21
            </failure>
        </testcase>
        <testcase classname="components/feedme/__tests__/EnhancedFeedMeModal.test.tsx" name="EnhancedFeedMeModal &gt; Modal Rendering &gt; does not render when closed" time="0.001430875">
        </testcase>
        <testcase classname="components/feedme/__tests__/EnhancedFeedMeModal.test.tsx" name="EnhancedFeedMeModal &gt; Modal Rendering &gt; renders all three tabs" time="0.01494475">
        </testcase>
        <testcase classname="components/feedme/__tests__/EnhancedFeedMeModal.test.tsx" name="EnhancedFeedMeModal &gt; Multi-File Upload Tab &gt; shows the drop zone by default" time="0.010880917">
        </testcase>
        <testcase classname="components/feedme/__tests__/EnhancedFeedMeModal.test.tsx" name="EnhancedFeedMeModal &gt; Multi-File Upload Tab &gt; handles file selection via input" time="0.03176775">
        </testcase>
        <testcase classname="components/feedme/__tests__/EnhancedFeedMeModal.test.tsx" name="EnhancedFeedMeModal &gt; Multi-File Upload Tab &gt; validates file types correctly" time="1.024487042">
            <failure message="Unable to find an element with the text: /Please upload a text or HTML file/. This could be because the text is broken up by multiple elements. In this case, you can provide a function for your text matcher to make your matcher more flexible.

Ignored nodes: comments, script, style
[36m&lt;body[39m
  [33mdata-scroll-locked[39m=[32m&quot;1&quot;[39m
  [33mstyle[39m=[32m&quot;pointer-events: none;&quot;[39m
[36m&gt;[39m
  [36m&lt;span[39m
    [33maria-hidden[39m=[32m&quot;true&quot;[39m
    [33mdata-aria-hidden[39m=[32m&quot;true&quot;[39m
    [33mdata-radix-focus-guard[39m=[32m&quot;&quot;[39m
    [33mstyle[39m=[32m&quot;outline: none; opacity: 0; position: fixed; pointer-events: none;&quot;[39m
    [33mtabindex[39m=[32m&quot;0&quot;[39m
  [36m/&gt;[39m
  [36m&lt;div[39m
    [33maria-hidden[39m=[32m&quot;true&quot;[39m
    [33mdata-aria-hidden[39m=[32m&quot;true&quot;[39m
  [36m/&gt;[39m
  [36m&lt;div[39m
    [33maria-hidden[39m=[32m&quot;true&quot;[39m
    [33mclass[39m=[32m&quot;fixed inset-0 z-50 bg-black/80 data-[state=open]:animate-in data-[state=closed]:animate-out data-[state=closed]:fade-out-0 data-[state=open]:fade-in-0&quot;[39m
    [33mdata-aria-hidden[39m=[32m&quot;true&quot;[39m
    [33mdata-state[39m=[32m&quot;open&quot;[39m
    [33mstyle[39m=[32m&quot;pointer-events: auto;&quot;[39m
  [36m/&gt;[39m
  [36m&lt;div[39m
    [33maria-describedby[39m=[32m&quot;radix-«r11»&quot;[39m
    [33maria-labelledby[39m=[32m&quot;radix-«r10»&quot;[39m
    [33mclass[39m=[32m&quot;fixed left-[50%] top-[50%] z-50 w-full translate-x-[-50%] translate-y-[-50%] gap-4 border bg-background p-6 shadow-lg duration-200 data-[state=open]:animate-in data-[state=closed]:animate-out data-[state=closed]:fade-out-0 data-[state=open]:fade-in-0 data-[state=closed]:zoom-out-95 data-[state=open]:zoom-in-95 data-[state=closed]:slide-out-to-left-1/2 data-[state=closed]:slide-out-to-top-[48%] data-[state=open]:slide-in-from-left-1/2 data-[state=open]:slide-in-from-top-[48%] sm:rounded-lg max-w-4xl max-h-[90vh] overflow-hidden flex flex-col&quot;[39m
    [33mdata-state[39m=[32m&quot;open&quot;[39m
    [33mid[39m=[32m&quot;radix-«rv»&quot;[39m
    [33mrole[39m=[32m&quot;dialog&quot;[39m
    [33mstyle[39m=[32m&quot;pointer-events: auto;&quot;[39m
    [33mtabindex[39m=[32m&quot;-1&quot;[39m
  [36m&gt;[39m
    [36m&lt;div[39m
      [33mclass[39m=[32m&quot;flex flex-col space-y-1.5 text-center sm:text-left&quot;[39m
    [36m&gt;[39m
      [36m&lt;h2[39m
        [33mclass[39m=[32m&quot;text-lg font-semibold leading-none tracking-tight flex items-center gap-2 text-accent&quot;[39m
        [33mid[39m=[32m&quot;radix-«r10»&quot;[39m
      [36m&gt;[39m
        [36m&lt;svg[39m
          [33mclass[39m=[32m&quot;lucide lucide-upload h-5 w-5&quot;[39m
          [33mfill[39m=[32m&quot;none&quot;[39m
          [33mheight[39m=[32m&quot;24&quot;[39m
          [33mstroke[39m=[32m&quot;currentColor&quot;[39m
          [33mstroke-linecap[39m=[32m&quot;round&quot;[39m
          [33mstroke-linejoin[39m=[32m&quot;round&quot;[39m
          [33mstroke-width[39m=[32m&quot;2&quot;[39m
          [33mviewBox[39m=[32m&quot;0 0 24 24&quot;[39m
          [33mwidth[39m=[32m&quot;24&quot;[39m
          [33mxmlns[39m=[32m&quot;http://www.w3.org/2000/svg&quot;[39m
        [36m&gt;[39m
          [36m&lt;path[39m
            [33md[39m=[32m&quot;M21 15v4a2 2 0 0 1-2 2H5a2 2 0 0 1-2-2v-4&quot;[39m
          [36m/&gt;[39m
          [36m&lt;polyline[39m
            [33mpoints[39m=[32m&quot;17 8 12 3 7 8&quot;[39m
          [36m/&gt;[39m
          [36m&lt;line[39m
            [33mx1[39m=[32m&quot;12&quot;[39m
            [33mx2[39m=[32m&quot;12&quot;[39m
            [33my1[39m=[32m&quot;3&quot;[39m
            [33my2[39m=[32m&quot;15&quot;[39m
          [36m/&gt;[39m
        [36m&lt;/svg&gt;[39m
        [0mEnhanced FeedMe Upload[0m
      [36m&lt;/h2&gt;[39m
      [36m&lt;p[39m
        [33mclass[39m=[32m&quot;text-sm text-muted-foreground&quot;[39m
        [33mid[39m=[32m&quot;radix-«r11»&quot;[39m
      [36m&gt;[39m
        [0mUpload customer support transcripts with advanced multi-file support, real-time preview, and batch processing.[0m
      [36m&lt;/p&gt;[39m
    [36m&lt;/div&gt;[39m
    [36m&lt;div[39m
      [33mclass[39m=[32m&quot;flex-1 flex flex-col overflow-hidden&quot;[39m
      [33mdata-orientation[39m=[32m&quot;horizontal&quot;[39m
      [33mdir[39m=[32m&quot;ltr&quot;[39m
    [36m&gt;[39m
      [36m&lt;div[39m
        [33maria-orientation[39m=[32m&quot;horizontal&quot;[39m
        [33mclass[39m=[32m&quot;h-10 items-center justify-center rounded-md bg-muted p-1 text-muted-foreground grid w-full grid-cols-3&quot;[39m
        [33mdata-orientation[39m=[32m&quot;horizontal&quot;[39m
        [33mrole[39m=[32m&quot;tablist&quot;[39m
        [33mstyle[39m=[32m&quot;outline: none;&quot;[39m
        [33mtabindex[39m=[32m&quot;0&quot;[39m
      [36m&gt;[39m
        [36m&lt;button[39m
          [33maria-controls[39m=[32m&quot;radix-«r12»-content-multi-file&quot;[39m
          [33maria-selected[39m=[32m&quot;true&quot;[39m
          [33mclass[39m=[32m&quot;inline-flex items-center justify-center whitespace-nowrap rounded-sm px-3 py-1.5 text-sm font-medium ring-offset-background transition-all focus-visible:outline-none focus-visible:ring-2 focus-visible:ring-ring focus-visible:ring-offset-2 disabled:pointer-events-none disabled:opacity-50 data-[state=active]:bg-background data-[state=active]:text-foreground data-[state=active]:shadow-sm&quot;[39m
          [33mdata-orientation[39m=[32m&quot;horizontal&quot;[39m
          [33mdata-radix-collection-item[39m=[32m&quot;&quot;[39m
          [33mdata-state[39m=[32m&quot;active&quot;[39m
          [33mid[39m=[32m&quot;radix-«r12»-trigger-multi-file&quot;[39m
          [33mrole[39m=[32m&quot;tab&quot;[39m
          [33mtabindex[39m=[32m&quot;0&quot;[39m
          [33mtype[39m=[32m&quot;button&quot;[39m
        [36m&gt;[39m
          [36m&lt;svg[39m
            [33mclass[39m=[32m&quot;lucide lucide-folder h-4 w-4 mr-2&quot;[39m
            [33mfill[39m=[32m&quot;none&quot;[39m
            [33mheight[39m=[32m&quot;24&quot;[39m
            [33mstroke[39m=[32m&quot;currentColor&quot;[39m
            [33mstroke-linecap[39m=[32m&quot;round&quot;[39m
            [33mstroke-linejoin[39m=[32m&quot;round&quot;[39m
            [33mstroke-width[39m=[32m&quot;2&quot;[39m
            [33mviewBox[39m=[32m&quot;0 0 24 24&quot;[39m
            [33mwidth[39m=[32m&quot;24&quot;[39m
            [33mxmlns[39m=[32m&quot;http://www.w3.org/2000/svg&quot;[39m
          [36m&gt;[39m
            [36m&lt;path[39m
              [33md[39m=[32m&quot;M20 20a2 2 0 0 0 2-2V8a2 2 0 0 0-2-2h-7.9a2 2 0 0 1-1.69-.9L9.6 3.9A2 2 0 0 0 7.93 3H4a2 2 0 0 0-2 2v13a2 2 0 0 0 2 2Z&quot;[39m
            [36m/&gt;[39m
          [36m&lt;/svg&gt;[39m
          [0mMulti-File Upload[0m
        [36m&lt;/button&gt;[39m
        [36m&lt;button[39m
          [33maria-controls[39m=[32m&quot;radix-«r12»-content-single-file&quot;[39m
          [33maria-selected[39m=[32m&quot;false&quot;[39m
          [33mclass[39m=[32m&quot;inline-flex items-center justify-center whitespace-nowrap rounded-sm px-3 py-1.5 text-sm font-medium ring-offset-background transition-all focus-visible:outline-none focus-visible:ring-2 focus-visible:ring-ring focus-visible:ring-offset-2 disabled:pointer-events-none disabled:opacity-50 data-[state=active]:bg-background data-[state=active]:text-foreground data-[state=active]:shadow-sm&quot;[39m
          [33mdata-orientation[39m=[32m&quot;horizontal&quot;[39m
          [33mdata-radix-collection-item[39m=[32m&quot;&quot;[39m
          [33mdata-state[39m=[32m&quot;inactive&quot;[39m
          [33mid[39m=[32m&quot;radix-«r12»-trigger-single-file&quot;[39m
          [33mrole[39m=[32m&quot;tab&quot;[39m
          [33mtabindex[39m=[32m&quot;-1&quot;[39m
...

Ignored nodes: comments, script, style
[36m&lt;html&gt;[39m
  [36m&lt;head /&gt;[39m
  [36m&lt;body[39m
    [33mdata-scroll-locked[39m=[32m&quot;1&quot;[39m
    [33mstyle[39m=[32m&quot;pointer-events: none;&quot;[39m
  [36m&gt;[39m
    [36m&lt;span[39m
      [33maria-hidden[39m=[32m&quot;true&quot;[39m
      [33mdata-aria-hidden[39m=[32m&quot;true&quot;[39m
      [33mdata-radix-focus-guard[39m=[32m&quot;&quot;[39m
      [33mstyle[39m=[32m&quot;outline: none; opacity: 0; position: fixed; pointer-events: none;&quot;[39m
      [33mtabindex[39m=[32m&quot;0&quot;[39m
    [36m/&gt;[39m
    [36m&lt;div[39m
      [33maria-hidden[39m=[32m&quot;true&quot;[39m
      [33mdata-aria-hidden[39m=[32m&quot;true&quot;[39m
    [36m/&gt;[39m
    [36m&lt;div[39m
      [33maria-hidden[39m=[32m&quot;true&quot;[39m
      [33mclass[39m=[32m&quot;fixed inset-0 z-50 bg-black/80 data-[state=open]:animate-in data-[state=closed]:animate-out data-[state=closed]:fade-out-0 data-[state=open]:fade-in-0&quot;[39m
      [33mdata-aria-hidden[39m=[32m&quot;true&quot;[39m
      [33mdata-state[39m=[32m&quot;open&quot;[39m
      [33mstyle[39m=[32m&quot;pointer-events: auto;&quot;[39m
    [36m/&gt;[39m
    [36m&lt;div[39m
      [33maria-describedby[39m=[32m&quot;radix-«r11»&quot;[39m
      [33maria-labelledby[39m=[32m&quot;radix-«r10»&quot;[39m
      [33mclass[39m=[32m&quot;fixed left-[50%] top-[50%] z-50 w-full translate-x-[-50%] translate-y-[-50%] gap-4 border bg-background p-6 shadow-lg duration-200 data-[state=open]:animate-in data-[state=closed]:animate-out data-[state=closed]:fade-out-0 data-[state=open]:fade-in-0 data-[state=closed]:zoom-out-95 data-[state=open]:zoom-in-95 data-[state=closed]:slide-out-to-left-1/2 data-[state=closed]:slide-out-to-top-[48%] data-[state=open]:slide-in-from-left-1/2 data-[state=open]:slide-in-from-top-[48%] sm:rounded-lg max-w-4xl max-h-[90vh] overflow-hidden flex flex-col&quot;[39m
      [33mdata-state[39m=[32m&quot;open&quot;[39m
      [33mid[39m=[32m&quot;radix-«rv»&quot;[39m
      [33mrole[39m=[32m&quot;dialog&quot;[39m
      [33mstyle[39m=[32m&quot;pointer-events: auto;&quot;[39m
      [33mtabindex[39m=[32m&quot;-1&quot;[39m
    [36m&gt;[39m
      [36m&lt;div[39m
        [33mclass[39m=[32m&quot;flex flex-col space-y-1.5 text-center sm:text-left&quot;[39m
      [36m&gt;[39m
        [36m&lt;h2[39m
          [33mclass[39m=[32m&quot;text-lg font-semibold leading-none tracking-tight flex items-center gap-2 text-accent&quot;[39m
          [33mid[39m=[32m&quot;radix-«r10»&quot;[39m
        [36m&gt;[39m
          [36m&lt;svg[39m
            [33mclass[39m=[32m&quot;lucide lucide-upload h-5 w-5&quot;[39m
            [33mfill[39m=[32m&quot;none&quot;[39m
            [33mheight[39m=[32m&quot;24&quot;[39m
            [33mstroke[39m=[32m&quot;currentColor&quot;[39m
            [33mstroke-linecap[39m=[32m&quot;round&quot;[39m
            [33mstroke-linejoin[39m=[32m&quot;round&quot;[39m
            [33mstroke-width[39m=[32m&quot;2&quot;[39m
            [33mviewBox[39m=[32m&quot;0 0 24 24&quot;[39m
            [33mwidth[39m=[32m&quot;24&quot;[39m
            [33mxmlns[39m=[32m&quot;http://www.w3.org/2000/svg&quot;[39m
          [36m&gt;[39m
            [36m&lt;path[39m
              [33md[39m=[32m&quot;M21 15v4a2 2 0 0 1-2 2H5a2 2 0 0 1-2-2v-4&quot;[39m
            [36m/&gt;[39m
            [36m&lt;polyline[39m
              [33mpoints[39m=[32m&quot;17 8 12 3 7 8&quot;[39m
            [36m/&gt;[39m
            [36m&lt;line[39m
              [33mx1[39m=[32m&quot;12&quot;[39m
              [33mx2[39m=[32m&quot;12&quot;[39m
              [33my1[39m=[32m&quot;3&quot;[39m
              [33my2[39m=[32m&quot;15&quot;[39m
            [36m/&gt;[39m
          [36m&lt;/svg&gt;[39m
          [0mEnhanced FeedMe Upload[0m
        [36m&lt;/h2&gt;[39m
        [36m&lt;p[39m
          [33mclass[39m=[32m&quot;text-sm text-muted-foreground&quot;[39m
          [33mid[39m=[32m&quot;radix-«r11»&quot;[39m
        [36m&gt;[39m
          [0mUpload customer support transcripts with advanced multi-file support, real-time preview, and batch processing.[0m
        [36m&lt;/p&gt;[39m
      [36m&lt;/div&gt;[39m
      [36m&lt;div[39m
        [33mclass[39m=[32m&quot;flex-1 flex flex-col overflow-hidden&quot;[39m
        [33mdata-orientation[39m=[32m&quot;horizontal&quot;[39m
        [33mdir[39m=[32m&quot;ltr&quot;[39m
      [36m&gt;[39m
        [36m&lt;div[39m
          [33maria-orientation[39m=[32m&quot;horizontal&quot;[39m
          [33mclass[39m=[32m&quot;h-10 items-center justify-center rounded-md bg-muted p-1 text-muted-foreground grid w-full grid-cols-3&quot;[39m
          [33mdata-orientation[39m=[32m&quot;horizontal&quot;[39m
          [33mrole[39m=[32m&quot;tablist&quot;[39m
          [33mstyle[39m=[32m&quot;outline: none;&quot;[39m
          [33mtabindex[39m=[32m&quot;0&quot;[39m
        [36m&gt;[39m
          [36m&lt;button[39m
            [33maria-controls[39m=[32m&quot;radix-«r12»-content-multi-file&quot;[39m
            [33maria-selected[39m=[32m&quot;true&quot;[39m
            [33mclass[39m=[32m&quot;inline-flex items-center justify-center whitespace-nowrap rounded-sm px-3 py-1.5 text-sm font-medium ring-offset-background transition-all focus-visible:outline-none focus-visible:ring-2 focus-visible:ring-ring focus-visible:ring-offset-2 disabled:pointer-events-none disabled:opacity-50 data-[state=active]:bg-background data-[state=active]:text-foreground data-[state=active]:shadow-sm&quot;[39m
            [33mdata-orientation[39m=[32m&quot;horizontal&quot;[39m
            [33mdata-radix-collection-item[39m=[32m&quot;&quot;[39m
            [33mdata-state[39m=[32m&quot;active&quot;[39m
            [33mid[39m=[32m&quot;radix-«r12»-trigger-multi-file&quot;[39m
            [33mrole[39m=[32m&quot;tab&quot;[39m
            [33mtabindex[39m=[32m&quot;0&quot;[39m
            [33mtype[39m=[32m&quot;button&quot;[39m
          [36m&gt;[39m
            [36m&lt;svg[39m
              [33mclass[39m=[32m&quot;lucide lucide-folder h-4 w-4 mr-2&quot;[39m
              [33mfill[39m=[32m&quot;none&quot;[39m
              [33mheight[39m=[32m&quot;24&quot;[39m
              [33mstroke[39m=[32m&quot;currentColor&quot;[39m
              [33mstroke-linecap[39m=[32m&quot;round&quot;[39m
              [33mstroke-linejoin[39m=[32m&quot;round&quot;[39m
              [33mstroke-width[39m=[32m&quot;2&quot;[39m
              [33mviewBox[39m=[32m&quot;0 0 24 24&quot;[39m
              [33mwidth[39m=[32m&quot;24&quot;[39m
              [33mxmlns[39m=[32m&quot;http://www.w3.org/2000/svg&quot;[39m
            [36m&gt;[39m
              [36m&lt;path[39m
                [33md[39m=[32m&quot;M20 20a2 2 0 0 0 2-2V8a2 2 0 0 0-2-2h-7.9a2 2 0 0 1-1.69-.9L9.6 3.9A2 2 0 0 0 7.93 3H4a2 2 0 0 0-2 2v13a2 2 0 0 0 2 2Z&quot;[39m
              [36m/&gt;[39m
            [36m&lt;/svg&gt;[39m
            [0mMulti-File Upload[0m
          [36m&lt;/button&gt;[39m
          [36m&lt;button[39m
            [33maria-controls[39m=[32m&quot;radix-«r12»-content-single-file&quot;[39m
            [33maria-selected[39m=[32m&quot;false&quot;[39m
            [33mclass[39m=[32m&quot;inline-flex items-center justify-center whitespace-nowrap rounded-sm px-3 py-1.5 text-sm font-medium ring-offset-background transition-all focus-visible:outline-none focus-visible:ring-2 focus-visible:ring-ring focus-visible:ring-offset-2 disabled:pointer-events-none disabled:opacity-50 data-[state=active]:bg-background data-[state=active]:text-foreground data-[state=active]:shadow-sm&quot;[39m
            [33mdata-orientation[39m=[32m&quot;h..." type="TestingLibraryElementError">
TestingLibraryElementError: Unable to find an element with the text: /Please upload a text or HTML file/. This could be because the text is broken up by multiple elements. In this case, you can provide a function for your text matcher to make your matcher more flexible.

Ignored nodes: comments, script, style
&lt;body
  data-scroll-locked=&quot;1&quot;
  style=&quot;pointer-events: none;&quot;
&gt;
  &lt;span
    aria-hidden=&quot;true&quot;
    data-aria-hidden=&quot;true&quot;
    data-radix-focus-guard=&quot;&quot;
    style=&quot;outline: none; opacity: 0; position: fixed; pointer-events: none;&quot;
    tabindex=&quot;0&quot;
  /&gt;
  &lt;div
    aria-hidden=&quot;true&quot;
    data-aria-hidden=&quot;true&quot;
  /&gt;
  &lt;div
    aria-hidden=&quot;true&quot;
    class=&quot;fixed inset-0 z-50 bg-black/80 data-[state=open]:animate-in data-[state=closed]:animate-out data-[state=closed]:fade-out-0 data-[state=open]:fade-in-0&quot;
    data-aria-hidden=&quot;true&quot;
    data-state=&quot;open&quot;
    style=&quot;pointer-events: auto;&quot;
  /&gt;
  &lt;div
    aria-describedby=&quot;radix-«r11»&quot;
    aria-labelledby=&quot;radix-«r10»&quot;
    class=&quot;fixed left-[50%] top-[50%] z-50 w-full translate-x-[-50%] translate-y-[-50%] gap-4 border bg-background p-6 shadow-lg duration-200 data-[state=open]:animate-in data-[state=closed]:animate-out data-[state=closed]:fade-out-0 data-[state=open]:fade-in-0 data-[state=closed]:zoom-out-95 data-[state=open]:zoom-in-95 data-[state=closed]:slide-out-to-left-1/2 data-[state=closed]:slide-out-to-top-[48%] data-[state=open]:slide-in-from-left-1/2 data-[state=open]:slide-in-from-top-[48%] sm:rounded-lg max-w-4xl max-h-[90vh] overflow-hidden flex flex-col&quot;
    data-state=&quot;open&quot;
    id=&quot;radix-«rv»&quot;
    role=&quot;dialog&quot;
    style=&quot;pointer-events: auto;&quot;
    tabindex=&quot;-1&quot;
  &gt;
    &lt;div
      class=&quot;flex flex-col space-y-1.5 text-center sm:text-left&quot;
    &gt;
      &lt;h2
        class=&quot;text-lg font-semibold leading-none tracking-tight flex items-center gap-2 text-accent&quot;
        id=&quot;radix-«r10»&quot;
      &gt;
        &lt;svg
          class=&quot;lucide lucide-upload h-5 w-5&quot;
          fill=&quot;none&quot;
          height=&quot;24&quot;
          stroke=&quot;currentColor&quot;
          stroke-linecap=&quot;round&quot;
          stroke-linejoin=&quot;round&quot;
          stroke-width=&quot;2&quot;
          viewBox=&quot;0 0 24 24&quot;
          width=&quot;24&quot;
          xmlns=&quot;http://www.w3.org/2000/svg&quot;
        &gt;
          &lt;path
            d=&quot;M21 15v4a2 2 0 0 1-2 2H5a2 2 0 0 1-2-2v-4&quot;
          /&gt;
          &lt;polyline
            points=&quot;17 8 12 3 7 8&quot;
          /&gt;
          &lt;line
            x1=&quot;12&quot;
            x2=&quot;12&quot;
            y1=&quot;3&quot;
            y2=&quot;15&quot;
          /&gt;
        &lt;/svg&gt;
        Enhanced FeedMe Upload
      &lt;/h2&gt;
      &lt;p
        class=&quot;text-sm text-muted-foreground&quot;
        id=&quot;radix-«r11»&quot;
      &gt;
        Upload customer support transcripts with advanced multi-file support, real-time preview, and batch processing.
      &lt;/p&gt;
    &lt;/div&gt;
    &lt;div
      class=&quot;flex-1 flex flex-col overflow-hidden&quot;
      data-orientation=&quot;horizontal&quot;
      dir=&quot;ltr&quot;
    &gt;
      &lt;div
        aria-orientation=&quot;horizontal&quot;
        class=&quot;h-10 items-center justify-center rounded-md bg-muted p-1 text-muted-foreground grid w-full grid-cols-3&quot;
        data-orientation=&quot;horizontal&quot;
        role=&quot;tablist&quot;
        style=&quot;outline: none;&quot;
        tabindex=&quot;0&quot;
      &gt;
        &lt;button
          aria-controls=&quot;radix-«r12»-content-multi-file&quot;
          aria-selected=&quot;true&quot;
          class=&quot;inline-flex items-center justify-center whitespace-nowrap rounded-sm px-3 py-1.5 text-sm font-medium ring-offset-background transition-all focus-visible:outline-none focus-visible:ring-2 focus-visible:ring-ring focus-visible:ring-offset-2 disabled:pointer-events-none disabled:opacity-50 data-[state=active]:bg-background data-[state=active]:text-foreground data-[state=active]:shadow-sm&quot;
          data-orientation=&quot;horizontal&quot;
          data-radix-collection-item=&quot;&quot;
          data-state=&quot;active&quot;
          id=&quot;radix-«r12»-trigger-multi-file&quot;
          role=&quot;tab&quot;
          tabindex=&quot;0&quot;
          type=&quot;button&quot;
        &gt;
          &lt;svg
            class=&quot;lucide lucide-folder h-4 w-4 mr-2&quot;
            fill=&quot;none&quot;
            height=&quot;24&quot;
            stroke=&quot;currentColor&quot;
            stroke-linecap=&quot;round&quot;
            stroke-linejoin=&quot;round&quot;
            stroke-width=&quot;2&quot;
            viewBox=&quot;0 0 24 24&quot;
            width=&quot;24&quot;
            xmlns=&quot;http://www.w3.org/2000/svg&quot;
          &gt;
            &lt;path
              d=&quot;M20 20a2 2 0 0 0 2-2V8a2 2 0 0 0-2-2h-7.9a2 2 0 0 1-1.69-.9L9.6 3.9A2 2 0 0 0 7.93 3H4a2 2 0 0 0-2 2v13a2 2 0 0 0 2 2Z&quot;
            /&gt;
          &lt;/svg&gt;
          Multi-File Upload
        &lt;/button&gt;
        &lt;button
          aria-controls=&quot;radix-«r12»-content-single-file&quot;
          aria-selected=&quot;false&quot;
          class=&quot;inline-flex items-center justify-center whitespace-nowrap rounded-sm px-3 py-1.5 text-sm font-medium ring-offset-background transition-all focus-visible:outline-none focus-visible:ring-2 focus-visible:ring-ring focus-visible:ring-offset-2 disabled:pointer-events-none disabled:opacity-50 data-[state=active]:bg-background data-[state=active]:text-foreground data-[state=active]:shadow-sm&quot;
          data-orientation=&quot;horizontal&quot;
          data-radix-collection-item=&quot;&quot;
          data-state=&quot;inactive&quot;
          id=&quot;radix-«r12»-trigger-single-file&quot;
          role=&quot;tab&quot;
          tabindex=&quot;-1&quot;
...

Ignored nodes: comments, script, style
&lt;html&gt;
  &lt;head /&gt;
  &lt;body
    data-scroll-locked=&quot;1&quot;
    style=&quot;pointer-events: none;&quot;
  &gt;
    &lt;span
      aria-hidden=&quot;true&quot;
      data-aria-hidden=&quot;true&quot;
      data-radix-focus-guard=&quot;&quot;
      style=&quot;outline: none; opacity: 0; position: fixed; pointer-events: none;&quot;
      tabindex=&quot;0&quot;
    /&gt;
    &lt;div
      aria-hidden=&quot;true&quot;
      data-aria-hidden=&quot;true&quot;
    /&gt;
    &lt;div
      aria-hidden=&quot;true&quot;
      class=&quot;fixed inset-0 z-50 bg-black/80 data-[state=open]:animate-in data-[state=closed]:animate-out data-[state=closed]:fade-out-0 data-[state=open]:fade-in-0&quot;
      data-aria-hidden=&quot;true&quot;
      data-state=&quot;open&quot;
      style=&quot;pointer-events: auto;&quot;
    /&gt;
    &lt;div
      aria-describedby=&quot;radix-«r11»&quot;
      aria-labelledby=&quot;radix-«r10»&quot;
      class=&quot;fixed left-[50%] top-[50%] z-50 w-full translate-x-[-50%] translate-y-[-50%] gap-4 border bg-background p-6 shadow-lg duration-200 data-[state=open]:animate-in data-[state=closed]:animate-out data-[state=closed]:fade-out-0 data-[state=open]:fade-in-0 data-[state=closed]:zoom-out-95 data-[state=open]:zoom-in-95 data-[state=closed]:slide-out-to-left-1/2 data-[state=closed]:slide-out-to-top-[48%] data-[state=open]:slide-in-from-left-1/2 data-[state=open]:slide-in-from-top-[48%] sm:rounded-lg max-w-4xl max-h-[90vh] overflow-hidden flex flex-col&quot;
      data-state=&quot;open&quot;
      id=&quot;radix-«rv»&quot;
      role=&quot;dialog&quot;
      style=&quot;pointer-events: auto;&quot;
      tabindex=&quot;-1&quot;
    &gt;
      &lt;div
        class=&quot;flex flex-col space-y-1.5 text-center sm:text-left&quot;
      &gt;
        &lt;h2
          class=&quot;text-lg font-semibold leading-none tracking-tight flex items-center gap-2 text-accent&quot;
          id=&quot;radix-«r10»&quot;
        &gt;
          &lt;svg
            class=&quot;lucide lucide-upload h-5 w-5&quot;
            fill=&quot;none&quot;
            height=&quot;24&quot;
            stroke=&quot;currentColor&quot;
            stroke-linecap=&quot;round&quot;
            stroke-linejoin=&quot;round&quot;
            stroke-width=&quot;2&quot;
            viewBox=&quot;0 0 24 24&quot;
            width=&quot;24&quot;
            xmlns=&quot;http://www.w3.org/2000/svg&quot;
          &gt;
            &lt;path
              d=&quot;M21 15v4a2 2 0 0 1-2 2H5a2 2 0 0 1-2-2v-4&quot;
            /&gt;
            &lt;polyline
              points=&quot;17 8 12 3 7 8&quot;
            /&gt;
            &lt;line
              x1=&quot;12&quot;
              x2=&quot;12&quot;
              y1=&quot;3&quot;
              y2=&quot;15&quot;
            /&gt;
          &lt;/svg&gt;
          Enhanced FeedMe Upload
        &lt;/h2&gt;
        &lt;p
          class=&quot;text-sm text-muted-foreground&quot;
          id=&quot;radix-«r11»&quot;
        &gt;
          Upload customer support transcripts with advanced multi-file support, real-time preview, and batch processing.
        &lt;/p&gt;
      &lt;/div&gt;
      &lt;div
        class=&quot;flex-1 flex flex-col overflow-hidden&quot;
        data-orientation=&quot;horizontal&quot;
        dir=&quot;ltr&quot;
      &gt;
        &lt;div
          aria-orientation=&quot;horizontal&quot;
          class=&quot;h-10 items-center justify-center rounded-md bg-muted p-1 text-muted-foreground grid w-full grid-cols-3&quot;
          data-orientation=&quot;horizontal&quot;
          role=&quot;tablist&quot;
          style=&quot;outline: none;&quot;
          tabindex=&quot;0&quot;
        &gt;
          &lt;button
            aria-controls=&quot;radix-«r12»-content-multi-file&quot;
            aria-selected=&quot;true&quot;
            class=&quot;inline-flex items-center justify-center whitespace-nowrap rounded-sm px-3 py-1.5 text-sm font-medium ring-offset-background transition-all focus-visible:outline-none focus-visible:ring-2 focus-visible:ring-ring focus-visible:ring-offset-2 disabled:pointer-events-none disabled:opacity-50 data-[state=active]:bg-background data-[state=active]:text-foreground data-[state=active]:shadow-sm&quot;
            data-orientation=&quot;horizontal&quot;
            data-radix-collection-item=&quot;&quot;
            data-state=&quot;active&quot;
            id=&quot;radix-«r12»-trigger-multi-file&quot;
            role=&quot;tab&quot;
            tabindex=&quot;0&quot;
            type=&quot;button&quot;
          &gt;
            &lt;svg
              class=&quot;lucide lucide-folder h-4 w-4 mr-2&quot;
              fill=&quot;none&quot;
              height=&quot;24&quot;
              stroke=&quot;currentColor&quot;
              stroke-linecap=&quot;round&quot;
              stroke-linejoin=&quot;round&quot;
              stroke-width=&quot;2&quot;
              viewBox=&quot;0 0 24 24&quot;
              width=&quot;24&quot;
              xmlns=&quot;http://www.w3.org/2000/svg&quot;
            &gt;
              &lt;path
                d=&quot;M20 20a2 2 0 0 0 2-2V8a2 2 0 0 0-2-2h-7.9a2 2 0 0 1-1.69-.9L9.6 3.9A2 2 0 0 0 7.93 3H4a2 2 0 0 0-2 2v13a2 2 0 0 0 2 2Z&quot;
              /&gt;
            &lt;/svg&gt;
            Multi-File Upload
          &lt;/button&gt;
          &lt;button
            aria-controls=&quot;radix-«r12»-content-single-file&quot;
            aria-selected=&quot;false&quot;
            class=&quot;inline-flex items-center justify-center whitespace-nowrap rounded-sm px-3 py-1.5 text-sm font-medium ring-offset-background transition-all focus-visible:outline-none focus-visible:ring-2 focus-visible:ring-ring focus-visible:ring-offset-2 disabled:pointer-events-none disabled:opacity-50 data-[state=active]:bg-background data-[state=active]:text-foreground data-[state=active]:shadow-sm&quot;
            data-orientation=&quot;h...
 ❯ Proxy.waitForWrapper node_modules/@testing-library/dom/dist/wait-for.js:163:27
 ❯ components/feedme/__tests__/EnhancedFeedMeModal.test.tsx:142:13
            </failure>
        </testcase>
        <testcase classname="components/feedme/__tests__/EnhancedFeedMeModal.test.tsx" name="EnhancedFeedMeModal &gt; Multi-File Upload Tab &gt; validates file size limits" time="0.229859417">
        </testcase>
        <testcase classname="components/feedme/__tests__/EnhancedFeedMeModal.test.tsx" name="EnhancedFeedMeModal &gt; Multi-File Upload Tab &gt; allows removing files from the queue" time="0.06166275">
            <failure message="Unable to find an accessible element with the role &quot;button&quot; and name `/remove/i`

Here are the accessible roles:

  dialog:

  Name &quot;Enhanced FeedMe Upload&quot;:
  [36m&lt;div[39m
    [33maria-describedby[39m=[32m&quot;radix-«r1f»&quot;[39m
    [33maria-labelledby[39m=[32m&quot;radix-«r1e»&quot;[39m
    [33mclass[39m=[32m&quot;fixed left-[50%] top-[50%] z-50 w-full translate-x-[-50%] translate-y-[-50%] gap-4 border bg-background p-6 shadow-lg duration-200 data-[state=open]:animate-in data-[state=closed]:animate-out data-[state=closed]:fade-out-0 data-[state=open]:fade-in-0 data-[state=closed]:zoom-out-95 data-[state=open]:zoom-in-95 data-[state=closed]:slide-out-to-left-1/2 data-[state=closed]:slide-out-to-top-[48%] data-[state=open]:slide-in-from-left-1/2 data-[state=open]:slide-in-from-top-[48%] sm:rounded-lg max-w-4xl max-h-[90vh] overflow-hidden flex flex-col&quot;[39m
    [33mdata-state[39m=[32m&quot;open&quot;[39m
    [33mid[39m=[32m&quot;radix-«r1d»&quot;[39m
    [33mrole[39m=[32m&quot;dialog&quot;[39m
    [33mstyle[39m=[32m&quot;pointer-events: auto;&quot;[39m
    [33mtabindex[39m=[32m&quot;-1&quot;[39m
  [36m/&gt;[39m

  --------------------------------------------------
  heading:

  Name &quot;Enhanced FeedMe Upload&quot;:
  [36m&lt;h2[39m
    [33mclass[39m=[32m&quot;text-lg font-semibold leading-none tracking-tight flex items-center gap-2 text-accent&quot;[39m
    [33mid[39m=[32m&quot;radix-«r1e»&quot;[39m
  [36m/&gt;[39m

  Name &quot;Files (1)&quot;:
  [36m&lt;h4[39m
    [33mclass[39m=[32m&quot;text-sm font-medium&quot;[39m
  [36m/&gt;[39m

  --------------------------------------------------
  paragraph:

  Name &quot;&quot;:
  [36m&lt;p[39m
    [33mclass[39m=[32m&quot;text-sm text-muted-foreground&quot;[39m
    [33mid[39m=[32m&quot;radix-«r1f»&quot;[39m
  [36m/&gt;[39m

  Name &quot;&quot;:
  [36m&lt;p[39m
    [33mclass[39m=[32m&quot;text-sm font-medium&quot;[39m
  [36m/&gt;[39m

  Name &quot;&quot;:
  [36m&lt;p[39m
    [33mclass[39m=[32m&quot;text-xs text-muted-foreground&quot;[39m
  [36m/&gt;[39m

  Name &quot;&quot;:
  [36m&lt;p[39m
    [33mclass[39m=[32m&quot;text-xs text-blue-700 font-medium&quot;[39m
  [36m/&gt;[39m

  --------------------------------------------------
  tablist:

  Name &quot;&quot;:
  [36m&lt;div[39m
    [33maria-orientation[39m=[32m&quot;horizontal&quot;[39m
    [33mclass[39m=[32m&quot;h-10 items-center justify-center rounded-md bg-muted p-1 text-muted-foreground grid w-full grid-cols-3&quot;[39m
    [33mdata-orientation[39m=[32m&quot;horizontal&quot;[39m
    [33mrole[39m=[32m&quot;tablist&quot;[39m
    [33mstyle[39m=[32m&quot;outline: none;&quot;[39m
    [33mtabindex[39m=[32m&quot;0&quot;[39m
  [36m/&gt;[39m

  --------------------------------------------------
  tab:

  Name &quot;Multi-File Upload&quot;:
  [36m&lt;button[39m
    [33maria-controls[39m=[32m&quot;radix-«r1g»-content-multi-file&quot;[39m
    [33maria-selected[39m=[32m&quot;true&quot;[39m
    [33mclass[39m=[32m&quot;inline-flex items-center justify-center whitespace-nowrap rounded-sm px-3 py-1.5 text-sm font-medium ring-offset-background transition-all focus-visible:outline-none focus-visible:ring-2 focus-visible:ring-ring focus-visible:ring-offset-2 disabled:pointer-events-none disabled:opacity-50 data-[state=active]:bg-background data-[state=active]:text-foreground data-[state=active]:shadow-sm&quot;[39m
    [33mdata-orientation[39m=[32m&quot;horizontal&quot;[39m
    [33mdata-radix-collection-item[39m=[32m&quot;&quot;[39m
    [33mdata-state[39m=[32m&quot;active&quot;[39m
    [33mid[39m=[32m&quot;radix-«r1g»-trigger-multi-file&quot;[39m
    [33mrole[39m=[32m&quot;tab&quot;[39m
    [33mtabindex[39m=[32m&quot;0&quot;[39m
    [33mtype[39m=[32m&quot;button&quot;[39m
  [36m/&gt;[39m

  Name &quot;Single File&quot;:
  [36m&lt;button[39m
    [33maria-controls[39m=[32m&quot;radix-«r1g»-content-single-file&quot;[39m
    [33maria-selected[39m=[32m&quot;false&quot;[39m
    [33mclass[39m=[32m&quot;inline-flex items-center justify-center whitespace-nowrap rounded-sm px-3 py-1.5 text-sm font-medium ring-offset-background transition-all focus-visible:outline-none focus-visible:ring-2 focus-visible:ring-ring focus-visible:ring-offset-2 disabled:pointer-events-none disabled:opacity-50 data-[state=active]:bg-background data-[state=active]:text-foreground data-[state=active]:shadow-sm&quot;[39m
    [33mdata-orientation[39m=[32m&quot;horizontal&quot;[39m
    [33mdata-radix-collection-item[39m=[32m&quot;&quot;[39m
    [33mdata-state[39m=[32m&quot;inactive&quot;[39m
    [33mid[39m=[32m&quot;radix-«r1g»-trigger-single-file&quot;[39m
    [33mrole[39m=[32m&quot;tab&quot;[39m
    [33mtabindex[39m=[32m&quot;-1&quot;[39m
    [33mtype[39m=[32m&quot;button&quot;[39m
  [36m/&gt;[39m

  Name &quot;Paste Text&quot;:
  [36m&lt;button[39m
    [33maria-controls[39m=[32m&quot;radix-«r1g»-content-text&quot;[39m
    [33maria-selected[39m=[32m&quot;false&quot;[39m
    [33mclass[39m=[32m&quot;inline-flex items-center justify-center whitespace-nowrap rounded-sm px-3 py-1.5 text-sm font-medium ring-offset-background transition-all focus-visible:outline-none focus-visible:ring-2 focus-visible:ring-ring focus-visible:ring-offset-2 disabled:pointer-events-none disabled:opacity-50 data-[state=active]:bg-background data-[state=active]:text-foreground data-[state=active]:shadow-sm&quot;[39m
    [33mdata-orientation[39m=[32m&quot;horizontal&quot;[39m
    [33mdata-radix-collection-item[39m=[32m&quot;&quot;[39m
    [33mdata-state[39m=[32m&quot;inactive&quot;[39m
    [33mid[39m=[32m&quot;radix-«r1g»-trigger-text&quot;[39m
    [33mrole[39m=[32m&quot;tab&quot;[39m
    [33mtabindex[39m=[32m&quot;-1&quot;[39m
    [33mtype[39m=[32m&quot;button&quot;[39m
  [36m/&gt;[39m

  --------------------------------------------------
  tabpanel:

  Name &quot;Multi-File Upload&quot;:
  [36m&lt;div[39m
    [33maria-labelledby[39m=[32m&quot;radix-«r1g»-trigger-multi-file&quot;[39m
    [33mclass[39m=[32m&quot;ring-offset-background focus-visible:outline-none focus-visible:ring-2 focus-visible:ring-ring focus-visible:ring-offset-2 flex-1 flex flex-col overflow-hidden mt-4&quot;[39m
    [33mdata-orientation[39m=[32m&quot;horizontal&quot;[39m
    [33mdata-state[39m=[32m&quot;active&quot;[39m
    [33mid[39m=[32m&quot;radix-«r1g»-content-multi-file&quot;[39m
    [33mrole[39m=[32m&quot;tabpanel&quot;[39m
    [33mstyle[39m=[32m&quot;animation-duration: 0s;&quot;[39m
    [33mtabindex[39m=[32m&quot;0&quot;[39m
  [36m/&gt;[39m

  --------------------------------------------------
  button:

  Name &quot;Clear All&quot;:
  [36m&lt;button[39m
    [33mclass[39m=[32m&quot;inline-flex items-center justify-center gap-2 whitespace-nowrap text-sm font-medium ring-offset-background transition-colors focus-visible:outline-none focus-visible:ring-2 focus-visible:ring-ring focus-visible:ring-offset-2 disabled:pointer-events-none disabled:opacity-50 [&amp;_svg]:pointer-events-none [&amp;_svg]:size-4 [&amp;_svg]:shrink-0 border border-input bg-background hover:bg-accent hover:text-accent-foreground h-9 rounded-md px-3&quot;[39m
  [36m/&gt;[39m

  Name &quot;Upload All&quot;:
  [36m&lt;button[39m
    [33mclass[39m=[32m&quot;inline-flex items-center justify-center gap-2 whitespace-nowrap text-sm font-medium ring-offset-background transition-colors focus-visible:outline-none focus-visible:ring-2 focus-visible:ring-ring focus-visible:ring-offset-2 disabled:pointer-events-none disabled:opacity-50 [&amp;_svg]:pointer-events-none [&amp;_svg]:size-4 [&amp;_svg]:shrink-0 text-primary-foreground h-9 rounded-md px-3 bg-accent hover:bg-accent/90&quot;[39m
  [36m/&gt;[39m

  Name &quot;&quot;:
  [36m&lt;button[39m
    [33mclass[39m=[32m&quot;inline-flex items-center justify-center gap-2 whitespace-nowrap text-sm font-medium ring-offset-background transition-colors focus-visible:outline-none focus-visible:ring-2 focus-visible:ring-ring focus-visible:ring-offset-2 disabled:pointer-events-none disabled:opacity-50 [&amp;_svg]:pointer-events-none [&amp;_svg]:size-4 [&amp;_svg]:shrink-0 hover:bg-accent rounded-md h-6 w-6 p-0 text-red-500 hover:text-red-700&quot;[39m
  [36m/&gt;[39m

  Name &quot;Close&quot;:
  [36m&lt;button[39m
    [33mclass[39m=[32m&quot;absolute right-4 top-4 rounded-sm opacity-70 ring-offset-background transition-opacity hover:opacity-100 focus:outline-none focus:ring-2 focus:ring-ring focus:ring-offset-2 disabled:pointer-events-none data-[state=open]:bg-accent data-[state=open]:text-muted-foreground&quot;[39m
    [33mtype[39m=[32m&quot;button&quot;[39m
  [36m/&gt;[39m

  --------------------------------------------------
  textbox:

  Name &quot;&quot;:
  [36m&lt;input[39m
    [33mclass[39m=[32m&quot;flex w-full rounded-md border-input bg-background ring-offset-background file:border-0 file:bg-transparent file:text-sm file:font-medium file:text-foreground placeholder:text-muted-foreground focus-visible:outline-none focus-visible:ring-ring focus-visible:ring-offset-2 disabled:cursor-not-allowed disabled:opacity-50 md:text-sm h-7 text-sm border-0 p-0 focus-visible:ring-0&quot;[39m
    [33mvalue[39m=[32m&quot;test&quot;[39m
  [36m/&gt;[39m

  --------------------------------------------------

Ignored nodes: comments, script, style
[36m&lt;body[39m
  [33mdata-scroll-locked[39m=[32m&quot;1&quot;[39m
  [33mstyle[39m=[32m&quot;pointer-events: none;&quot;[39m
[36m&gt;[39m
  [36m&lt;span[39m
    [33maria-hidden[39m=[32m&quot;true&quot;[39m
    [33mdata-aria-hidden[39m=[32m&quot;true&quot;[39m
    [33mdata-radix-focus-guard[39m=[32m&quot;&quot;[39m
    [33mstyle[39m=[32m&quot;outline: none; opacity: 0; position: fixed; pointer-events: none;&quot;[39m
    [33mtabindex[39m=[32m&quot;0&quot;[39m
  [36m/&gt;[39m
  [36m&lt;div[39m
    [33maria-hidden[39m=[32m&quot;true&quot;[39m
    [33mdata-aria-hidden[39m=[32m&quot;true&quot;[39m
  [36m/&gt;[39m
  [36m&lt;div[39m
    [33maria-hidden[39m=[32m&quot;true&quot;[39m
    [33mclass[39m=[32m&quot;fixed inset-0 z-50 bg-black/80 data-[state=open]:animate-in data-[state=closed]:animate-out data-[state=closed]:fade-out-0 data-[state=open]:fade-in-0&quot;[39m
    [33mdata-aria-hidden[39m=[32m&quot;true&quot;[39m
    [33mdata-state[39m=[32m&quot;open&quot;[39m
    [33mstyle[39m=[32m&quot;pointer-events: auto;&quot;[39m
  [36m/&gt;[39m
  [36m&lt;div[39m
    [33maria-describedby[39m=[32m&quot;radix-«r1f»&quot;[39m
    [33maria-labelledby[39m=[32m&quot;radix-«r1e»&quot;[39m
    [33mclass[39m=[32m&quot;fixed left-[50%] top-[50%] z-50 w-full translate-x-[-50%] translate-y-[-50%] gap-4 border bg-background p-6 shadow-lg duration-200 data-[state=open]:animate-in data-[state=closed]:animate-out data-[state=closed]:fade-out-0 data-[state=open]:fade-in-0 data-[state=closed]:zoom-out-95 data-[state=open]:zoom-in-95 data-[state=closed]:slide-out-to-left-1/2 data-[state=closed]:slide-out-to-top-[48%] data-[state=open]:slide-in-from-left-1/2 data-[state=open]:slide-in-from-top-[48%] sm:rounded-lg max-w-4xl max-h-[90vh] overflow-hidden flex flex-col&quot;[39m
    [33mdata-state[39m=[32m&quot;open&quot;[39m
    [33mid[39m=[32m&quot;radix-«r1d»&quot;[39m
    [33mrole[39m=[32m&quot;dialog&quot;[39m
    [33mstyle[39m=[32m&quot;pointer-events: auto;&quot;[39m
    [33mtabindex[39m=[32m&quot;-1&quot;[39m
  [36m&gt;[39m
    [36m&lt;div[39m
      [33mclass[39m=[32m&quot;flex flex-col space-y-1.5 text-center sm:text-left&quot;[39m
    [36m&gt;[39m
      [36m&lt;h2[39m
        [33mclass[39m=[32m&quot;text-lg font-semibold leading-none tracking-tight flex items-center gap-2 text-accent&quot;[39m
        [33mid[39m=[32m&quot;radix-«r1e»&quot;[39m
      [36m&gt;[39m
        [36m&lt;svg[39m
          [33mclass[39m=[32m&quot;lucide lucide-upload h-5 w-5&quot;[39m
          [33mfill[39m=[32m&quot;none&quot;[39m
          [33mheight[39m=[32m&quot;24&quot;[39m
          [33mstroke[39m=[32m&quot;currentColor&quot;[39m
          [33mstroke-linecap[39m=[32m&quot;round&quot;[39m
          [33mstroke-linejoin[39m=[32m&quot;round&quot;[39m
          [33mstroke-width[39m=[32m&quot;2&quot;[39m
          [33mviewBox[39m=[32m&quot;0 0 24 24&quot;[39m
          [33mwidth[39m=[32m&quot;24&quot;[39m
          [33mxmlns[39m=[32m&quot;http://www.w3.org/2000/svg&quot;[39m
        [36m&gt;[39m
          [36m&lt;path[39m
            [33md[39m=[32m&quot;M21 15v4a2 2 0 0 1-2 2H5a2 2 0 0 1-2-2v-4&quot;[39m
          [36m/&gt;[39m
          [36m&lt;polyline[39m
            [33mpoints[39m=[32m&quot;17 8 12 3 7 8&quot;[39m
          [36m/&gt;[39m
          [36m&lt;line[39m
            [33mx1[39m=[32m&quot;12&quot;[39m
            [33mx2[39m=[32m&quot;12&quot;[39m
            [33my1[39m=[32m&quot;3&quot;[39m
            [33my2[39m=[32m&quot;15&quot;[39m
          [36m/&gt;[39m
        [36m&lt;/svg&gt;[39m
        [0mEnhanced FeedMe Upload[0m
      [36m&lt;/h2&gt;[39m
      [36m&lt;p[39m
        [33mclass[39m=[32m&quot;text-sm text-muted-foreground&quot;[39m
        [33mid[39m=[32m&quot;radix-«r1f»&quot;[39m
      [36m&gt;[39m
        [0mUpload customer support transcripts with advanced multi-file support, real-time preview, and batch processing.[0m
      [36m&lt;/p&gt;[39m
    [36m&lt;/div&gt;[39m
    [36m&lt;div[39m
      [33mclass[39m=[32m&quot;flex-1 flex flex-col overflow-hidden&quot;[39m
      [33mdata-orientation[39m=[32m&quot;horizontal&quot;[39m
      [33mdir[39m=[32m&quot;ltr&quot;[39m
    [36m&gt;[39m
      [36m&lt;div[39m
        [33maria-orientation[39m=[32m&quot;horizontal&quot;[39m
        [33mclass[39m=[32m&quot;h-10 items-center justify-center rounded-md bg-muted p-1 text-muted-foreground grid w-full grid-cols-3&quot;[39m
        [33mdata-orientation[39m=[32m&quot;horizontal&quot;[39m
        [33mrole[39m=[32m&quot;tablist&quot;[39m
        [33mstyle[39m=[32m&quot;outline: none;&quot;[39m
        [33mtabindex[39m=[32m&quot;0&quot;[39m
      [36m&gt;[39m
        [36m&lt;button[39m
          [33maria-controls[39m=[32m&quot;radix-«r1g»-content-multi-file&quot;[39m
          [33maria-selected[39m=[32m&quot;true&quot;[39m
          [33mclass[39m=[32m&quot;inline-flex items-center justify-center whitespace-nowrap rounded-sm px-3 py-1.5 text-sm font-medium ring-offset-background transition-all focus-visible:outline-none focus-visible:ring-2 focus-visible:ring-ring focus-visible:ring-offset-2 disabled:pointer-events-none disabled:opacity-50 data-[state=active]:bg-background data-[state=active]:text-foreground data-[state=active]:shadow-sm&quot;[39m
          [33mdata-orientation[39m=[32m&quot;horizontal&quot;[39m
          [33mdata-radix-collection-item[39m=[32m&quot;&quot;[39m
          [33mdata-state[39m=[32m&quot;active&quot;[39m
          [33mid[39m=[32m&quot;radix-«r1g»-trigger-multi-file&quot;[39m
          [33mrole[39m=[32m&quot;tab&quot;[39m
          [33mtabindex[39m=[32m&quot;0&quot;[39m
          [33mtype[39m=[32m&quot;button&quot;[39m
        [36m&gt;[39m
          [36m&lt;svg[39m
            [33mclass[39m=[32m&quot;lucide lucide-folder h-4 w-4 mr-2&quot;[39m
            [33mfill[39m=[32m&quot;none&quot;[39m
            [33mheight[39m=[32m&quot;24&quot;[39m
            [33mstroke[39m=[32m&quot;currentColor&quot;[39m
            [33mstroke-linecap[39m=[32m&quot;round&quot;[39m
            [33mstroke-linejoin[39m=[32m&quot;round&quot;[39m
            [33mstroke-width[39m=[32m&quot;2&quot;[39m
            [33mviewBox[39m=[32m&quot;0 0 24 24&quot;[39m
            [33mwidth[39m=[32m&quot;24&quot;[39m
            [33mxmlns[39m=[32m&quot;http://www.w3.org/2000/svg&quot;[39m
          [36m&gt;[39m
            [36m&lt;path[39m
              [33md[39m=[32m&quot;M20 20a2 2 0 0 0 2-2V8a2 2 0 0 0-2-2h-7.9a2 2 0 0 1-1.69-.9L9.6 3.9A2 2 0 0 0 7.93 3H4a2 2 0 0 0-2 2v13a2 2 0 0 0 2 2Z&quot;[39m
            [36m/&gt;[39m
          [36m&lt;/svg&gt;[39m
          [0mMulti-File Upload[0m
        [36m&lt;/button&gt;[39m
        [36m&lt;button[39m
          [33maria-controls[39m=[32m&quot;radix-«r1g»-content-single-file&quot;[39m
          [33maria-selected[39m=[32m&quot;false&quot;[39m
          [33mclass[39m=[32m&quot;inline-flex items-center justify-center whitespace-nowrap rounded-sm px-3 py-1.5 text-sm font-medium ring-offset-background transition-all focus-visible:outline-none focus-visible:ring-2 focus-visible:ring-ring focus-visible:ring-offset-2 disabled:pointer-events-none disabled:opacity-50 data-[state=active]:bg-background data-[state=active]:text-foreground data-[state=active]:shadow-sm&quot;[39m
          [33mdata-orientation[39m=[32m&quot;horizontal&quot;[39m
          [33mdata-radix-collection-item[39m=[32m&quot;&quot;[39m
          [33mdata-state[39m=[32m&quot;inactive&quot;[39m
          [33mid[39m=[32m&quot;radix-«r1g»-trigger-single-file&quot;[39m
          [33mrole[39m=[32m&quot;tab&quot;[39m
          [33mtabindex[39m=[32m&quot;-1&quot;[39m..." type="TestingLibraryElementError">
TestingLibraryElementError: Unable to find an accessible element with the role &quot;button&quot; and name `/remove/i`

Here are the accessible roles:

  dialog:

  Name &quot;Enhanced FeedMe Upload&quot;:
  &lt;div
    aria-describedby=&quot;radix-«r1f»&quot;
    aria-labelledby=&quot;radix-«r1e»&quot;
    class=&quot;fixed left-[50%] top-[50%] z-50 w-full translate-x-[-50%] translate-y-[-50%] gap-4 border bg-background p-6 shadow-lg duration-200 data-[state=open]:animate-in data-[state=closed]:animate-out data-[state=closed]:fade-out-0 data-[state=open]:fade-in-0 data-[state=closed]:zoom-out-95 data-[state=open]:zoom-in-95 data-[state=closed]:slide-out-to-left-1/2 data-[state=closed]:slide-out-to-top-[48%] data-[state=open]:slide-in-from-left-1/2 data-[state=open]:slide-in-from-top-[48%] sm:rounded-lg max-w-4xl max-h-[90vh] overflow-hidden flex flex-col&quot;
    data-state=&quot;open&quot;
    id=&quot;radix-«r1d»&quot;
    role=&quot;dialog&quot;
    style=&quot;pointer-events: auto;&quot;
    tabindex=&quot;-1&quot;
  /&gt;

  --------------------------------------------------
  heading:

  Name &quot;Enhanced FeedMe Upload&quot;:
  &lt;h2
    class=&quot;text-lg font-semibold leading-none tracking-tight flex items-center gap-2 text-accent&quot;
    id=&quot;radix-«r1e»&quot;
  /&gt;

  Name &quot;Files (1)&quot;:
  &lt;h4
    class=&quot;text-sm font-medium&quot;
  /&gt;

  --------------------------------------------------
  paragraph:

  Name &quot;&quot;:
  &lt;p
    class=&quot;text-sm text-muted-foreground&quot;
    id=&quot;radix-«r1f»&quot;
  /&gt;

  Name &quot;&quot;:
  &lt;p
    class=&quot;text-sm font-medium&quot;
  /&gt;

  Name &quot;&quot;:
  &lt;p
    class=&quot;text-xs text-muted-foreground&quot;
  /&gt;

  Name &quot;&quot;:
  &lt;p
    class=&quot;text-xs text-blue-700 font-medium&quot;
  /&gt;

  --------------------------------------------------
  tablist:

  Name &quot;&quot;:
  &lt;div
    aria-orientation=&quot;horizontal&quot;
    class=&quot;h-10 items-center justify-center rounded-md bg-muted p-1 text-muted-foreground grid w-full grid-cols-3&quot;
    data-orientation=&quot;horizontal&quot;
    role=&quot;tablist&quot;
    style=&quot;outline: none;&quot;
    tabindex=&quot;0&quot;
  /&gt;

  --------------------------------------------------
  tab:

  Name &quot;Multi-File Upload&quot;:
  &lt;button
    aria-controls=&quot;radix-«r1g»-content-multi-file&quot;
    aria-selected=&quot;true&quot;
    class=&quot;inline-flex items-center justify-center whitespace-nowrap rounded-sm px-3 py-1.5 text-sm font-medium ring-offset-background transition-all focus-visible:outline-none focus-visible:ring-2 focus-visible:ring-ring focus-visible:ring-offset-2 disabled:pointer-events-none disabled:opacity-50 data-[state=active]:bg-background data-[state=active]:text-foreground data-[state=active]:shadow-sm&quot;
    data-orientation=&quot;horizontal&quot;
    data-radix-collection-item=&quot;&quot;
    data-state=&quot;active&quot;
    id=&quot;radix-«r1g»-trigger-multi-file&quot;
    role=&quot;tab&quot;
    tabindex=&quot;0&quot;
    type=&quot;button&quot;
  /&gt;

  Name &quot;Single File&quot;:
  &lt;button
    aria-controls=&quot;radix-«r1g»-content-single-file&quot;
    aria-selected=&quot;false&quot;
    class=&quot;inline-flex items-center justify-center whitespace-nowrap rounded-sm px-3 py-1.5 text-sm font-medium ring-offset-background transition-all focus-visible:outline-none focus-visible:ring-2 focus-visible:ring-ring focus-visible:ring-offset-2 disabled:pointer-events-none disabled:opacity-50 data-[state=active]:bg-background data-[state=active]:text-foreground data-[state=active]:shadow-sm&quot;
    data-orientation=&quot;horizontal&quot;
    data-radix-collection-item=&quot;&quot;
    data-state=&quot;inactive&quot;
    id=&quot;radix-«r1g»-trigger-single-file&quot;
    role=&quot;tab&quot;
    tabindex=&quot;-1&quot;
    type=&quot;button&quot;
  /&gt;

  Name &quot;Paste Text&quot;:
  &lt;button
    aria-controls=&quot;radix-«r1g»-content-text&quot;
    aria-selected=&quot;false&quot;
    class=&quot;inline-flex items-center justify-center whitespace-nowrap rounded-sm px-3 py-1.5 text-sm font-medium ring-offset-background transition-all focus-visible:outline-none focus-visible:ring-2 focus-visible:ring-ring focus-visible:ring-offset-2 disabled:pointer-events-none disabled:opacity-50 data-[state=active]:bg-background data-[state=active]:text-foreground data-[state=active]:shadow-sm&quot;
    data-orientation=&quot;horizontal&quot;
    data-radix-collection-item=&quot;&quot;
    data-state=&quot;inactive&quot;
    id=&quot;radix-«r1g»-trigger-text&quot;
    role=&quot;tab&quot;
    tabindex=&quot;-1&quot;
    type=&quot;button&quot;
  /&gt;

  --------------------------------------------------
  tabpanel:

  Name &quot;Multi-File Upload&quot;:
  &lt;div
    aria-labelledby=&quot;radix-«r1g»-trigger-multi-file&quot;
    class=&quot;ring-offset-background focus-visible:outline-none focus-visible:ring-2 focus-visible:ring-ring focus-visible:ring-offset-2 flex-1 flex flex-col overflow-hidden mt-4&quot;
    data-orientation=&quot;horizontal&quot;
    data-state=&quot;active&quot;
    id=&quot;radix-«r1g»-content-multi-file&quot;
    role=&quot;tabpanel&quot;
    style=&quot;animation-duration: 0s;&quot;
    tabindex=&quot;0&quot;
  /&gt;

  --------------------------------------------------
  button:

  Name &quot;Clear All&quot;:
  &lt;button
    class=&quot;inline-flex items-center justify-center gap-2 whitespace-nowrap text-sm font-medium ring-offset-background transition-colors focus-visible:outline-none focus-visible:ring-2 focus-visible:ring-ring focus-visible:ring-offset-2 disabled:pointer-events-none disabled:opacity-50 [&amp;_svg]:pointer-events-none [&amp;_svg]:size-4 [&amp;_svg]:shrink-0 border border-input bg-background hover:bg-accent hover:text-accent-foreground h-9 rounded-md px-3&quot;
  /&gt;

  Name &quot;Upload All&quot;:
  &lt;button
    class=&quot;inline-flex items-center justify-center gap-2 whitespace-nowrap text-sm font-medium ring-offset-background transition-colors focus-visible:outline-none focus-visible:ring-2 focus-visible:ring-ring focus-visible:ring-offset-2 disabled:pointer-events-none disabled:opacity-50 [&amp;_svg]:pointer-events-none [&amp;_svg]:size-4 [&amp;_svg]:shrink-0 text-primary-foreground h-9 rounded-md px-3 bg-accent hover:bg-accent/90&quot;
  /&gt;

  Name &quot;&quot;:
  &lt;button
    class=&quot;inline-flex items-center justify-center gap-2 whitespace-nowrap text-sm font-medium ring-offset-background transition-colors focus-visible:outline-none focus-visible:ring-2 focus-visible:ring-ring focus-visible:ring-offset-2 disabled:pointer-events-none disabled:opacity-50 [&amp;_svg]:pointer-events-none [&amp;_svg]:size-4 [&amp;_svg]:shrink-0 hover:bg-accent rounded-md h-6 w-6 p-0 text-red-500 hover:text-red-700&quot;
  /&gt;

  Name &quot;Close&quot;:
  &lt;button
    class=&quot;absolute right-4 top-4 rounded-sm opacity-70 ring-offset-background transition-opacity hover:opacity-100 focus:outline-none focus:ring-2 focus:ring-ring focus:ring-offset-2 disabled:pointer-events-none data-[state=open]:bg-accent data-[state=open]:text-muted-foreground&quot;
    type=&quot;button&quot;
  /&gt;

  --------------------------------------------------
  textbox:

  Name &quot;&quot;:
  &lt;input
    class=&quot;flex w-full rounded-md border-input bg-background ring-offset-background file:border-0 file:bg-transparent file:text-sm file:font-medium file:text-foreground placeholder:text-muted-foreground focus-visible:outline-none focus-visible:ring-ring focus-visible:ring-offset-2 disabled:cursor-not-allowed disabled:opacity-50 md:text-sm h-7 text-sm border-0 p-0 focus-visible:ring-0&quot;
    value=&quot;test&quot;
  /&gt;

  --------------------------------------------------

Ignored nodes: comments, script, style
&lt;body
  data-scroll-locked=&quot;1&quot;
  style=&quot;pointer-events: none;&quot;
&gt;
  &lt;span
    aria-hidden=&quot;true&quot;
    data-aria-hidden=&quot;true&quot;
    data-radix-focus-guard=&quot;&quot;
    style=&quot;outline: none; opacity: 0; position: fixed; pointer-events: none;&quot;
    tabindex=&quot;0&quot;
  /&gt;
  &lt;div
    aria-hidden=&quot;true&quot;
    data-aria-hidden=&quot;true&quot;
  /&gt;
  &lt;div
    aria-hidden=&quot;true&quot;
    class=&quot;fixed inset-0 z-50 bg-black/80 data-[state=open]:animate-in data-[state=closed]:animate-out data-[state=closed]:fade-out-0 data-[state=open]:fade-in-0&quot;
    data-aria-hidden=&quot;true&quot;
    data-state=&quot;open&quot;
    style=&quot;pointer-events: auto;&quot;
  /&gt;
  &lt;div
    aria-describedby=&quot;radix-«r1f»&quot;
    aria-labelledby=&quot;radix-«r1e»&quot;
    class=&quot;fixed left-[50%] top-[50%] z-50 w-full translate-x-[-50%] translate-y-[-50%] gap-4 border bg-background p-6 shadow-lg duration-200 data-[state=open]:animate-in data-[state=closed]:animate-out data-[state=closed]:fade-out-0 data-[state=open]:fade-in-0 data-[state=closed]:zoom-out-95 data-[state=open]:zoom-in-95 data-[state=closed]:slide-out-to-left-1/2 data-[state=closed]:slide-out-to-top-[48%] data-[state=open]:slide-in-from-left-1/2 data-[state=open]:slide-in-from-top-[48%] sm:rounded-lg max-w-4xl max-h-[90vh] overflow-hidden flex flex-col&quot;
    data-state=&quot;open&quot;
    id=&quot;radix-«r1d»&quot;
    role=&quot;dialog&quot;
    style=&quot;pointer-events: auto;&quot;
    tabindex=&quot;-1&quot;
  &gt;
    &lt;div
      class=&quot;flex flex-col space-y-1.5 text-center sm:text-left&quot;
    &gt;
      &lt;h2
        class=&quot;text-lg font-semibold leading-none tracking-tight flex items-center gap-2 text-accent&quot;
        id=&quot;radix-«r1e»&quot;
      &gt;
        &lt;svg
          class=&quot;lucide lucide-upload h-5 w-5&quot;
          fill=&quot;none&quot;
          height=&quot;24&quot;
          stroke=&quot;currentColor&quot;
          stroke-linecap=&quot;round&quot;
          stroke-linejoin=&quot;round&quot;
          stroke-width=&quot;2&quot;
          viewBox=&quot;0 0 24 24&quot;
          width=&quot;24&quot;
          xmlns=&quot;http://www.w3.org/2000/svg&quot;
        &gt;
          &lt;path
            d=&quot;M21 15v4a2 2 0 0 1-2 2H5a2 2 0 0 1-2-2v-4&quot;
          /&gt;
          &lt;polyline
            points=&quot;17 8 12 3 7 8&quot;
          /&gt;
          &lt;line
            x1=&quot;12&quot;
            x2=&quot;12&quot;
            y1=&quot;3&quot;
            y2=&quot;15&quot;
          /&gt;
        &lt;/svg&gt;
        Enhanced FeedMe Upload
      &lt;/h2&gt;
      &lt;p
        class=&quot;text-sm text-muted-foreground&quot;
        id=&quot;radix-«r1f»&quot;
      &gt;
        Upload customer support transcripts with advanced multi-file support, real-time preview, and batch processing.
      &lt;/p&gt;
    &lt;/div&gt;
    &lt;div
      class=&quot;flex-1 flex flex-col overflow-hidden&quot;
      data-orientation=&quot;horizontal&quot;
      dir=&quot;ltr&quot;
    &gt;
      &lt;div
        aria-orientation=&quot;horizontal&quot;
        class=&quot;h-10 items-center justify-center rounded-md bg-muted p-1 text-muted-foreground grid w-full grid-cols-3&quot;
        data-orientation=&quot;horizontal&quot;
        role=&quot;tablist&quot;
        style=&quot;outline: none;&quot;
        tabindex=&quot;0&quot;
      &gt;
        &lt;button
          aria-controls=&quot;radix-«r1g»-content-multi-file&quot;
          aria-selected=&quot;true&quot;
          class=&quot;inline-flex items-center justify-center whitespace-nowrap rounded-sm px-3 py-1.5 text-sm font-medium ring-offset-background transition-all focus-visible:outline-none focus-visible:ring-2 focus-visible:ring-ring focus-visible:ring-offset-2 disabled:pointer-events-none disabled:opacity-50 data-[state=active]:bg-background data-[state=active]:text-foreground data-[state=active]:shadow-sm&quot;
          data-orientation=&quot;horizontal&quot;
          data-radix-collection-item=&quot;&quot;
          data-state=&quot;active&quot;
          id=&quot;radix-«r1g»-trigger-multi-file&quot;
          role=&quot;tab&quot;
          tabindex=&quot;0&quot;
          type=&quot;button&quot;
        &gt;
          &lt;svg
            class=&quot;lucide lucide-folder h-4 w-4 mr-2&quot;
            fill=&quot;none&quot;
            height=&quot;24&quot;
            stroke=&quot;currentColor&quot;
            stroke-linecap=&quot;round&quot;
            stroke-linejoin=&quot;round&quot;
            stroke-width=&quot;2&quot;
            viewBox=&quot;0 0 24 24&quot;
            width=&quot;24&quot;
            xmlns=&quot;http://www.w3.org/2000/svg&quot;
          &gt;
            &lt;path
              d=&quot;M20 20a2 2 0 0 0 2-2V8a2 2 0 0 0-2-2h-7.9a2 2 0 0 1-1.69-.9L9.6 3.9A2 2 0 0 0 7.93 3H4a2 2 0 0 0-2 2v13a2 2 0 0 0 2 2Z&quot;
            /&gt;
          &lt;/svg&gt;
          Multi-File Upload
        &lt;/button&gt;
        &lt;button
          aria-controls=&quot;radix-«r1g»-content-single-file&quot;
          aria-selected=&quot;false&quot;
          class=&quot;inline-flex items-center justify-center whitespace-nowrap rounded-sm px-3 py-1.5 text-sm font-medium ring-offset-background transition-all focus-visible:outline-none focus-visible:ring-2 focus-visible:ring-ring focus-visible:ring-offset-2 disabled:pointer-events-none disabled:opacity-50 data-[state=active]:bg-background data-[state=active]:text-foreground data-[state=active]:shadow-sm&quot;
          data-orientation=&quot;horizontal&quot;
          data-radix-collection-item=&quot;&quot;
          data-state=&quot;inactive&quot;
          id=&quot;radix-«r1g»-trigger-single-file&quot;
          role=&quot;tab&quot;
          tabindex=&quot;-1&quot;...
 ❯ Object.getElementError node_modules/@testing-library/dom/dist/config.js:37:19
 ❯ node_modules/@testing-library/dom/dist/query-helpers.js:76:38
 ❯ node_modules/@testing-library/dom/dist/query-helpers.js:52:17
 ❯ node_modules/@testing-library/dom/dist/query-helpers.js:95:19
 ❯ components/feedme/__tests__/EnhancedFeedMeModal.test.tsx:176:35
            </failure>
        </testcase>
        <testcase classname="components/feedme/__tests__/EnhancedFeedMeModal.test.tsx" name="EnhancedFeedMeModal &gt; Multi-File Upload Tab &gt; shows Upload All button when files are present" time="0.019892042">
        </testcase>
        <testcase classname="components/feedme/__tests__/EnhancedFeedMeModal.test.tsx" name="EnhancedFeedMeModal &gt; Batch Upload Functionality &gt; performs batch upload successfully" time="0.037207667">
        </testcase>
        <testcase classname="components/feedme/__tests__/EnhancedFeedMeModal.test.tsx" name="EnhancedFeedMeModal &gt; Batch Upload Functionality &gt; shows batch upload progress" time="0.130531125">
        </testcase>
        <testcase classname="components/feedme/__tests__/EnhancedFeedMeModal.test.tsx" name="EnhancedFeedMeModal &gt; Batch Upload Functionality &gt; handles upload errors gracefully" time="1.043987875">
            <failure message="Found multiple elements with the text: /error/i

Here are the matching elements:

Ignored nodes: comments, script, style
[36m&lt;div[39m
  [33mclass[39m=[32m&quot;inline-flex items-center rounded-full border px-2.5 py-0.5 font-semibold transition-colors focus:outline-none focus:ring-2 focus:ring-ring focus:ring-offset-2 text-xs text-red-600 bg-red-50 border-red-200&quot;[39m
[36m&gt;[39m
  [36m&lt;span[39m
    [33mclass[39m=[32m&quot;mr-1&quot;[39m
  [36m&gt;[39m
    [36m&lt;svg[39m
      [33mclass[39m=[32m&quot;lucide lucide-circle-alert h-4 w-4 text-red-600&quot;[39m
      [33mfill[39m=[32m&quot;none&quot;[39m
      [33mheight[39m=[32m&quot;24&quot;[39m
      [33mstroke[39m=[32m&quot;currentColor&quot;[39m
      [33mstroke-linecap[39m=[32m&quot;round&quot;[39m
      [33mstroke-linejoin[39m=[32m&quot;round&quot;[39m
      [33mstroke-width[39m=[32m&quot;2&quot;[39m
      [33mviewBox[39m=[32m&quot;0 0 24 24&quot;[39m
      [33mwidth[39m=[32m&quot;24&quot;[39m
      [33mxmlns[39m=[32m&quot;http://www.w3.org/2000/svg&quot;[39m
    [36m&gt;[39m
      [36m&lt;circle[39m
        [33mcx[39m=[32m&quot;12&quot;[39m
        [33mcy[39m=[32m&quot;12&quot;[39m
        [33mr[39m=[32m&quot;10&quot;[39m
      [36m/&gt;[39m
      [36m&lt;line[39m
        [33mx1[39m=[32m&quot;12&quot;[39m
        [33mx2[39m=[32m&quot;12&quot;[39m
        [33my1[39m=[32m&quot;8&quot;[39m
        [33my2[39m=[32m&quot;12&quot;[39m
      [36m/&gt;[39m
      [36m&lt;line[39m
        [33mx1[39m=[32m&quot;12&quot;[39m
        [33mx2[39m=[32m&quot;12.01&quot;[39m
        [33my1[39m=[32m&quot;16&quot;[39m
        [33my2[39m=[32m&quot;16&quot;[39m
      [36m/&gt;[39m
    [36m&lt;/svg&gt;[39m
  [36m&lt;/span&gt;[39m
  [0merror[0m
[36m&lt;/div&gt;[39m

Ignored nodes: comments, script, style
[36m&lt;p[39m
  [33mclass[39m=[32m&quot;font-medium&quot;[39m
[36m&gt;[39m
  [0m1[0m
  [0m error[0m
  [0m occurred:[0m
[36m&lt;/p&gt;[39m

(If this is intentional, then use the `*AllBy*` variant of the query (like `queryAllByText`, `getAllByText`, or `findAllByText`)).

Ignored nodes: comments, script, style
[36m&lt;body[39m
  [33mdata-scroll-locked[39m=[32m&quot;1&quot;[39m
  [33mstyle[39m=[32m&quot;pointer-events: none;&quot;[39m
[36m&gt;[39m
  [36m&lt;span[39m
    [33maria-hidden[39m=[32m&quot;true&quot;[39m
    [33mdata-aria-hidden[39m=[32m&quot;true&quot;[39m
    [33mdata-radix-focus-guard[39m=[32m&quot;&quot;[39m
    [33mstyle[39m=[32m&quot;outline: none; opacity: 0; position: fixed; pointer-events: none;&quot;[39m
    [33mtabindex[39m=[32m&quot;0&quot;[39m
  [36m/&gt;[39m
  [36m&lt;div[39m
    [33maria-hidden[39m=[32m&quot;true&quot;[39m
    [33mdata-aria-hidden[39m=[32m&quot;true&quot;[39m
  [36m/&gt;[39m
  [36m&lt;div[39m
    [33maria-hidden[39m=[32m&quot;true&quot;[39m
    [33mclass[39m=[32m&quot;fixed inset-0 z-50 bg-black/80 data-[state=open]:animate-in data-[state=closed]:animate-out data-[state=closed]:fade-out-0 data-[state=open]:fade-in-0&quot;[39m
    [33mdata-aria-hidden[39m=[32m&quot;true&quot;[39m
    [33mdata-state[39m=[32m&quot;open&quot;[39m
    [33mstyle[39m=[32m&quot;pointer-events: auto;&quot;[39m
  [36m/&gt;[39m
  [36m&lt;div[39m
    [33maria-describedby[39m=[32m&quot;radix-«r2b»&quot;[39m
    [33maria-labelledby[39m=[32m&quot;radix-«r2a»&quot;[39m
    [33mclass[39m=[32m&quot;fixed left-[50%] top-[50%] z-50 w-full translate-x-[-50%] translate-y-[-50%] gap-4 border bg-background p-6 shadow-lg duration-200 data-[state=open]:animate-in data-[state=closed]:animate-out data-[state=closed]:fade-out-0 data-[state=open]:fade-in-0 data-[state=closed]:zoom-out-95 data-[state=open]:zoom-in-95 data-[state=closed]:slide-out-to-left-1/2 data-[state=closed]:slide-out-to-top-[48%] data-[state=open]:slide-in-from-left-1/2 data-[state=open]:slide-in-from-top-[48%] sm:rounded-lg max-w-4xl max-h-[90vh] overflow-hidden flex flex-col&quot;[39m
    [33mdata-state[39m=[32m&quot;open&quot;[39m
    [33mid[39m=[32m&quot;radix-«r29»&quot;[39m
    [33mrole[39m=[32m&quot;dialog&quot;[39m
    [33mstyle[39m=[32m&quot;pointer-events: auto;&quot;[39m
    [33mtabindex[39m=[32m&quot;-1&quot;[39m
  [36m&gt;[39m
    [36m&lt;div[39m
      [33mclass[39m=[32m&quot;flex flex-col space-y-1.5 text-center sm:text-left&quot;[39m
    [36m&gt;[39m
      [36m&lt;h2[39m
        [33mclass[39m=[32m&quot;text-lg font-semibold leading-none tracking-tight flex items-center gap-2 text-accent&quot;[39m
        [33mid[39m=[32m&quot;radix-«r2a»&quot;[39m
      [36m&gt;[39m
        [36m&lt;svg[39m
          [33mclass[39m=[32m&quot;lucide lucide-upload h-5 w-5&quot;[39m
          [33mfill[39m=[32m&quot;none&quot;[39m
          [33mheight[39m=[32m&quot;24&quot;[39m
          [33mstroke[39m=[32m&quot;currentColor&quot;[39m
          [33mstroke-linecap[39m=[32m&quot;round&quot;[39m
          [33mstroke-linejoin[39m=[32m&quot;round&quot;[39m
          [33mstroke-width[39m=[32m&quot;2&quot;[39m
          [33mviewBox[39m=[32m&quot;0 0 24 24&quot;[39m
          [33mwidth[39m=[32m&quot;24&quot;[39m
          [33mxmlns[39m=[32m&quot;http://www.w3.org/2000/svg&quot;[39m
        [36m&gt;[39m
          [36m&lt;path[39m
            [33md[39m=[32m&quot;M21 15v4a2 2 0 0 1-2 2H5a2 2 0 0 1-2-2v-4&quot;[39m
          [36m/&gt;[39m
          [36m&lt;polyline[39m
            [33mpoints[39m=[32m&quot;17 8 12 3 7 8&quot;[39m
          [36m/&gt;[39m
          [36m&lt;line[39m
            [33mx1[39m=[32m&quot;12&quot;[39m
            [33mx2[39m=[32m&quot;12&quot;[39m
            [33my1[39m=[32m&quot;3&quot;[39m
            [33my2[39m=[32m&quot;15&quot;[39m
          [36m/&gt;[39m
        [36m&lt;/svg&gt;[39m
        [0mEnhanced FeedMe Upload[0m
      [36m&lt;/h2&gt;[39m
      [36m&lt;p[39m
        [33mclass[39m=[32m&quot;text-sm text-muted-foreground&quot;[39m
        [33mid[39m=[32m&quot;radix-«r2b»&quot;[39m
      [36m&gt;[39m
        [0mUpload customer support transcripts with advanced multi-file support, real-time preview, and batch processing.[0m
      [36m&lt;/p&gt;[39m
    [36m&lt;/div&gt;[39m
    [36m&lt;div[39m
      [33mclass[39m=[32m&quot;flex-1 flex flex-col overflow-hidden&quot;[39m
      [33mdata-orientation[39m=[32m&quot;horizontal&quot;[39m
      [33mdir[39m=[32m&quot;ltr&quot;[39m
    [36m&gt;[39m
      [36m&lt;div[39m
        [33maria-orientation[39m=[32m&quot;horizontal&quot;[39m
        [33mclass[39m=[32m&quot;h-10 items-center justify-center rounded-md bg-muted p-1 text-muted-foreground grid w-full grid-cols-3&quot;[39m
        [33mdata-orientation[39m=[32m&quot;horizontal&quot;[39m
        [33mrole[39m=[32m&quot;tablist&quot;[39m
        [33mstyle[39m=[32m&quot;outline: none;&quot;[39m
        [33mtabindex[39m=[32m&quot;0&quot;[39m
      [36m&gt;[39m
        [36m&lt;button[39m
          [33maria-controls[39m=[32m&quot;radix-«r2c»-content-multi-file&quot;[39m
          [33maria-selected[39m=[32m&quot;true&quot;[39m
          [33mclass[39m=[32m&quot;inline-flex items-center justify-center whitespace-nowrap rounded-sm px-3 py-1.5 text-sm font-medium ring-offset-background transition-all focus-visible:outline-none focus-visible:ring-2 focus-visible:ring-ring focus-visible:ring-offset-2 disabled:pointer-events-none disabled:opacity-50 data-[state=active]:bg-background data-[state=active]:text-foreground data-[state=active]:shadow-sm&quot;[39m
          [33mdata-orientation[39m=[32m&quot;horizontal&quot;[39m
          [33mdata-radix-collection-item[39m=[32m&quot;&quot;[39m
          [33mdata-state[39m=[32m&quot;active&quot;[39m
          [33mid[39m=[32m&quot;radix-«r2c»-trigger-multi-file&quot;[39m
          [33mrole[39m=[32m&quot;tab&quot;[39m
          [33mtabindex[39m=[32m&quot;0&quot;[39m
          [33mtype[39m=[32m&quot;button&quot;[39m
        [36m&gt;[39m
          [36m&lt;svg[39m
            [33mclass[39m=[32m&quot;lucide lucide-folder h-4 w-4 mr-2&quot;[39m
            [33mfill[39m=[32m&quot;none&quot;[39m
            [33mheight[39m=[32m&quot;24&quot;[39m
            [33mstroke[39m=[32m&quot;currentColor&quot;[39m
            [33mstroke-linecap[39m=[32m&quot;round&quot;[39m
            [33mstroke-linejoin[39m=[32m&quot;round&quot;[39m
            [33mstroke-width[39m=[32m&quot;2&quot;[39m
            [33mviewBox[39m=[32m&quot;0 0 24 24&quot;[39m
            [33mwidth[39m=[32m&quot;24&quot;[39m
            [33mxmlns[39m=[32m&quot;http://www.w3.org/2000/svg&quot;[39m
          [36m&gt;[39m
            [36m&lt;path[39m
              [33md[39m=[32m&quot;M20 20a2 2 0 0 0 2-2V8a2 2 0 0 0-2-2h-7.9a2 2 0 0 1-1.69-.9L9.6 3.9A2 2 0 0 0 7.93 3H4a2 2 0 0 0-2 2v13a2 2 0 0 0 2 2Z&quot;[39m
            [36m/&gt;[39m
          [36m&lt;/svg&gt;[39m
          [0mMulti-File Upload[0m
        [36m&lt;/button&gt;[39m
        [36m&lt;button[39m
          [33maria-controls[39m=[32m&quot;radix-«r2c»-content-single-file&quot;[39m
          [33maria-selected[39m=[32m&quot;false&quot;[39m
          [33mclass[39m=[32m&quot;inline-flex items-center justify-center whitespace-nowrap rounded-sm px-3 py-1.5 text-sm font-medium ring-offset-background transition-all focus-visible:outline-none focus-visible:ring-2 focus-visible:ring-ring focus-visible:ring-offset-2 disabled:pointer-events-none disabled:opacity-50 data-[state=active]:bg-background data-[state=active]:text-foreground data-[state=active]:shadow-sm&quot;[39m
          [33mdata-orientation[39m=[32m&quot;horizontal&quot;[39m
          [33mdata-radix-collection-item[39m=[32m&quot;&quot;[39m
          [33mdata-state[39m=[32m&quot;inactive&quot;[39m
          [33mid[39m=[32m&quot;radix-«r2c»-trigger-single-file&quot;[39m
          [33mrole[39m=[32m&quot;tab&quot;[39m
          [33mtabindex[39m=[32m&quot;-1&quot;[39m...

Ignored nodes: comments, script, style
[36m&lt;html&gt;[39m
  [36m&lt;head /&gt;[39m
  [36m&lt;body[39m
    [33mdata-scroll-locked[39m=[32m&quot;1&quot;[39m
    [33mstyle[39m=[32m&quot;pointer-events: none;&quot;[39m
  [36m&gt;[39m
    [36m&lt;span[39m
      [33maria-hidden[39m=[32m&quot;true&quot;[39m
      [33mdata-aria-hidden[39m=[32m&quot;true&quot;[39m
      [33mdata-radix-focus-guard[39m=[32m&quot;&quot;[39m
      [33mstyle[39m=[32m&quot;outline: none; opacity: 0; position: fixed; pointer-events: none;&quot;[39m
      [33mtabindex[39m=[32m&quot;0&quot;[39m
    [36m/&gt;[39m
    [36m&lt;div[39m
      [33maria-hidden[39m=[32m&quot;true&quot;[39m
      [33mdata-aria-hidden[39m=[32m&quot;true&quot;[39m
    [36m/&gt;[39m
    [36m&lt;div[39m
      [33maria-hidden[39m=[32m&quot;true&quot;[39m
      [33mclass[39m=[32m&quot;fixed inset-0 z-50 bg-black/80 data-[state=open]:animate-in data-[state=closed]:animate-out data-[state=closed]:fade-out-0 data-[state=open]:fade-in-0&quot;[39m
      [33mdata-aria-hidden[39m=[32m&quot;true&quot;[39m
      [33mdata-state[39m=[32m&quot;open&quot;[39m
      [33mstyle[39m=[32m&quot;pointer-events: auto;&quot;[39m
    [36m/&gt;[39m
    [36m&lt;div[39m
      [33maria-describedby[39m=[32m&quot;radix-«r2b»&quot;[39m
      [33maria-labelledby[39m=[32m&quot;radix-«r2a»&quot;[39m
      [33mclass[39m=[32m&quot;fixed left-[50%] top-[50%] z-50 w-full translate-x-[-50%] translate-y-[-50%] gap-4 border bg-background p-6 shadow-lg duration-200 data-[state=open]:animate-in data-[state=closed]:animate-out data-[state=closed]:fade-out-0 data-[state=open]:fade-in-0 data-[state=closed]:zoom-out-95 data-[state=open]:zoom-in-95 data-[state=closed]:slide-out-to-left-1/2 data-[state=closed]:slide-out-to-top-[48%] data-[state=open]:slide-in-from-left-1/2 data-[state=open]:slide-in-from-top-[48%] sm:rounded-lg max-w-4xl max-h-[90vh] overflow-hidden flex flex-col&quot;[39m
      [33mdata-state[39m=[32m&quot;open&quot;[39m
      [33mid[39m=[32m&quot;radix-«r29»&quot;[39m
      [33mrole[39m=[32m&quot;dialog&quot;[39m
      [33mstyle[39m=[32m&quot;pointer-events: auto;&quot;[39m
      [33mtabindex[39m=[32m&quot;-1&quot;[39m
    [36m&gt;[39m
      [36m&lt;div[39m
        [33mclass[39m=[32m&quot;flex flex-col space-y-1.5 text-center sm:text-left&quot;[39m
      [36m&gt;[39m
        [36m&lt;h2[39m
          [33mclass[39m=[32m&quot;text-lg font-semibold leading-none tracking-tight flex items-center gap-2 text-accent&quot;[39m
          [33mid[39m=[32m&quot;radix-«r2a»&quot;[39m
        [36m&gt;[39m
          [36m&lt;svg[39m
            [33mclass[39m=[32m&quot;lucide lucide-upload h-5 w-5&quot;[39m
            [33mfill[39m=[32m&quot;none&quot;[39m
            [33mheight[39m=[32m&quot;24&quot;[39m
            [33mstroke[39m=[32m&quot;currentColor&quot;[39m
            [33mstroke-linecap[39m=[32m&quot;round&quot;[39m
            [33mstroke-linejoin[39m=[32m&quot;round&quot;[39m
            [33mstroke-width[39m=[32m&quot;2&quot;[39m
            [33mviewBox[39m=[32m&quot;0 0 24 24&quot;[39m
            [33mwidth[39m=[32m&quot;24&quot;[39m
            [33mxmlns[39m=[32m&quot;http://www.w3.org/2000/svg&quot;[39m
          [36m&gt;[39m
            [36m&lt;path[39m
              [33md[39m=[32m&quot;M21 15v4a2 2 0 0 1-2 2H5a2 2 0 0 1-2-2v-4&quot;[39m
            [36m/&gt;[39m
            [36m&lt;polyline[39m
              [33mpoints[39m=[32m&quot;17 8 12 3 7 8&quot;[39m
            [36m/&gt;[39m
            [36m&lt;line[39m
              [33mx1[39m=[32m&quot;12&quot;[39m
              [33mx2[39m=[32m&quot;12&quot;[39m
              [33my1[39m=[32m&quot;3&quot;[39m
              [33my2[39m=[32m&quot;15&quot;[39m
            [36m/&gt;[39m
          [36m&lt;/svg&gt;[39m
          [0mEnhanced FeedMe Upload[0m
        [36m&lt;/h2&gt;[39m
        [36m&lt;p[39m
          [33mclass[39m=[32m&quot;text-sm text-muted-foreground&quot;[39m
          [33mid[39m=[32m&quot;radix-«r2b»&quot;[39m
        [36m&gt;[39m
          [0mUpload customer support transcripts with advanced multi-file support, real-time preview, and batch processing.[0m
        [36m&lt;/p&gt;[39m
      [36m&lt;/div&gt;[39m
      [36m&lt;div[39m
        [33mclass[39m=[32m&quot;flex-1 flex flex-col overflow-hidden&quot;[39m
        [33mdata-orientation[39m=[32m&quot;horizontal&quot;[39m
        [33mdir[39m=[32m&quot;ltr&quot;[39m
      [36m&gt;[39m
        [36m&lt;div[39m
          [33maria-orientation[39m=[32m&quot;horizontal&quot;[39m
          [33mclass[39m=[32m&quot;h-10 items-center justify-center rounded-md bg-muted p-1 text-muted-foreground grid w-full grid-cols-3&quot;[39m
          [33mdata-orientation[39m=[32m&quot;horizontal&quot;[39m
          [33mrole[39m=[32m&quot;tablist&quot;[39m
          [33mstyle[39m=[32m&quot;outline: none;&quot;[39m
          [33mtabindex[39m=[32m&quot;0&quot;[39m
        [36m&gt;[39m
          [36m&lt;button[39m
            [33maria-controls[39m=[32m&quot;radix-«r2c»-content-multi-file&quot;[39m
            [33maria-selected[39m=[32m&quot;true&quot;[39m
            [33mclass[39m=[32m&quot;inline-flex items-center justify-center whitespace-nowrap rounded-sm px-3 py-1.5 text-sm font-medium ring-offset-background transition-all focus-visible:outline-none focus-visible:ring-2 focus-visible:ring-ring focus-visible:ring-offset-2 disabled:pointer-events-none disabled:opacity-50 data-[state=active]:bg-background data-[state=active]:text-foreground data-[state=active]:shadow-sm&quot;[39m
            [33mdata-orientation[39m=[32m&quot;horizontal&quot;[39m
            [33mdata-radix-collection-item[39m=[32m&quot;&quot;[39m
            [33mdata-state[39m=[32m&quot;active&quot;[39m
            [33mid[39m=[32m&quot;radix-«r2c»-trigger-multi-file&quot;[39m
            [33mrole[39m=[32m&quot;tab&quot;[39m
            [33mtabindex[39m=[32m&quot;0&quot;[39m
            [33mtype[39m=[32m&quot;button&quot;[39m
          [36m&gt;[39m
            [36m&lt;svg[39m
              [33mclass[39m=[32m&quot;lucide lucide-folder h-4 w-4 mr-2&quot;[39m
              [33mfill[39m=[32m&quot;none&quot;[39m
              [33mheight[39m=[32m&quot;24&quot;[39m
              [33mstroke[39m=[32m&quot;currentColor&quot;[39m
              [33mstroke-linecap[39m=[32m&quot;round&quot;[39m
              [33mstroke-linejoin[39m=[32m&quot;round&quot;[39m
              [33mstroke-width[39m=[32m&quot;2&quot;[39m
              [33mviewBox[39m=[32m&quot;0 0 24 24&quot;[39m
              [33mwidth[39m=[32m&quot;24&quot;[39m
              [33mxmlns[39m=[32m&quot;http://www.w3.org/2000/svg&quot;[39m
            [36m&gt;[39m
              [36m&lt;path[39m
                [33md[39m=[32m&quot;M20 20a2 2 0 0 0 2-2V8a2 2 0 0 0-2-2h-7.9a2 2 0 0 1-1.69-.9L9.6 3.9A2 2 0 0 0 7.93 3H4a2 2 0 0 0-2 2v13a2 2 0 0 0 2 2Z&quot;[39m
              [36m/&gt;[39m
            [36m&lt;/svg&gt;[39m
            [0mMulti-File Upload[0m
          [36m&lt;/button&gt;[39m
          [36m&lt;button[39m
            [33maria-controls[39m=[32m&quot;radix-«r2c»-content-single-file&quot;[39m
            [33maria-selected[39m=[32m&quot;false&quot;[39m
            [33mclass[39m=[32m&quot;inline-flex items-center justify-center whitespace-nowrap rounded-sm px-3 py-1.5 text-sm font-medium ring-offset-background transition-all focus-visible:outline-none focus-visible:ring-2 focus-visible:ring-ring focus-visible:ring-offset-2 disabled:pointer-events-none disabled:opacity-50 data-[state=active]:bg-background data-[state=active]:text-foreground data-[state=active]:shadow-sm&quot;[39m
            [33mdata-orientation[39m=[32m&quot;..." type="TestingLibraryElementError">
TestingLibraryElementError: Found multiple elements with the text: /error/i

Here are the matching elements:

Ignored nodes: comments, script, style
&lt;div
  class=&quot;inline-flex items-center rounded-full border px-2.5 py-0.5 font-semibold transition-colors focus:outline-none focus:ring-2 focus:ring-ring focus:ring-offset-2 text-xs text-red-600 bg-red-50 border-red-200&quot;
&gt;
  &lt;span
    class=&quot;mr-1&quot;
  &gt;
    &lt;svg
      class=&quot;lucide lucide-circle-alert h-4 w-4 text-red-600&quot;
      fill=&quot;none&quot;
      height=&quot;24&quot;
      stroke=&quot;currentColor&quot;
      stroke-linecap=&quot;round&quot;
      stroke-linejoin=&quot;round&quot;
      stroke-width=&quot;2&quot;
      viewBox=&quot;0 0 24 24&quot;
      width=&quot;24&quot;
      xmlns=&quot;http://www.w3.org/2000/svg&quot;
    &gt;
      &lt;circle
        cx=&quot;12&quot;
        cy=&quot;12&quot;
        r=&quot;10&quot;
      /&gt;
      &lt;line
        x1=&quot;12&quot;
        x2=&quot;12&quot;
        y1=&quot;8&quot;
        y2=&quot;12&quot;
      /&gt;
      &lt;line
        x1=&quot;12&quot;
        x2=&quot;12.01&quot;
        y1=&quot;16&quot;
        y2=&quot;16&quot;
      /&gt;
    &lt;/svg&gt;
  &lt;/span&gt;
  error
&lt;/div&gt;

Ignored nodes: comments, script, style
&lt;p
  class=&quot;font-medium&quot;
&gt;
  1
   error
   occurred:
&lt;/p&gt;

(If this is intentional, then use the `*AllBy*` variant of the query (like `queryAllByText`, `getAllByText`, or `findAllByText`)).

Ignored nodes: comments, script, style
&lt;body
  data-scroll-locked=&quot;1&quot;
  style=&quot;pointer-events: none;&quot;
&gt;
  &lt;span
    aria-hidden=&quot;true&quot;
    data-aria-hidden=&quot;true&quot;
    data-radix-focus-guard=&quot;&quot;
    style=&quot;outline: none; opacity: 0; position: fixed; pointer-events: none;&quot;
    tabindex=&quot;0&quot;
  /&gt;
  &lt;div
    aria-hidden=&quot;true&quot;
    data-aria-hidden=&quot;true&quot;
  /&gt;
  &lt;div
    aria-hidden=&quot;true&quot;
    class=&quot;fixed inset-0 z-50 bg-black/80 data-[state=open]:animate-in data-[state=closed]:animate-out data-[state=closed]:fade-out-0 data-[state=open]:fade-in-0&quot;
    data-aria-hidden=&quot;true&quot;
    data-state=&quot;open&quot;
    style=&quot;pointer-events: auto;&quot;
  /&gt;
  &lt;div
    aria-describedby=&quot;radix-«r2b»&quot;
    aria-labelledby=&quot;radix-«r2a»&quot;
    class=&quot;fixed left-[50%] top-[50%] z-50 w-full translate-x-[-50%] translate-y-[-50%] gap-4 border bg-background p-6 shadow-lg duration-200 data-[state=open]:animate-in data-[state=closed]:animate-out data-[state=closed]:fade-out-0 data-[state=open]:fade-in-0 data-[state=closed]:zoom-out-95 data-[state=open]:zoom-in-95 data-[state=closed]:slide-out-to-left-1/2 data-[state=closed]:slide-out-to-top-[48%] data-[state=open]:slide-in-from-left-1/2 data-[state=open]:slide-in-from-top-[48%] sm:rounded-lg max-w-4xl max-h-[90vh] overflow-hidden flex flex-col&quot;
    data-state=&quot;open&quot;
    id=&quot;radix-«r29»&quot;
    role=&quot;dialog&quot;
    style=&quot;pointer-events: auto;&quot;
    tabindex=&quot;-1&quot;
  &gt;
    &lt;div
      class=&quot;flex flex-col space-y-1.5 text-center sm:text-left&quot;
    &gt;
      &lt;h2
        class=&quot;text-lg font-semibold leading-none tracking-tight flex items-center gap-2 text-accent&quot;
        id=&quot;radix-«r2a»&quot;
      &gt;
        &lt;svg
          class=&quot;lucide lucide-upload h-5 w-5&quot;
          fill=&quot;none&quot;
          height=&quot;24&quot;
          stroke=&quot;currentColor&quot;
          stroke-linecap=&quot;round&quot;
          stroke-linejoin=&quot;round&quot;
          stroke-width=&quot;2&quot;
          viewBox=&quot;0 0 24 24&quot;
          width=&quot;24&quot;
          xmlns=&quot;http://www.w3.org/2000/svg&quot;
        &gt;
          &lt;path
            d=&quot;M21 15v4a2 2 0 0 1-2 2H5a2 2 0 0 1-2-2v-4&quot;
          /&gt;
          &lt;polyline
            points=&quot;17 8 12 3 7 8&quot;
          /&gt;
          &lt;line
            x1=&quot;12&quot;
            x2=&quot;12&quot;
            y1=&quot;3&quot;
            y2=&quot;15&quot;
          /&gt;
        &lt;/svg&gt;
        Enhanced FeedMe Upload
      &lt;/h2&gt;
      &lt;p
        class=&quot;text-sm text-muted-foreground&quot;
        id=&quot;radix-«r2b»&quot;
      &gt;
        Upload customer support transcripts with advanced multi-file support, real-time preview, and batch processing.
      &lt;/p&gt;
    &lt;/div&gt;
    &lt;div
      class=&quot;flex-1 flex flex-col overflow-hidden&quot;
      data-orientation=&quot;horizontal&quot;
      dir=&quot;ltr&quot;
    &gt;
      &lt;div
        aria-orientation=&quot;horizontal&quot;
        class=&quot;h-10 items-center justify-center rounded-md bg-muted p-1 text-muted-foreground grid w-full grid-cols-3&quot;
        data-orientation=&quot;horizontal&quot;
        role=&quot;tablist&quot;
        style=&quot;outline: none;&quot;
        tabindex=&quot;0&quot;
      &gt;
        &lt;button
          aria-controls=&quot;radix-«r2c»-content-multi-file&quot;
          aria-selected=&quot;true&quot;
          class=&quot;inline-flex items-center justify-center whitespace-nowrap rounded-sm px-3 py-1.5 text-sm font-medium ring-offset-background transition-all focus-visible:outline-none focus-visible:ring-2 focus-visible:ring-ring focus-visible:ring-offset-2 disabled:pointer-events-none disabled:opacity-50 data-[state=active]:bg-background data-[state=active]:text-foreground data-[state=active]:shadow-sm&quot;
          data-orientation=&quot;horizontal&quot;
          data-radix-collection-item=&quot;&quot;
          data-state=&quot;active&quot;
          id=&quot;radix-«r2c»-trigger-multi-file&quot;
          role=&quot;tab&quot;
          tabindex=&quot;0&quot;
          type=&quot;button&quot;
        &gt;
          &lt;svg
            class=&quot;lucide lucide-folder h-4 w-4 mr-2&quot;
            fill=&quot;none&quot;
            height=&quot;24&quot;
            stroke=&quot;currentColor&quot;
            stroke-linecap=&quot;round&quot;
            stroke-linejoin=&quot;round&quot;
            stroke-width=&quot;2&quot;
            viewBox=&quot;0 0 24 24&quot;
            width=&quot;24&quot;
            xmlns=&quot;http://www.w3.org/2000/svg&quot;
          &gt;
            &lt;path
              d=&quot;M20 20a2 2 0 0 0 2-2V8a2 2 0 0 0-2-2h-7.9a2 2 0 0 1-1.69-.9L9.6 3.9A2 2 0 0 0 7.93 3H4a2 2 0 0 0-2 2v13a2 2 0 0 0 2 2Z&quot;
            /&gt;
          &lt;/svg&gt;
          Multi-File Upload
        &lt;/button&gt;
        &lt;button
          aria-controls=&quot;radix-«r2c»-content-single-file&quot;
          aria-selected=&quot;false&quot;
          class=&quot;inline-flex items-center justify-center whitespace-nowrap rounded-sm px-3 py-1.5 text-sm font-medium ring-offset-background transition-all focus-visible:outline-none focus-visible:ring-2 focus-visible:ring-ring focus-visible:ring-offset-2 disabled:pointer-events-none disabled:opacity-50 data-[state=active]:bg-background data-[state=active]:text-foreground data-[state=active]:shadow-sm&quot;
          data-orientation=&quot;horizontal&quot;
          data-radix-collection-item=&quot;&quot;
          data-state=&quot;inactive&quot;
          id=&quot;radix-«r2c»-trigger-single-file&quot;
          role=&quot;tab&quot;
          tabindex=&quot;-1&quot;...

Ignored nodes: comments, script, style
&lt;html&gt;
  &lt;head /&gt;
  &lt;body
    data-scroll-locked=&quot;1&quot;
    style=&quot;pointer-events: none;&quot;
  &gt;
    &lt;span
      aria-hidden=&quot;true&quot;
      data-aria-hidden=&quot;true&quot;
      data-radix-focus-guard=&quot;&quot;
      style=&quot;outline: none; opacity: 0; position: fixed; pointer-events: none;&quot;
      tabindex=&quot;0&quot;
    /&gt;
    &lt;div
      aria-hidden=&quot;true&quot;
      data-aria-hidden=&quot;true&quot;
    /&gt;
    &lt;div
      aria-hidden=&quot;true&quot;
      class=&quot;fixed inset-0 z-50 bg-black/80 data-[state=open]:animate-in data-[state=closed]:animate-out data-[state=closed]:fade-out-0 data-[state=open]:fade-in-0&quot;
      data-aria-hidden=&quot;true&quot;
      data-state=&quot;open&quot;
      style=&quot;pointer-events: auto;&quot;
    /&gt;
    &lt;div
      aria-describedby=&quot;radix-«r2b»&quot;
      aria-labelledby=&quot;radix-«r2a»&quot;
      class=&quot;fixed left-[50%] top-[50%] z-50 w-full translate-x-[-50%] translate-y-[-50%] gap-4 border bg-background p-6 shadow-lg duration-200 data-[state=open]:animate-in data-[state=closed]:animate-out data-[state=closed]:fade-out-0 data-[state=open]:fade-in-0 data-[state=closed]:zoom-out-95 data-[state=open]:zoom-in-95 data-[state=closed]:slide-out-to-left-1/2 data-[state=closed]:slide-out-to-top-[48%] data-[state=open]:slide-in-from-left-1/2 data-[state=open]:slide-in-from-top-[48%] sm:rounded-lg max-w-4xl max-h-[90vh] overflow-hidden flex flex-col&quot;
      data-state=&quot;open&quot;
      id=&quot;radix-«r29»&quot;
      role=&quot;dialog&quot;
      style=&quot;pointer-events: auto;&quot;
      tabindex=&quot;-1&quot;
    &gt;
      &lt;div
        class=&quot;flex flex-col space-y-1.5 text-center sm:text-left&quot;
      &gt;
        &lt;h2
          class=&quot;text-lg font-semibold leading-none tracking-tight flex items-center gap-2 text-accent&quot;
          id=&quot;radix-«r2a»&quot;
        &gt;
          &lt;svg
            class=&quot;lucide lucide-upload h-5 w-5&quot;
            fill=&quot;none&quot;
            height=&quot;24&quot;
            stroke=&quot;currentColor&quot;
            stroke-linecap=&quot;round&quot;
            stroke-linejoin=&quot;round&quot;
            stroke-width=&quot;2&quot;
            viewBox=&quot;0 0 24 24&quot;
            width=&quot;24&quot;
            xmlns=&quot;http://www.w3.org/2000/svg&quot;
          &gt;
            &lt;path
              d=&quot;M21 15v4a2 2 0 0 1-2 2H5a2 2 0 0 1-2-2v-4&quot;
            /&gt;
            &lt;polyline
              points=&quot;17 8 12 3 7 8&quot;
            /&gt;
            &lt;line
              x1=&quot;12&quot;
              x2=&quot;12&quot;
              y1=&quot;3&quot;
              y2=&quot;15&quot;
            /&gt;
          &lt;/svg&gt;
          Enhanced FeedMe Upload
        &lt;/h2&gt;
        &lt;p
          class=&quot;text-sm text-muted-foreground&quot;
          id=&quot;radix-«r2b»&quot;
        &gt;
          Upload customer support transcripts with advanced multi-file support, real-time preview, and batch processing.
        &lt;/p&gt;
      &lt;/div&gt;
      &lt;div
        class=&quot;flex-1 flex flex-col overflow-hidden&quot;
        data-orientation=&quot;horizontal&quot;
        dir=&quot;ltr&quot;
      &gt;
        &lt;div
          aria-orientation=&quot;horizontal&quot;
          class=&quot;h-10 items-center justify-center rounded-md bg-muted p-1 text-muted-foreground grid w-full grid-cols-3&quot;
          data-orientation=&quot;horizontal&quot;
          role=&quot;tablist&quot;
          style=&quot;outline: none;&quot;
          tabindex=&quot;0&quot;
        &gt;
          &lt;button
            aria-controls=&quot;radix-«r2c»-content-multi-file&quot;
            aria-selected=&quot;true&quot;
            class=&quot;inline-flex items-center justify-center whitespace-nowrap rounded-sm px-3 py-1.5 text-sm font-medium ring-offset-background transition-all focus-visible:outline-none focus-visible:ring-2 focus-visible:ring-ring focus-visible:ring-offset-2 disabled:pointer-events-none disabled:opacity-50 data-[state=active]:bg-background data-[state=active]:text-foreground data-[state=active]:shadow-sm&quot;
            data-orientation=&quot;horizontal&quot;
            data-radix-collection-item=&quot;&quot;
            data-state=&quot;active&quot;
            id=&quot;radix-«r2c»-trigger-multi-file&quot;
            role=&quot;tab&quot;
            tabindex=&quot;0&quot;
            type=&quot;button&quot;
          &gt;
            &lt;svg
              class=&quot;lucide lucide-folder h-4 w-4 mr-2&quot;
              fill=&quot;none&quot;
              height=&quot;24&quot;
              stroke=&quot;currentColor&quot;
              stroke-linecap=&quot;round&quot;
              stroke-linejoin=&quot;round&quot;
              stroke-width=&quot;2&quot;
              viewBox=&quot;0 0 24 24&quot;
              width=&quot;24&quot;
              xmlns=&quot;http://www.w3.org/2000/svg&quot;
            &gt;
              &lt;path
                d=&quot;M20 20a2 2 0 0 0 2-2V8a2 2 0 0 0-2-2h-7.9a2 2 0 0 1-1.69-.9L9.6 3.9A2 2 0 0 0 7.93 3H4a2 2 0 0 0-2 2v13a2 2 0 0 0 2 2Z&quot;
              /&gt;
            &lt;/svg&gt;
            Multi-File Upload
          &lt;/button&gt;
          &lt;button
            aria-controls=&quot;radix-«r2c»-content-single-file&quot;
            aria-selected=&quot;false&quot;
            class=&quot;inline-flex items-center justify-center whitespace-nowrap rounded-sm px-3 py-1.5 text-sm font-medium ring-offset-background transition-all focus-visible:outline-none focus-visible:ring-2 focus-visible:ring-ring focus-visible:ring-offset-2 disabled:pointer-events-none disabled:opacity-50 data-[state=active]:bg-background data-[state=active]:text-foreground data-[state=active]:shadow-sm&quot;
            data-orientation=&quot;...
 ❯ Proxy.waitForWrapper node_modules/@testing-library/dom/dist/wait-for.js:163:27
 ❯ components/feedme/__tests__/EnhancedFeedMeModal.test.tsx:269:13
            </failure>
        </testcase>
        <testcase classname="components/feedme/__tests__/EnhancedFeedMeModal.test.tsx" name="EnhancedFeedMeModal &gt; Single File Tab &gt; switches to single file tab" time="0.034250167">
        </testcase>
        <testcase classname="components/feedme/__tests__/EnhancedFeedMeModal.test.tsx" name="EnhancedFeedMeModal &gt; Single File Tab &gt; requires title and file for submission" time="0.093720625">
        </testcase>
        <testcase classname="components/feedme/__tests__/EnhancedFeedMeModal.test.tsx" name="EnhancedFeedMeModal &gt; Single File Tab &gt; auto-fills title from filename" time="0.031501791">
        </testcase>
        <testcase classname="components/feedme/__tests__/EnhancedFeedMeModal.test.tsx" name="EnhancedFeedMeModal &gt; Text Input Tab &gt; switches to text input tab" time="0.017472125">
        </testcase>
        <testcase classname="components/feedme/__tests__/EnhancedFeedMeModal.test.tsx" name="EnhancedFeedMeModal &gt; Text Input Tab &gt; shows character count" time="0.066539958">
        </testcase>
        <testcase classname="components/feedme/__tests__/EnhancedFeedMeModal.test.tsx" name="EnhancedFeedMeModal &gt; Text Input Tab &gt; uploads text content successfully" time="0.199881917">
        </testcase>
        <testcase classname="components/feedme/__tests__/EnhancedFeedMeModal.test.tsx" name="EnhancedFeedMeModal &gt; Drag and Drop &gt; handles drag and drop events" time="0.012268541">
        </testcase>
        <testcase classname="components/feedme/__tests__/EnhancedFeedMeModal.test.tsx" name="EnhancedFeedMeModal &gt; File Analysis &gt; analyzes HTML files and shows preview" time="1.0194545">
            <failure message="Unable to find an element with the text: /Zendesk ticket/. This could be because the text is broken up by multiple elements. In this case, you can provide a function for your text matcher to make your matcher more flexible.

Ignored nodes: comments, script, style
[36m&lt;body[39m
  [33mdata-scroll-locked[39m=[32m&quot;1&quot;[39m
  [33mstyle[39m=[32m&quot;pointer-events: none;&quot;[39m
[36m&gt;[39m
  [36m&lt;span[39m
    [33maria-hidden[39m=[32m&quot;true&quot;[39m
    [33mdata-aria-hidden[39m=[32m&quot;true&quot;[39m
    [33mdata-radix-focus-guard[39m=[32m&quot;&quot;[39m
    [33mstyle[39m=[32m&quot;outline: none; opacity: 0; position: fixed; pointer-events: none;&quot;[39m
    [33mtabindex[39m=[32m&quot;0&quot;[39m
  [36m/&gt;[39m
  [36m&lt;div[39m
    [33maria-hidden[39m=[32m&quot;true&quot;[39m
    [33mdata-aria-hidden[39m=[32m&quot;true&quot;[39m
  [36m/&gt;[39m
  [36m&lt;div[39m
    [33maria-hidden[39m=[32m&quot;true&quot;[39m
    [33mclass[39m=[32m&quot;fixed inset-0 z-50 bg-black/80 data-[state=open]:animate-in data-[state=closed]:animate-out data-[state=closed]:fade-out-0 data-[state=open]:fade-in-0&quot;[39m
    [33mdata-aria-hidden[39m=[32m&quot;true&quot;[39m
    [33mdata-state[39m=[32m&quot;open&quot;[39m
    [33mstyle[39m=[32m&quot;pointer-events: auto;&quot;[39m
  [36m/&gt;[39m
  [36m&lt;div[39m
    [33maria-describedby[39m=[32m&quot;radix-«r43»&quot;[39m
    [33maria-labelledby[39m=[32m&quot;radix-«r42»&quot;[39m
    [33mclass[39m=[32m&quot;fixed left-[50%] top-[50%] z-50 w-full translate-x-[-50%] translate-y-[-50%] gap-4 border bg-background p-6 shadow-lg duration-200 data-[state=open]:animate-in data-[state=closed]:animate-out data-[state=closed]:fade-out-0 data-[state=open]:fade-in-0 data-[state=closed]:zoom-out-95 data-[state=open]:zoom-in-95 data-[state=closed]:slide-out-to-left-1/2 data-[state=closed]:slide-out-to-top-[48%] data-[state=open]:slide-in-from-left-1/2 data-[state=open]:slide-in-from-top-[48%] sm:rounded-lg max-w-4xl max-h-[90vh] overflow-hidden flex flex-col&quot;[39m
    [33mdata-state[39m=[32m&quot;open&quot;[39m
    [33mid[39m=[32m&quot;radix-«r41»&quot;[39m
    [33mrole[39m=[32m&quot;dialog&quot;[39m
    [33mstyle[39m=[32m&quot;pointer-events: auto;&quot;[39m
    [33mtabindex[39m=[32m&quot;-1&quot;[39m
  [36m&gt;[39m
    [36m&lt;div[39m
      [33mclass[39m=[32m&quot;flex flex-col space-y-1.5 text-center sm:text-left&quot;[39m
    [36m&gt;[39m
      [36m&lt;h2[39m
        [33mclass[39m=[32m&quot;text-lg font-semibold leading-none tracking-tight flex items-center gap-2 text-accent&quot;[39m
        [33mid[39m=[32m&quot;radix-«r42»&quot;[39m
      [36m&gt;[39m
        [36m&lt;svg[39m
          [33mclass[39m=[32m&quot;lucide lucide-upload h-5 w-5&quot;[39m
          [33mfill[39m=[32m&quot;none&quot;[39m
          [33mheight[39m=[32m&quot;24&quot;[39m
          [33mstroke[39m=[32m&quot;currentColor&quot;[39m
          [33mstroke-linecap[39m=[32m&quot;round&quot;[39m
          [33mstroke-linejoin[39m=[32m&quot;round&quot;[39m
          [33mstroke-width[39m=[32m&quot;2&quot;[39m
          [33mviewBox[39m=[32m&quot;0 0 24 24&quot;[39m
          [33mwidth[39m=[32m&quot;24&quot;[39m
          [33mxmlns[39m=[32m&quot;http://www.w3.org/2000/svg&quot;[39m
        [36m&gt;[39m
          [36m&lt;path[39m
            [33md[39m=[32m&quot;M21 15v4a2 2 0 0 1-2 2H5a2 2 0 0 1-2-2v-4&quot;[39m
          [36m/&gt;[39m
          [36m&lt;polyline[39m
            [33mpoints[39m=[32m&quot;17 8 12 3 7 8&quot;[39m
          [36m/&gt;[39m
          [36m&lt;line[39m
            [33mx1[39m=[32m&quot;12&quot;[39m
            [33mx2[39m=[32m&quot;12&quot;[39m
            [33my1[39m=[32m&quot;3&quot;[39m
            [33my2[39m=[32m&quot;15&quot;[39m
          [36m/&gt;[39m
        [36m&lt;/svg&gt;[39m
        [0mEnhanced FeedMe Upload[0m
      [36m&lt;/h2&gt;[39m
      [36m&lt;p[39m
        [33mclass[39m=[32m&quot;text-sm text-muted-foreground&quot;[39m
        [33mid[39m=[32m&quot;radix-«r43»&quot;[39m
      [36m&gt;[39m
        [0mUpload customer support transcripts with advanced multi-file support, real-time preview, and batch processing.[0m
      [36m&lt;/p&gt;[39m
    [36m&lt;/div&gt;[39m
    [36m&lt;div[39m
      [33mclass[39m=[32m&quot;flex-1 flex flex-col overflow-hidden&quot;[39m
      [33mdata-orientation[39m=[32m&quot;horizontal&quot;[39m
      [33mdir[39m=[32m&quot;ltr&quot;[39m
    [36m&gt;[39m
      [36m&lt;div[39m
        [33maria-orientation[39m=[32m&quot;horizontal&quot;[39m
        [33mclass[39m=[32m&quot;h-10 items-center justify-center rounded-md bg-muted p-1 text-muted-foreground grid w-full grid-cols-3&quot;[39m
        [33mdata-orientation[39m=[32m&quot;horizontal&quot;[39m
        [33mrole[39m=[32m&quot;tablist&quot;[39m
        [33mstyle[39m=[32m&quot;outline: none;&quot;[39m
        [33mtabindex[39m=[32m&quot;0&quot;[39m
      [36m&gt;[39m
        [36m&lt;button[39m
          [33maria-controls[39m=[32m&quot;radix-«r44»-content-multi-file&quot;[39m
          [33maria-selected[39m=[32m&quot;true&quot;[39m
          [33mclass[39m=[32m&quot;inline-flex items-center justify-center whitespace-nowrap rounded-sm px-3 py-1.5 text-sm font-medium ring-offset-background transition-all focus-visible:outline-none focus-visible:ring-2 focus-visible:ring-ring focus-visible:ring-offset-2 disabled:pointer-events-none disabled:opacity-50 data-[state=active]:bg-background data-[state=active]:text-foreground data-[state=active]:shadow-sm&quot;[39m
          [33mdata-orientation[39m=[32m&quot;horizontal&quot;[39m
          [33mdata-radix-collection-item[39m=[32m&quot;&quot;[39m
          [33mdata-state[39m=[32m&quot;active&quot;[39m
          [33mid[39m=[32m&quot;radix-«r44»-trigger-multi-file&quot;[39m
          [33mrole[39m=[32m&quot;tab&quot;[39m
          [33mtabindex[39m=[32m&quot;0&quot;[39m
          [33mtype[39m=[32m&quot;button&quot;[39m
        [36m&gt;[39m
          [36m&lt;svg[39m
            [33mclass[39m=[32m&quot;lucide lucide-folder h-4 w-4 mr-2&quot;[39m
            [33mfill[39m=[32m&quot;none&quot;[39m
            [33mheight[39m=[32m&quot;24&quot;[39m
            [33mstroke[39m=[32m&quot;currentColor&quot;[39m
            [33mstroke-linecap[39m=[32m&quot;round&quot;[39m
            [33mstroke-linejoin[39m=[32m&quot;round&quot;[39m
            [33mstroke-width[39m=[32m&quot;2&quot;[39m
            [33mviewBox[39m=[32m&quot;0 0 24 24&quot;[39m
            [33mwidth[39m=[32m&quot;24&quot;[39m
            [33mxmlns[39m=[32m&quot;http://www.w3.org/2000/svg&quot;[39m
          [36m&gt;[39m
            [36m&lt;path[39m
              [33md[39m=[32m&quot;M20 20a2 2 0 0 0 2-2V8a2 2 0 0 0-2-2h-7.9a2 2 0 0 1-1.69-.9L9.6 3.9A2 2 0 0 0 7.93 3H4a2 2 0 0 0-2 2v13a2 2 0 0 0 2 2Z&quot;[39m
            [36m/&gt;[39m
          [36m&lt;/svg&gt;[39m
          [0mMulti-File Upload[0m
        [36m&lt;/button&gt;[39m
        [36m&lt;button[39m
          [33maria-controls[39m=[32m&quot;radix-«r44»-content-single-file&quot;[39m
          [33maria-selected[39m=[32m&quot;false&quot;[39m
          [33mclass[39m=[32m&quot;inline-flex items-center justify-center whitespace-nowrap rounded-sm px-3 py-1.5 text-sm font-medium ring-offset-background transition-all focus-visible:outline-none focus-visible:ring-2 focus-visible:ring-ring focus-visible:ring-offset-2 disabled:pointer-events-none disabled:opacity-50 data-[state=active]:bg-background data-[state=active]:text-foreground data-[state=active]:shadow-sm&quot;[39m
          [33mdata-orientation[39m=[32m&quot;horizontal&quot;[39m
          [33mdata-radix-collection-item[39m=[32m&quot;&quot;[39m
          [33mdata-state[39m=[32m&quot;inactive&quot;[39m
          [33mid[39m=[32m&quot;radix-«r44»-trigger-single-file&quot;[39m
          [33mrole[39m=[32m&quot;tab&quot;[39m
          [33mtabindex[39m=[32m&quot;-1&quot;[39m...

Ignored nodes: comments, script, style
[36m&lt;html&gt;[39m
  [36m&lt;head /&gt;[39m
  [36m&lt;body[39m
    [33mdata-scroll-locked[39m=[32m&quot;1&quot;[39m
    [33mstyle[39m=[32m&quot;pointer-events: none;&quot;[39m
  [36m&gt;[39m
    [36m&lt;span[39m
      [33maria-hidden[39m=[32m&quot;true&quot;[39m
      [33mdata-aria-hidden[39m=[32m&quot;true&quot;[39m
      [33mdata-radix-focus-guard[39m=[32m&quot;&quot;[39m
      [33mstyle[39m=[32m&quot;outline: none; opacity: 0; position: fixed; pointer-events: none;&quot;[39m
      [33mtabindex[39m=[32m&quot;0&quot;[39m
    [36m/&gt;[39m
    [36m&lt;div[39m
      [33maria-hidden[39m=[32m&quot;true&quot;[39m
      [33mdata-aria-hidden[39m=[32m&quot;true&quot;[39m
    [36m/&gt;[39m
    [36m&lt;div[39m
      [33maria-hidden[39m=[32m&quot;true&quot;[39m
      [33mclass[39m=[32m&quot;fixed inset-0 z-50 bg-black/80 data-[state=open]:animate-in data-[state=closed]:animate-out data-[state=closed]:fade-out-0 data-[state=open]:fade-in-0&quot;[39m
      [33mdata-aria-hidden[39m=[32m&quot;true&quot;[39m
      [33mdata-state[39m=[32m&quot;open&quot;[39m
      [33mstyle[39m=[32m&quot;pointer-events: auto;&quot;[39m
    [36m/&gt;[39m
    [36m&lt;div[39m
      [33maria-describedby[39m=[32m&quot;radix-«r43»&quot;[39m
      [33maria-labelledby[39m=[32m&quot;radix-«r42»&quot;[39m
      [33mclass[39m=[32m&quot;fixed left-[50%] top-[50%] z-50 w-full translate-x-[-50%] translate-y-[-50%] gap-4 border bg-background p-6 shadow-lg duration-200 data-[state=open]:animate-in data-[state=closed]:animate-out data-[state=closed]:fade-out-0 data-[state=open]:fade-in-0 data-[state=closed]:zoom-out-95 data-[state=open]:zoom-in-95 data-[state=closed]:slide-out-to-left-1/2 data-[state=closed]:slide-out-to-top-[48%] data-[state=open]:slide-in-from-left-1/2 data-[state=open]:slide-in-from-top-[48%] sm:rounded-lg max-w-4xl max-h-[90vh] overflow-hidden flex flex-col&quot;[39m
      [33mdata-state[39m=[32m&quot;open&quot;[39m
      [33mid[39m=[32m&quot;radix-«r41»&quot;[39m
      [33mrole[39m=[32m&quot;dialog&quot;[39m
      [33mstyle[39m=[32m&quot;pointer-events: auto;&quot;[39m
      [33mtabindex[39m=[32m&quot;-1&quot;[39m
    [36m&gt;[39m
      [36m&lt;div[39m
        [33mclass[39m=[32m&quot;flex flex-col space-y-1.5 text-center sm:text-left&quot;[39m
      [36m&gt;[39m
        [36m&lt;h2[39m
          [33mclass[39m=[32m&quot;text-lg font-semibold leading-none tracking-tight flex items-center gap-2 text-accent&quot;[39m
          [33mid[39m=[32m&quot;radix-«r42»&quot;[39m
        [36m&gt;[39m
          [36m&lt;svg[39m
            [33mclass[39m=[32m&quot;lucide lucide-upload h-5 w-5&quot;[39m
            [33mfill[39m=[32m&quot;none&quot;[39m
            [33mheight[39m=[32m&quot;24&quot;[39m
            [33mstroke[39m=[32m&quot;currentColor&quot;[39m
            [33mstroke-linecap[39m=[32m&quot;round&quot;[39m
            [33mstroke-linejoin[39m=[32m&quot;round&quot;[39m
            [33mstroke-width[39m=[32m&quot;2&quot;[39m
            [33mviewBox[39m=[32m&quot;0 0 24 24&quot;[39m
            [33mwidth[39m=[32m&quot;24&quot;[39m
            [33mxmlns[39m=[32m&quot;http://www.w3.org/2000/svg&quot;[39m
          [36m&gt;[39m
            [36m&lt;path[39m
              [33md[39m=[32m&quot;M21 15v4a2 2 0 0 1-2 2H5a2 2 0 0 1-2-2v-4&quot;[39m
            [36m/&gt;[39m
            [36m&lt;polyline[39m
              [33mpoints[39m=[32m&quot;17 8 12 3 7 8&quot;[39m
            [36m/&gt;[39m
            [36m&lt;line[39m
              [33mx1[39m=[32m&quot;12&quot;[39m
              [33mx2[39m=[32m&quot;12&quot;[39m
              [33my1[39m=[32m&quot;3&quot;[39m
              [33my2[39m=[32m&quot;15&quot;[39m
            [36m/&gt;[39m
          [36m&lt;/svg&gt;[39m
          [0mEnhanced FeedMe Upload[0m
        [36m&lt;/h2&gt;[39m
        [36m&lt;p[39m
          [33mclass[39m=[32m&quot;text-sm text-muted-foreground&quot;[39m
          [33mid[39m=[32m&quot;radix-«r43»&quot;[39m
        [36m&gt;[39m
          [0mUpload customer support transcripts with advanced multi-file support, real-time preview, and batch processing.[0m
        [36m&lt;/p&gt;[39m
      [36m&lt;/div&gt;[39m
      [36m&lt;div[39m
        [33mclass[39m=[32m&quot;flex-1 flex flex-col overflow-hidden&quot;[39m
        [33mdata-orientation[39m=[32m&quot;horizontal&quot;[39m
        [33mdir[39m=[32m&quot;ltr&quot;[39m
      [36m&gt;[39m
        [36m&lt;div[39m
          [33maria-orientation[39m=[32m&quot;horizontal&quot;[39m
          [33mclass[39m=[32m&quot;h-10 items-center justify-center rounded-md bg-muted p-1 text-muted-foreground grid w-full grid-cols-3&quot;[39m
          [33mdata-orientation[39m=[32m&quot;horizontal&quot;[39m
          [33mrole[39m=[32m&quot;tablist&quot;[39m
          [33mstyle[39m=[32m&quot;outline: none;&quot;[39m
          [33mtabindex[39m=[32m&quot;0&quot;[39m
        [36m&gt;[39m
          [36m&lt;button[39m
            [33maria-controls[39m=[32m&quot;radix-«r44»-content-multi-file&quot;[39m
            [33maria-selected[39m=[32m&quot;true&quot;[39m
            [33mclass[39m=[32m&quot;inline-flex items-center justify-center whitespace-nowrap rounded-sm px-3 py-1.5 text-sm font-medium ring-offset-background transition-all focus-visible:outline-none focus-visible:ring-2 focus-visible:ring-ring focus-visible:ring-offset-2 disabled:pointer-events-none disabled:opacity-50 data-[state=active]:bg-background data-[state=active]:text-foreground data-[state=active]:shadow-sm&quot;[39m
            [33mdata-orientation[39m=[32m&quot;horizontal&quot;[39m
            [33mdata-radix-collection-item[39m=[32m&quot;&quot;[39m
            [33mdata-state[39m=[32m&quot;active&quot;[39m
            [33mid[39m=[32m&quot;radix-«r44»-trigger-multi-file&quot;[39m
            [33mrole[39m=[32m&quot;tab&quot;[39m
            [33mtabindex[39m=[32m&quot;0&quot;[39m
            [33mtype[39m=[32m&quot;button&quot;[39m
          [36m&gt;[39m
            [36m&lt;svg[39m
              [33mclass[39m=[32m&quot;lucide lucide-folder h-4 w-4 mr-2&quot;[39m
              [33mfill[39m=[32m&quot;none&quot;[39m
              [33mheight[39m=[32m&quot;24&quot;[39m
              [33mstroke[39m=[32m&quot;currentColor&quot;[39m
              [33mstroke-linecap[39m=[32m&quot;round&quot;[39m
              [33mstroke-linejoin[39m=[32m&quot;round&quot;[39m
              [33mstroke-width[39m=[32m&quot;2&quot;[39m
              [33mviewBox[39m=[32m&quot;0 0 24 24&quot;[39m
              [33mwidth[39m=[32m&quot;24&quot;[39m
              [33mxmlns[39m=[32m&quot;http://www.w3.org/2000/svg&quot;[39m
            [36m&gt;[39m
              [36m&lt;path[39m
                [33md[39m=[32m&quot;M20 20a2 2 0 0 0 2-2V8a2 2 0 0 0-2-2h-7.9a2 2 0 0 1-1.69-.9L9.6 3.9A2 2 0 0 0 7.93 3H4a2 2 0 0 0-2 2v13a2 2 0 0 0 2 2Z&quot;[39m
              [36m/&gt;[39m
            [36m&lt;/svg&gt;[39m
            [0mMulti-File Upload[0m
          [36m&lt;/button&gt;[39m
          [36m&lt;button[39m
            [33maria-controls[39m=[32m&quot;radix-«r44»-content-single-file&quot;[39m
            [33maria-selected[39m=[32m&quot;false&quot;[39m
            [33mclass[39m=[32m&quot;inline-flex items-center justify-center whitespace-nowrap rounded-sm px-3 py-1.5 text-sm font-medium ring-offset-background transition-all focus-visible:outline-none focus-visible:ring-2 focus-visible:ring-ring focus-visible:ring-offset-2 disabled:pointer-events-none disabled:opacity-50 data-[state=active]:bg-background data-[state=active]:text-foreground data-[state=active]:shadow-sm&quot;[39m
            [33mdata-orientation[39m=[32m&quot;..." type="TestingLibraryElementError">
TestingLibraryElementError: Unable to find an element with the text: /Zendesk ticket/. This could be because the text is broken up by multiple elements. In this case, you can provide a function for your text matcher to make your matcher more flexible.

Ignored nodes: comments, script, style
&lt;body
  data-scroll-locked=&quot;1&quot;
  style=&quot;pointer-events: none;&quot;
&gt;
  &lt;span
    aria-hidden=&quot;true&quot;
    data-aria-hidden=&quot;true&quot;
    data-radix-focus-guard=&quot;&quot;
    style=&quot;outline: none; opacity: 0; position: fixed; pointer-events: none;&quot;
    tabindex=&quot;0&quot;
  /&gt;
  &lt;div
    aria-hidden=&quot;true&quot;
    data-aria-hidden=&quot;true&quot;
  /&gt;
  &lt;div
    aria-hidden=&quot;true&quot;
    class=&quot;fixed inset-0 z-50 bg-black/80 data-[state=open]:animate-in data-[state=closed]:animate-out data-[state=closed]:fade-out-0 data-[state=open]:fade-in-0&quot;
    data-aria-hidden=&quot;true&quot;
    data-state=&quot;open&quot;
    style=&quot;pointer-events: auto;&quot;
  /&gt;
  &lt;div
    aria-describedby=&quot;radix-«r43»&quot;
    aria-labelledby=&quot;radix-«r42»&quot;
    class=&quot;fixed left-[50%] top-[50%] z-50 w-full translate-x-[-50%] translate-y-[-50%] gap-4 border bg-background p-6 shadow-lg duration-200 data-[state=open]:animate-in data-[state=closed]:animate-out data-[state=closed]:fade-out-0 data-[state=open]:fade-in-0 data-[state=closed]:zoom-out-95 data-[state=open]:zoom-in-95 data-[state=closed]:slide-out-to-left-1/2 data-[state=closed]:slide-out-to-top-[48%] data-[state=open]:slide-in-from-left-1/2 data-[state=open]:slide-in-from-top-[48%] sm:rounded-lg max-w-4xl max-h-[90vh] overflow-hidden flex flex-col&quot;
    data-state=&quot;open&quot;
    id=&quot;radix-«r41»&quot;
    role=&quot;dialog&quot;
    style=&quot;pointer-events: auto;&quot;
    tabindex=&quot;-1&quot;
  &gt;
    &lt;div
      class=&quot;flex flex-col space-y-1.5 text-center sm:text-left&quot;
    &gt;
      &lt;h2
        class=&quot;text-lg font-semibold leading-none tracking-tight flex items-center gap-2 text-accent&quot;
        id=&quot;radix-«r42»&quot;
      &gt;
        &lt;svg
          class=&quot;lucide lucide-upload h-5 w-5&quot;
          fill=&quot;none&quot;
          height=&quot;24&quot;
          stroke=&quot;currentColor&quot;
          stroke-linecap=&quot;round&quot;
          stroke-linejoin=&quot;round&quot;
          stroke-width=&quot;2&quot;
          viewBox=&quot;0 0 24 24&quot;
          width=&quot;24&quot;
          xmlns=&quot;http://www.w3.org/2000/svg&quot;
        &gt;
          &lt;path
            d=&quot;M21 15v4a2 2 0 0 1-2 2H5a2 2 0 0 1-2-2v-4&quot;
          /&gt;
          &lt;polyline
            points=&quot;17 8 12 3 7 8&quot;
          /&gt;
          &lt;line
            x1=&quot;12&quot;
            x2=&quot;12&quot;
            y1=&quot;3&quot;
            y2=&quot;15&quot;
          /&gt;
        &lt;/svg&gt;
        Enhanced FeedMe Upload
      &lt;/h2&gt;
      &lt;p
        class=&quot;text-sm text-muted-foreground&quot;
        id=&quot;radix-«r43»&quot;
      &gt;
        Upload customer support transcripts with advanced multi-file support, real-time preview, and batch processing.
      &lt;/p&gt;
    &lt;/div&gt;
    &lt;div
      class=&quot;flex-1 flex flex-col overflow-hidden&quot;
      data-orientation=&quot;horizontal&quot;
      dir=&quot;ltr&quot;
    &gt;
      &lt;div
        aria-orientation=&quot;horizontal&quot;
        class=&quot;h-10 items-center justify-center rounded-md bg-muted p-1 text-muted-foreground grid w-full grid-cols-3&quot;
        data-orientation=&quot;horizontal&quot;
        role=&quot;tablist&quot;
        style=&quot;outline: none;&quot;
        tabindex=&quot;0&quot;
      &gt;
        &lt;button
          aria-controls=&quot;radix-«r44»-content-multi-file&quot;
          aria-selected=&quot;true&quot;
          class=&quot;inline-flex items-center justify-center whitespace-nowrap rounded-sm px-3 py-1.5 text-sm font-medium ring-offset-background transition-all focus-visible:outline-none focus-visible:ring-2 focus-visible:ring-ring focus-visible:ring-offset-2 disabled:pointer-events-none disabled:opacity-50 data-[state=active]:bg-background data-[state=active]:text-foreground data-[state=active]:shadow-sm&quot;
          data-orientation=&quot;horizontal&quot;
          data-radix-collection-item=&quot;&quot;
          data-state=&quot;active&quot;
          id=&quot;radix-«r44»-trigger-multi-file&quot;
          role=&quot;tab&quot;
          tabindex=&quot;0&quot;
          type=&quot;button&quot;
        &gt;
          &lt;svg
            class=&quot;lucide lucide-folder h-4 w-4 mr-2&quot;
            fill=&quot;none&quot;
            height=&quot;24&quot;
            stroke=&quot;currentColor&quot;
            stroke-linecap=&quot;round&quot;
            stroke-linejoin=&quot;round&quot;
            stroke-width=&quot;2&quot;
            viewBox=&quot;0 0 24 24&quot;
            width=&quot;24&quot;
            xmlns=&quot;http://www.w3.org/2000/svg&quot;
          &gt;
            &lt;path
              d=&quot;M20 20a2 2 0 0 0 2-2V8a2 2 0 0 0-2-2h-7.9a2 2 0 0 1-1.69-.9L9.6 3.9A2 2 0 0 0 7.93 3H4a2 2 0 0 0-2 2v13a2 2 0 0 0 2 2Z&quot;
            /&gt;
          &lt;/svg&gt;
          Multi-File Upload
        &lt;/button&gt;
        &lt;button
          aria-controls=&quot;radix-«r44»-content-single-file&quot;
          aria-selected=&quot;false&quot;
          class=&quot;inline-flex items-center justify-center whitespace-nowrap rounded-sm px-3 py-1.5 text-sm font-medium ring-offset-background transition-all focus-visible:outline-none focus-visible:ring-2 focus-visible:ring-ring focus-visible:ring-offset-2 disabled:pointer-events-none disabled:opacity-50 data-[state=active]:bg-background data-[state=active]:text-foreground data-[state=active]:shadow-sm&quot;
          data-orientation=&quot;horizontal&quot;
          data-radix-collection-item=&quot;&quot;
          data-state=&quot;inactive&quot;
          id=&quot;radix-«r44»-trigger-single-file&quot;
          role=&quot;tab&quot;
          tabindex=&quot;-1&quot;...

Ignored nodes: comments, script, style
&lt;html&gt;
  &lt;head /&gt;
  &lt;body
    data-scroll-locked=&quot;1&quot;
    style=&quot;pointer-events: none;&quot;
  &gt;
    &lt;span
      aria-hidden=&quot;true&quot;
      data-aria-hidden=&quot;true&quot;
      data-radix-focus-guard=&quot;&quot;
      style=&quot;outline: none; opacity: 0; position: fixed; pointer-events: none;&quot;
      tabindex=&quot;0&quot;
    /&gt;
    &lt;div
      aria-hidden=&quot;true&quot;
      data-aria-hidden=&quot;true&quot;
    /&gt;
    &lt;div
      aria-hidden=&quot;true&quot;
      class=&quot;fixed inset-0 z-50 bg-black/80 data-[state=open]:animate-in data-[state=closed]:animate-out data-[state=closed]:fade-out-0 data-[state=open]:fade-in-0&quot;
      data-aria-hidden=&quot;true&quot;
      data-state=&quot;open&quot;
      style=&quot;pointer-events: auto;&quot;
    /&gt;
    &lt;div
      aria-describedby=&quot;radix-«r43»&quot;
      aria-labelledby=&quot;radix-«r42»&quot;
      class=&quot;fixed left-[50%] top-[50%] z-50 w-full translate-x-[-50%] translate-y-[-50%] gap-4 border bg-background p-6 shadow-lg duration-200 data-[state=open]:animate-in data-[state=closed]:animate-out data-[state=closed]:fade-out-0 data-[state=open]:fade-in-0 data-[state=closed]:zoom-out-95 data-[state=open]:zoom-in-95 data-[state=closed]:slide-out-to-left-1/2 data-[state=closed]:slide-out-to-top-[48%] data-[state=open]:slide-in-from-left-1/2 data-[state=open]:slide-in-from-top-[48%] sm:rounded-lg max-w-4xl max-h-[90vh] overflow-hidden flex flex-col&quot;
      data-state=&quot;open&quot;
      id=&quot;radix-«r41»&quot;
      role=&quot;dialog&quot;
      style=&quot;pointer-events: auto;&quot;
      tabindex=&quot;-1&quot;
    &gt;
      &lt;div
        class=&quot;flex flex-col space-y-1.5 text-center sm:text-left&quot;
      &gt;
        &lt;h2
          class=&quot;text-lg font-semibold leading-none tracking-tight flex items-center gap-2 text-accent&quot;
          id=&quot;radix-«r42»&quot;
        &gt;
          &lt;svg
            class=&quot;lucide lucide-upload h-5 w-5&quot;
            fill=&quot;none&quot;
            height=&quot;24&quot;
            stroke=&quot;currentColor&quot;
            stroke-linecap=&quot;round&quot;
            stroke-linejoin=&quot;round&quot;
            stroke-width=&quot;2&quot;
            viewBox=&quot;0 0 24 24&quot;
            width=&quot;24&quot;
            xmlns=&quot;http://www.w3.org/2000/svg&quot;
          &gt;
            &lt;path
              d=&quot;M21 15v4a2 2 0 0 1-2 2H5a2 2 0 0 1-2-2v-4&quot;
            /&gt;
            &lt;polyline
              points=&quot;17 8 12 3 7 8&quot;
            /&gt;
            &lt;line
              x1=&quot;12&quot;
              x2=&quot;12&quot;
              y1=&quot;3&quot;
              y2=&quot;15&quot;
            /&gt;
          &lt;/svg&gt;
          Enhanced FeedMe Upload
        &lt;/h2&gt;
        &lt;p
          class=&quot;text-sm text-muted-foreground&quot;
          id=&quot;radix-«r43»&quot;
        &gt;
          Upload customer support transcripts with advanced multi-file support, real-time preview, and batch processing.
        &lt;/p&gt;
      &lt;/div&gt;
      &lt;div
        class=&quot;flex-1 flex flex-col overflow-hidden&quot;
        data-orientation=&quot;horizontal&quot;
        dir=&quot;ltr&quot;
      &gt;
        &lt;div
          aria-orientation=&quot;horizontal&quot;
          class=&quot;h-10 items-center justify-center rounded-md bg-muted p-1 text-muted-foreground grid w-full grid-cols-3&quot;
          data-orientation=&quot;horizontal&quot;
          role=&quot;tablist&quot;
          style=&quot;outline: none;&quot;
          tabindex=&quot;0&quot;
        &gt;
          &lt;button
            aria-controls=&quot;radix-«r44»-content-multi-file&quot;
            aria-selected=&quot;true&quot;
            class=&quot;inline-flex items-center justify-center whitespace-nowrap rounded-sm px-3 py-1.5 text-sm font-medium ring-offset-background transition-all focus-visible:outline-none focus-visible:ring-2 focus-visible:ring-ring focus-visible:ring-offset-2 disabled:pointer-events-none disabled:opacity-50 data-[state=active]:bg-background data-[state=active]:text-foreground data-[state=active]:shadow-sm&quot;
            data-orientation=&quot;horizontal&quot;
            data-radix-collection-item=&quot;&quot;
            data-state=&quot;active&quot;
            id=&quot;radix-«r44»-trigger-multi-file&quot;
            role=&quot;tab&quot;
            tabindex=&quot;0&quot;
            type=&quot;button&quot;
          &gt;
            &lt;svg
              class=&quot;lucide lucide-folder h-4 w-4 mr-2&quot;
              fill=&quot;none&quot;
              height=&quot;24&quot;
              stroke=&quot;currentColor&quot;
              stroke-linecap=&quot;round&quot;
              stroke-linejoin=&quot;round&quot;
              stroke-width=&quot;2&quot;
              viewBox=&quot;0 0 24 24&quot;
              width=&quot;24&quot;
              xmlns=&quot;http://www.w3.org/2000/svg&quot;
            &gt;
              &lt;path
                d=&quot;M20 20a2 2 0 0 0 2-2V8a2 2 0 0 0-2-2h-7.9a2 2 0 0 1-1.69-.9L9.6 3.9A2 2 0 0 0 7.93 3H4a2 2 0 0 0-2 2v13a2 2 0 0 0 2 2Z&quot;
              /&gt;
            &lt;/svg&gt;
            Multi-File Upload
          &lt;/button&gt;
          &lt;button
            aria-controls=&quot;radix-«r44»-content-single-file&quot;
            aria-selected=&quot;false&quot;
            class=&quot;inline-flex items-center justify-center whitespace-nowrap rounded-sm px-3 py-1.5 text-sm font-medium ring-offset-background transition-all focus-visible:outline-none focus-visible:ring-2 focus-visible:ring-ring focus-visible:ring-offset-2 disabled:pointer-events-none disabled:opacity-50 data-[state=active]:bg-background data-[state=active]:text-foreground data-[state=active]:shadow-sm&quot;
            data-orientation=&quot;...
 ❯ Proxy.waitForWrapper node_modules/@testing-library/dom/dist/wait-for.js:163:27
 ❯ components/feedme/__tests__/EnhancedFeedMeModal.test.tsx:418:13
            </failure>
        </testcase>
        <testcase classname="components/feedme/__tests__/EnhancedFeedMeModal.test.tsx" name="EnhancedFeedMeModal &gt; File Analysis &gt; shows file size information" time="1.038941625">
            <failure message="Unable to find an element with the text: 1.0 KB. This could be because the text is broken up by multiple elements. In this case, you can provide a function for your text matcher to make your matcher more flexible.

Ignored nodes: comments, script, style
[36m&lt;body[39m
  [33mdata-scroll-locked[39m=[32m&quot;1&quot;[39m
  [33mstyle[39m=[32m&quot;pointer-events: none;&quot;[39m
[36m&gt;[39m
  [36m&lt;span[39m
    [33maria-hidden[39m=[32m&quot;true&quot;[39m
    [33mdata-aria-hidden[39m=[32m&quot;true&quot;[39m
    [33mdata-radix-focus-guard[39m=[32m&quot;&quot;[39m
    [33mstyle[39m=[32m&quot;outline: none; opacity: 0; position: fixed; pointer-events: none;&quot;[39m
    [33mtabindex[39m=[32m&quot;0&quot;[39m
  [36m/&gt;[39m
  [36m&lt;div[39m
    [33maria-hidden[39m=[32m&quot;true&quot;[39m
    [33mdata-aria-hidden[39m=[32m&quot;true&quot;[39m
  [36m/&gt;[39m
  [36m&lt;div[39m
    [33maria-hidden[39m=[32m&quot;true&quot;[39m
    [33mclass[39m=[32m&quot;fixed inset-0 z-50 bg-black/80 data-[state=open]:animate-in data-[state=closed]:animate-out data-[state=closed]:fade-out-0 data-[state=open]:fade-in-0&quot;[39m
    [33mdata-aria-hidden[39m=[32m&quot;true&quot;[39m
    [33mdata-state[39m=[32m&quot;open&quot;[39m
    [33mstyle[39m=[32m&quot;pointer-events: auto;&quot;[39m
  [36m/&gt;[39m
  [36m&lt;div[39m
    [33maria-describedby[39m=[32m&quot;radix-«r4a»&quot;[39m
    [33maria-labelledby[39m=[32m&quot;radix-«r49»&quot;[39m
    [33mclass[39m=[32m&quot;fixed left-[50%] top-[50%] z-50 w-full translate-x-[-50%] translate-y-[-50%] gap-4 border bg-background p-6 shadow-lg duration-200 data-[state=open]:animate-in data-[state=closed]:animate-out data-[state=closed]:fade-out-0 data-[state=open]:fade-in-0 data-[state=closed]:zoom-out-95 data-[state=open]:zoom-in-95 data-[state=closed]:slide-out-to-left-1/2 data-[state=closed]:slide-out-to-top-[48%] data-[state=open]:slide-in-from-left-1/2 data-[state=open]:slide-in-from-top-[48%] sm:rounded-lg max-w-4xl max-h-[90vh] overflow-hidden flex flex-col&quot;[39m
    [33mdata-state[39m=[32m&quot;open&quot;[39m
    [33mid[39m=[32m&quot;radix-«r48»&quot;[39m
    [33mrole[39m=[32m&quot;dialog&quot;[39m
    [33mstyle[39m=[32m&quot;pointer-events: auto;&quot;[39m
    [33mtabindex[39m=[32m&quot;-1&quot;[39m
  [36m&gt;[39m
    [36m&lt;div[39m
      [33mclass[39m=[32m&quot;flex flex-col space-y-1.5 text-center sm:text-left&quot;[39m
    [36m&gt;[39m
      [36m&lt;h2[39m
        [33mclass[39m=[32m&quot;text-lg font-semibold leading-none tracking-tight flex items-center gap-2 text-accent&quot;[39m
        [33mid[39m=[32m&quot;radix-«r49»&quot;[39m
      [36m&gt;[39m
        [36m&lt;svg[39m
          [33mclass[39m=[32m&quot;lucide lucide-upload h-5 w-5&quot;[39m
          [33mfill[39m=[32m&quot;none&quot;[39m
          [33mheight[39m=[32m&quot;24&quot;[39m
          [33mstroke[39m=[32m&quot;currentColor&quot;[39m
          [33mstroke-linecap[39m=[32m&quot;round&quot;[39m
          [33mstroke-linejoin[39m=[32m&quot;round&quot;[39m
          [33mstroke-width[39m=[32m&quot;2&quot;[39m
          [33mviewBox[39m=[32m&quot;0 0 24 24&quot;[39m
          [33mwidth[39m=[32m&quot;24&quot;[39m
          [33mxmlns[39m=[32m&quot;http://www.w3.org/2000/svg&quot;[39m
        [36m&gt;[39m
          [36m&lt;path[39m
            [33md[39m=[32m&quot;M21 15v4a2 2 0 0 1-2 2H5a2 2 0 0 1-2-2v-4&quot;[39m
          [36m/&gt;[39m
          [36m&lt;polyline[39m
            [33mpoints[39m=[32m&quot;17 8 12 3 7 8&quot;[39m
          [36m/&gt;[39m
          [36m&lt;line[39m
            [33mx1[39m=[32m&quot;12&quot;[39m
            [33mx2[39m=[32m&quot;12&quot;[39m
            [33my1[39m=[32m&quot;3&quot;[39m
            [33my2[39m=[32m&quot;15&quot;[39m
          [36m/&gt;[39m
        [36m&lt;/svg&gt;[39m
        [0mEnhanced FeedMe Upload[0m
      [36m&lt;/h2&gt;[39m
      [36m&lt;p[39m
        [33mclass[39m=[32m&quot;text-sm text-muted-foreground&quot;[39m
        [33mid[39m=[32m&quot;radix-«r4a»&quot;[39m
      [36m&gt;[39m
        [0mUpload customer support transcripts with advanced multi-file support, real-time preview, and batch processing.[0m
      [36m&lt;/p&gt;[39m
    [36m&lt;/div&gt;[39m
    [36m&lt;div[39m
      [33mclass[39m=[32m&quot;flex-1 flex flex-col overflow-hidden&quot;[39m
      [33mdata-orientation[39m=[32m&quot;horizontal&quot;[39m
      [33mdir[39m=[32m&quot;ltr&quot;[39m
    [36m&gt;[39m
      [36m&lt;div[39m
        [33maria-orientation[39m=[32m&quot;horizontal&quot;[39m
        [33mclass[39m=[32m&quot;h-10 items-center justify-center rounded-md bg-muted p-1 text-muted-foreground grid w-full grid-cols-3&quot;[39m
        [33mdata-orientation[39m=[32m&quot;horizontal&quot;[39m
        [33mrole[39m=[32m&quot;tablist&quot;[39m
        [33mstyle[39m=[32m&quot;outline: none;&quot;[39m
        [33mtabindex[39m=[32m&quot;0&quot;[39m
      [36m&gt;[39m
        [36m&lt;button[39m
          [33maria-controls[39m=[32m&quot;radix-«r4b»-content-multi-file&quot;[39m
          [33maria-selected[39m=[32m&quot;true&quot;[39m
          [33mclass[39m=[32m&quot;inline-flex items-center justify-center whitespace-nowrap rounded-sm px-3 py-1.5 text-sm font-medium ring-offset-background transition-all focus-visible:outline-none focus-visible:ring-2 focus-visible:ring-ring focus-visible:ring-offset-2 disabled:pointer-events-none disabled:opacity-50 data-[state=active]:bg-background data-[state=active]:text-foreground data-[state=active]:shadow-sm&quot;[39m
          [33mdata-orientation[39m=[32m&quot;horizontal&quot;[39m
          [33mdata-radix-collection-item[39m=[32m&quot;&quot;[39m
          [33mdata-state[39m=[32m&quot;active&quot;[39m
          [33mid[39m=[32m&quot;radix-«r4b»-trigger-multi-file&quot;[39m
          [33mrole[39m=[32m&quot;tab&quot;[39m
          [33mtabindex[39m=[32m&quot;0&quot;[39m
          [33mtype[39m=[32m&quot;button&quot;[39m
        [36m&gt;[39m
          [36m&lt;svg[39m
            [33mclass[39m=[32m&quot;lucide lucide-folder h-4 w-4 mr-2&quot;[39m
            [33mfill[39m=[32m&quot;none&quot;[39m
            [33mheight[39m=[32m&quot;24&quot;[39m
            [33mstroke[39m=[32m&quot;currentColor&quot;[39m
            [33mstroke-linecap[39m=[32m&quot;round&quot;[39m
            [33mstroke-linejoin[39m=[32m&quot;round&quot;[39m
            [33mstroke-width[39m=[32m&quot;2&quot;[39m
            [33mviewBox[39m=[32m&quot;0 0 24 24&quot;[39m
            [33mwidth[39m=[32m&quot;24&quot;[39m
            [33mxmlns[39m=[32m&quot;http://www.w3.org/2000/svg&quot;[39m
          [36m&gt;[39m
            [36m&lt;path[39m
              [33md[39m=[32m&quot;M20 20a2 2 0 0 0 2-2V8a2 2 0 0 0-2-2h-7.9a2 2 0 0 1-1.69-.9L9.6 3.9A2 2 0 0 0 7.93 3H4a2 2 0 0 0-2 2v13a2 2 0 0 0 2 2Z&quot;[39m
            [36m/&gt;[39m
          [36m&lt;/svg&gt;[39m
          [0mMulti-File Upload[0m
        [36m&lt;/button&gt;[39m
        [36m&lt;button[39m
          [33maria-controls[39m=[32m&quot;radix-«r4b»-content-single-file&quot;[39m
          [33maria-selected[39m=[32m&quot;false&quot;[39m
          [33mclass[39m=[32m&quot;inline-flex items-center justify-center whitespace-nowrap rounded-sm px-3 py-1.5 text-sm font-medium ring-offset-background transition-all focus-visible:outline-none focus-visible:ring-2 focus-visible:ring-ring focus-visible:ring-offset-2 disabled:pointer-events-none disabled:opacity-50 data-[state=active]:bg-background data-[state=active]:text-foreground data-[state=active]:shadow-sm&quot;[39m
          [33mdata-orientation[39m=[32m&quot;horizontal&quot;[39m
          [33mdata-radix-collection-item[39m=[32m&quot;&quot;[39m
          [33mdata-state[39m=[32m&quot;inactive&quot;[39m
          [33mid[39m=[32m&quot;radix-«r4b»-trigger-single-file&quot;[39m
          [33mrole[39m=[32m&quot;tab&quot;[39m
          [33mtabindex[39m=[32m&quot;-1&quot;[39m...

Ignored nodes: comments, script, style
[36m&lt;html&gt;[39m
  [36m&lt;head /&gt;[39m
  [36m&lt;body[39m
    [33mdata-scroll-locked[39m=[32m&quot;1&quot;[39m
    [33mstyle[39m=[32m&quot;pointer-events: none;&quot;[39m
  [36m&gt;[39m
    [36m&lt;span[39m
      [33maria-hidden[39m=[32m&quot;true&quot;[39m
      [33mdata-aria-hidden[39m=[32m&quot;true&quot;[39m
      [33mdata-radix-focus-guard[39m=[32m&quot;&quot;[39m
      [33mstyle[39m=[32m&quot;outline: none; opacity: 0; position: fixed; pointer-events: none;&quot;[39m
      [33mtabindex[39m=[32m&quot;0&quot;[39m
    [36m/&gt;[39m
    [36m&lt;div[39m
      [33maria-hidden[39m=[32m&quot;true&quot;[39m
      [33mdata-aria-hidden[39m=[32m&quot;true&quot;[39m
    [36m/&gt;[39m
    [36m&lt;div[39m
      [33maria-hidden[39m=[32m&quot;true&quot;[39m
      [33mclass[39m=[32m&quot;fixed inset-0 z-50 bg-black/80 data-[state=open]:animate-in data-[state=closed]:animate-out data-[state=closed]:fade-out-0 data-[state=open]:fade-in-0&quot;[39m
      [33mdata-aria-hidden[39m=[32m&quot;true&quot;[39m
      [33mdata-state[39m=[32m&quot;open&quot;[39m
      [33mstyle[39m=[32m&quot;pointer-events: auto;&quot;[39m
    [36m/&gt;[39m
    [36m&lt;div[39m
      [33maria-describedby[39m=[32m&quot;radix-«r4a»&quot;[39m
      [33maria-labelledby[39m=[32m&quot;radix-«r49»&quot;[39m
      [33mclass[39m=[32m&quot;fixed left-[50%] top-[50%] z-50 w-full translate-x-[-50%] translate-y-[-50%] gap-4 border bg-background p-6 shadow-lg duration-200 data-[state=open]:animate-in data-[state=closed]:animate-out data-[state=closed]:fade-out-0 data-[state=open]:fade-in-0 data-[state=closed]:zoom-out-95 data-[state=open]:zoom-in-95 data-[state=closed]:slide-out-to-left-1/2 data-[state=closed]:slide-out-to-top-[48%] data-[state=open]:slide-in-from-left-1/2 data-[state=open]:slide-in-from-top-[48%] sm:rounded-lg max-w-4xl max-h-[90vh] overflow-hidden flex flex-col&quot;[39m
      [33mdata-state[39m=[32m&quot;open&quot;[39m
      [33mid[39m=[32m&quot;radix-«r48»&quot;[39m
      [33mrole[39m=[32m&quot;dialog&quot;[39m
      [33mstyle[39m=[32m&quot;pointer-events: auto;&quot;[39m
      [33mtabindex[39m=[32m&quot;-1&quot;[39m
    [36m&gt;[39m
      [36m&lt;div[39m
        [33mclass[39m=[32m&quot;flex flex-col space-y-1.5 text-center sm:text-left&quot;[39m
      [36m&gt;[39m
        [36m&lt;h2[39m
          [33mclass[39m=[32m&quot;text-lg font-semibold leading-none tracking-tight flex items-center gap-2 text-accent&quot;[39m
          [33mid[39m=[32m&quot;radix-«r49»&quot;[39m
        [36m&gt;[39m
          [36m&lt;svg[39m
            [33mclass[39m=[32m&quot;lucide lucide-upload h-5 w-5&quot;[39m
            [33mfill[39m=[32m&quot;none&quot;[39m
            [33mheight[39m=[32m&quot;24&quot;[39m
            [33mstroke[39m=[32m&quot;currentColor&quot;[39m
            [33mstroke-linecap[39m=[32m&quot;round&quot;[39m
            [33mstroke-linejoin[39m=[32m&quot;round&quot;[39m
            [33mstroke-width[39m=[32m&quot;2&quot;[39m
            [33mviewBox[39m=[32m&quot;0 0 24 24&quot;[39m
            [33mwidth[39m=[32m&quot;24&quot;[39m
            [33mxmlns[39m=[32m&quot;http://www.w3.org/2000/svg&quot;[39m
          [36m&gt;[39m
            [36m&lt;path[39m
              [33md[39m=[32m&quot;M21 15v4a2 2 0 0 1-2 2H5a2 2 0 0 1-2-2v-4&quot;[39m
            [36m/&gt;[39m
            [36m&lt;polyline[39m
              [33mpoints[39m=[32m&quot;17 8 12 3 7 8&quot;[39m
            [36m/&gt;[39m
            [36m&lt;line[39m
              [33mx1[39m=[32m&quot;12&quot;[39m
              [33mx2[39m=[32m&quot;12&quot;[39m
              [33my1[39m=[32m&quot;3&quot;[39m
              [33my2[39m=[32m&quot;15&quot;[39m
            [36m/&gt;[39m
          [36m&lt;/svg&gt;[39m
          [0mEnhanced FeedMe Upload[0m
        [36m&lt;/h2&gt;[39m
        [36m&lt;p[39m
          [33mclass[39m=[32m&quot;text-sm text-muted-foreground&quot;[39m
          [33mid[39m=[32m&quot;radix-«r4a»&quot;[39m
        [36m&gt;[39m
          [0mUpload customer support transcripts with advanced multi-file support, real-time preview, and batch processing.[0m
        [36m&lt;/p&gt;[39m
      [36m&lt;/div&gt;[39m
      [36m&lt;div[39m
        [33mclass[39m=[32m&quot;flex-1 flex flex-col overflow-hidden&quot;[39m
        [33mdata-orientation[39m=[32m&quot;horizontal&quot;[39m
        [33mdir[39m=[32m&quot;ltr&quot;[39m
      [36m&gt;[39m
        [36m&lt;div[39m
          [33maria-orientation[39m=[32m&quot;horizontal&quot;[39m
          [33mclass[39m=[32m&quot;h-10 items-center justify-center rounded-md bg-muted p-1 text-muted-foreground grid w-full grid-cols-3&quot;[39m
          [33mdata-orientation[39m=[32m&quot;horizontal&quot;[39m
          [33mrole[39m=[32m&quot;tablist&quot;[39m
          [33mstyle[39m=[32m&quot;outline: none;&quot;[39m
          [33mtabindex[39m=[32m&quot;0&quot;[39m
        [36m&gt;[39m
          [36m&lt;button[39m
            [33maria-controls[39m=[32m&quot;radix-«r4b»-content-multi-file&quot;[39m
            [33maria-selected[39m=[32m&quot;true&quot;[39m
            [33mclass[39m=[32m&quot;inline-flex items-center justify-center whitespace-nowrap rounded-sm px-3 py-1.5 text-sm font-medium ring-offset-background transition-all focus-visible:outline-none focus-visible:ring-2 focus-visible:ring-ring focus-visible:ring-offset-2 disabled:pointer-events-none disabled:opacity-50 data-[state=active]:bg-background data-[state=active]:text-foreground data-[state=active]:shadow-sm&quot;[39m
            [33mdata-orientation[39m=[32m&quot;horizontal&quot;[39m
            [33mdata-radix-collection-item[39m=[32m&quot;&quot;[39m
            [33mdata-state[39m=[32m&quot;active&quot;[39m
            [33mid[39m=[32m&quot;radix-«r4b»-trigger-multi-file&quot;[39m
            [33mrole[39m=[32m&quot;tab&quot;[39m
            [33mtabindex[39m=[32m&quot;0&quot;[39m
            [33mtype[39m=[32m&quot;button&quot;[39m
          [36m&gt;[39m
            [36m&lt;svg[39m
              [33mclass[39m=[32m&quot;lucide lucide-folder h-4 w-4 mr-2&quot;[39m
              [33mfill[39m=[32m&quot;none&quot;[39m
              [33mheight[39m=[32m&quot;24&quot;[39m
              [33mstroke[39m=[32m&quot;currentColor&quot;[39m
              [33mstroke-linecap[39m=[32m&quot;round&quot;[39m
              [33mstroke-linejoin[39m=[32m&quot;round&quot;[39m
              [33mstroke-width[39m=[32m&quot;2&quot;[39m
              [33mviewBox[39m=[32m&quot;0 0 24 24&quot;[39m
              [33mwidth[39m=[32m&quot;24&quot;[39m
              [33mxmlns[39m=[32m&quot;http://www.w3.org/2000/svg&quot;[39m
            [36m&gt;[39m
              [36m&lt;path[39m
                [33md[39m=[32m&quot;M20 20a2 2 0 0 0 2-2V8a2 2 0 0 0-2-2h-7.9a2 2 0 0 1-1.69-.9L9.6 3.9A2 2 0 0 0 7.93 3H4a2 2 0 0 0-2 2v13a2 2 0 0 0 2 2Z&quot;[39m
              [36m/&gt;[39m
            [36m&lt;/svg&gt;[39m
            [0mMulti-File Upload[0m
          [36m&lt;/button&gt;[39m
          [36m&lt;button[39m
            [33maria-controls[39m=[32m&quot;radix-«r4b»-content-single-file&quot;[39m
            [33maria-selected[39m=[32m&quot;false&quot;[39m
            [33mclass[39m=[32m&quot;inline-flex items-center justify-center whitespace-nowrap rounded-sm px-3 py-1.5 text-sm font-medium ring-offset-background transition-all focus-visible:outline-none focus-visible:ring-2 focus-visible:ring-ring focus-visible:ring-offset-2 disabled:pointer-events-none disabled:opacity-50 data-[state=active]:bg-background data-[state=active]:text-foreground data-[state=active]:shadow-sm&quot;[39m
            [33mdata-orientation[39m=[32m&quot;..." type="TestingLibraryElementError">
TestingLibraryElementError: Unable to find an element with the text: 1.0 KB. This could be because the text is broken up by multiple elements. In this case, you can provide a function for your text matcher to make your matcher more flexible.

Ignored nodes: comments, script, style
&lt;body
  data-scroll-locked=&quot;1&quot;
  style=&quot;pointer-events: none;&quot;
&gt;
  &lt;span
    aria-hidden=&quot;true&quot;
    data-aria-hidden=&quot;true&quot;
    data-radix-focus-guard=&quot;&quot;
    style=&quot;outline: none; opacity: 0; position: fixed; pointer-events: none;&quot;
    tabindex=&quot;0&quot;
  /&gt;
  &lt;div
    aria-hidden=&quot;true&quot;
    data-aria-hidden=&quot;true&quot;
  /&gt;
  &lt;div
    aria-hidden=&quot;true&quot;
    class=&quot;fixed inset-0 z-50 bg-black/80 data-[state=open]:animate-in data-[state=closed]:animate-out data-[state=closed]:fade-out-0 data-[state=open]:fade-in-0&quot;
    data-aria-hidden=&quot;true&quot;
    data-state=&quot;open&quot;
    style=&quot;pointer-events: auto;&quot;
  /&gt;
  &lt;div
    aria-describedby=&quot;radix-«r4a»&quot;
    aria-labelledby=&quot;radix-«r49»&quot;
    class=&quot;fixed left-[50%] top-[50%] z-50 w-full translate-x-[-50%] translate-y-[-50%] gap-4 border bg-background p-6 shadow-lg duration-200 data-[state=open]:animate-in data-[state=closed]:animate-out data-[state=closed]:fade-out-0 data-[state=open]:fade-in-0 data-[state=closed]:zoom-out-95 data-[state=open]:zoom-in-95 data-[state=closed]:slide-out-to-left-1/2 data-[state=closed]:slide-out-to-top-[48%] data-[state=open]:slide-in-from-left-1/2 data-[state=open]:slide-in-from-top-[48%] sm:rounded-lg max-w-4xl max-h-[90vh] overflow-hidden flex flex-col&quot;
    data-state=&quot;open&quot;
    id=&quot;radix-«r48»&quot;
    role=&quot;dialog&quot;
    style=&quot;pointer-events: auto;&quot;
    tabindex=&quot;-1&quot;
  &gt;
    &lt;div
      class=&quot;flex flex-col space-y-1.5 text-center sm:text-left&quot;
    &gt;
      &lt;h2
        class=&quot;text-lg font-semibold leading-none tracking-tight flex items-center gap-2 text-accent&quot;
        id=&quot;radix-«r49»&quot;
      &gt;
        &lt;svg
          class=&quot;lucide lucide-upload h-5 w-5&quot;
          fill=&quot;none&quot;
          height=&quot;24&quot;
          stroke=&quot;currentColor&quot;
          stroke-linecap=&quot;round&quot;
          stroke-linejoin=&quot;round&quot;
          stroke-width=&quot;2&quot;
          viewBox=&quot;0 0 24 24&quot;
          width=&quot;24&quot;
          xmlns=&quot;http://www.w3.org/2000/svg&quot;
        &gt;
          &lt;path
            d=&quot;M21 15v4a2 2 0 0 1-2 2H5a2 2 0 0 1-2-2v-4&quot;
          /&gt;
          &lt;polyline
            points=&quot;17 8 12 3 7 8&quot;
          /&gt;
          &lt;line
            x1=&quot;12&quot;
            x2=&quot;12&quot;
            y1=&quot;3&quot;
            y2=&quot;15&quot;
          /&gt;
        &lt;/svg&gt;
        Enhanced FeedMe Upload
      &lt;/h2&gt;
      &lt;p
        class=&quot;text-sm text-muted-foreground&quot;
        id=&quot;radix-«r4a»&quot;
      &gt;
        Upload customer support transcripts with advanced multi-file support, real-time preview, and batch processing.
      &lt;/p&gt;
    &lt;/div&gt;
    &lt;div
      class=&quot;flex-1 flex flex-col overflow-hidden&quot;
      data-orientation=&quot;horizontal&quot;
      dir=&quot;ltr&quot;
    &gt;
      &lt;div
        aria-orientation=&quot;horizontal&quot;
        class=&quot;h-10 items-center justify-center rounded-md bg-muted p-1 text-muted-foreground grid w-full grid-cols-3&quot;
        data-orientation=&quot;horizontal&quot;
        role=&quot;tablist&quot;
        style=&quot;outline: none;&quot;
        tabindex=&quot;0&quot;
      &gt;
        &lt;button
          aria-controls=&quot;radix-«r4b»-content-multi-file&quot;
          aria-selected=&quot;true&quot;
          class=&quot;inline-flex items-center justify-center whitespace-nowrap rounded-sm px-3 py-1.5 text-sm font-medium ring-offset-background transition-all focus-visible:outline-none focus-visible:ring-2 focus-visible:ring-ring focus-visible:ring-offset-2 disabled:pointer-events-none disabled:opacity-50 data-[state=active]:bg-background data-[state=active]:text-foreground data-[state=active]:shadow-sm&quot;
          data-orientation=&quot;horizontal&quot;
          data-radix-collection-item=&quot;&quot;
          data-state=&quot;active&quot;
          id=&quot;radix-«r4b»-trigger-multi-file&quot;
          role=&quot;tab&quot;
          tabindex=&quot;0&quot;
          type=&quot;button&quot;
        &gt;
          &lt;svg
            class=&quot;lucide lucide-folder h-4 w-4 mr-2&quot;
            fill=&quot;none&quot;
            height=&quot;24&quot;
            stroke=&quot;currentColor&quot;
            stroke-linecap=&quot;round&quot;
            stroke-linejoin=&quot;round&quot;
            stroke-width=&quot;2&quot;
            viewBox=&quot;0 0 24 24&quot;
            width=&quot;24&quot;
            xmlns=&quot;http://www.w3.org/2000/svg&quot;
          &gt;
            &lt;path
              d=&quot;M20 20a2 2 0 0 0 2-2V8a2 2 0 0 0-2-2h-7.9a2 2 0 0 1-1.69-.9L9.6 3.9A2 2 0 0 0 7.93 3H4a2 2 0 0 0-2 2v13a2 2 0 0 0 2 2Z&quot;
            /&gt;
          &lt;/svg&gt;
          Multi-File Upload
        &lt;/button&gt;
        &lt;button
          aria-controls=&quot;radix-«r4b»-content-single-file&quot;
          aria-selected=&quot;false&quot;
          class=&quot;inline-flex items-center justify-center whitespace-nowrap rounded-sm px-3 py-1.5 text-sm font-medium ring-offset-background transition-all focus-visible:outline-none focus-visible:ring-2 focus-visible:ring-ring focus-visible:ring-offset-2 disabled:pointer-events-none disabled:opacity-50 data-[state=active]:bg-background data-[state=active]:text-foreground data-[state=active]:shadow-sm&quot;
          data-orientation=&quot;horizontal&quot;
          data-radix-collection-item=&quot;&quot;
          data-state=&quot;inactive&quot;
          id=&quot;radix-«r4b»-trigger-single-file&quot;
          role=&quot;tab&quot;
          tabindex=&quot;-1&quot;...

Ignored nodes: comments, script, style
&lt;html&gt;
  &lt;head /&gt;
  &lt;body
    data-scroll-locked=&quot;1&quot;
    style=&quot;pointer-events: none;&quot;
  &gt;
    &lt;span
      aria-hidden=&quot;true&quot;
      data-aria-hidden=&quot;true&quot;
      data-radix-focus-guard=&quot;&quot;
      style=&quot;outline: none; opacity: 0; position: fixed; pointer-events: none;&quot;
      tabindex=&quot;0&quot;
    /&gt;
    &lt;div
      aria-hidden=&quot;true&quot;
      data-aria-hidden=&quot;true&quot;
    /&gt;
    &lt;div
      aria-hidden=&quot;true&quot;
      class=&quot;fixed inset-0 z-50 bg-black/80 data-[state=open]:animate-in data-[state=closed]:animate-out data-[state=closed]:fade-out-0 data-[state=open]:fade-in-0&quot;
      data-aria-hidden=&quot;true&quot;
      data-state=&quot;open&quot;
      style=&quot;pointer-events: auto;&quot;
    /&gt;
    &lt;div
      aria-describedby=&quot;radix-«r4a»&quot;
      aria-labelledby=&quot;radix-«r49»&quot;
      class=&quot;fixed left-[50%] top-[50%] z-50 w-full translate-x-[-50%] translate-y-[-50%] gap-4 border bg-background p-6 shadow-lg duration-200 data-[state=open]:animate-in data-[state=closed]:animate-out data-[state=closed]:fade-out-0 data-[state=open]:fade-in-0 data-[state=closed]:zoom-out-95 data-[state=open]:zoom-in-95 data-[state=closed]:slide-out-to-left-1/2 data-[state=closed]:slide-out-to-top-[48%] data-[state=open]:slide-in-from-left-1/2 data-[state=open]:slide-in-from-top-[48%] sm:rounded-lg max-w-4xl max-h-[90vh] overflow-hidden flex flex-col&quot;
      data-state=&quot;open&quot;
      id=&quot;radix-«r48»&quot;
      role=&quot;dialog&quot;
      style=&quot;pointer-events: auto;&quot;
      tabindex=&quot;-1&quot;
    &gt;
      &lt;div
        class=&quot;flex flex-col space-y-1.5 text-center sm:text-left&quot;
      &gt;
        &lt;h2
          class=&quot;text-lg font-semibold leading-none tracking-tight flex items-center gap-2 text-accent&quot;
          id=&quot;radix-«r49»&quot;
        &gt;
          &lt;svg
            class=&quot;lucide lucide-upload h-5 w-5&quot;
            fill=&quot;none&quot;
            height=&quot;24&quot;
            stroke=&quot;currentColor&quot;
            stroke-linecap=&quot;round&quot;
            stroke-linejoin=&quot;round&quot;
            stroke-width=&quot;2&quot;
            viewBox=&quot;0 0 24 24&quot;
            width=&quot;24&quot;
            xmlns=&quot;http://www.w3.org/2000/svg&quot;
          &gt;
            &lt;path
              d=&quot;M21 15v4a2 2 0 0 1-2 2H5a2 2 0 0 1-2-2v-4&quot;
            /&gt;
            &lt;polyline
              points=&quot;17 8 12 3 7 8&quot;
            /&gt;
            &lt;line
              x1=&quot;12&quot;
              x2=&quot;12&quot;
              y1=&quot;3&quot;
              y2=&quot;15&quot;
            /&gt;
          &lt;/svg&gt;
          Enhanced FeedMe Upload
        &lt;/h2&gt;
        &lt;p
          class=&quot;text-sm text-muted-foreground&quot;
          id=&quot;radix-«r4a»&quot;
        &gt;
          Upload customer support transcripts with advanced multi-file support, real-time preview, and batch processing.
        &lt;/p&gt;
      &lt;/div&gt;
      &lt;div
        class=&quot;flex-1 flex flex-col overflow-hidden&quot;
        data-orientation=&quot;horizontal&quot;
        dir=&quot;ltr&quot;
      &gt;
        &lt;div
          aria-orientation=&quot;horizontal&quot;
          class=&quot;h-10 items-center justify-center rounded-md bg-muted p-1 text-muted-foreground grid w-full grid-cols-3&quot;
          data-orientation=&quot;horizontal&quot;
          role=&quot;tablist&quot;
          style=&quot;outline: none;&quot;
          tabindex=&quot;0&quot;
        &gt;
          &lt;button
            aria-controls=&quot;radix-«r4b»-content-multi-file&quot;
            aria-selected=&quot;true&quot;
            class=&quot;inline-flex items-center justify-center whitespace-nowrap rounded-sm px-3 py-1.5 text-sm font-medium ring-offset-background transition-all focus-visible:outline-none focus-visible:ring-2 focus-visible:ring-ring focus-visible:ring-offset-2 disabled:pointer-events-none disabled:opacity-50 data-[state=active]:bg-background data-[state=active]:text-foreground data-[state=active]:shadow-sm&quot;
            data-orientation=&quot;horizontal&quot;
            data-radix-collection-item=&quot;&quot;
            data-state=&quot;active&quot;
            id=&quot;radix-«r4b»-trigger-multi-file&quot;
            role=&quot;tab&quot;
            tabindex=&quot;0&quot;
            type=&quot;button&quot;
          &gt;
            &lt;svg
              class=&quot;lucide lucide-folder h-4 w-4 mr-2&quot;
              fill=&quot;none&quot;
              height=&quot;24&quot;
              stroke=&quot;currentColor&quot;
              stroke-linecap=&quot;round&quot;
              stroke-linejoin=&quot;round&quot;
              stroke-width=&quot;2&quot;
              viewBox=&quot;0 0 24 24&quot;
              width=&quot;24&quot;
              xmlns=&quot;http://www.w3.org/2000/svg&quot;
            &gt;
              &lt;path
                d=&quot;M20 20a2 2 0 0 0 2-2V8a2 2 0 0 0-2-2h-7.9a2 2 0 0 1-1.69-.9L9.6 3.9A2 2 0 0 0 7.93 3H4a2 2 0 0 0-2 2v13a2 2 0 0 0 2 2Z&quot;
              /&gt;
            &lt;/svg&gt;
            Multi-File Upload
          &lt;/button&gt;
          &lt;button
            aria-controls=&quot;radix-«r4b»-content-single-file&quot;
            aria-selected=&quot;false&quot;
            class=&quot;inline-flex items-center justify-center whitespace-nowrap rounded-sm px-3 py-1.5 text-sm font-medium ring-offset-background transition-all focus-visible:outline-none focus-visible:ring-2 focus-visible:ring-ring focus-visible:ring-offset-2 disabled:pointer-events-none disabled:opacity-50 data-[state=active]:bg-background data-[state=active]:text-foreground data-[state=active]:shadow-sm&quot;
            data-orientation=&quot;...
 ❯ Proxy.waitForWrapper node_modules/@testing-library/dom/dist/wait-for.js:163:27
 ❯ components/feedme/__tests__/EnhancedFeedMeModal.test.tsx:433:13
            </failure>
        </testcase>
        <testcase classname="components/feedme/__tests__/EnhancedFeedMeModal.test.tsx" name="EnhancedFeedMeModal &gt; Accessibility &gt; has proper ARIA labels" time="0.011303333">
        </testcase>
        <testcase classname="components/feedme/__tests__/EnhancedFeedMeModal.test.tsx" name="EnhancedFeedMeModal &gt; Accessibility &gt; supports keyboard navigation" time="0.01815475">
            <failure message="expect(element).toHaveFocus()

Expected element with focus:
  &lt;button
  aria-controls=&quot;radix-«r4p»-content-multi-file&quot;
  aria-selected=&quot;true&quot;
  class=&quot;inline-flex items-center justify-center whitespace-nowrap rounded-sm px-3 py-1.5 text-sm font-medium ring-offset-background transition-all focus-visible:outline-none focus-visible:ring-2 focus-visible:ring-ring focus-visible:ring-offset-2 disabled:pointer-events-none disabled:opacity-50 data-[state=active]:bg-background data-[state=active]:text-foreground data-[state=active]:shadow-sm&quot;
  data-orientation=&quot;horizontal&quot;
  data-radix-collection-item=&quot;&quot;
  data-state=&quot;active&quot;
  id=&quot;radix-«r4p»-trigger-multi-file&quot;
  role=&quot;tab&quot;
  tabindex=&quot;0&quot;
  type=&quot;button&quot;
&gt;
  &lt;svg
    class=&quot;lucide lucide-folder h-4 w-4 mr-2&quot;
    fill=&quot;none&quot;
    height=&quot;24&quot;
    stroke=&quot;currentColor&quot;
    stroke-linecap=&quot;round&quot;
    stroke-linejoin=&quot;round&quot;
    stroke-width=&quot;2&quot;
    viewBox=&quot;0 0 24 24&quot;
    width=&quot;24&quot;
    xmlns=&quot;http://www.w3.org/2000/svg&quot;
  &gt;
    &lt;path
      d=&quot;M20 20a2 2 0 0 0 2-2V8a2 2 0 0 0-2-2h-7.9a2 2 0 0 1-1.69-.9L9.6 3.9A2 2 0 0 0 7.93 3H4a2 2 0 0 0-2 2v13a2 2 0 0 0 2 2Z&quot;
    /&gt;
  &lt;/svg&gt;
  Multi-File Upload
&lt;/button&gt;
Received element with focus:
  &lt;div
  aria-labelledby=&quot;radix-«r4p»-trigger-multi-file&quot;
  class=&quot;ring-offset-background focus-visible:outline-none focus-visible:ring-2 focus-visible:ring-ring focus-visible:ring-offset-2 flex-1 flex flex-col overflow-hidden mt-4&quot;
  data-orientation=&quot;horizontal&quot;
  data-state=&quot;active&quot;
  id=&quot;radix-«r4p»-content-multi-file&quot;
  role=&quot;tabpanel&quot;
  style=&quot;animation-duration: 0s;&quot;
  tabindex=&quot;0&quot;
&gt;
  &lt;div
    class=&quot;flex-1 flex flex-col gap-4 overflow-hidden&quot;
  &gt;
    &lt;div
      class=&quot;border-2 border-dashed rounded-lg p-8 text-center cursor-pointer transition-colors border-muted-foreground/25 hover:border-accent hover:bg-accent/5&quot;
    &gt;
      &lt;input
        accept=&quot;.txt,.log,.html,.htm,.csv,text/*&quot;
        class=&quot;hidden&quot;
        multiple=&quot;&quot;
        type=&quot;file&quot;
      /&gt;
      &lt;div
        class=&quot;space-y-2&quot;
      &gt;
        &lt;svg
          class=&quot;lucide lucide-upload h-8 w-8 text-muted-foreground mx-auto&quot;
          fill=&quot;none&quot;
          height=&quot;24&quot;
          stroke=&quot;currentColor&quot;
          stroke-linecap=&quot;round&quot;
          stroke-linejoin=&quot;round&quot;
          stroke-width=&quot;2&quot;
          viewBox=&quot;0 0 24 24&quot;
          width=&quot;24&quot;
          xmlns=&quot;http://www.w3.org/2000/svg&quot;
        &gt;
          &lt;path
            d=&quot;M21 15v4a2 2 0 0 1-2 2H5a2 2 0 0 1-2-2v-4&quot;
          /&gt;
          &lt;polyline
            points=&quot;17 8 12 3 7 8&quot;
          /&gt;
          &lt;line
            x1=&quot;12&quot;
            x2=&quot;12&quot;
            y1=&quot;3&quot;
            y2=&quot;15&quot;
          /&gt;
        &lt;/svg&gt;
        &lt;p
          class=&quot;text-sm font-medium&quot;
        &gt;
          Drag and drop files here, or click to select
        &lt;/p&gt;
        &lt;p
          class=&quot;text-xs text-muted-foreground&quot;
        &gt;
          Supports multiple .txt, .log, .html, .htm, .csv files up to 10MB each
        &lt;/p&gt;
      &lt;/div&gt;
    &lt;/div&gt;
  &lt;/div&gt;
&lt;/div&gt;" type="Error">
Error: expect(element).toHaveFocus()

Expected element with focus:
  &lt;button
  aria-controls=&quot;radix-«r4p»-content-multi-file&quot;
  aria-selected=&quot;true&quot;
  class=&quot;inline-flex items-center justify-center whitespace-nowrap rounded-sm px-3 py-1.5 text-sm font-medium ring-offset-background transition-all focus-visible:outline-none focus-visible:ring-2 focus-visible:ring-ring focus-visible:ring-offset-2 disabled:pointer-events-none disabled:opacity-50 data-[state=active]:bg-background data-[state=active]:text-foreground data-[state=active]:shadow-sm&quot;
  data-orientation=&quot;horizontal&quot;
  data-radix-collection-item=&quot;&quot;
  data-state=&quot;active&quot;
  id=&quot;radix-«r4p»-trigger-multi-file&quot;
  role=&quot;tab&quot;
  tabindex=&quot;0&quot;
  type=&quot;button&quot;
&gt;
  &lt;svg
    class=&quot;lucide lucide-folder h-4 w-4 mr-2&quot;
    fill=&quot;none&quot;
    height=&quot;24&quot;
    stroke=&quot;currentColor&quot;
    stroke-linecap=&quot;round&quot;
    stroke-linejoin=&quot;round&quot;
    stroke-width=&quot;2&quot;
    viewBox=&quot;0 0 24 24&quot;
    width=&quot;24&quot;
    xmlns=&quot;http://www.w3.org/2000/svg&quot;
  &gt;
    &lt;path
      d=&quot;M20 20a2 2 0 0 0 2-2V8a2 2 0 0 0-2-2h-7.9a2 2 0 0 1-1.69-.9L9.6 3.9A2 2 0 0 0 7.93 3H4a2 2 0 0 0-2 2v13a2 2 0 0 0 2 2Z&quot;
    /&gt;
  &lt;/svg&gt;
  Multi-File Upload
&lt;/button&gt;
Received element with focus:
  &lt;div
  aria-labelledby=&quot;radix-«r4p»-trigger-multi-file&quot;
  class=&quot;ring-offset-background focus-visible:outline-none focus-visible:ring-2 focus-visible:ring-ring focus-visible:ring-offset-2 flex-1 flex flex-col overflow-hidden mt-4&quot;
  data-orientation=&quot;horizontal&quot;
  data-state=&quot;active&quot;
  id=&quot;radix-«r4p»-content-multi-file&quot;
  role=&quot;tabpanel&quot;
  style=&quot;animation-duration: 0s;&quot;
  tabindex=&quot;0&quot;
&gt;
  &lt;div
    class=&quot;flex-1 flex flex-col gap-4 overflow-hidden&quot;
  &gt;
    &lt;div
      class=&quot;border-2 border-dashed rounded-lg p-8 text-center cursor-pointer transition-colors border-muted-foreground/25 hover:border-accent hover:bg-accent/5&quot;
    &gt;
      &lt;input
        accept=&quot;.txt,.log,.html,.htm,.csv,text/*&quot;
        class=&quot;hidden&quot;
        multiple=&quot;&quot;
        type=&quot;file&quot;
      /&gt;
      &lt;div
        class=&quot;space-y-2&quot;
      &gt;
        &lt;svg
          class=&quot;lucide lucide-upload h-8 w-8 text-muted-foreground mx-auto&quot;
          fill=&quot;none&quot;
          height=&quot;24&quot;
          stroke=&quot;currentColor&quot;
          stroke-linecap=&quot;round&quot;
          stroke-linejoin=&quot;round&quot;
          stroke-width=&quot;2&quot;
          viewBox=&quot;0 0 24 24&quot;
          width=&quot;24&quot;
          xmlns=&quot;http://www.w3.org/2000/svg&quot;
        &gt;
          &lt;path
            d=&quot;M21 15v4a2 2 0 0 1-2 2H5a2 2 0 0 1-2-2v-4&quot;
          /&gt;
          &lt;polyline
            points=&quot;17 8 12 3 7 8&quot;
          /&gt;
          &lt;line
            x1=&quot;12&quot;
            x2=&quot;12&quot;
            y1=&quot;3&quot;
            y2=&quot;15&quot;
          /&gt;
        &lt;/svg&gt;
        &lt;p
          class=&quot;text-sm font-medium&quot;
        &gt;
          Drag and drop files here, or click to select
        &lt;/p&gt;
        &lt;p
          class=&quot;text-xs text-muted-foreground&quot;
        &gt;
          Supports multiple .txt, .log, .html, .htm, .csv files up to 10MB each
        &lt;/p&gt;
      &lt;/div&gt;
    &lt;/div&gt;
  &lt;/div&gt;
&lt;/div&gt;
 ❯ components/feedme/__tests__/EnhancedFeedMeModal.test.tsx:453:70
            </failure>
        </testcase>
        <testcase classname="components/feedme/__tests__/EnhancedFeedMeModal.test.tsx" name="EnhancedFeedMeModal &gt; Callbacks &gt; calls onClose when modal is closed" time="0.011594125">
        </testcase>
        <testcase classname="components/feedme/__tests__/EnhancedFeedMeModal.test.tsx" name="EnhancedFeedMeModal &gt; Callbacks &gt; calls onUploadComplete with results" time="1.037331917">
            <failure message="expected &quot;spy&quot; to be called with arguments: [ [ ObjectContaining{…} ] ]

Received: 



Number of calls: 0


Ignored nodes: comments, script, style
[36m&lt;html&gt;[39m
  [36m&lt;head /&gt;[39m
  [36m&lt;body[39m
    [33mdata-scroll-locked[39m=[32m&quot;1&quot;[39m
    [33mstyle[39m=[32m&quot;pointer-events: none;&quot;[39m
  [36m&gt;[39m
    [36m&lt;span[39m
      [33maria-hidden[39m=[32m&quot;true&quot;[39m
      [33mdata-aria-hidden[39m=[32m&quot;true&quot;[39m
      [33mdata-radix-focus-guard[39m=[32m&quot;&quot;[39m
      [33mstyle[39m=[32m&quot;outline: none; opacity: 0; position: fixed; pointer-events: none;&quot;[39m
      [33mtabindex[39m=[32m&quot;0&quot;[39m
    [36m/&gt;[39m
    [36m&lt;div[39m
      [33maria-hidden[39m=[32m&quot;true&quot;[39m
      [33mdata-aria-hidden[39m=[32m&quot;true&quot;[39m
    [36m/&gt;[39m
    [36m&lt;div[39m
      [33maria-hidden[39m=[32m&quot;true&quot;[39m
      [33mclass[39m=[32m&quot;fixed inset-0 z-50 bg-black/80 data-[state=open]:animate-in data-[state=closed]:animate-out data-[state=closed]:fade-out-0 data-[state=open]:fade-in-0&quot;[39m
      [33mdata-aria-hidden[39m=[32m&quot;true&quot;[39m
      [33mdata-state[39m=[32m&quot;open&quot;[39m
      [33mstyle[39m=[32m&quot;pointer-events: auto;&quot;[39m
    [36m/&gt;[39m
    [36m&lt;div[39m
      [33maria-describedby[39m=[32m&quot;radix-«r56»&quot;[39m
      [33maria-labelledby[39m=[32m&quot;radix-«r55»&quot;[39m
      [33mclass[39m=[32m&quot;fixed left-[50%] top-[50%] z-50 w-full translate-x-[-50%] translate-y-[-50%] gap-4 border bg-background p-6 shadow-lg duration-200 data-[state=open]:animate-in data-[state=closed]:animate-out data-[state=closed]:fade-out-0 data-[state=open]:fade-in-0 data-[state=closed]:zoom-out-95 data-[state=open]:zoom-in-95 data-[state=closed]:slide-out-to-left-1/2 data-[state=closed]:slide-out-to-top-[48%] data-[state=open]:slide-in-from-left-1/2 data-[state=open]:slide-in-from-top-[48%] sm:rounded-lg max-w-4xl max-h-[90vh] overflow-hidden flex flex-col&quot;[39m
      [33mdata-state[39m=[32m&quot;open&quot;[39m
      [33mid[39m=[32m&quot;radix-«r54»&quot;[39m
      [33mrole[39m=[32m&quot;dialog&quot;[39m
      [33mstyle[39m=[32m&quot;pointer-events: auto;&quot;[39m
      [33mtabindex[39m=[32m&quot;-1&quot;[39m
    [36m&gt;[39m
      [36m&lt;div[39m
        [33mclass[39m=[32m&quot;flex flex-col space-y-1.5 text-center sm:text-left&quot;[39m
      [36m&gt;[39m
        [36m&lt;h2[39m
          [33mclass[39m=[32m&quot;text-lg font-semibold leading-none tracking-tight flex items-center gap-2 text-accent&quot;[39m
          [33mid[39m=[32m&quot;radix-«r55»&quot;[39m
        [36m&gt;[39m
          [36m&lt;svg[39m
            [33mclass[39m=[32m&quot;lucide lucide-upload h-5 w-5&quot;[39m
            [33mfill[39m=[32m&quot;none&quot;[39m
            [33mheight[39m=[32m&quot;24&quot;[39m
            [33mstroke[39m=[32m&quot;currentColor&quot;[39m
            [33mstroke-linecap[39m=[32m&quot;round&quot;[39m
            [33mstroke-linejoin[39m=[32m&quot;round&quot;[39m
            [33mstroke-width[39m=[32m&quot;2&quot;[39m
            [33mviewBox[39m=[32m&quot;0 0 24 24&quot;[39m
            [33mwidth[39m=[32m&quot;24&quot;[39m
            [33mxmlns[39m=[32m&quot;http://www.w3.org/2000/svg&quot;[39m
          [36m&gt;[39m
            [36m&lt;path[39m
              [33md[39m=[32m&quot;M21 15v4a2 2 0 0 1-2 2H5a2 2 0 0 1-2-2v-4&quot;[39m
            [36m/&gt;[39m
            [36m&lt;polyline[39m
              [33mpoints[39m=[32m&quot;17 8 12 3 7 8&quot;[39m
            [36m/&gt;[39m
            [36m&lt;line[39m
              [33mx1[39m=[32m&quot;12&quot;[39m
              [33mx2[39m=[32m&quot;12&quot;[39m
              [33my1[39m=[32m&quot;3&quot;[39m
              [33my2[39m=[32m&quot;15&quot;[39m
            [36m/&gt;[39m
          [36m&lt;/svg&gt;[39m
          [0mEnhanced FeedMe Upload[0m
        [36m&lt;/h2&gt;[39m
        [36m&lt;p[39m
          [33mclass[39m=[32m&quot;text-sm text-muted-foreground&quot;[39m
          [33mid[39m=[32m&quot;radix-«r56»&quot;[39m
        [36m&gt;[39m
          [0mUpload customer support transcripts with advanced multi-file support, real-time preview, and batch processing.[0m
        [36m&lt;/p&gt;[39m
      [36m&lt;/div&gt;[39m
      [36m&lt;div[39m
        [33mclass[39m=[32m&quot;flex-1 flex flex-col overflow-hidden&quot;[39m
        [33mdata-orientation[39m=[32m&quot;horizontal&quot;[39m
        [33mdir[39m=[32m&quot;ltr&quot;[39m
      [36m&gt;[39m
        [36m&lt;div[39m
          [33maria-orientation[39m=[32m&quot;horizontal&quot;[39m
          [33mclass[39m=[32m&quot;h-10 items-center justify-center rounded-md bg-muted p-1 text-muted-foreground grid w-full grid-cols-3&quot;[39m
          [33mdata-orientation[39m=[32m&quot;horizontal&quot;[39m
          [33mrole[39m=[32m&quot;tablist&quot;[39m
          [33mstyle[39m=[32m&quot;outline: none;&quot;[39m
          [33mtabindex[39m=[32m&quot;0&quot;[39m
        [36m&gt;[39m
          [36m&lt;button[39m
            [33maria-controls[39m=[32m&quot;radix-«r57»-content-multi-file&quot;[39m
            [33maria-selected[39m=[32m&quot;true&quot;[39m
            [33mclass[39m=[32m&quot;inline-flex items-center justify-center whitespace-nowrap rounded-sm px-3 py-1.5 text-sm font-medium ring-offset-background transition-all focus-visible:outline-none focus-visible:ring-2 focus-visible:ring-ring focus-visible:ring-offset-2 disabled:pointer-events-none disabled:opacity-50 data-[state=active]:bg-background data-[state=active]:text-foreground data-[state=active]:shadow-sm&quot;[39m
            [33mdata-orientation[39m=[32m&quot;horizontal&quot;[39m
            [33mdata-radix-collection-item[39m=[32m&quot;&quot;[39m
            [33mdata-state[39m=[32m&quot;active&quot;[39m
            [33mid[39m=[32m&quot;radix-«r57»-trigger-multi-file&quot;[39m
            [33mrole[39m=[32m&quot;tab&quot;[39m
            [33mtabindex[39m=[32m&quot;0&quot;[39m
            [33mtype[39m=[32m&quot;button&quot;[39m
          [36m&gt;[39m
            [36m&lt;svg[39m
              [33mclass[39m=[32m&quot;lucide lucide-folder h-4 w-4 mr-2&quot;[39m
              [33mfill[39m=[32m&quot;none&quot;[39m
              [33mheight[39m=[32m&quot;24&quot;[39m
              [33mstroke[39m=[32m&quot;currentColor&quot;[39m
              [33mstroke-linecap[39m=[32m&quot;round&quot;[39m
              [33mstroke-linejoin[39m=[32m&quot;round&quot;[39m
              [33mstroke-width[39m=[32m&quot;2&quot;[39m
              [33mviewBox[39m=[32m&quot;0 0 24 24&quot;[39m
              [33mwidth[39m=[32m&quot;24&quot;[39m
              [33mxmlns[39m=[32m&quot;http://www.w3.org/2000/svg&quot;[39m
            [36m&gt;[39m
              [36m&lt;path[39m
                [33md[39m=[32m&quot;M20 20a2 2 0 0 0 2-2V8a2 2 0 0 0-2-2h-7.9a2 2 0 0 1-1.69-.9L9.6 3.9A2 2 0 0 0 7.93 3H4a2 2 0 0 0-2 2v13a2 2 0 0 0 2 2Z&quot;[39m
              [36m/&gt;[39m
            [36m&lt;/svg&gt;[39m
            [0mMulti-File Upload[0m
          [36m&lt;/button&gt;[39m
          [36m&lt;button[39m
            [33maria-controls[39m=[32m&quot;radix-«r57»-content-single-file&quot;[39m
            [33maria-selected[39m=[32m&quot;false&quot;[39m
            [33mclass[39m=[32m&quot;inline-flex items-center justify-center whitespace-nowrap rounded-sm px-3 py-1.5 text-sm font-medium ring-offset-background transition-all focus-visible:outline-none focus-visible:ring-2 focus-visible:ring-ring focus-visible:ring-offset-2 disabled:pointer-events-none disabled:opacity-50 data-[state=active]:bg-background data-[state=active]:text-foreground data-[state=active]:shadow-sm&quot;[39m
            [33mdata-orientation[39m=[32m&quot;..." type="AssertionError">
AssertionError: expected &quot;spy&quot; to be called with arguments: [ [ ObjectContaining{…} ] ]

Received: 



Number of calls: 0


Ignored nodes: comments, script, style
&lt;html&gt;
  &lt;head /&gt;
  &lt;body
    data-scroll-locked=&quot;1&quot;
    style=&quot;pointer-events: none;&quot;
  &gt;
    &lt;span
      aria-hidden=&quot;true&quot;
      data-aria-hidden=&quot;true&quot;
      data-radix-focus-guard=&quot;&quot;
      style=&quot;outline: none; opacity: 0; position: fixed; pointer-events: none;&quot;
      tabindex=&quot;0&quot;
    /&gt;
    &lt;div
      aria-hidden=&quot;true&quot;
      data-aria-hidden=&quot;true&quot;
    /&gt;
    &lt;div
      aria-hidden=&quot;true&quot;
      class=&quot;fixed inset-0 z-50 bg-black/80 data-[state=open]:animate-in data-[state=closed]:animate-out data-[state=closed]:fade-out-0 data-[state=open]:fade-in-0&quot;
      data-aria-hidden=&quot;true&quot;
      data-state=&quot;open&quot;
      style=&quot;pointer-events: auto;&quot;
    /&gt;
    &lt;div
      aria-describedby=&quot;radix-«r56»&quot;
      aria-labelledby=&quot;radix-«r55»&quot;
      class=&quot;fixed left-[50%] top-[50%] z-50 w-full translate-x-[-50%] translate-y-[-50%] gap-4 border bg-background p-6 shadow-lg duration-200 data-[state=open]:animate-in data-[state=closed]:animate-out data-[state=closed]:fade-out-0 data-[state=open]:fade-in-0 data-[state=closed]:zoom-out-95 data-[state=open]:zoom-in-95 data-[state=closed]:slide-out-to-left-1/2 data-[state=closed]:slide-out-to-top-[48%] data-[state=open]:slide-in-from-left-1/2 data-[state=open]:slide-in-from-top-[48%] sm:rounded-lg max-w-4xl max-h-[90vh] overflow-hidden flex flex-col&quot;
      data-state=&quot;open&quot;
      id=&quot;radix-«r54»&quot;
      role=&quot;dialog&quot;
      style=&quot;pointer-events: auto;&quot;
      tabindex=&quot;-1&quot;
    &gt;
      &lt;div
        class=&quot;flex flex-col space-y-1.5 text-center sm:text-left&quot;
      &gt;
        &lt;h2
          class=&quot;text-lg font-semibold leading-none tracking-tight flex items-center gap-2 text-accent&quot;
          id=&quot;radix-«r55»&quot;
        &gt;
          &lt;svg
            class=&quot;lucide lucide-upload h-5 w-5&quot;
            fill=&quot;none&quot;
            height=&quot;24&quot;
            stroke=&quot;currentColor&quot;
            stroke-linecap=&quot;round&quot;
            stroke-linejoin=&quot;round&quot;
            stroke-width=&quot;2&quot;
            viewBox=&quot;0 0 24 24&quot;
            width=&quot;24&quot;
            xmlns=&quot;http://www.w3.org/2000/svg&quot;
          &gt;
            &lt;path
              d=&quot;M21 15v4a2 2 0 0 1-2 2H5a2 2 0 0 1-2-2v-4&quot;
            /&gt;
            &lt;polyline
              points=&quot;17 8 12 3 7 8&quot;
            /&gt;
            &lt;line
              x1=&quot;12&quot;
              x2=&quot;12&quot;
              y1=&quot;3&quot;
              y2=&quot;15&quot;
            /&gt;
          &lt;/svg&gt;
          Enhanced FeedMe Upload
        &lt;/h2&gt;
        &lt;p
          class=&quot;text-sm text-muted-foreground&quot;
          id=&quot;radix-«r56»&quot;
        &gt;
          Upload customer support transcripts with advanced multi-file support, real-time preview, and batch processing.
        &lt;/p&gt;
      &lt;/div&gt;
      &lt;div
        class=&quot;flex-1 flex flex-col overflow-hidden&quot;
        data-orientation=&quot;horizontal&quot;
        dir=&quot;ltr&quot;
      &gt;
        &lt;div
          aria-orientation=&quot;horizontal&quot;
          class=&quot;h-10 items-center justify-center rounded-md bg-muted p-1 text-muted-foreground grid w-full grid-cols-3&quot;
          data-orientation=&quot;horizontal&quot;
          role=&quot;tablist&quot;
          style=&quot;outline: none;&quot;
          tabindex=&quot;0&quot;
        &gt;
          &lt;button
            aria-controls=&quot;radix-«r57»-content-multi-file&quot;
            aria-selected=&quot;true&quot;
            class=&quot;inline-flex items-center justify-center whitespace-nowrap rounded-sm px-3 py-1.5 text-sm font-medium ring-offset-background transition-all focus-visible:outline-none focus-visible:ring-2 focus-visible:ring-ring focus-visible:ring-offset-2 disabled:pointer-events-none disabled:opacity-50 data-[state=active]:bg-background data-[state=active]:text-foreground data-[state=active]:shadow-sm&quot;
            data-orientation=&quot;horizontal&quot;
            data-radix-collection-item=&quot;&quot;
            data-state=&quot;active&quot;
            id=&quot;radix-«r57»-trigger-multi-file&quot;
            role=&quot;tab&quot;
            tabindex=&quot;0&quot;
            type=&quot;button&quot;
          &gt;
            &lt;svg
              class=&quot;lucide lucide-folder h-4 w-4 mr-2&quot;
              fill=&quot;none&quot;
              height=&quot;24&quot;
              stroke=&quot;currentColor&quot;
              stroke-linecap=&quot;round&quot;
              stroke-linejoin=&quot;round&quot;
              stroke-width=&quot;2&quot;
              viewBox=&quot;0 0 24 24&quot;
              width=&quot;24&quot;
              xmlns=&quot;http://www.w3.org/2000/svg&quot;
            &gt;
              &lt;path
                d=&quot;M20 20a2 2 0 0 0 2-2V8a2 2 0 0 0-2-2h-7.9a2 2 0 0 1-1.69-.9L9.6 3.9A2 2 0 0 0 7.93 3H4a2 2 0 0 0-2 2v13a2 2 0 0 0 2 2Z&quot;
              /&gt;
            &lt;/svg&gt;
            Multi-File Upload
          &lt;/button&gt;
          &lt;button
            aria-controls=&quot;radix-«r57»-content-single-file&quot;
            aria-selected=&quot;false&quot;
            class=&quot;inline-flex items-center justify-center whitespace-nowrap rounded-sm px-3 py-1.5 text-sm font-medium ring-offset-background transition-all focus-visible:outline-none focus-visible:ring-2 focus-visible:ring-ring focus-visible:ring-offset-2 disabled:pointer-events-none disabled:opacity-50 data-[state=active]:bg-background data-[state=active]:text-foreground data-[state=active]:shadow-sm&quot;
            data-orientation=&quot;...
 ❯ components/feedme/__tests__/EnhancedFeedMeModal.test.tsx:490:34
 ❯ runWithExpensiveErrorDiagnosticsDisabled node_modules/@testing-library/dom/dist/config.js:47:12
 ❯ checkCallback node_modules/@testing-library/dom/dist/wait-for.js:124:77
 ❯ Timeout.checkRealTimersCallback node_modules/@testing-library/dom/dist/wait-for.js:118:16
            </failure>
        </testcase>
    </testsuite>
    <testsuite name="components/feedme/__tests__/FeedMeConversationManager.test.tsx" timestamp="2025-07-02T10:22:05.393Z" hostname="Shubhs-MacBook-Air.local" tests="4" failures="0" errors="0" skipped="0" time="0.503705">
        <testcase classname="components/feedme/__tests__/FeedMeConversationManager.test.tsx" name="FeedMeConversationManager &gt; renders correctly when open" time="0.05699725">
            <system-err>
Failed to load folders: TypeError: Cannot read properties of undefined (reading &apos;folders&apos;)
    at /Users/shubhpatel/Downloads/MB-Sparrow-main/frontend/components/feedme/FeedMeConversationManager.tsx:232:27

            </system-err>
        </testcase>
        <testcase classname="components/feedme/__tests__/FeedMeConversationManager.test.tsx" name="FeedMeConversationManager &gt; loads and displays conversations" time="0.030147291">
            <system-err>
Failed to load folders: TypeError: Cannot read properties of undefined (reading &apos;folders&apos;)
    at /Users/shubhpatel/Downloads/MB-Sparrow-main/frontend/components/feedme/FeedMeConversationManager.tsx:232:27
    at runNextTicks (node:internal/process/task_queues:65:5)
    at processTimers (node:internal/timers:540:9)

            </system-err>
        </testcase>
        <testcase classname="components/feedme/__tests__/FeedMeConversationManager.test.tsx" name="FeedMeConversationManager &gt; performs a debounced search" time="0.346519833">
            <system-err>
Failed to load folders: TypeError: Cannot read properties of undefined (reading &apos;folders&apos;)
    at /Users/shubhpatel/Downloads/MB-Sparrow-main/frontend/components/feedme/FeedMeConversationManager.tsx:232:27

Failed to load folders: TypeError: Cannot read properties of undefined (reading &apos;folders&apos;)
    at /Users/shubhpatel/Downloads/MB-Sparrow-main/frontend/components/feedme/FeedMeConversationManager.tsx:232:27

            </system-err>
        </testcase>
        <testcase classname="components/feedme/__tests__/FeedMeConversationManager.test.tsx" name="FeedMeConversationManager &gt; handles pagination" time="0.069557292">
            <system-err>
Failed to load folders: TypeError: Cannot read properties of undefined (reading &apos;folders&apos;)
    at /Users/shubhpatel/Downloads/MB-Sparrow-main/frontend/components/feedme/FeedMeConversationManager.tsx:232:27

Failed to load folders: TypeError: Cannot read properties of undefined (reading &apos;folders&apos;)
    at /Users/shubhpatel/Downloads/MB-Sparrow-main/frontend/components/feedme/FeedMeConversationManager.tsx:232:27

            </system-err>
        </testcase>
    </testsuite>
    <testsuite name="components/feedme/__tests__/FileGridView.test.tsx" timestamp="2025-07-02T10:22:05.393Z" hostname="Shubhs-MacBook-Air.local" tests="46" failures="46" errors="0" skipped="0" time="0.035356375">
        <testcase classname="components/feedme/__tests__/FileGridView.test.tsx" name="FileGridView &gt; Rendering &gt; renders file grid with correct structure" time="0.011723541">
            <failure message="[vitest] No &quot;useUI&quot; export is defined on the &quot;@/lib/stores/feedme-store&quot; mock. Did you forget to return it from &quot;vi.mock&quot;?
If you need to partially mock a module, you can use &quot;importOriginal&quot; helper inside:
" type="Error">
Error: [vitest] No &quot;useUI&quot; export is defined on the &quot;@/lib/stores/feedme-store&quot; mock. Did you forget to return it from &quot;vi.mock&quot;?
If you need to partially mock a module, you can use &quot;importOriginal&quot; helper inside:

vi.mock(import(&quot;@/lib/stores/feedme-store&quot;), async (importOriginal) =&gt; {
  const actual = await importOriginal()
  return {
    ...actual,
    // your mocked methods
  }
})

 ❯ FileGridView components/feedme/FileGridView.tsx:397:47
 ❯ Object.react-stack-bottom-frame node_modules/react-dom/cjs/react-dom-client.development.js:23863:20
 ❯ renderWithHooks node_modules/react-dom/cjs/react-dom-client.development.js:5529:22
 ❯ updateFunctionComponent node_modules/react-dom/cjs/react-dom-client.development.js:8897:19
 ❯ beginWork node_modules/react-dom/cjs/react-dom-client.development.js:10522:18
 ❯ runWithFiberInDEV node_modules/react-dom/cjs/react-dom-client.development.js:1522:13
 ❯ performUnitOfWork node_modules/react-dom/cjs/react-dom-client.development.js:15140:22
 ❯ workLoopSync node_modules/react-dom/cjs/react-dom-client.development.js:14956:41
            </failure>
        </testcase>
        <testcase classname="components/feedme/__tests__/FileGridView.test.tsx" name="FileGridView &gt; Rendering &gt; displays file cards with correct information" time="0.000828083">
            <failure message="[vitest] No &quot;useUI&quot; export is defined on the &quot;@/lib/stores/feedme-store&quot; mock. Did you forget to return it from &quot;vi.mock&quot;?
If you need to partially mock a module, you can use &quot;importOriginal&quot; helper inside:
" type="Error">
Error: [vitest] No &quot;useUI&quot; export is defined on the &quot;@/lib/stores/feedme-store&quot; mock. Did you forget to return it from &quot;vi.mock&quot;?
If you need to partially mock a module, you can use &quot;importOriginal&quot; helper inside:

vi.mock(import(&quot;@/lib/stores/feedme-store&quot;), async (importOriginal) =&gt; {
  const actual = await importOriginal()
  return {
    ...actual,
    // your mocked methods
  }
})

 ❯ FileGridView components/feedme/FileGridView.tsx:397:47
 ❯ Object.react-stack-bottom-frame node_modules/react-dom/cjs/react-dom-client.development.js:23863:20
 ❯ renderWithHooks node_modules/react-dom/cjs/react-dom-client.development.js:5529:22
 ❯ updateFunctionComponent node_modules/react-dom/cjs/react-dom-client.development.js:8897:19
 ❯ beginWork node_modules/react-dom/cjs/react-dom-client.development.js:10522:18
 ❯ runWithFiberInDEV node_modules/react-dom/cjs/react-dom-client.development.js:1522:13
 ❯ performUnitOfWork node_modules/react-dom/cjs/react-dom-client.development.js:15140:22
 ❯ workLoopSync node_modules/react-dom/cjs/react-dom-client.development.js:14956:41
            </failure>
        </testcase>
        <testcase classname="components/feedme/__tests__/FileGridView.test.tsx" name="FileGridView &gt; Rendering &gt; shows processing status indicators" time="0.000678333">
            <failure message="[vitest] No &quot;useUI&quot; export is defined on the &quot;@/lib/stores/feedme-store&quot; mock. Did you forget to return it from &quot;vi.mock&quot;?
If you need to partially mock a module, you can use &quot;importOriginal&quot; helper inside:
" type="Error">
Error: [vitest] No &quot;useUI&quot; export is defined on the &quot;@/lib/stores/feedme-store&quot; mock. Did you forget to return it from &quot;vi.mock&quot;?
If you need to partially mock a module, you can use &quot;importOriginal&quot; helper inside:

vi.mock(import(&quot;@/lib/stores/feedme-store&quot;), async (importOriginal) =&gt; {
  const actual = await importOriginal()
  return {
    ...actual,
    // your mocked methods
  }
})

 ❯ FileGridView components/feedme/FileGridView.tsx:397:47
 ❯ Object.react-stack-bottom-frame node_modules/react-dom/cjs/react-dom-client.development.js:23863:20
 ❯ renderWithHooks node_modules/react-dom/cjs/react-dom-client.development.js:5529:22
 ❯ updateFunctionComponent node_modules/react-dom/cjs/react-dom-client.development.js:8897:19
 ❯ beginWork node_modules/react-dom/cjs/react-dom-client.development.js:10522:18
 ❯ runWithFiberInDEV node_modules/react-dom/cjs/react-dom-client.development.js:1522:13
 ❯ performUnitOfWork node_modules/react-dom/cjs/react-dom-client.development.js:15140:22
 ❯ workLoopSync node_modules/react-dom/cjs/react-dom-client.development.js:14956:41
            </failure>
        </testcase>
        <testcase classname="components/feedme/__tests__/FileGridView.test.tsx" name="FileGridView &gt; Rendering &gt; displays file thumbnails and metadata" time="0.000599708">
            <failure message="[vitest] No &quot;useUI&quot; export is defined on the &quot;@/lib/stores/feedme-store&quot; mock. Did you forget to return it from &quot;vi.mock&quot;?
If you need to partially mock a module, you can use &quot;importOriginal&quot; helper inside:
" type="Error">
Error: [vitest] No &quot;useUI&quot; export is defined on the &quot;@/lib/stores/feedme-store&quot; mock. Did you forget to return it from &quot;vi.mock&quot;?
If you need to partially mock a module, you can use &quot;importOriginal&quot; helper inside:

vi.mock(import(&quot;@/lib/stores/feedme-store&quot;), async (importOriginal) =&gt; {
  const actual = await importOriginal()
  return {
    ...actual,
    // your mocked methods
  }
})

 ❯ FileGridView components/feedme/FileGridView.tsx:397:47
 ❯ Object.react-stack-bottom-frame node_modules/react-dom/cjs/react-dom-client.development.js:23863:20
 ❯ renderWithHooks node_modules/react-dom/cjs/react-dom-client.development.js:5529:22
 ❯ updateFunctionComponent node_modules/react-dom/cjs/react-dom-client.development.js:8897:19
 ❯ beginWork node_modules/react-dom/cjs/react-dom-client.development.js:10522:18
 ❯ runWithFiberInDEV node_modules/react-dom/cjs/react-dom-client.development.js:1522:13
 ❯ performUnitOfWork node_modules/react-dom/cjs/react-dom-client.development.js:15140:22
 ❯ workLoopSync node_modules/react-dom/cjs/react-dom-client.development.js:14956:41
            </failure>
        </testcase>
        <testcase classname="components/feedme/__tests__/FileGridView.test.tsx" name="FileGridView &gt; Rendering &gt; handles loading state" time="0.0017055">
            <failure message="[vitest] No &quot;useUI&quot; export is defined on the &quot;@/lib/stores/feedme-store&quot; mock. Did you forget to return it from &quot;vi.mock&quot;?
If you need to partially mock a module, you can use &quot;importOriginal&quot; helper inside:
" type="Error">
Error: [vitest] No &quot;useUI&quot; export is defined on the &quot;@/lib/stores/feedme-store&quot; mock. Did you forget to return it from &quot;vi.mock&quot;?
If you need to partially mock a module, you can use &quot;importOriginal&quot; helper inside:

vi.mock(import(&quot;@/lib/stores/feedme-store&quot;), async (importOriginal) =&gt; {
  const actual = await importOriginal()
  return {
    ...actual,
    // your mocked methods
  }
})

 ❯ FileGridView components/feedme/FileGridView.tsx:397:47
 ❯ Object.react-stack-bottom-frame node_modules/react-dom/cjs/react-dom-client.development.js:23863:20
 ❯ renderWithHooks node_modules/react-dom/cjs/react-dom-client.development.js:5529:22
 ❯ updateFunctionComponent node_modules/react-dom/cjs/react-dom-client.development.js:8897:19
 ❯ beginWork node_modules/react-dom/cjs/react-dom-client.development.js:10522:18
 ❯ runWithFiberInDEV node_modules/react-dom/cjs/react-dom-client.development.js:1522:13
 ❯ performUnitOfWork node_modules/react-dom/cjs/react-dom-client.development.js:15140:22
 ❯ workLoopSync node_modules/react-dom/cjs/react-dom-client.development.js:14956:41
            </failure>
        </testcase>
        <testcase classname="components/feedme/__tests__/FileGridView.test.tsx" name="FileGridView &gt; Rendering &gt; handles error state" time="0.001093458">
            <failure message="[vitest] No &quot;useUI&quot; export is defined on the &quot;@/lib/stores/feedme-store&quot; mock. Did you forget to return it from &quot;vi.mock&quot;?
If you need to partially mock a module, you can use &quot;importOriginal&quot; helper inside:
" type="Error">
Error: [vitest] No &quot;useUI&quot; export is defined on the &quot;@/lib/stores/feedme-store&quot; mock. Did you forget to return it from &quot;vi.mock&quot;?
If you need to partially mock a module, you can use &quot;importOriginal&quot; helper inside:

vi.mock(import(&quot;@/lib/stores/feedme-store&quot;), async (importOriginal) =&gt; {
  const actual = await importOriginal()
  return {
    ...actual,
    // your mocked methods
  }
})

 ❯ FileGridView components/feedme/FileGridView.tsx:397:47
 ❯ Object.react-stack-bottom-frame node_modules/react-dom/cjs/react-dom-client.development.js:23863:20
 ❯ renderWithHooks node_modules/react-dom/cjs/react-dom-client.development.js:5529:22
 ❯ updateFunctionComponent node_modules/react-dom/cjs/react-dom-client.development.js:8897:19
 ❯ beginWork node_modules/react-dom/cjs/react-dom-client.development.js:10522:18
 ❯ runWithFiberInDEV node_modules/react-dom/cjs/react-dom-client.development.js:1522:13
 ❯ performUnitOfWork node_modules/react-dom/cjs/react-dom-client.development.js:15140:22
 ❯ workLoopSync node_modules/react-dom/cjs/react-dom-client.development.js:14956:41
            </failure>
        </testcase>
        <testcase classname="components/feedme/__tests__/FileGridView.test.tsx" name="FileGridView &gt; Rendering &gt; handles empty state" time="0.000962041">
            <failure message="[vitest] No &quot;useUI&quot; export is defined on the &quot;@/lib/stores/feedme-store&quot; mock. Did you forget to return it from &quot;vi.mock&quot;?
If you need to partially mock a module, you can use &quot;importOriginal&quot; helper inside:
" type="Error">
Error: [vitest] No &quot;useUI&quot; export is defined on the &quot;@/lib/stores/feedme-store&quot; mock. Did you forget to return it from &quot;vi.mock&quot;?
If you need to partially mock a module, you can use &quot;importOriginal&quot; helper inside:

vi.mock(import(&quot;@/lib/stores/feedme-store&quot;), async (importOriginal) =&gt; {
  const actual = await importOriginal()
  return {
    ...actual,
    // your mocked methods
  }
})

 ❯ FileGridView components/feedme/FileGridView.tsx:397:47
 ❯ Object.react-stack-bottom-frame node_modules/react-dom/cjs/react-dom-client.development.js:23863:20
 ❯ renderWithHooks node_modules/react-dom/cjs/react-dom-client.development.js:5529:22
 ❯ updateFunctionComponent node_modules/react-dom/cjs/react-dom-client.development.js:8897:19
 ❯ beginWork node_modules/react-dom/cjs/react-dom-client.development.js:10522:18
 ❯ runWithFiberInDEV node_modules/react-dom/cjs/react-dom-client.development.js:1522:13
 ❯ performUnitOfWork node_modules/react-dom/cjs/react-dom-client.development.js:15140:22
 ❯ workLoopSync node_modules/react-dom/cjs/react-dom-client.development.js:14956:41
            </failure>
        </testcase>
        <testcase classname="components/feedme/__tests__/FileGridView.test.tsx" name="FileGridView &gt; View Options &gt; toggles between grid and list view" time="0.001018917">
            <failure message="[vitest] No &quot;useUI&quot; export is defined on the &quot;@/lib/stores/feedme-store&quot; mock. Did you forget to return it from &quot;vi.mock&quot;?
If you need to partially mock a module, you can use &quot;importOriginal&quot; helper inside:
" type="Error">
Error: [vitest] No &quot;useUI&quot; export is defined on the &quot;@/lib/stores/feedme-store&quot; mock. Did you forget to return it from &quot;vi.mock&quot;?
If you need to partially mock a module, you can use &quot;importOriginal&quot; helper inside:

vi.mock(import(&quot;@/lib/stores/feedme-store&quot;), async (importOriginal) =&gt; {
  const actual = await importOriginal()
  return {
    ...actual,
    // your mocked methods
  }
})

 ❯ FileGridView components/feedme/FileGridView.tsx:397:47
 ❯ Object.react-stack-bottom-frame node_modules/react-dom/cjs/react-dom-client.development.js:23863:20
 ❯ renderWithHooks node_modules/react-dom/cjs/react-dom-client.development.js:5529:22
 ❯ updateFunctionComponent node_modules/react-dom/cjs/react-dom-client.development.js:8897:19
 ❯ beginWork node_modules/react-dom/cjs/react-dom-client.development.js:10522:18
 ❯ runWithFiberInDEV node_modules/react-dom/cjs/react-dom-client.development.js:1522:13
 ❯ performUnitOfWork node_modules/react-dom/cjs/react-dom-client.development.js:15140:22
 ❯ workLoopSync node_modules/react-dom/cjs/react-dom-client.development.js:14956:41
            </failure>
        </testcase>
        <testcase classname="components/feedme/__tests__/FileGridView.test.tsx" name="FileGridView &gt; View Options &gt; adjusts grid size with slider" time="0.000508792">
            <failure message="[vitest] No &quot;useUI&quot; export is defined on the &quot;@/lib/stores/feedme-store&quot; mock. Did you forget to return it from &quot;vi.mock&quot;?
If you need to partially mock a module, you can use &quot;importOriginal&quot; helper inside:
" type="Error">
Error: [vitest] No &quot;useUI&quot; export is defined on the &quot;@/lib/stores/feedme-store&quot; mock. Did you forget to return it from &quot;vi.mock&quot;?
If you need to partially mock a module, you can use &quot;importOriginal&quot; helper inside:

vi.mock(import(&quot;@/lib/stores/feedme-store&quot;), async (importOriginal) =&gt; {
  const actual = await importOriginal()
  return {
    ...actual,
    // your mocked methods
  }
})

 ❯ FileGridView components/feedme/FileGridView.tsx:397:47
 ❯ Object.react-stack-bottom-frame node_modules/react-dom/cjs/react-dom-client.development.js:23863:20
 ❯ renderWithHooks node_modules/react-dom/cjs/react-dom-client.development.js:5529:22
 ❯ updateFunctionComponent node_modules/react-dom/cjs/react-dom-client.development.js:8897:19
 ❯ beginWork node_modules/react-dom/cjs/react-dom-client.development.js:10522:18
 ❯ runWithFiberInDEV node_modules/react-dom/cjs/react-dom-client.development.js:1522:13
 ❯ performUnitOfWork node_modules/react-dom/cjs/react-dom-client.development.js:15140:22
 ❯ workLoopSync node_modules/react-dom/cjs/react-dom-client.development.js:14956:41
            </failure>
        </testcase>
        <testcase classname="components/feedme/__tests__/FileGridView.test.tsx" name="FileGridView &gt; View Options &gt; supports different sort options" time="0.00045875">
            <failure message="[vitest] No &quot;useUI&quot; export is defined on the &quot;@/lib/stores/feedme-store&quot; mock. Did you forget to return it from &quot;vi.mock&quot;?
If you need to partially mock a module, you can use &quot;importOriginal&quot; helper inside:
" type="Error">
Error: [vitest] No &quot;useUI&quot; export is defined on the &quot;@/lib/stores/feedme-store&quot; mock. Did you forget to return it from &quot;vi.mock&quot;?
If you need to partially mock a module, you can use &quot;importOriginal&quot; helper inside:

vi.mock(import(&quot;@/lib/stores/feedme-store&quot;), async (importOriginal) =&gt; {
  const actual = await importOriginal()
  return {
    ...actual,
    // your mocked methods
  }
})

 ❯ FileGridView components/feedme/FileGridView.tsx:397:47
 ❯ Object.react-stack-bottom-frame node_modules/react-dom/cjs/react-dom-client.development.js:23863:20
 ❯ renderWithHooks node_modules/react-dom/cjs/react-dom-client.development.js:5529:22
 ❯ updateFunctionComponent node_modules/react-dom/cjs/react-dom-client.development.js:8897:19
 ❯ beginWork node_modules/react-dom/cjs/react-dom-client.development.js:10522:18
 ❯ runWithFiberInDEV node_modules/react-dom/cjs/react-dom-client.development.js:1522:13
 ❯ performUnitOfWork node_modules/react-dom/cjs/react-dom-client.development.js:15140:22
 ❯ workLoopSync node_modules/react-dom/cjs/react-dom-client.development.js:14956:41
            </failure>
        </testcase>
        <testcase classname="components/feedme/__tests__/FileGridView.test.tsx" name="FileGridView &gt; File Selection &gt; handles single file selection" time="0.000381084">
            <failure message="[vitest] No &quot;useUI&quot; export is defined on the &quot;@/lib/stores/feedme-store&quot; mock. Did you forget to return it from &quot;vi.mock&quot;?
If you need to partially mock a module, you can use &quot;importOriginal&quot; helper inside:
" type="Error">
Error: [vitest] No &quot;useUI&quot; export is defined on the &quot;@/lib/stores/feedme-store&quot; mock. Did you forget to return it from &quot;vi.mock&quot;?
If you need to partially mock a module, you can use &quot;importOriginal&quot; helper inside:

vi.mock(import(&quot;@/lib/stores/feedme-store&quot;), async (importOriginal) =&gt; {
  const actual = await importOriginal()
  return {
    ...actual,
    // your mocked methods
  }
})

 ❯ FileGridView components/feedme/FileGridView.tsx:397:47
 ❯ Object.react-stack-bottom-frame node_modules/react-dom/cjs/react-dom-client.development.js:23863:20
 ❯ renderWithHooks node_modules/react-dom/cjs/react-dom-client.development.js:5529:22
 ❯ updateFunctionComponent node_modules/react-dom/cjs/react-dom-client.development.js:8897:19
 ❯ beginWork node_modules/react-dom/cjs/react-dom-client.development.js:10522:18
 ❯ runWithFiberInDEV node_modules/react-dom/cjs/react-dom-client.development.js:1522:13
 ❯ performUnitOfWork node_modules/react-dom/cjs/react-dom-client.development.js:15140:22
 ❯ workLoopSync node_modules/react-dom/cjs/react-dom-client.development.js:14956:41
            </failure>
        </testcase>
        <testcase classname="components/feedme/__tests__/FileGridView.test.tsx" name="FileGridView &gt; File Selection &gt; handles multi-select with Ctrl/Cmd key" time="0.000351125">
            <failure message="[vitest] No &quot;useUI&quot; export is defined on the &quot;@/lib/stores/feedme-store&quot; mock. Did you forget to return it from &quot;vi.mock&quot;?
If you need to partially mock a module, you can use &quot;importOriginal&quot; helper inside:
" type="Error">
Error: [vitest] No &quot;useUI&quot; export is defined on the &quot;@/lib/stores/feedme-store&quot; mock. Did you forget to return it from &quot;vi.mock&quot;?
If you need to partially mock a module, you can use &quot;importOriginal&quot; helper inside:

vi.mock(import(&quot;@/lib/stores/feedme-store&quot;), async (importOriginal) =&gt; {
  const actual = await importOriginal()
  return {
    ...actual,
    // your mocked methods
  }
})

 ❯ FileGridView components/feedme/FileGridView.tsx:397:47
 ❯ Object.react-stack-bottom-frame node_modules/react-dom/cjs/react-dom-client.development.js:23863:20
 ❯ renderWithHooks node_modules/react-dom/cjs/react-dom-client.development.js:5529:22
 ❯ updateFunctionComponent node_modules/react-dom/cjs/react-dom-client.development.js:8897:19
 ❯ beginWork node_modules/react-dom/cjs/react-dom-client.development.js:10522:18
 ❯ runWithFiberInDEV node_modules/react-dom/cjs/react-dom-client.development.js:1522:13
 ❯ performUnitOfWork node_modules/react-dom/cjs/react-dom-client.development.js:15140:22
 ❯ workLoopSync node_modules/react-dom/cjs/react-dom-client.development.js:14956:41
            </failure>
        </testcase>
        <testcase classname="components/feedme/__tests__/FileGridView.test.tsx" name="FileGridView &gt; File Selection &gt; handles range selection with Shift key" time="0.000342958">
            <failure message="[vitest] No &quot;useUI&quot; export is defined on the &quot;@/lib/stores/feedme-store&quot; mock. Did you forget to return it from &quot;vi.mock&quot;?
If you need to partially mock a module, you can use &quot;importOriginal&quot; helper inside:
" type="Error">
Error: [vitest] No &quot;useUI&quot; export is defined on the &quot;@/lib/stores/feedme-store&quot; mock. Did you forget to return it from &quot;vi.mock&quot;?
If you need to partially mock a module, you can use &quot;importOriginal&quot; helper inside:

vi.mock(import(&quot;@/lib/stores/feedme-store&quot;), async (importOriginal) =&gt; {
  const actual = await importOriginal()
  return {
    ...actual,
    // your mocked methods
  }
})

 ❯ FileGridView components/feedme/FileGridView.tsx:397:47
 ❯ Object.react-stack-bottom-frame node_modules/react-dom/cjs/react-dom-client.development.js:23863:20
 ❯ renderWithHooks node_modules/react-dom/cjs/react-dom-client.development.js:5529:22
 ❯ updateFunctionComponent node_modules/react-dom/cjs/react-dom-client.development.js:8897:19
 ❯ beginWork node_modules/react-dom/cjs/react-dom-client.development.js:10522:18
 ❯ runWithFiberInDEV node_modules/react-dom/cjs/react-dom-client.development.js:1522:13
 ❯ performUnitOfWork node_modules/react-dom/cjs/react-dom-client.development.js:15140:22
 ❯ workLoopSync node_modules/react-dom/cjs/react-dom-client.development.js:14956:41
            </failure>
        </testcase>
        <testcase classname="components/feedme/__tests__/FileGridView.test.tsx" name="FileGridView &gt; File Selection &gt; shows selection count" time="0.000308584">
            <failure message="[vitest] No &quot;useUI&quot; export is defined on the &quot;@/lib/stores/feedme-store&quot; mock. Did you forget to return it from &quot;vi.mock&quot;?
If you need to partially mock a module, you can use &quot;importOriginal&quot; helper inside:
" type="Error">
Error: [vitest] No &quot;useUI&quot; export is defined on the &quot;@/lib/stores/feedme-store&quot; mock. Did you forget to return it from &quot;vi.mock&quot;?
If you need to partially mock a module, you can use &quot;importOriginal&quot; helper inside:

vi.mock(import(&quot;@/lib/stores/feedme-store&quot;), async (importOriginal) =&gt; {
  const actual = await importOriginal()
  return {
    ...actual,
    // your mocked methods
  }
})

 ❯ FileGridView components/feedme/FileGridView.tsx:397:47
 ❯ Object.react-stack-bottom-frame node_modules/react-dom/cjs/react-dom-client.development.js:23863:20
 ❯ renderWithHooks node_modules/react-dom/cjs/react-dom-client.development.js:5529:22
 ❯ updateFunctionComponent node_modules/react-dom/cjs/react-dom-client.development.js:8897:19
 ❯ beginWork node_modules/react-dom/cjs/react-dom-client.development.js:10522:18
 ❯ runWithFiberInDEV node_modules/react-dom/cjs/react-dom-client.development.js:1522:13
 ❯ performUnitOfWork node_modules/react-dom/cjs/react-dom-client.development.js:15140:22
 ❯ workLoopSync node_modules/react-dom/cjs/react-dom-client.development.js:14956:41
            </failure>
        </testcase>
        <testcase classname="components/feedme/__tests__/FileGridView.test.tsx" name="FileGridView &gt; File Selection &gt; supports select all functionality" time="0.000338958">
            <failure message="[vitest] No &quot;useUI&quot; export is defined on the &quot;@/lib/stores/feedme-store&quot; mock. Did you forget to return it from &quot;vi.mock&quot;?
If you need to partially mock a module, you can use &quot;importOriginal&quot; helper inside:
" type="Error">
Error: [vitest] No &quot;useUI&quot; export is defined on the &quot;@/lib/stores/feedme-store&quot; mock. Did you forget to return it from &quot;vi.mock&quot;?
If you need to partially mock a module, you can use &quot;importOriginal&quot; helper inside:

vi.mock(import(&quot;@/lib/stores/feedme-store&quot;), async (importOriginal) =&gt; {
  const actual = await importOriginal()
  return {
    ...actual,
    // your mocked methods
  }
})

 ❯ FileGridView components/feedme/FileGridView.tsx:397:47
 ❯ Object.react-stack-bottom-frame node_modules/react-dom/cjs/react-dom-client.development.js:23863:20
 ❯ renderWithHooks node_modules/react-dom/cjs/react-dom-client.development.js:5529:22
 ❯ updateFunctionComponent node_modules/react-dom/cjs/react-dom-client.development.js:8897:19
 ❯ beginWork node_modules/react-dom/cjs/react-dom-client.development.js:10522:18
 ❯ runWithFiberInDEV node_modules/react-dom/cjs/react-dom-client.development.js:1522:13
 ❯ performUnitOfWork node_modules/react-dom/cjs/react-dom-client.development.js:15140:22
 ❯ workLoopSync node_modules/react-dom/cjs/react-dom-client.development.js:14956:41
            </failure>
        </testcase>
        <testcase classname="components/feedme/__tests__/FileGridView.test.tsx" name="FileGridView &gt; Bulk Operations &gt; shows bulk operations panel when files are selected" time="0.000705083">
            <failure message="[vitest] No &quot;useUI&quot; export is defined on the &quot;@/lib/stores/feedme-store&quot; mock. Did you forget to return it from &quot;vi.mock&quot;?
If you need to partially mock a module, you can use &quot;importOriginal&quot; helper inside:
" type="Error">
Error: [vitest] No &quot;useUI&quot; export is defined on the &quot;@/lib/stores/feedme-store&quot; mock. Did you forget to return it from &quot;vi.mock&quot;?
If you need to partially mock a module, you can use &quot;importOriginal&quot; helper inside:

vi.mock(import(&quot;@/lib/stores/feedme-store&quot;), async (importOriginal) =&gt; {
  const actual = await importOriginal()
  return {
    ...actual,
    // your mocked methods
  }
})

 ❯ FileGridView components/feedme/FileGridView.tsx:397:47
 ❯ Object.react-stack-bottom-frame node_modules/react-dom/cjs/react-dom-client.development.js:23863:20
 ❯ renderWithHooks node_modules/react-dom/cjs/react-dom-client.development.js:5529:22
 ❯ updateFunctionComponent node_modules/react-dom/cjs/react-dom-client.development.js:8897:19
 ❯ beginWork node_modules/react-dom/cjs/react-dom-client.development.js:10522:18
 ❯ runWithFiberInDEV node_modules/react-dom/cjs/react-dom-client.development.js:1522:13
 ❯ performUnitOfWork node_modules/react-dom/cjs/react-dom-client.development.js:15140:22
 ❯ workLoopSync node_modules/react-dom/cjs/react-dom-client.development.js:14956:41
            </failure>
        </testcase>
        <testcase classname="components/feedme/__tests__/FileGridView.test.tsx" name="FileGridView &gt; Bulk Operations &gt; handles bulk delete operation" time="0.0011805">
            <failure message="[vitest] No &quot;useUI&quot; export is defined on the &quot;@/lib/stores/feedme-store&quot; mock. Did you forget to return it from &quot;vi.mock&quot;?
If you need to partially mock a module, you can use &quot;importOriginal&quot; helper inside:
" type="Error">
Error: [vitest] No &quot;useUI&quot; export is defined on the &quot;@/lib/stores/feedme-store&quot; mock. Did you forget to return it from &quot;vi.mock&quot;?
If you need to partially mock a module, you can use &quot;importOriginal&quot; helper inside:

vi.mock(import(&quot;@/lib/stores/feedme-store&quot;), async (importOriginal) =&gt; {
  const actual = await importOriginal()
  return {
    ...actual,
    // your mocked methods
  }
})

 ❯ FileGridView components/feedme/FileGridView.tsx:397:47
 ❯ Object.react-stack-bottom-frame node_modules/react-dom/cjs/react-dom-client.development.js:23863:20
 ❯ renderWithHooks node_modules/react-dom/cjs/react-dom-client.development.js:5529:22
 ❯ updateFunctionComponent node_modules/react-dom/cjs/react-dom-client.development.js:8897:19
 ❯ beginWork node_modules/react-dom/cjs/react-dom-client.development.js:10522:18
 ❯ runWithFiberInDEV node_modules/react-dom/cjs/react-dom-client.development.js:1522:13
 ❯ performUnitOfWork node_modules/react-dom/cjs/react-dom-client.development.js:15140:22
 ❯ workLoopSync node_modules/react-dom/cjs/react-dom-client.development.js:14956:41
            </failure>
        </testcase>
        <testcase classname="components/feedme/__tests__/FileGridView.test.tsx" name="FileGridView &gt; Bulk Operations &gt; handles bulk move operation" time="0.000929625">
            <failure message="[vitest] No &quot;useUI&quot; export is defined on the &quot;@/lib/stores/feedme-store&quot; mock. Did you forget to return it from &quot;vi.mock&quot;?
If you need to partially mock a module, you can use &quot;importOriginal&quot; helper inside:
" type="Error">
Error: [vitest] No &quot;useUI&quot; export is defined on the &quot;@/lib/stores/feedme-store&quot; mock. Did you forget to return it from &quot;vi.mock&quot;?
If you need to partially mock a module, you can use &quot;importOriginal&quot; helper inside:

vi.mock(import(&quot;@/lib/stores/feedme-store&quot;), async (importOriginal) =&gt; {
  const actual = await importOriginal()
  return {
    ...actual,
    // your mocked methods
  }
})

 ❯ FileGridView components/feedme/FileGridView.tsx:397:47
 ❯ Object.react-stack-bottom-frame node_modules/react-dom/cjs/react-dom-client.development.js:23863:20
 ❯ renderWithHooks node_modules/react-dom/cjs/react-dom-client.development.js:5529:22
 ❯ updateFunctionComponent node_modules/react-dom/cjs/react-dom-client.development.js:8897:19
 ❯ beginWork node_modules/react-dom/cjs/react-dom-client.development.js:10522:18
 ❯ runWithFiberInDEV node_modules/react-dom/cjs/react-dom-client.development.js:1522:13
 ❯ performUnitOfWork node_modules/react-dom/cjs/react-dom-client.development.js:15140:22
 ❯ workLoopSync node_modules/react-dom/cjs/react-dom-client.development.js:14956:41
            </failure>
        </testcase>
        <testcase classname="components/feedme/__tests__/FileGridView.test.tsx" name="FileGridView &gt; Bulk Operations &gt; handles bulk download operation" time="0.000488209">
            <failure message="[vitest] No &quot;useUI&quot; export is defined on the &quot;@/lib/stores/feedme-store&quot; mock. Did you forget to return it from &quot;vi.mock&quot;?
If you need to partially mock a module, you can use &quot;importOriginal&quot; helper inside:
" type="Error">
Error: [vitest] No &quot;useUI&quot; export is defined on the &quot;@/lib/stores/feedme-store&quot; mock. Did you forget to return it from &quot;vi.mock&quot;?
If you need to partially mock a module, you can use &quot;importOriginal&quot; helper inside:

vi.mock(import(&quot;@/lib/stores/feedme-store&quot;), async (importOriginal) =&gt; {
  const actual = await importOriginal()
  return {
    ...actual,
    // your mocked methods
  }
})

 ❯ FileGridView components/feedme/FileGridView.tsx:397:47
 ❯ Object.react-stack-bottom-frame node_modules/react-dom/cjs/react-dom-client.development.js:23863:20
 ❯ renderWithHooks node_modules/react-dom/cjs/react-dom-client.development.js:5529:22
 ❯ updateFunctionComponent node_modules/react-dom/cjs/react-dom-client.development.js:8897:19
 ❯ beginWork node_modules/react-dom/cjs/react-dom-client.development.js:10522:18
 ❯ runWithFiberInDEV node_modules/react-dom/cjs/react-dom-client.development.js:1522:13
 ❯ performUnitOfWork node_modules/react-dom/cjs/react-dom-client.development.js:15140:22
 ❯ workLoopSync node_modules/react-dom/cjs/react-dom-client.development.js:14956:41
            </failure>
        </testcase>
        <testcase classname="components/feedme/__tests__/FileGridView.test.tsx" name="FileGridView &gt; Bulk Operations &gt; handles bulk reprocess operation" time="0.000377875">
            <failure message="[vitest] No &quot;useUI&quot; export is defined on the &quot;@/lib/stores/feedme-store&quot; mock. Did you forget to return it from &quot;vi.mock&quot;?
If you need to partially mock a module, you can use &quot;importOriginal&quot; helper inside:
" type="Error">
Error: [vitest] No &quot;useUI&quot; export is defined on the &quot;@/lib/stores/feedme-store&quot; mock. Did you forget to return it from &quot;vi.mock&quot;?
If you need to partially mock a module, you can use &quot;importOriginal&quot; helper inside:

vi.mock(import(&quot;@/lib/stores/feedme-store&quot;), async (importOriginal) =&gt; {
  const actual = await importOriginal()
  return {
    ...actual,
    // your mocked methods
  }
})

 ❯ FileGridView components/feedme/FileGridView.tsx:397:47
 ❯ Object.react-stack-bottom-frame node_modules/react-dom/cjs/react-dom-client.development.js:23863:20
 ❯ renderWithHooks node_modules/react-dom/cjs/react-dom-client.development.js:5529:22
 ❯ updateFunctionComponent node_modules/react-dom/cjs/react-dom-client.development.js:8897:19
 ❯ beginWork node_modules/react-dom/cjs/react-dom-client.development.js:10522:18
 ❯ runWithFiberInDEV node_modules/react-dom/cjs/react-dom-client.development.js:1522:13
 ❯ performUnitOfWork node_modules/react-dom/cjs/react-dom-client.development.js:15140:22
 ❯ workLoopSync node_modules/react-dom/cjs/react-dom-client.development.js:14956:41
            </failure>
        </testcase>
        <testcase classname="components/feedme/__tests__/FileGridView.test.tsx" name="FileGridView &gt; Context Menu &gt; opens context menu on right click" time="0.000382">
            <failure message="[vitest] No &quot;useUI&quot; export is defined on the &quot;@/lib/stores/feedme-store&quot; mock. Did you forget to return it from &quot;vi.mock&quot;?
If you need to partially mock a module, you can use &quot;importOriginal&quot; helper inside:
" type="Error">
Error: [vitest] No &quot;useUI&quot; export is defined on the &quot;@/lib/stores/feedme-store&quot; mock. Did you forget to return it from &quot;vi.mock&quot;?
If you need to partially mock a module, you can use &quot;importOriginal&quot; helper inside:

vi.mock(import(&quot;@/lib/stores/feedme-store&quot;), async (importOriginal) =&gt; {
  const actual = await importOriginal()
  return {
    ...actual,
    // your mocked methods
  }
})

 ❯ FileGridView components/feedme/FileGridView.tsx:397:47
 ❯ Object.react-stack-bottom-frame node_modules/react-dom/cjs/react-dom-client.development.js:23863:20
 ❯ renderWithHooks node_modules/react-dom/cjs/react-dom-client.development.js:5529:22
 ❯ updateFunctionComponent node_modules/react-dom/cjs/react-dom-client.development.js:8897:19
 ❯ beginWork node_modules/react-dom/cjs/react-dom-client.development.js:10522:18
 ❯ runWithFiberInDEV node_modules/react-dom/cjs/react-dom-client.development.js:1522:13
 ❯ performUnitOfWork node_modules/react-dom/cjs/react-dom-client.development.js:15140:22
 ❯ workLoopSync node_modules/react-dom/cjs/react-dom-client.development.js:14956:41
            </failure>
        </testcase>
        <testcase classname="components/feedme/__tests__/FileGridView.test.tsx" name="FileGridView &gt; Context Menu &gt; handles view details action" time="0.000338167">
            <failure message="[vitest] No &quot;useUI&quot; export is defined on the &quot;@/lib/stores/feedme-store&quot; mock. Did you forget to return it from &quot;vi.mock&quot;?
If you need to partially mock a module, you can use &quot;importOriginal&quot; helper inside:
" type="Error">
Error: [vitest] No &quot;useUI&quot; export is defined on the &quot;@/lib/stores/feedme-store&quot; mock. Did you forget to return it from &quot;vi.mock&quot;?
If you need to partially mock a module, you can use &quot;importOriginal&quot; helper inside:

vi.mock(import(&quot;@/lib/stores/feedme-store&quot;), async (importOriginal) =&gt; {
  const actual = await importOriginal()
  return {
    ...actual,
    // your mocked methods
  }
})

 ❯ FileGridView components/feedme/FileGridView.tsx:397:47
 ❯ Object.react-stack-bottom-frame node_modules/react-dom/cjs/react-dom-client.development.js:23863:20
 ❯ renderWithHooks node_modules/react-dom/cjs/react-dom-client.development.js:5529:22
 ❯ updateFunctionComponent node_modules/react-dom/cjs/react-dom-client.development.js:8897:19
 ❯ beginWork node_modules/react-dom/cjs/react-dom-client.development.js:10522:18
 ❯ runWithFiberInDEV node_modules/react-dom/cjs/react-dom-client.development.js:1522:13
 ❯ performUnitOfWork node_modules/react-dom/cjs/react-dom-client.development.js:15140:22
 ❯ workLoopSync node_modules/react-dom/cjs/react-dom-client.development.js:14956:41
            </failure>
        </testcase>
        <testcase classname="components/feedme/__tests__/FileGridView.test.tsx" name="FileGridView &gt; Context Menu &gt; handles edit action" time="0.000342875">
            <failure message="[vitest] No &quot;useUI&quot; export is defined on the &quot;@/lib/stores/feedme-store&quot; mock. Did you forget to return it from &quot;vi.mock&quot;?
If you need to partially mock a module, you can use &quot;importOriginal&quot; helper inside:
" type="Error">
Error: [vitest] No &quot;useUI&quot; export is defined on the &quot;@/lib/stores/feedme-store&quot; mock. Did you forget to return it from &quot;vi.mock&quot;?
If you need to partially mock a module, you can use &quot;importOriginal&quot; helper inside:

vi.mock(import(&quot;@/lib/stores/feedme-store&quot;), async (importOriginal) =&gt; {
  const actual = await importOriginal()
  return {
    ...actual,
    // your mocked methods
  }
})

 ❯ FileGridView components/feedme/FileGridView.tsx:397:47
 ❯ Object.react-stack-bottom-frame node_modules/react-dom/cjs/react-dom-client.development.js:23863:20
 ❯ renderWithHooks node_modules/react-dom/cjs/react-dom-client.development.js:5529:22
 ❯ updateFunctionComponent node_modules/react-dom/cjs/react-dom-client.development.js:8897:19
 ❯ beginWork node_modules/react-dom/cjs/react-dom-client.development.js:10522:18
 ❯ runWithFiberInDEV node_modules/react-dom/cjs/react-dom-client.development.js:1522:13
 ❯ performUnitOfWork node_modules/react-dom/cjs/react-dom-client.development.js:15140:22
 ❯ workLoopSync node_modules/react-dom/cjs/react-dom-client.development.js:14956:41
            </failure>
        </testcase>
        <testcase classname="components/feedme/__tests__/FileGridView.test.tsx" name="FileGridView &gt; Context Menu &gt; handles duplicate action" time="0.000353167">
            <failure message="[vitest] No &quot;useUI&quot; export is defined on the &quot;@/lib/stores/feedme-store&quot; mock. Did you forget to return it from &quot;vi.mock&quot;?
If you need to partially mock a module, you can use &quot;importOriginal&quot; helper inside:
" type="Error">
Error: [vitest] No &quot;useUI&quot; export is defined on the &quot;@/lib/stores/feedme-store&quot; mock. Did you forget to return it from &quot;vi.mock&quot;?
If you need to partially mock a module, you can use &quot;importOriginal&quot; helper inside:

vi.mock(import(&quot;@/lib/stores/feedme-store&quot;), async (importOriginal) =&gt; {
  const actual = await importOriginal()
  return {
    ...actual,
    // your mocked methods
  }
})

 ❯ FileGridView components/feedme/FileGridView.tsx:397:47
 ❯ Object.react-stack-bottom-frame node_modules/react-dom/cjs/react-dom-client.development.js:23863:20
 ❯ renderWithHooks node_modules/react-dom/cjs/react-dom-client.development.js:5529:22
 ❯ updateFunctionComponent node_modules/react-dom/cjs/react-dom-client.development.js:8897:19
 ❯ beginWork node_modules/react-dom/cjs/react-dom-client.development.js:10522:18
 ❯ runWithFiberInDEV node_modules/react-dom/cjs/react-dom-client.development.js:1522:13
 ❯ performUnitOfWork node_modules/react-dom/cjs/react-dom-client.development.js:15140:22
 ❯ workLoopSync node_modules/react-dom/cjs/react-dom-client.development.js:14956:41
            </failure>
        </testcase>
        <testcase classname="components/feedme/__tests__/FileGridView.test.tsx" name="FileGridView &gt; Search and Filter &gt; filters files by search term" time="0.00033425">
            <failure message="[vitest] No &quot;useUI&quot; export is defined on the &quot;@/lib/stores/feedme-store&quot; mock. Did you forget to return it from &quot;vi.mock&quot;?
If you need to partially mock a module, you can use &quot;importOriginal&quot; helper inside:
" type="Error">
Error: [vitest] No &quot;useUI&quot; export is defined on the &quot;@/lib/stores/feedme-store&quot; mock. Did you forget to return it from &quot;vi.mock&quot;?
If you need to partially mock a module, you can use &quot;importOriginal&quot; helper inside:

vi.mock(import(&quot;@/lib/stores/feedme-store&quot;), async (importOriginal) =&gt; {
  const actual = await importOriginal()
  return {
    ...actual,
    // your mocked methods
  }
})

 ❯ FileGridView components/feedme/FileGridView.tsx:397:47
 ❯ Object.react-stack-bottom-frame node_modules/react-dom/cjs/react-dom-client.development.js:23863:20
 ❯ renderWithHooks node_modules/react-dom/cjs/react-dom-client.development.js:5529:22
 ❯ updateFunctionComponent node_modules/react-dom/cjs/react-dom-client.development.js:8897:19
 ❯ beginWork node_modules/react-dom/cjs/react-dom-client.development.js:10522:18
 ❯ runWithFiberInDEV node_modules/react-dom/cjs/react-dom-client.development.js:1522:13
 ❯ performUnitOfWork node_modules/react-dom/cjs/react-dom-client.development.js:15140:22
 ❯ workLoopSync node_modules/react-dom/cjs/react-dom-client.development.js:14956:41
            </failure>
        </testcase>
        <testcase classname="components/feedme/__tests__/FileGridView.test.tsx" name="FileGridView &gt; Search and Filter &gt; filters by processing status" time="0.000328625">
            <failure message="[vitest] No &quot;useUI&quot; export is defined on the &quot;@/lib/stores/feedme-store&quot; mock. Did you forget to return it from &quot;vi.mock&quot;?
If you need to partially mock a module, you can use &quot;importOriginal&quot; helper inside:
" type="Error">
Error: [vitest] No &quot;useUI&quot; export is defined on the &quot;@/lib/stores/feedme-store&quot; mock. Did you forget to return it from &quot;vi.mock&quot;?
If you need to partially mock a module, you can use &quot;importOriginal&quot; helper inside:

vi.mock(import(&quot;@/lib/stores/feedme-store&quot;), async (importOriginal) =&gt; {
  const actual = await importOriginal()
  return {
    ...actual,
    // your mocked methods
  }
})

 ❯ FileGridView components/feedme/FileGridView.tsx:397:47
 ❯ Object.react-stack-bottom-frame node_modules/react-dom/cjs/react-dom-client.development.js:23863:20
 ❯ renderWithHooks node_modules/react-dom/cjs/react-dom-client.development.js:5529:22
 ❯ updateFunctionComponent node_modules/react-dom/cjs/react-dom-client.development.js:8897:19
 ❯ beginWork node_modules/react-dom/cjs/react-dom-client.development.js:10522:18
 ❯ runWithFiberInDEV node_modules/react-dom/cjs/react-dom-client.development.js:1522:13
 ❯ performUnitOfWork node_modules/react-dom/cjs/react-dom-client.development.js:15140:22
 ❯ workLoopSync node_modules/react-dom/cjs/react-dom-client.development.js:14956:41
            </failure>
        </testcase>
        <testcase classname="components/feedme/__tests__/FileGridView.test.tsx" name="FileGridView &gt; Search and Filter &gt; filters by tags" time="0.000312625">
            <failure message="[vitest] No &quot;useUI&quot; export is defined on the &quot;@/lib/stores/feedme-store&quot; mock. Did you forget to return it from &quot;vi.mock&quot;?
If you need to partially mock a module, you can use &quot;importOriginal&quot; helper inside:
" type="Error">
Error: [vitest] No &quot;useUI&quot; export is defined on the &quot;@/lib/stores/feedme-store&quot; mock. Did you forget to return it from &quot;vi.mock&quot;?
If you need to partially mock a module, you can use &quot;importOriginal&quot; helper inside:

vi.mock(import(&quot;@/lib/stores/feedme-store&quot;), async (importOriginal) =&gt; {
  const actual = await importOriginal()
  return {
    ...actual,
    // your mocked methods
  }
})

 ❯ FileGridView components/feedme/FileGridView.tsx:397:47
 ❯ Object.react-stack-bottom-frame node_modules/react-dom/cjs/react-dom-client.development.js:23863:20
 ❯ renderWithHooks node_modules/react-dom/cjs/react-dom-client.development.js:5529:22
 ❯ updateFunctionComponent node_modules/react-dom/cjs/react-dom-client.development.js:8897:19
 ❯ beginWork node_modules/react-dom/cjs/react-dom-client.development.js:10522:18
 ❯ runWithFiberInDEV node_modules/react-dom/cjs/react-dom-client.development.js:1522:13
 ❯ performUnitOfWork node_modules/react-dom/cjs/react-dom-client.development.js:15140:22
 ❯ workLoopSync node_modules/react-dom/cjs/react-dom-client.development.js:14956:41
            </failure>
        </testcase>
        <testcase classname="components/feedme/__tests__/FileGridView.test.tsx" name="FileGridView &gt; Search and Filter &gt; filters by date range" time="0.000318959">
            <failure message="[vitest] No &quot;useUI&quot; export is defined on the &quot;@/lib/stores/feedme-store&quot; mock. Did you forget to return it from &quot;vi.mock&quot;?
If you need to partially mock a module, you can use &quot;importOriginal&quot; helper inside:
" type="Error">
Error: [vitest] No &quot;useUI&quot; export is defined on the &quot;@/lib/stores/feedme-store&quot; mock. Did you forget to return it from &quot;vi.mock&quot;?
If you need to partially mock a module, you can use &quot;importOriginal&quot; helper inside:

vi.mock(import(&quot;@/lib/stores/feedme-store&quot;), async (importOriginal) =&gt; {
  const actual = await importOriginal()
  return {
    ...actual,
    // your mocked methods
  }
})

 ❯ FileGridView components/feedme/FileGridView.tsx:397:47
 ❯ Object.react-stack-bottom-frame node_modules/react-dom/cjs/react-dom-client.development.js:23863:20
 ❯ renderWithHooks node_modules/react-dom/cjs/react-dom-client.development.js:5529:22
 ❯ updateFunctionComponent node_modules/react-dom/cjs/react-dom-client.development.js:8897:19
 ❯ beginWork node_modules/react-dom/cjs/react-dom-client.development.js:10522:18
 ❯ runWithFiberInDEV node_modules/react-dom/cjs/react-dom-client.development.js:1522:13
 ❯ performUnitOfWork node_modules/react-dom/cjs/react-dom-client.development.js:15140:22
 ❯ workLoopSync node_modules/react-dom/cjs/react-dom-client.development.js:14956:41
            </failure>
        </testcase>
        <testcase classname="components/feedme/__tests__/FileGridView.test.tsx" name="FileGridView &gt; Virtual Scrolling &gt; renders virtual grid component" time="0.000339208">
            <failure message="[vitest] No &quot;useUI&quot; export is defined on the &quot;@/lib/stores/feedme-store&quot; mock. Did you forget to return it from &quot;vi.mock&quot;?
If you need to partially mock a module, you can use &quot;importOriginal&quot; helper inside:
" type="Error">
Error: [vitest] No &quot;useUI&quot; export is defined on the &quot;@/lib/stores/feedme-store&quot; mock. Did you forget to return it from &quot;vi.mock&quot;?
If you need to partially mock a module, you can use &quot;importOriginal&quot; helper inside:

vi.mock(import(&quot;@/lib/stores/feedme-store&quot;), async (importOriginal) =&gt; {
  const actual = await importOriginal()
  return {
    ...actual,
    // your mocked methods
  }
})

 ❯ FileGridView components/feedme/FileGridView.tsx:397:47
 ❯ Object.react-stack-bottom-frame node_modules/react-dom/cjs/react-dom-client.development.js:23863:20
 ❯ renderWithHooks node_modules/react-dom/cjs/react-dom-client.development.js:5529:22
 ❯ updateFunctionComponent node_modules/react-dom/cjs/react-dom-client.development.js:8897:19
 ❯ beginWork node_modules/react-dom/cjs/react-dom-client.development.js:10522:18
 ❯ runWithFiberInDEV node_modules/react-dom/cjs/react-dom-client.development.js:1522:13
 ❯ performUnitOfWork node_modules/react-dom/cjs/react-dom-client.development.js:15140:22
 ❯ workLoopSync node_modules/react-dom/cjs/react-dom-client.development.js:14956:41
            </failure>
        </testcase>
        <testcase classname="components/feedme/__tests__/FileGridView.test.tsx" name="FileGridView &gt; Virtual Scrolling &gt; handles infinite loading" time="0.00028625">
            <failure message="[vitest] No &quot;useUI&quot; export is defined on the &quot;@/lib/stores/feedme-store&quot; mock. Did you forget to return it from &quot;vi.mock&quot;?
If you need to partially mock a module, you can use &quot;importOriginal&quot; helper inside:
" type="Error">
Error: [vitest] No &quot;useUI&quot; export is defined on the &quot;@/lib/stores/feedme-store&quot; mock. Did you forget to return it from &quot;vi.mock&quot;?
If you need to partially mock a module, you can use &quot;importOriginal&quot; helper inside:

vi.mock(import(&quot;@/lib/stores/feedme-store&quot;), async (importOriginal) =&gt; {
  const actual = await importOriginal()
  return {
    ...actual,
    // your mocked methods
  }
})

 ❯ FileGridView components/feedme/FileGridView.tsx:397:47
 ❯ Object.react-stack-bottom-frame node_modules/react-dom/cjs/react-dom-client.development.js:23863:20
 ❯ renderWithHooks node_modules/react-dom/cjs/react-dom-client.development.js:5529:22
 ❯ updateFunctionComponent node_modules/react-dom/cjs/react-dom-client.development.js:8897:19
 ❯ beginWork node_modules/react-dom/cjs/react-dom-client.development.js:10522:18
 ❯ runWithFiberInDEV node_modules/react-dom/cjs/react-dom-client.development.js:1522:13
 ❯ performUnitOfWork node_modules/react-dom/cjs/react-dom-client.development.js:15140:22
 ❯ workLoopSync node_modules/react-dom/cjs/react-dom-client.development.js:14956:41
            </failure>
        </testcase>
        <testcase classname="components/feedme/__tests__/FileGridView.test.tsx" name="FileGridView &gt; Virtual Scrolling &gt; calculates correct grid dimensions" time="0.0002975">
            <failure message="[vitest] No &quot;useUI&quot; export is defined on the &quot;@/lib/stores/feedme-store&quot; mock. Did you forget to return it from &quot;vi.mock&quot;?
If you need to partially mock a module, you can use &quot;importOriginal&quot; helper inside:
" type="Error">
Error: [vitest] No &quot;useUI&quot; export is defined on the &quot;@/lib/stores/feedme-store&quot; mock. Did you forget to return it from &quot;vi.mock&quot;?
If you need to partially mock a module, you can use &quot;importOriginal&quot; helper inside:

vi.mock(import(&quot;@/lib/stores/feedme-store&quot;), async (importOriginal) =&gt; {
  const actual = await importOriginal()
  return {
    ...actual,
    // your mocked methods
  }
})

 ❯ FileGridView components/feedme/FileGridView.tsx:397:47
 ❯ Object.react-stack-bottom-frame node_modules/react-dom/cjs/react-dom-client.development.js:23863:20
 ❯ renderWithHooks node_modules/react-dom/cjs/react-dom-client.development.js:5529:22
 ❯ updateFunctionComponent node_modules/react-dom/cjs/react-dom-client.development.js:8897:19
 ❯ beginWork node_modules/react-dom/cjs/react-dom-client.development.js:10522:18
 ❯ runWithFiberInDEV node_modules/react-dom/cjs/react-dom-client.development.js:1522:13
 ❯ performUnitOfWork node_modules/react-dom/cjs/react-dom-client.development.js:15140:22
 ❯ workLoopSync node_modules/react-dom/cjs/react-dom-client.development.js:14956:41
            </failure>
        </testcase>
        <testcase classname="components/feedme/__tests__/FileGridView.test.tsx" name="FileGridView &gt; Virtual Scrolling &gt; handles grid resize on window resize" time="0.000314208">
            <failure message="[vitest] No &quot;useUI&quot; export is defined on the &quot;@/lib/stores/feedme-store&quot; mock. Did you forget to return it from &quot;vi.mock&quot;?
If you need to partially mock a module, you can use &quot;importOriginal&quot; helper inside:
" type="Error">
Error: [vitest] No &quot;useUI&quot; export is defined on the &quot;@/lib/stores/feedme-store&quot; mock. Did you forget to return it from &quot;vi.mock&quot;?
If you need to partially mock a module, you can use &quot;importOriginal&quot; helper inside:

vi.mock(import(&quot;@/lib/stores/feedme-store&quot;), async (importOriginal) =&gt; {
  const actual = await importOriginal()
  return {
    ...actual,
    // your mocked methods
  }
})

 ❯ FileGridView components/feedme/FileGridView.tsx:397:47
 ❯ Object.react-stack-bottom-frame node_modules/react-dom/cjs/react-dom-client.development.js:23863:20
 ❯ renderWithHooks node_modules/react-dom/cjs/react-dom-client.development.js:5529:22
 ❯ updateFunctionComponent node_modules/react-dom/cjs/react-dom-client.development.js:8897:19
 ❯ beginWork node_modules/react-dom/cjs/react-dom-client.development.js:10522:18
 ❯ runWithFiberInDEV node_modules/react-dom/cjs/react-dom-client.development.js:1522:13
 ❯ performUnitOfWork node_modules/react-dom/cjs/react-dom-client.development.js:15140:22
 ❯ workLoopSync node_modules/react-dom/cjs/react-dom-client.development.js:14956:41
            </failure>
        </testcase>
        <testcase classname="components/feedme/__tests__/FileGridView.test.tsx" name="FileGridView &gt; Performance &gt; debounces search input" time="0.000323334">
            <failure message="[vitest] No &quot;useUI&quot; export is defined on the &quot;@/lib/stores/feedme-store&quot; mock. Did you forget to return it from &quot;vi.mock&quot;?
If you need to partially mock a module, you can use &quot;importOriginal&quot; helper inside:
" type="Error">
Error: [vitest] No &quot;useUI&quot; export is defined on the &quot;@/lib/stores/feedme-store&quot; mock. Did you forget to return it from &quot;vi.mock&quot;?
If you need to partially mock a module, you can use &quot;importOriginal&quot; helper inside:

vi.mock(import(&quot;@/lib/stores/feedme-store&quot;), async (importOriginal) =&gt; {
  const actual = await importOriginal()
  return {
    ...actual,
    // your mocked methods
  }
})

 ❯ FileGridView components/feedme/FileGridView.tsx:397:47
 ❯ Object.react-stack-bottom-frame node_modules/react-dom/cjs/react-dom-client.development.js:23863:20
 ❯ renderWithHooks node_modules/react-dom/cjs/react-dom-client.development.js:5529:22
 ❯ updateFunctionComponent node_modules/react-dom/cjs/react-dom-client.development.js:8897:19
 ❯ beginWork node_modules/react-dom/cjs/react-dom-client.development.js:10522:18
 ❯ runWithFiberInDEV node_modules/react-dom/cjs/react-dom-client.development.js:1522:13
 ❯ performUnitOfWork node_modules/react-dom/cjs/react-dom-client.development.js:15140:22
 ❯ workLoopSync node_modules/react-dom/cjs/react-dom-client.development.js:14956:41
            </failure>
        </testcase>
        <testcase classname="components/feedme/__tests__/FileGridView.test.tsx" name="FileGridView &gt; Performance &gt; memoizes expensive calculations" time="0.000329125">
            <failure message="[vitest] No &quot;useUI&quot; export is defined on the &quot;@/lib/stores/feedme-store&quot; mock. Did you forget to return it from &quot;vi.mock&quot;?
If you need to partially mock a module, you can use &quot;importOriginal&quot; helper inside:
" type="Error">
Error: [vitest] No &quot;useUI&quot; export is defined on the &quot;@/lib/stores/feedme-store&quot; mock. Did you forget to return it from &quot;vi.mock&quot;?
If you need to partially mock a module, you can use &quot;importOriginal&quot; helper inside:

vi.mock(import(&quot;@/lib/stores/feedme-store&quot;), async (importOriginal) =&gt; {
  const actual = await importOriginal()
  return {
    ...actual,
    // your mocked methods
  }
})

 ❯ FileGridView components/feedme/FileGridView.tsx:397:47
 ❯ Object.react-stack-bottom-frame node_modules/react-dom/cjs/react-dom-client.development.js:23863:20
 ❯ renderWithHooks node_modules/react-dom/cjs/react-dom-client.development.js:5529:22
 ❯ updateFunctionComponent node_modules/react-dom/cjs/react-dom-client.development.js:8897:19
 ❯ beginWork node_modules/react-dom/cjs/react-dom-client.development.js:10522:18
 ❯ runWithFiberInDEV node_modules/react-dom/cjs/react-dom-client.development.js:1522:13
 ❯ performUnitOfWork node_modules/react-dom/cjs/react-dom-client.development.js:15140:22
 ❯ workLoopSync node_modules/react-dom/cjs/react-dom-client.development.js:14956:41
            </failure>
        </testcase>
        <testcase classname="components/feedme/__tests__/FileGridView.test.tsx" name="FileGridView &gt; Performance &gt; virtualizes large datasets efficiently" time="0.001106333">
            <failure message="[vitest] No &quot;useUI&quot; export is defined on the &quot;@/lib/stores/feedme-store&quot; mock. Did you forget to return it from &quot;vi.mock&quot;?
If you need to partially mock a module, you can use &quot;importOriginal&quot; helper inside:
" type="Error">
Error: [vitest] No &quot;useUI&quot; export is defined on the &quot;@/lib/stores/feedme-store&quot; mock. Did you forget to return it from &quot;vi.mock&quot;?
If you need to partially mock a module, you can use &quot;importOriginal&quot; helper inside:

vi.mock(import(&quot;@/lib/stores/feedme-store&quot;), async (importOriginal) =&gt; {
  const actual = await importOriginal()
  return {
    ...actual,
    // your mocked methods
  }
})

 ❯ FileGridView components/feedme/FileGridView.tsx:397:47
 ❯ Object.react-stack-bottom-frame node_modules/react-dom/cjs/react-dom-client.development.js:23863:20
 ❯ renderWithHooks node_modules/react-dom/cjs/react-dom-client.development.js:5529:22
 ❯ updateFunctionComponent node_modules/react-dom/cjs/react-dom-client.development.js:8897:19
 ❯ beginWork node_modules/react-dom/cjs/react-dom-client.development.js:10522:18
 ❯ runWithFiberInDEV node_modules/react-dom/cjs/react-dom-client.development.js:1522:13
 ❯ performUnitOfWork node_modules/react-dom/cjs/react-dom-client.development.js:15140:22
 ❯ workLoopSync node_modules/react-dom/cjs/react-dom-client.development.js:14956:41
            </failure>
        </testcase>
        <testcase classname="components/feedme/__tests__/FileGridView.test.tsx" name="FileGridView &gt; Keyboard Navigation &gt; handles arrow key navigation" time="0.000332625">
            <failure message="[vitest] No &quot;useUI&quot; export is defined on the &quot;@/lib/stores/feedme-store&quot; mock. Did you forget to return it from &quot;vi.mock&quot;?
If you need to partially mock a module, you can use &quot;importOriginal&quot; helper inside:
" type="Error">
Error: [vitest] No &quot;useUI&quot; export is defined on the &quot;@/lib/stores/feedme-store&quot; mock. Did you forget to return it from &quot;vi.mock&quot;?
If you need to partially mock a module, you can use &quot;importOriginal&quot; helper inside:

vi.mock(import(&quot;@/lib/stores/feedme-store&quot;), async (importOriginal) =&gt; {
  const actual = await importOriginal()
  return {
    ...actual,
    // your mocked methods
  }
})

 ❯ FileGridView components/feedme/FileGridView.tsx:397:47
 ❯ Object.react-stack-bottom-frame node_modules/react-dom/cjs/react-dom-client.development.js:23863:20
 ❯ renderWithHooks node_modules/react-dom/cjs/react-dom-client.development.js:5529:22
 ❯ updateFunctionComponent node_modules/react-dom/cjs/react-dom-client.development.js:8897:19
 ❯ beginWork node_modules/react-dom/cjs/react-dom-client.development.js:10522:18
 ❯ runWithFiberInDEV node_modules/react-dom/cjs/react-dom-client.development.js:1522:13
 ❯ performUnitOfWork node_modules/react-dom/cjs/react-dom-client.development.js:15140:22
 ❯ workLoopSync node_modules/react-dom/cjs/react-dom-client.development.js:14956:41
            </failure>
        </testcase>
        <testcase classname="components/feedme/__tests__/FileGridView.test.tsx" name="FileGridView &gt; Keyboard Navigation &gt; handles Enter key for file opening" time="0.000347708">
            <failure message="[vitest] No &quot;useUI&quot; export is defined on the &quot;@/lib/stores/feedme-store&quot; mock. Did you forget to return it from &quot;vi.mock&quot;?
If you need to partially mock a module, you can use &quot;importOriginal&quot; helper inside:
" type="Error">
Error: [vitest] No &quot;useUI&quot; export is defined on the &quot;@/lib/stores/feedme-store&quot; mock. Did you forget to return it from &quot;vi.mock&quot;?
If you need to partially mock a module, you can use &quot;importOriginal&quot; helper inside:

vi.mock(import(&quot;@/lib/stores/feedme-store&quot;), async (importOriginal) =&gt; {
  const actual = await importOriginal()
  return {
    ...actual,
    // your mocked methods
  }
})

 ❯ FileGridView components/feedme/FileGridView.tsx:397:47
 ❯ Object.react-stack-bottom-frame node_modules/react-dom/cjs/react-dom-client.development.js:23863:20
 ❯ renderWithHooks node_modules/react-dom/cjs/react-dom-client.development.js:5529:22
 ❯ updateFunctionComponent node_modules/react-dom/cjs/react-dom-client.development.js:8897:19
 ❯ beginWork node_modules/react-dom/cjs/react-dom-client.development.js:10522:18
 ❯ runWithFiberInDEV node_modules/react-dom/cjs/react-dom-client.development.js:1522:13
 ❯ performUnitOfWork node_modules/react-dom/cjs/react-dom-client.development.js:15140:22
 ❯ workLoopSync node_modules/react-dom/cjs/react-dom-client.development.js:14956:41
            </failure>
        </testcase>
        <testcase classname="components/feedme/__tests__/FileGridView.test.tsx" name="FileGridView &gt; Keyboard Navigation &gt; handles Delete key for deletion" time="0.000300833">
            <failure message="[vitest] No &quot;useUI&quot; export is defined on the &quot;@/lib/stores/feedme-store&quot; mock. Did you forget to return it from &quot;vi.mock&quot;?
If you need to partially mock a module, you can use &quot;importOriginal&quot; helper inside:
" type="Error">
Error: [vitest] No &quot;useUI&quot; export is defined on the &quot;@/lib/stores/feedme-store&quot; mock. Did you forget to return it from &quot;vi.mock&quot;?
If you need to partially mock a module, you can use &quot;importOriginal&quot; helper inside:

vi.mock(import(&quot;@/lib/stores/feedme-store&quot;), async (importOriginal) =&gt; {
  const actual = await importOriginal()
  return {
    ...actual,
    // your mocked methods
  }
})

 ❯ FileGridView components/feedme/FileGridView.tsx:397:47
 ❯ Object.react-stack-bottom-frame node_modules/react-dom/cjs/react-dom-client.development.js:23863:20
 ❯ renderWithHooks node_modules/react-dom/cjs/react-dom-client.development.js:5529:22
 ❯ updateFunctionComponent node_modules/react-dom/cjs/react-dom-client.development.js:8897:19
 ❯ beginWork node_modules/react-dom/cjs/react-dom-client.development.js:10522:18
 ❯ runWithFiberInDEV node_modules/react-dom/cjs/react-dom-client.development.js:1522:13
 ❯ performUnitOfWork node_modules/react-dom/cjs/react-dom-client.development.js:15140:22
 ❯ workLoopSync node_modules/react-dom/cjs/react-dom-client.development.js:14956:41
            </failure>
        </testcase>
        <testcase classname="components/feedme/__tests__/FileGridView.test.tsx" name="FileGridView &gt; Keyboard Navigation &gt; handles Ctrl+A for select all" time="0.000310583">
            <failure message="[vitest] No &quot;useUI&quot; export is defined on the &quot;@/lib/stores/feedme-store&quot; mock. Did you forget to return it from &quot;vi.mock&quot;?
If you need to partially mock a module, you can use &quot;importOriginal&quot; helper inside:
" type="Error">
Error: [vitest] No &quot;useUI&quot; export is defined on the &quot;@/lib/stores/feedme-store&quot; mock. Did you forget to return it from &quot;vi.mock&quot;?
If you need to partially mock a module, you can use &quot;importOriginal&quot; helper inside:

vi.mock(import(&quot;@/lib/stores/feedme-store&quot;), async (importOriginal) =&gt; {
  const actual = await importOriginal()
  return {
    ...actual,
    // your mocked methods
  }
})

 ❯ FileGridView components/feedme/FileGridView.tsx:397:47
 ❯ Object.react-stack-bottom-frame node_modules/react-dom/cjs/react-dom-client.development.js:23863:20
 ❯ renderWithHooks node_modules/react-dom/cjs/react-dom-client.development.js:5529:22
 ❯ updateFunctionComponent node_modules/react-dom/cjs/react-dom-client.development.js:8897:19
 ❯ beginWork node_modules/react-dom/cjs/react-dom-client.development.js:10522:18
 ❯ runWithFiberInDEV node_modules/react-dom/cjs/react-dom-client.development.js:1522:13
 ❯ performUnitOfWork node_modules/react-dom/cjs/react-dom-client.development.js:15140:22
 ❯ workLoopSync node_modules/react-dom/cjs/react-dom-client.development.js:14956:41
            </failure>
        </testcase>
        <testcase classname="components/feedme/__tests__/FileGridView.test.tsx" name="FileGridView &gt; Accessibility &gt; has proper ARIA labels" time="0.00027775">
            <failure message="[vitest] No &quot;useUI&quot; export is defined on the &quot;@/lib/stores/feedme-store&quot; mock. Did you forget to return it from &quot;vi.mock&quot;?
If you need to partially mock a module, you can use &quot;importOriginal&quot; helper inside:
" type="Error">
Error: [vitest] No &quot;useUI&quot; export is defined on the &quot;@/lib/stores/feedme-store&quot; mock. Did you forget to return it from &quot;vi.mock&quot;?
If you need to partially mock a module, you can use &quot;importOriginal&quot; helper inside:

vi.mock(import(&quot;@/lib/stores/feedme-store&quot;), async (importOriginal) =&gt; {
  const actual = await importOriginal()
  return {
    ...actual,
    // your mocked methods
  }
})

 ❯ FileGridView components/feedme/FileGridView.tsx:397:47
 ❯ Object.react-stack-bottom-frame node_modules/react-dom/cjs/react-dom-client.development.js:23863:20
 ❯ renderWithHooks node_modules/react-dom/cjs/react-dom-client.development.js:5529:22
 ❯ updateFunctionComponent node_modules/react-dom/cjs/react-dom-client.development.js:8897:19
 ❯ beginWork node_modules/react-dom/cjs/react-dom-client.development.js:10522:18
 ❯ runWithFiberInDEV node_modules/react-dom/cjs/react-dom-client.development.js:1522:13
 ❯ performUnitOfWork node_modules/react-dom/cjs/react-dom-client.development.js:15140:22
 ❯ workLoopSync node_modules/react-dom/cjs/react-dom-client.development.js:14956:41
            </failure>
        </testcase>
        <testcase classname="components/feedme/__tests__/FileGridView.test.tsx" name="FileGridView &gt; Accessibility &gt; supports keyboard navigation" time="0.00030475">
            <failure message="[vitest] No &quot;useUI&quot; export is defined on the &quot;@/lib/stores/feedme-store&quot; mock. Did you forget to return it from &quot;vi.mock&quot;?
If you need to partially mock a module, you can use &quot;importOriginal&quot; helper inside:
" type="Error">
Error: [vitest] No &quot;useUI&quot; export is defined on the &quot;@/lib/stores/feedme-store&quot; mock. Did you forget to return it from &quot;vi.mock&quot;?
If you need to partially mock a module, you can use &quot;importOriginal&quot; helper inside:

vi.mock(import(&quot;@/lib/stores/feedme-store&quot;), async (importOriginal) =&gt; {
  const actual = await importOriginal()
  return {
    ...actual,
    // your mocked methods
  }
})

 ❯ FileGridView components/feedme/FileGridView.tsx:397:47
 ❯ Object.react-stack-bottom-frame node_modules/react-dom/cjs/react-dom-client.development.js:23863:20
 ❯ renderWithHooks node_modules/react-dom/cjs/react-dom-client.development.js:5529:22
 ❯ updateFunctionComponent node_modules/react-dom/cjs/react-dom-client.development.js:8897:19
 ❯ beginWork node_modules/react-dom/cjs/react-dom-client.development.js:10522:18
 ❯ runWithFiberInDEV node_modules/react-dom/cjs/react-dom-client.development.js:1522:13
 ❯ performUnitOfWork node_modules/react-dom/cjs/react-dom-client.development.js:15140:22
 ❯ workLoopSync node_modules/react-dom/cjs/react-dom-client.development.js:14956:41
            </failure>
        </testcase>
        <testcase classname="components/feedme/__tests__/FileGridView.test.tsx" name="FileGridView &gt; Accessibility &gt; has proper focus management" time="0.000301708">
            <failure message="[vitest] No &quot;useUI&quot; export is defined on the &quot;@/lib/stores/feedme-store&quot; mock. Did you forget to return it from &quot;vi.mock&quot;?
If you need to partially mock a module, you can use &quot;importOriginal&quot; helper inside:
" type="Error">
Error: [vitest] No &quot;useUI&quot; export is defined on the &quot;@/lib/stores/feedme-store&quot; mock. Did you forget to return it from &quot;vi.mock&quot;?
If you need to partially mock a module, you can use &quot;importOriginal&quot; helper inside:

vi.mock(import(&quot;@/lib/stores/feedme-store&quot;), async (importOriginal) =&gt; {
  const actual = await importOriginal()
  return {
    ...actual,
    // your mocked methods
  }
})

 ❯ FileGridView components/feedme/FileGridView.tsx:397:47
 ❯ Object.react-stack-bottom-frame node_modules/react-dom/cjs/react-dom-client.development.js:23863:20
 ❯ renderWithHooks node_modules/react-dom/cjs/react-dom-client.development.js:5529:22
 ❯ updateFunctionComponent node_modules/react-dom/cjs/react-dom-client.development.js:8897:19
 ❯ beginWork node_modules/react-dom/cjs/react-dom-client.development.js:10522:18
 ❯ runWithFiberInDEV node_modules/react-dom/cjs/react-dom-client.development.js:1522:13
 ❯ performUnitOfWork node_modules/react-dom/cjs/react-dom-client.development.js:15140:22
 ❯ workLoopSync node_modules/react-dom/cjs/react-dom-client.development.js:14956:41
            </failure>
        </testcase>
        <testcase classname="components/feedme/__tests__/FileGridView.test.tsx" name="FileGridView &gt; Accessibility &gt; announces selection changes to screen readers" time="0.000312292">
            <failure message="[vitest] No &quot;useUI&quot; export is defined on the &quot;@/lib/stores/feedme-store&quot; mock. Did you forget to return it from &quot;vi.mock&quot;?
If you need to partially mock a module, you can use &quot;importOriginal&quot; helper inside:
" type="Error">
Error: [vitest] No &quot;useUI&quot; export is defined on the &quot;@/lib/stores/feedme-store&quot; mock. Did you forget to return it from &quot;vi.mock&quot;?
If you need to partially mock a module, you can use &quot;importOriginal&quot; helper inside:

vi.mock(import(&quot;@/lib/stores/feedme-store&quot;), async (importOriginal) =&gt; {
  const actual = await importOriginal()
  return {
    ...actual,
    // your mocked methods
  }
})

 ❯ FileGridView components/feedme/FileGridView.tsx:397:47
 ❯ Object.react-stack-bottom-frame node_modules/react-dom/cjs/react-dom-client.development.js:23863:20
 ❯ renderWithHooks node_modules/react-dom/cjs/react-dom-client.development.js:5529:22
 ❯ updateFunctionComponent node_modules/react-dom/cjs/react-dom-client.development.js:8897:19
 ❯ beginWork node_modules/react-dom/cjs/react-dom-client.development.js:10522:18
 ❯ runWithFiberInDEV node_modules/react-dom/cjs/react-dom-client.development.js:1522:13
 ❯ performUnitOfWork node_modules/react-dom/cjs/react-dom-client.development.js:15140:22
 ❯ workLoopSync node_modules/react-dom/cjs/react-dom-client.development.js:14956:41
            </failure>
        </testcase>
        <testcase classname="components/feedme/__tests__/FileGridView.test.tsx" name="FileGridView &gt; Error Handling &gt; handles network errors gracefully" time="0.000313458">
            <failure message="[vitest] No &quot;useUI&quot; export is defined on the &quot;@/lib/stores/feedme-store&quot; mock. Did you forget to return it from &quot;vi.mock&quot;?
If you need to partially mock a module, you can use &quot;importOriginal&quot; helper inside:
" type="Error">
Error: [vitest] No &quot;useUI&quot; export is defined on the &quot;@/lib/stores/feedme-store&quot; mock. Did you forget to return it from &quot;vi.mock&quot;?
If you need to partially mock a module, you can use &quot;importOriginal&quot; helper inside:

vi.mock(import(&quot;@/lib/stores/feedme-store&quot;), async (importOriginal) =&gt; {
  const actual = await importOriginal()
  return {
    ...actual,
    // your mocked methods
  }
})

 ❯ FileGridView components/feedme/FileGridView.tsx:397:47
 ❯ Object.react-stack-bottom-frame node_modules/react-dom/cjs/react-dom-client.development.js:23863:20
 ❯ renderWithHooks node_modules/react-dom/cjs/react-dom-client.development.js:5529:22
 ❯ updateFunctionComponent node_modules/react-dom/cjs/react-dom-client.development.js:8897:19
 ❯ beginWork node_modules/react-dom/cjs/react-dom-client.development.js:10522:18
 ❯ runWithFiberInDEV node_modules/react-dom/cjs/react-dom-client.development.js:1522:13
 ❯ performUnitOfWork node_modules/react-dom/cjs/react-dom-client.development.js:15140:22
 ❯ workLoopSync node_modules/react-dom/cjs/react-dom-client.development.js:14956:41
            </failure>
        </testcase>
        <testcase classname="components/feedme/__tests__/FileGridView.test.tsx" name="FileGridView &gt; Error Handling &gt; handles invalid file operations" time="0.00034325">
            <failure message="[vitest] No &quot;useUI&quot; export is defined on the &quot;@/lib/stores/feedme-store&quot; mock. Did you forget to return it from &quot;vi.mock&quot;?
If you need to partially mock a module, you can use &quot;importOriginal&quot; helper inside:
" type="Error">
Error: [vitest] No &quot;useUI&quot; export is defined on the &quot;@/lib/stores/feedme-store&quot; mock. Did you forget to return it from &quot;vi.mock&quot;?
If you need to partially mock a module, you can use &quot;importOriginal&quot; helper inside:

vi.mock(import(&quot;@/lib/stores/feedme-store&quot;), async (importOriginal) =&gt; {
  const actual = await importOriginal()
  return {
    ...actual,
    // your mocked methods
  }
})

 ❯ FileGridView components/feedme/FileGridView.tsx:397:47
 ❯ Object.react-stack-bottom-frame node_modules/react-dom/cjs/react-dom-client.development.js:23863:20
 ❯ renderWithHooks node_modules/react-dom/cjs/react-dom-client.development.js:5529:22
 ❯ updateFunctionComponent node_modules/react-dom/cjs/react-dom-client.development.js:8897:19
 ❯ beginWork node_modules/react-dom/cjs/react-dom-client.development.js:10522:18
 ❯ runWithFiberInDEV node_modules/react-dom/cjs/react-dom-client.development.js:1522:13
 ❯ performUnitOfWork node_modules/react-dom/cjs/react-dom-client.development.js:15140:22
 ❯ workLoopSync node_modules/react-dom/cjs/react-dom-client.development.js:14956:41
            </failure>
        </testcase>
        <testcase classname="components/feedme/__tests__/FileGridView.test.tsx" name="FileGridView &gt; Error Handling &gt; prevents operations on processing files" time="0.00029">
            <failure message="[vitest] No &quot;useUI&quot; export is defined on the &quot;@/lib/stores/feedme-store&quot; mock. Did you forget to return it from &quot;vi.mock&quot;?
If you need to partially mock a module, you can use &quot;importOriginal&quot; helper inside:
" type="Error">
Error: [vitest] No &quot;useUI&quot; export is defined on the &quot;@/lib/stores/feedme-store&quot; mock. Did you forget to return it from &quot;vi.mock&quot;?
If you need to partially mock a module, you can use &quot;importOriginal&quot; helper inside:

vi.mock(import(&quot;@/lib/stores/feedme-store&quot;), async (importOriginal) =&gt; {
  const actual = await importOriginal()
  return {
    ...actual,
    // your mocked methods
  }
})

 ❯ FileGridView components/feedme/FileGridView.tsx:397:47
 ❯ Object.react-stack-bottom-frame node_modules/react-dom/cjs/react-dom-client.development.js:23863:20
 ❯ renderWithHooks node_modules/react-dom/cjs/react-dom-client.development.js:5529:22
 ❯ updateFunctionComponent node_modules/react-dom/cjs/react-dom-client.development.js:8897:19
 ❯ beginWork node_modules/react-dom/cjs/react-dom-client.development.js:10522:18
 ❯ runWithFiberInDEV node_modules/react-dom/cjs/react-dom-client.development.js:1522:13
 ❯ performUnitOfWork node_modules/react-dom/cjs/react-dom-client.development.js:15140:22
 ❯ workLoopSync node_modules/react-dom/cjs/react-dom-client.development.js:14956:41
            </failure>
        </testcase>
    </testsuite>
    <testsuite name="components/feedme/__tests__/FolderTreeView.test.tsx" timestamp="2025-07-02T10:22:05.401Z" hostname="Shubhs-MacBook-Air.local" tests="35" failures="35" errors="0" skipped="0" time="0.009002083">
        <testcase classname="components/feedme/__tests__/FolderTreeView.test.tsx" name="FolderTreeView &gt; Rendering &gt; renders folder tree with correct structure" time="0.002874834">
            <failure message="Cannot find module &apos;@/lib/stores/feedme-store&apos;
Require stack:
- /Users/shubhpatel/Downloads/MB-Sparrow-main/frontend/components/feedme/__tests__/FolderTreeView.test.tsx" type="Error">
Error: Cannot find module &apos;@/lib/stores/feedme-store&apos;
Require stack:
- /Users/shubhpatel/Downloads/MB-Sparrow-main/frontend/components/feedme/__tests__/FolderTreeView.test.tsx
 ❯ components/feedme/__tests__/FolderTreeView.test.tsx:125:79

⎯⎯⎯⎯⎯⎯⎯⎯⎯⎯⎯⎯⎯⎯⎯⎯⎯⎯⎯⎯⎯⎯⎯⎯⎯⎯⎯⎯⎯⎯
Serialized Error: { code: &apos;MODULE_NOT_FOUND&apos;, requireStack: [ &apos;/Users/shubhpatel/Downloads/MB-Sparrow-main/frontend/components/feedme/__tests__/FolderTreeView.test.tsx&apos; ] }
            </failure>
        </testcase>
        <testcase classname="components/feedme/__tests__/FolderTreeView.test.tsx" name="FolderTreeView &gt; Rendering &gt; displays folder icons correctly" time="0.000244584">
            <failure message="Cannot find module &apos;@/lib/stores/feedme-store&apos;
Require stack:
- /Users/shubhpatel/Downloads/MB-Sparrow-main/frontend/components/feedme/__tests__/FolderTreeView.test.tsx" type="Error">
Error: Cannot find module &apos;@/lib/stores/feedme-store&apos;
Require stack:
- /Users/shubhpatel/Downloads/MB-Sparrow-main/frontend/components/feedme/__tests__/FolderTreeView.test.tsx
 ❯ components/feedme/__tests__/FolderTreeView.test.tsx:125:79

⎯⎯⎯⎯⎯⎯⎯⎯⎯⎯⎯⎯⎯⎯⎯⎯⎯⎯⎯⎯⎯⎯⎯⎯⎯⎯⎯⎯⎯⎯
Serialized Error: { code: &apos;MODULE_NOT_FOUND&apos;, requireStack: [ &apos;/Users/shubhpatel/Downloads/MB-Sparrow-main/frontend/components/feedme/__tests__/FolderTreeView.test.tsx&apos; ] }
            </failure>
        </testcase>
        <testcase classname="components/feedme/__tests__/FolderTreeView.test.tsx" name="FolderTreeView &gt; Rendering &gt; shows conversation counts" time="0.000196083">
            <failure message="Cannot find module &apos;@/lib/stores/feedme-store&apos;
Require stack:
- /Users/shubhpatel/Downloads/MB-Sparrow-main/frontend/components/feedme/__tests__/FolderTreeView.test.tsx" type="Error">
Error: Cannot find module &apos;@/lib/stores/feedme-store&apos;
Require stack:
- /Users/shubhpatel/Downloads/MB-Sparrow-main/frontend/components/feedme/__tests__/FolderTreeView.test.tsx
 ❯ components/feedme/__tests__/FolderTreeView.test.tsx:125:79

⎯⎯⎯⎯⎯⎯⎯⎯⎯⎯⎯⎯⎯⎯⎯⎯⎯⎯⎯⎯⎯⎯⎯⎯⎯⎯⎯⎯⎯⎯
Serialized Error: { code: &apos;MODULE_NOT_FOUND&apos;, requireStack: [ &apos;/Users/shubhpatel/Downloads/MB-Sparrow-main/frontend/components/feedme/__tests__/FolderTreeView.test.tsx&apos; ] }
            </failure>
        </testcase>
        <testcase classname="components/feedme/__tests__/FolderTreeView.test.tsx" name="FolderTreeView &gt; Rendering &gt; handles loading state" time="0.000169042">
            <failure message="Cannot find module &apos;@/lib/stores/feedme-store&apos;
Require stack:
- /Users/shubhpatel/Downloads/MB-Sparrow-main/frontend/components/feedme/__tests__/FolderTreeView.test.tsx" type="Error">
Error: Cannot find module &apos;@/lib/stores/feedme-store&apos;
Require stack:
- /Users/shubhpatel/Downloads/MB-Sparrow-main/frontend/components/feedme/__tests__/FolderTreeView.test.tsx
 ❯ components/feedme/__tests__/FolderTreeView.test.tsx:125:79

⎯⎯⎯⎯⎯⎯⎯⎯⎯⎯⎯⎯⎯⎯⎯⎯⎯⎯⎯⎯⎯⎯⎯⎯⎯⎯⎯⎯⎯⎯
Serialized Error: { code: &apos;MODULE_NOT_FOUND&apos;, requireStack: [ &apos;/Users/shubhpatel/Downloads/MB-Sparrow-main/frontend/components/feedme/__tests__/FolderTreeView.test.tsx&apos; ] }
            </failure>
        </testcase>
        <testcase classname="components/feedme/__tests__/FolderTreeView.test.tsx" name="FolderTreeView &gt; Rendering &gt; handles error state" time="0.000181792">
            <failure message="Cannot find module &apos;@/lib/stores/feedme-store&apos;
Require stack:
- /Users/shubhpatel/Downloads/MB-Sparrow-main/frontend/components/feedme/__tests__/FolderTreeView.test.tsx" type="Error">
Error: Cannot find module &apos;@/lib/stores/feedme-store&apos;
Require stack:
- /Users/shubhpatel/Downloads/MB-Sparrow-main/frontend/components/feedme/__tests__/FolderTreeView.test.tsx
 ❯ components/feedme/__tests__/FolderTreeView.test.tsx:125:79

⎯⎯⎯⎯⎯⎯⎯⎯⎯⎯⎯⎯⎯⎯⎯⎯⎯⎯⎯⎯⎯⎯⎯⎯⎯⎯⎯⎯⎯⎯
Serialized Error: { code: &apos;MODULE_NOT_FOUND&apos;, requireStack: [ &apos;/Users/shubhpatel/Downloads/MB-Sparrow-main/frontend/components/feedme/__tests__/FolderTreeView.test.tsx&apos; ] }
            </failure>
        </testcase>
        <testcase classname="components/feedme/__tests__/FolderTreeView.test.tsx" name="FolderTreeView &gt; Rendering &gt; handles empty state" time="0.000159292">
            <failure message="Cannot find module &apos;@/lib/stores/feedme-store&apos;
Require stack:
- /Users/shubhpatel/Downloads/MB-Sparrow-main/frontend/components/feedme/__tests__/FolderTreeView.test.tsx" type="Error">
Error: Cannot find module &apos;@/lib/stores/feedme-store&apos;
Require stack:
- /Users/shubhpatel/Downloads/MB-Sparrow-main/frontend/components/feedme/__tests__/FolderTreeView.test.tsx
 ❯ components/feedme/__tests__/FolderTreeView.test.tsx:125:79

⎯⎯⎯⎯⎯⎯⎯⎯⎯⎯⎯⎯⎯⎯⎯⎯⎯⎯⎯⎯⎯⎯⎯⎯⎯⎯⎯⎯⎯⎯
Serialized Error: { code: &apos;MODULE_NOT_FOUND&apos;, requireStack: [ &apos;/Users/shubhpatel/Downloads/MB-Sparrow-main/frontend/components/feedme/__tests__/FolderTreeView.test.tsx&apos; ] }
            </failure>
        </testcase>
        <testcase classname="components/feedme/__tests__/FolderTreeView.test.tsx" name="FolderTreeView &gt; Folder Interactions &gt; handles folder selection" time="0.000150958">
            <failure message="Cannot find module &apos;@/lib/stores/feedme-store&apos;
Require stack:
- /Users/shubhpatel/Downloads/MB-Sparrow-main/frontend/components/feedme/__tests__/FolderTreeView.test.tsx" type="Error">
Error: Cannot find module &apos;@/lib/stores/feedme-store&apos;
Require stack:
- /Users/shubhpatel/Downloads/MB-Sparrow-main/frontend/components/feedme/__tests__/FolderTreeView.test.tsx
 ❯ components/feedme/__tests__/FolderTreeView.test.tsx:125:79

⎯⎯⎯⎯⎯⎯⎯⎯⎯⎯⎯⎯⎯⎯⎯⎯⎯⎯⎯⎯⎯⎯⎯⎯⎯⎯⎯⎯⎯⎯
Serialized Error: { code: &apos;MODULE_NOT_FOUND&apos;, requireStack: [ &apos;/Users/shubhpatel/Downloads/MB-Sparrow-main/frontend/components/feedme/__tests__/FolderTreeView.test.tsx&apos; ] }
            </failure>
        </testcase>
        <testcase classname="components/feedme/__tests__/FolderTreeView.test.tsx" name="FolderTreeView &gt; Folder Interactions &gt; handles folder expansion/collapse" time="0.000148875">
            <failure message="Cannot find module &apos;@/lib/stores/feedme-store&apos;
Require stack:
- /Users/shubhpatel/Downloads/MB-Sparrow-main/frontend/components/feedme/__tests__/FolderTreeView.test.tsx" type="Error">
Error: Cannot find module &apos;@/lib/stores/feedme-store&apos;
Require stack:
- /Users/shubhpatel/Downloads/MB-Sparrow-main/frontend/components/feedme/__tests__/FolderTreeView.test.tsx
 ❯ components/feedme/__tests__/FolderTreeView.test.tsx:125:79

⎯⎯⎯⎯⎯⎯⎯⎯⎯⎯⎯⎯⎯⎯⎯⎯⎯⎯⎯⎯⎯⎯⎯⎯⎯⎯⎯⎯⎯⎯
Serialized Error: { code: &apos;MODULE_NOT_FOUND&apos;, requireStack: [ &apos;/Users/shubhpatel/Downloads/MB-Sparrow-main/frontend/components/feedme/__tests__/FolderTreeView.test.tsx&apos; ] }
            </failure>
        </testcase>
        <testcase classname="components/feedme/__tests__/FolderTreeView.test.tsx" name="FolderTreeView &gt; Folder Interactions &gt; shows selected folder with highlight" time="0.000289667">
            <failure message="Cannot find module &apos;@/lib/stores/feedme-store&apos;
Require stack:
- /Users/shubhpatel/Downloads/MB-Sparrow-main/frontend/components/feedme/__tests__/FolderTreeView.test.tsx" type="Error">
Error: Cannot find module &apos;@/lib/stores/feedme-store&apos;
Require stack:
- /Users/shubhpatel/Downloads/MB-Sparrow-main/frontend/components/feedme/__tests__/FolderTreeView.test.tsx
 ❯ components/feedme/__tests__/FolderTreeView.test.tsx:125:79

⎯⎯⎯⎯⎯⎯⎯⎯⎯⎯⎯⎯⎯⎯⎯⎯⎯⎯⎯⎯⎯⎯⎯⎯⎯⎯⎯⎯⎯⎯
Serialized Error: { code: &apos;MODULE_NOT_FOUND&apos;, requireStack: [ &apos;/Users/shubhpatel/Downloads/MB-Sparrow-main/frontend/components/feedme/__tests__/FolderTreeView.test.tsx&apos; ] }
            </failure>
        </testcase>
        <testcase classname="components/feedme/__tests__/FolderTreeView.test.tsx" name="FolderTreeView &gt; Context Menu &gt; opens context menu on right click" time="0.000193333">
            <failure message="Cannot find module &apos;@/lib/stores/feedme-store&apos;
Require stack:
- /Users/shubhpatel/Downloads/MB-Sparrow-main/frontend/components/feedme/__tests__/FolderTreeView.test.tsx" type="Error">
Error: Cannot find module &apos;@/lib/stores/feedme-store&apos;
Require stack:
- /Users/shubhpatel/Downloads/MB-Sparrow-main/frontend/components/feedme/__tests__/FolderTreeView.test.tsx
 ❯ components/feedme/__tests__/FolderTreeView.test.tsx:125:79

⎯⎯⎯⎯⎯⎯⎯⎯⎯⎯⎯⎯⎯⎯⎯⎯⎯⎯⎯⎯⎯⎯⎯⎯⎯⎯⎯⎯⎯⎯
Serialized Error: { code: &apos;MODULE_NOT_FOUND&apos;, requireStack: [ &apos;/Users/shubhpatel/Downloads/MB-Sparrow-main/frontend/components/feedme/__tests__/FolderTreeView.test.tsx&apos; ] }
            </failure>
        </testcase>
        <testcase classname="components/feedme/__tests__/FolderTreeView.test.tsx" name="FolderTreeView &gt; Context Menu &gt; handles create subfolder action" time="0.000166167">
            <failure message="Cannot find module &apos;@/lib/stores/feedme-store&apos;
Require stack:
- /Users/shubhpatel/Downloads/MB-Sparrow-main/frontend/components/feedme/__tests__/FolderTreeView.test.tsx" type="Error">
Error: Cannot find module &apos;@/lib/stores/feedme-store&apos;
Require stack:
- /Users/shubhpatel/Downloads/MB-Sparrow-main/frontend/components/feedme/__tests__/FolderTreeView.test.tsx
 ❯ components/feedme/__tests__/FolderTreeView.test.tsx:125:79

⎯⎯⎯⎯⎯⎯⎯⎯⎯⎯⎯⎯⎯⎯⎯⎯⎯⎯⎯⎯⎯⎯⎯⎯⎯⎯⎯⎯⎯⎯
Serialized Error: { code: &apos;MODULE_NOT_FOUND&apos;, requireStack: [ &apos;/Users/shubhpatel/Downloads/MB-Sparrow-main/frontend/components/feedme/__tests__/FolderTreeView.test.tsx&apos; ] }
            </failure>
        </testcase>
        <testcase classname="components/feedme/__tests__/FolderTreeView.test.tsx" name="FolderTreeView &gt; Context Menu &gt; handles delete folder action" time="0.000140334">
            <failure message="Cannot find module &apos;@/lib/stores/feedme-store&apos;
Require stack:
- /Users/shubhpatel/Downloads/MB-Sparrow-main/frontend/components/feedme/__tests__/FolderTreeView.test.tsx" type="Error">
Error: Cannot find module &apos;@/lib/stores/feedme-store&apos;
Require stack:
- /Users/shubhpatel/Downloads/MB-Sparrow-main/frontend/components/feedme/__tests__/FolderTreeView.test.tsx
 ❯ components/feedme/__tests__/FolderTreeView.test.tsx:125:79

⎯⎯⎯⎯⎯⎯⎯⎯⎯⎯⎯⎯⎯⎯⎯⎯⎯⎯⎯⎯⎯⎯⎯⎯⎯⎯⎯⎯⎯⎯
Serialized Error: { code: &apos;MODULE_NOT_FOUND&apos;, requireStack: [ &apos;/Users/shubhpatel/Downloads/MB-Sparrow-main/frontend/components/feedme/__tests__/FolderTreeView.test.tsx&apos; ] }
            </failure>
        </testcase>
        <testcase classname="components/feedme/__tests__/FolderTreeView.test.tsx" name="FolderTreeView &gt; Context Menu &gt; handles duplicate folder action" time="0.000145166">
            <failure message="Cannot find module &apos;@/lib/stores/feedme-store&apos;
Require stack:
- /Users/shubhpatel/Downloads/MB-Sparrow-main/frontend/components/feedme/__tests__/FolderTreeView.test.tsx" type="Error">
Error: Cannot find module &apos;@/lib/stores/feedme-store&apos;
Require stack:
- /Users/shubhpatel/Downloads/MB-Sparrow-main/frontend/components/feedme/__tests__/FolderTreeView.test.tsx
 ❯ components/feedme/__tests__/FolderTreeView.test.tsx:125:79

⎯⎯⎯⎯⎯⎯⎯⎯⎯⎯⎯⎯⎯⎯⎯⎯⎯⎯⎯⎯⎯⎯⎯⎯⎯⎯⎯⎯⎯⎯
Serialized Error: { code: &apos;MODULE_NOT_FOUND&apos;, requireStack: [ &apos;/Users/shubhpatel/Downloads/MB-Sparrow-main/frontend/components/feedme/__tests__/FolderTreeView.test.tsx&apos; ] }
            </failure>
        </testcase>
        <testcase classname="components/feedme/__tests__/FolderTreeView.test.tsx" name="FolderTreeView &gt; Inline Editing &gt; enters edit mode on double click" time="0.000134458">
            <failure message="Cannot find module &apos;@/lib/stores/feedme-store&apos;
Require stack:
- /Users/shubhpatel/Downloads/MB-Sparrow-main/frontend/components/feedme/__tests__/FolderTreeView.test.tsx" type="Error">
Error: Cannot find module &apos;@/lib/stores/feedme-store&apos;
Require stack:
- /Users/shubhpatel/Downloads/MB-Sparrow-main/frontend/components/feedme/__tests__/FolderTreeView.test.tsx
 ❯ components/feedme/__tests__/FolderTreeView.test.tsx:125:79

⎯⎯⎯⎯⎯⎯⎯⎯⎯⎯⎯⎯⎯⎯⎯⎯⎯⎯⎯⎯⎯⎯⎯⎯⎯⎯⎯⎯⎯⎯
Serialized Error: { code: &apos;MODULE_NOT_FOUND&apos;, requireStack: [ &apos;/Users/shubhpatel/Downloads/MB-Sparrow-main/frontend/components/feedme/__tests__/FolderTreeView.test.tsx&apos; ] }
            </failure>
        </testcase>
        <testcase classname="components/feedme/__tests__/FolderTreeView.test.tsx" name="FolderTreeView &gt; Inline Editing &gt; saves changes on Enter key" time="0.00013775">
            <failure message="Cannot find module &apos;@/lib/stores/feedme-store&apos;
Require stack:
- /Users/shubhpatel/Downloads/MB-Sparrow-main/frontend/components/feedme/__tests__/FolderTreeView.test.tsx" type="Error">
Error: Cannot find module &apos;@/lib/stores/feedme-store&apos;
Require stack:
- /Users/shubhpatel/Downloads/MB-Sparrow-main/frontend/components/feedme/__tests__/FolderTreeView.test.tsx
 ❯ components/feedme/__tests__/FolderTreeView.test.tsx:125:79

⎯⎯⎯⎯⎯⎯⎯⎯⎯⎯⎯⎯⎯⎯⎯⎯⎯⎯⎯⎯⎯⎯⎯⎯⎯⎯⎯⎯⎯⎯
Serialized Error: { code: &apos;MODULE_NOT_FOUND&apos;, requireStack: [ &apos;/Users/shubhpatel/Downloads/MB-Sparrow-main/frontend/components/feedme/__tests__/FolderTreeView.test.tsx&apos; ] }
            </failure>
        </testcase>
        <testcase classname="components/feedme/__tests__/FolderTreeView.test.tsx" name="FolderTreeView &gt; Inline Editing &gt; cancels edit on Escape key" time="0.000139708">
            <failure message="Cannot find module &apos;@/lib/stores/feedme-store&apos;
Require stack:
- /Users/shubhpatel/Downloads/MB-Sparrow-main/frontend/components/feedme/__tests__/FolderTreeView.test.tsx" type="Error">
Error: Cannot find module &apos;@/lib/stores/feedme-store&apos;
Require stack:
- /Users/shubhpatel/Downloads/MB-Sparrow-main/frontend/components/feedme/__tests__/FolderTreeView.test.tsx
 ❯ components/feedme/__tests__/FolderTreeView.test.tsx:125:79

⎯⎯⎯⎯⎯⎯⎯⎯⎯⎯⎯⎯⎯⎯⎯⎯⎯⎯⎯⎯⎯⎯⎯⎯⎯⎯⎯⎯⎯⎯
Serialized Error: { code: &apos;MODULE_NOT_FOUND&apos;, requireStack: [ &apos;/Users/shubhpatel/Downloads/MB-Sparrow-main/frontend/components/feedme/__tests__/FolderTreeView.test.tsx&apos; ] }
            </failure>
        </testcase>
        <testcase classname="components/feedme/__tests__/FolderTreeView.test.tsx" name="FolderTreeView &gt; Drag and Drop &gt; renders draggable folder items" time="0.00015875">
            <failure message="Cannot find module &apos;@/lib/stores/feedme-store&apos;
Require stack:
- /Users/shubhpatel/Downloads/MB-Sparrow-main/frontend/components/feedme/__tests__/FolderTreeView.test.tsx" type="Error">
Error: Cannot find module &apos;@/lib/stores/feedme-store&apos;
Require stack:
- /Users/shubhpatel/Downloads/MB-Sparrow-main/frontend/components/feedme/__tests__/FolderTreeView.test.tsx
 ❯ components/feedme/__tests__/FolderTreeView.test.tsx:125:79

⎯⎯⎯⎯⎯⎯⎯⎯⎯⎯⎯⎯⎯⎯⎯⎯⎯⎯⎯⎯⎯⎯⎯⎯⎯⎯⎯⎯⎯⎯
Serialized Error: { code: &apos;MODULE_NOT_FOUND&apos;, requireStack: [ &apos;/Users/shubhpatel/Downloads/MB-Sparrow-main/frontend/components/feedme/__tests__/FolderTreeView.test.tsx&apos; ] }
            </failure>
        </testcase>
        <testcase classname="components/feedme/__tests__/FolderTreeView.test.tsx" name="FolderTreeView &gt; Drag and Drop &gt; handles drag start" time="0.000148666">
            <failure message="Cannot find module &apos;@/lib/stores/feedme-store&apos;
Require stack:
- /Users/shubhpatel/Downloads/MB-Sparrow-main/frontend/components/feedme/__tests__/FolderTreeView.test.tsx" type="Error">
Error: Cannot find module &apos;@/lib/stores/feedme-store&apos;
Require stack:
- /Users/shubhpatel/Downloads/MB-Sparrow-main/frontend/components/feedme/__tests__/FolderTreeView.test.tsx
 ❯ components/feedme/__tests__/FolderTreeView.test.tsx:125:79

⎯⎯⎯⎯⎯⎯⎯⎯⎯⎯⎯⎯⎯⎯⎯⎯⎯⎯⎯⎯⎯⎯⎯⎯⎯⎯⎯⎯⎯⎯
Serialized Error: { code: &apos;MODULE_NOT_FOUND&apos;, requireStack: [ &apos;/Users/shubhpatel/Downloads/MB-Sparrow-main/frontend/components/feedme/__tests__/FolderTreeView.test.tsx&apos; ] }
            </failure>
        </testcase>
        <testcase classname="components/feedme/__tests__/FolderTreeView.test.tsx" name="FolderTreeView &gt; Drag and Drop &gt; provides visual feedback during drag" time="0.000161458">
            <failure message="Cannot find module &apos;@/lib/stores/feedme-store&apos;
Require stack:
- /Users/shubhpatel/Downloads/MB-Sparrow-main/frontend/components/feedme/__tests__/FolderTreeView.test.tsx" type="Error">
Error: Cannot find module &apos;@/lib/stores/feedme-store&apos;
Require stack:
- /Users/shubhpatel/Downloads/MB-Sparrow-main/frontend/components/feedme/__tests__/FolderTreeView.test.tsx
 ❯ components/feedme/__tests__/FolderTreeView.test.tsx:125:79

⎯⎯⎯⎯⎯⎯⎯⎯⎯⎯⎯⎯⎯⎯⎯⎯⎯⎯⎯⎯⎯⎯⎯⎯⎯⎯⎯⎯⎯⎯
Serialized Error: { code: &apos;MODULE_NOT_FOUND&apos;, requireStack: [ &apos;/Users/shubhpatel/Downloads/MB-Sparrow-main/frontend/components/feedme/__tests__/FolderTreeView.test.tsx&apos; ] }
            </failure>
        </testcase>
        <testcase classname="components/feedme/__tests__/FolderTreeView.test.tsx" name="FolderTreeView &gt; Virtual Scrolling &gt; renders virtual tree component" time="0.000135208">
            <failure message="Cannot find module &apos;@/lib/stores/feedme-store&apos;
Require stack:
- /Users/shubhpatel/Downloads/MB-Sparrow-main/frontend/components/feedme/__tests__/FolderTreeView.test.tsx" type="Error">
Error: Cannot find module &apos;@/lib/stores/feedme-store&apos;
Require stack:
- /Users/shubhpatel/Downloads/MB-Sparrow-main/frontend/components/feedme/__tests__/FolderTreeView.test.tsx
 ❯ components/feedme/__tests__/FolderTreeView.test.tsx:125:79

⎯⎯⎯⎯⎯⎯⎯⎯⎯⎯⎯⎯⎯⎯⎯⎯⎯⎯⎯⎯⎯⎯⎯⎯⎯⎯⎯⎯⎯⎯
Serialized Error: { code: &apos;MODULE_NOT_FOUND&apos;, requireStack: [ &apos;/Users/shubhpatel/Downloads/MB-Sparrow-main/frontend/components/feedme/__tests__/FolderTreeView.test.tsx&apos; ] }
            </failure>
        </testcase>
        <testcase classname="components/feedme/__tests__/FolderTreeView.test.tsx" name="FolderTreeView &gt; Virtual Scrolling &gt; calculates correct item height" time="0.000129875">
            <failure message="Cannot find module &apos;@/lib/stores/feedme-store&apos;
Require stack:
- /Users/shubhpatel/Downloads/MB-Sparrow-main/frontend/components/feedme/__tests__/FolderTreeView.test.tsx" type="Error">
Error: Cannot find module &apos;@/lib/stores/feedme-store&apos;
Require stack:
- /Users/shubhpatel/Downloads/MB-Sparrow-main/frontend/components/feedme/__tests__/FolderTreeView.test.tsx
 ❯ components/feedme/__tests__/FolderTreeView.test.tsx:125:79

⎯⎯⎯⎯⎯⎯⎯⎯⎯⎯⎯⎯⎯⎯⎯⎯⎯⎯⎯⎯⎯⎯⎯⎯⎯⎯⎯⎯⎯⎯
Serialized Error: { code: &apos;MODULE_NOT_FOUND&apos;, requireStack: [ &apos;/Users/shubhpatel/Downloads/MB-Sparrow-main/frontend/components/feedme/__tests__/FolderTreeView.test.tsx&apos; ] }
            </failure>
        </testcase>
        <testcase classname="components/feedme/__tests__/FolderTreeView.test.tsx" name="FolderTreeView &gt; Virtual Scrolling &gt; handles large folder trees efficiently" time="0.000130959">
            <failure message="Cannot find module &apos;@/lib/stores/feedme-store&apos;
Require stack:
- /Users/shubhpatel/Downloads/MB-Sparrow-main/frontend/components/feedme/__tests__/FolderTreeView.test.tsx" type="Error">
Error: Cannot find module &apos;@/lib/stores/feedme-store&apos;
Require stack:
- /Users/shubhpatel/Downloads/MB-Sparrow-main/frontend/components/feedme/__tests__/FolderTreeView.test.tsx
 ❯ components/feedme/__tests__/FolderTreeView.test.tsx:125:79

⎯⎯⎯⎯⎯⎯⎯⎯⎯⎯⎯⎯⎯⎯⎯⎯⎯⎯⎯⎯⎯⎯⎯⎯⎯⎯⎯⎯⎯⎯
Serialized Error: { code: &apos;MODULE_NOT_FOUND&apos;, requireStack: [ &apos;/Users/shubhpatel/Downloads/MB-Sparrow-main/frontend/components/feedme/__tests__/FolderTreeView.test.tsx&apos; ] }
            </failure>
        </testcase>
        <testcase classname="components/feedme/__tests__/FolderTreeView.test.tsx" name="FolderTreeView &gt; Keyboard Navigation &gt; handles arrow key navigation" time="0.000130041">
            <failure message="Cannot find module &apos;@/lib/stores/feedme-store&apos;
Require stack:
- /Users/shubhpatel/Downloads/MB-Sparrow-main/frontend/components/feedme/__tests__/FolderTreeView.test.tsx" type="Error">
Error: Cannot find module &apos;@/lib/stores/feedme-store&apos;
Require stack:
- /Users/shubhpatel/Downloads/MB-Sparrow-main/frontend/components/feedme/__tests__/FolderTreeView.test.tsx
 ❯ components/feedme/__tests__/FolderTreeView.test.tsx:125:79

⎯⎯⎯⎯⎯⎯⎯⎯⎯⎯⎯⎯⎯⎯⎯⎯⎯⎯⎯⎯⎯⎯⎯⎯⎯⎯⎯⎯⎯⎯
Serialized Error: { code: &apos;MODULE_NOT_FOUND&apos;, requireStack: [ &apos;/Users/shubhpatel/Downloads/MB-Sparrow-main/frontend/components/feedme/__tests__/FolderTreeView.test.tsx&apos; ] }
            </failure>
        </testcase>
        <testcase classname="components/feedme/__tests__/FolderTreeView.test.tsx" name="FolderTreeView &gt; Keyboard Navigation &gt; handles Enter key for expansion" time="0.000258709">
            <failure message="Cannot find module &apos;@/lib/stores/feedme-store&apos;
Require stack:
- /Users/shubhpatel/Downloads/MB-Sparrow-main/frontend/components/feedme/__tests__/FolderTreeView.test.tsx" type="Error">
Error: Cannot find module &apos;@/lib/stores/feedme-store&apos;
Require stack:
- /Users/shubhpatel/Downloads/MB-Sparrow-main/frontend/components/feedme/__tests__/FolderTreeView.test.tsx
 ❯ components/feedme/__tests__/FolderTreeView.test.tsx:125:79

⎯⎯⎯⎯⎯⎯⎯⎯⎯⎯⎯⎯⎯⎯⎯⎯⎯⎯⎯⎯⎯⎯⎯⎯⎯⎯⎯⎯⎯⎯
Serialized Error: { code: &apos;MODULE_NOT_FOUND&apos;, requireStack: [ &apos;/Users/shubhpatel/Downloads/MB-Sparrow-main/frontend/components/feedme/__tests__/FolderTreeView.test.tsx&apos; ] }
            </failure>
        </testcase>
        <testcase classname="components/feedme/__tests__/FolderTreeView.test.tsx" name="FolderTreeView &gt; Keyboard Navigation &gt; handles Delete key for deletion" time="0.000127292">
            <failure message="Cannot find module &apos;@/lib/stores/feedme-store&apos;
Require stack:
- /Users/shubhpatel/Downloads/MB-Sparrow-main/frontend/components/feedme/__tests__/FolderTreeView.test.tsx" type="Error">
Error: Cannot find module &apos;@/lib/stores/feedme-store&apos;
Require stack:
- /Users/shubhpatel/Downloads/MB-Sparrow-main/frontend/components/feedme/__tests__/FolderTreeView.test.tsx
 ❯ components/feedme/__tests__/FolderTreeView.test.tsx:125:79

⎯⎯⎯⎯⎯⎯⎯⎯⎯⎯⎯⎯⎯⎯⎯⎯⎯⎯⎯⎯⎯⎯⎯⎯⎯⎯⎯⎯⎯⎯
Serialized Error: { code: &apos;MODULE_NOT_FOUND&apos;, requireStack: [ &apos;/Users/shubhpatel/Downloads/MB-Sparrow-main/frontend/components/feedme/__tests__/FolderTreeView.test.tsx&apos; ] }
            </failure>
        </testcase>
        <testcase classname="components/feedme/__tests__/FolderTreeView.test.tsx" name="FolderTreeView &gt; Keyboard Navigation &gt; handles F2 key for rename" time="0.000130875">
            <failure message="Cannot find module &apos;@/lib/stores/feedme-store&apos;
Require stack:
- /Users/shubhpatel/Downloads/MB-Sparrow-main/frontend/components/feedme/__tests__/FolderTreeView.test.tsx" type="Error">
Error: Cannot find module &apos;@/lib/stores/feedme-store&apos;
Require stack:
- /Users/shubhpatel/Downloads/MB-Sparrow-main/frontend/components/feedme/__tests__/FolderTreeView.test.tsx
 ❯ components/feedme/__tests__/FolderTreeView.test.tsx:125:79

⎯⎯⎯⎯⎯⎯⎯⎯⎯⎯⎯⎯⎯⎯⎯⎯⎯⎯⎯⎯⎯⎯⎯⎯⎯⎯⎯⎯⎯⎯
Serialized Error: { code: &apos;MODULE_NOT_FOUND&apos;, requireStack: [ &apos;/Users/shubhpatel/Downloads/MB-Sparrow-main/frontend/components/feedme/__tests__/FolderTreeView.test.tsx&apos; ] }
            </failure>
        </testcase>
        <testcase classname="components/feedme/__tests__/FolderTreeView.test.tsx" name="FolderTreeView &gt; Performance &gt; debounces search input" time="0.000136625">
            <failure message="Cannot find module &apos;@/lib/stores/feedme-store&apos;
Require stack:
- /Users/shubhpatel/Downloads/MB-Sparrow-main/frontend/components/feedme/__tests__/FolderTreeView.test.tsx" type="Error">
Error: Cannot find module &apos;@/lib/stores/feedme-store&apos;
Require stack:
- /Users/shubhpatel/Downloads/MB-Sparrow-main/frontend/components/feedme/__tests__/FolderTreeView.test.tsx
 ❯ components/feedme/__tests__/FolderTreeView.test.tsx:125:79

⎯⎯⎯⎯⎯⎯⎯⎯⎯⎯⎯⎯⎯⎯⎯⎯⎯⎯⎯⎯⎯⎯⎯⎯⎯⎯⎯⎯⎯⎯
Serialized Error: { code: &apos;MODULE_NOT_FOUND&apos;, requireStack: [ &apos;/Users/shubhpatel/Downloads/MB-Sparrow-main/frontend/components/feedme/__tests__/FolderTreeView.test.tsx&apos; ] }
            </failure>
        </testcase>
        <testcase classname="components/feedme/__tests__/FolderTreeView.test.tsx" name="FolderTreeView &gt; Performance &gt; memoizes folder tree structure" time="0.000130584">
            <failure message="Cannot find module &apos;@/lib/stores/feedme-store&apos;
Require stack:
- /Users/shubhpatel/Downloads/MB-Sparrow-main/frontend/components/feedme/__tests__/FolderTreeView.test.tsx" type="Error">
Error: Cannot find module &apos;@/lib/stores/feedme-store&apos;
Require stack:
- /Users/shubhpatel/Downloads/MB-Sparrow-main/frontend/components/feedme/__tests__/FolderTreeView.test.tsx
 ❯ components/feedme/__tests__/FolderTreeView.test.tsx:125:79

⎯⎯⎯⎯⎯⎯⎯⎯⎯⎯⎯⎯⎯⎯⎯⎯⎯⎯⎯⎯⎯⎯⎯⎯⎯⎯⎯⎯⎯⎯
Serialized Error: { code: &apos;MODULE_NOT_FOUND&apos;, requireStack: [ &apos;/Users/shubhpatel/Downloads/MB-Sparrow-main/frontend/components/feedme/__tests__/FolderTreeView.test.tsx&apos; ] }
            </failure>
        </testcase>
        <testcase classname="components/feedme/__tests__/FolderTreeView.test.tsx" name="FolderTreeView &gt; Accessibility &gt; has proper ARIA labels" time="0.000152625">
            <failure message="Cannot find module &apos;@/lib/stores/feedme-store&apos;
Require stack:
- /Users/shubhpatel/Downloads/MB-Sparrow-main/frontend/components/feedme/__tests__/FolderTreeView.test.tsx" type="Error">
Error: Cannot find module &apos;@/lib/stores/feedme-store&apos;
Require stack:
- /Users/shubhpatel/Downloads/MB-Sparrow-main/frontend/components/feedme/__tests__/FolderTreeView.test.tsx
 ❯ components/feedme/__tests__/FolderTreeView.test.tsx:125:79

⎯⎯⎯⎯⎯⎯⎯⎯⎯⎯⎯⎯⎯⎯⎯⎯⎯⎯⎯⎯⎯⎯⎯⎯⎯⎯⎯⎯⎯⎯
Serialized Error: { code: &apos;MODULE_NOT_FOUND&apos;, requireStack: [ &apos;/Users/shubhpatel/Downloads/MB-Sparrow-main/frontend/components/feedme/__tests__/FolderTreeView.test.tsx&apos; ] }
            </failure>
        </testcase>
        <testcase classname="components/feedme/__tests__/FolderTreeView.test.tsx" name="FolderTreeView &gt; Accessibility &gt; supports keyboard navigation" time="0.000133333">
            <failure message="Cannot find module &apos;@/lib/stores/feedme-store&apos;
Require stack:
- /Users/shubhpatel/Downloads/MB-Sparrow-main/frontend/components/feedme/__tests__/FolderTreeView.test.tsx" type="Error">
Error: Cannot find module &apos;@/lib/stores/feedme-store&apos;
Require stack:
- /Users/shubhpatel/Downloads/MB-Sparrow-main/frontend/components/feedme/__tests__/FolderTreeView.test.tsx
 ❯ components/feedme/__tests__/FolderTreeView.test.tsx:125:79

⎯⎯⎯⎯⎯⎯⎯⎯⎯⎯⎯⎯⎯⎯⎯⎯⎯⎯⎯⎯⎯⎯⎯⎯⎯⎯⎯⎯⎯⎯
Serialized Error: { code: &apos;MODULE_NOT_FOUND&apos;, requireStack: [ &apos;/Users/shubhpatel/Downloads/MB-Sparrow-main/frontend/components/feedme/__tests__/FolderTreeView.test.tsx&apos; ] }
            </failure>
        </testcase>
        <testcase classname="components/feedme/__tests__/FolderTreeView.test.tsx" name="FolderTreeView &gt; Accessibility &gt; has proper focus management" time="0.000144125">
            <failure message="Cannot find module &apos;@/lib/stores/feedme-store&apos;
Require stack:
- /Users/shubhpatel/Downloads/MB-Sparrow-main/frontend/components/feedme/__tests__/FolderTreeView.test.tsx" type="Error">
Error: Cannot find module &apos;@/lib/stores/feedme-store&apos;
Require stack:
- /Users/shubhpatel/Downloads/MB-Sparrow-main/frontend/components/feedme/__tests__/FolderTreeView.test.tsx
 ❯ components/feedme/__tests__/FolderTreeView.test.tsx:125:79

⎯⎯⎯⎯⎯⎯⎯⎯⎯⎯⎯⎯⎯⎯⎯⎯⎯⎯⎯⎯⎯⎯⎯⎯⎯⎯⎯⎯⎯⎯
Serialized Error: { code: &apos;MODULE_NOT_FOUND&apos;, requireStack: [ &apos;/Users/shubhpatel/Downloads/MB-Sparrow-main/frontend/components/feedme/__tests__/FolderTreeView.test.tsx&apos; ] }
            </failure>
        </testcase>
        <testcase classname="components/feedme/__tests__/FolderTreeView.test.tsx" name="FolderTreeView &gt; Accessibility &gt; announces folder operations to screen readers" time="0.000127792">
            <failure message="Cannot find module &apos;@/lib/stores/feedme-store&apos;
Require stack:
- /Users/shubhpatel/Downloads/MB-Sparrow-main/frontend/components/feedme/__tests__/FolderTreeView.test.tsx" type="Error">
Error: Cannot find module &apos;@/lib/stores/feedme-store&apos;
Require stack:
- /Users/shubhpatel/Downloads/MB-Sparrow-main/frontend/components/feedme/__tests__/FolderTreeView.test.tsx
 ❯ components/feedme/__tests__/FolderTreeView.test.tsx:125:79

⎯⎯⎯⎯⎯⎯⎯⎯⎯⎯⎯⎯⎯⎯⎯⎯⎯⎯⎯⎯⎯⎯⎯⎯⎯⎯⎯⎯⎯⎯
Serialized Error: { code: &apos;MODULE_NOT_FOUND&apos;, requireStack: [ &apos;/Users/shubhpatel/Downloads/MB-Sparrow-main/frontend/components/feedme/__tests__/FolderTreeView.test.tsx&apos; ] }
            </failure>
        </testcase>
        <testcase classname="components/feedme/__tests__/FolderTreeView.test.tsx" name="FolderTreeView &gt; Error Handling &gt; handles network errors gracefully" time="0.000133583">
            <failure message="Cannot find module &apos;@/lib/stores/feedme-store&apos;
Require stack:
- /Users/shubhpatel/Downloads/MB-Sparrow-main/frontend/components/feedme/__tests__/FolderTreeView.test.tsx" type="Error">
Error: Cannot find module &apos;@/lib/stores/feedme-store&apos;
Require stack:
- /Users/shubhpatel/Downloads/MB-Sparrow-main/frontend/components/feedme/__tests__/FolderTreeView.test.tsx
 ❯ components/feedme/__tests__/FolderTreeView.test.tsx:125:79

⎯⎯⎯⎯⎯⎯⎯⎯⎯⎯⎯⎯⎯⎯⎯⎯⎯⎯⎯⎯⎯⎯⎯⎯⎯⎯⎯⎯⎯⎯
Serialized Error: { code: &apos;MODULE_NOT_FOUND&apos;, requireStack: [ &apos;/Users/shubhpatel/Downloads/MB-Sparrow-main/frontend/components/feedme/__tests__/FolderTreeView.test.tsx&apos; ] }
            </failure>
        </testcase>
        <testcase classname="components/feedme/__tests__/FolderTreeView.test.tsx" name="FolderTreeView &gt; Error Handling &gt; handles invalid folder names" time="0.00012025">
            <failure message="Cannot find module &apos;@/lib/stores/feedme-store&apos;
Require stack:
- /Users/shubhpatel/Downloads/MB-Sparrow-main/frontend/components/feedme/__tests__/FolderTreeView.test.tsx" type="Error">
Error: Cannot find module &apos;@/lib/stores/feedme-store&apos;
Require stack:
- /Users/shubhpatel/Downloads/MB-Sparrow-main/frontend/components/feedme/__tests__/FolderTreeView.test.tsx
 ❯ components/feedme/__tests__/FolderTreeView.test.tsx:125:79

⎯⎯⎯⎯⎯⎯⎯⎯⎯⎯⎯⎯⎯⎯⎯⎯⎯⎯⎯⎯⎯⎯⎯⎯⎯⎯⎯⎯⎯⎯
Serialized Error: { code: &apos;MODULE_NOT_FOUND&apos;, requireStack: [ &apos;/Users/shubhpatel/Downloads/MB-Sparrow-main/frontend/components/feedme/__tests__/FolderTreeView.test.tsx&apos; ] }
            </failure>
        </testcase>
        <testcase classname="components/feedme/__tests__/FolderTreeView.test.tsx" name="FolderTreeView &gt; Error Handling &gt; prevents circular references in drag and drop" time="0.000120042">
            <failure message="Cannot find module &apos;@/lib/stores/feedme-store&apos;
Require stack:
- /Users/shubhpatel/Downloads/MB-Sparrow-main/frontend/components/feedme/__tests__/FolderTreeView.test.tsx" type="Error">
Error: Cannot find module &apos;@/lib/stores/feedme-store&apos;
Require stack:
- /Users/shubhpatel/Downloads/MB-Sparrow-main/frontend/components/feedme/__tests__/FolderTreeView.test.tsx
 ❯ components/feedme/__tests__/FolderTreeView.test.tsx:125:79

⎯⎯⎯⎯⎯⎯⎯⎯⎯⎯⎯⎯⎯⎯⎯⎯⎯⎯⎯⎯⎯⎯⎯⎯⎯⎯⎯⎯⎯⎯
Serialized Error: { code: &apos;MODULE_NOT_FOUND&apos;, requireStack: [ &apos;/Users/shubhpatel/Downloads/MB-Sparrow-main/frontend/components/feedme/__tests__/FolderTreeView.test.tsx&apos; ] }
            </failure>
        </testcase>
    </testsuite>
    <testsuite name="components/feedme/__tests__/QAPairExtractor.test.tsx" timestamp="2025-07-02T10:22:05.411Z" hostname="Shubhs-MacBook-Air.local" tests="47" failures="47" errors="0" skipped="0" time="0.059045958">
        <testcase classname="components/feedme/__tests__/QAPairExtractor.test.tsx" name="QAPairExtractor &gt; Rendering &gt; renders QA pair extractor with header" time="0.012749083">
            <failure message="Cannot read properties of undefined (reading &apos;length&apos;)" type="TypeError">
TypeError: Cannot read properties of undefined (reading &apos;length&apos;)
 ❯ QAPairExtractor components/feedme/QAPairExtractor.tsx:942:54
 ❯ Object.react-stack-bottom-frame node_modules/react-dom/cjs/react-dom-client.development.js:23863:20
 ❯ renderWithHooks node_modules/react-dom/cjs/react-dom-client.development.js:5529:22
 ❯ updateFunctionComponent node_modules/react-dom/cjs/react-dom-client.development.js:8897:19
 ❯ beginWork node_modules/react-dom/cjs/react-dom-client.development.js:10522:18
 ❯ runWithFiberInDEV node_modules/react-dom/cjs/react-dom-client.development.js:1522:13
 ❯ performUnitOfWork node_modules/react-dom/cjs/react-dom-client.development.js:15140:22
 ❯ workLoopSync node_modules/react-dom/cjs/react-dom-client.development.js:14956:41
 ❯ renderRootSync node_modules/react-dom/cjs/react-dom-client.development.js:14936:11
 ❯ performWorkOnRoot node_modules/react-dom/cjs/react-dom-client.development.js:14462:44
            </failure>
        </testcase>
        <testcase classname="components/feedme/__tests__/QAPairExtractor.test.tsx" name="QAPairExtractor &gt; Rendering &gt; displays extraction statistics" time="0.001422458">
            <failure message="Cannot read properties of undefined (reading &apos;length&apos;)" type="TypeError">
TypeError: Cannot read properties of undefined (reading &apos;length&apos;)
 ❯ QAPairExtractor components/feedme/QAPairExtractor.tsx:942:54
 ❯ Object.react-stack-bottom-frame node_modules/react-dom/cjs/react-dom-client.development.js:23863:20
 ❯ renderWithHooks node_modules/react-dom/cjs/react-dom-client.development.js:5529:22
 ❯ updateFunctionComponent node_modules/react-dom/cjs/react-dom-client.development.js:8897:19
 ❯ beginWork node_modules/react-dom/cjs/react-dom-client.development.js:10522:18
 ❯ runWithFiberInDEV node_modules/react-dom/cjs/react-dom-client.development.js:1522:13
 ❯ performUnitOfWork node_modules/react-dom/cjs/react-dom-client.development.js:15140:22
 ❯ workLoopSync node_modules/react-dom/cjs/react-dom-client.development.js:14956:41
 ❯ renderRootSync node_modules/react-dom/cjs/react-dom-client.development.js:14936:11
 ❯ performWorkOnRoot node_modules/react-dom/cjs/react-dom-client.development.js:14462:44
            </failure>
        </testcase>
        <testcase classname="components/feedme/__tests__/QAPairExtractor.test.tsx" name="QAPairExtractor &gt; Rendering &gt; shows quality distribution chart" time="0.001191417">
            <failure message="Cannot read properties of undefined (reading &apos;length&apos;)" type="TypeError">
TypeError: Cannot read properties of undefined (reading &apos;length&apos;)
 ❯ QAPairExtractor components/feedme/QAPairExtractor.tsx:942:54
 ❯ Object.react-stack-bottom-frame node_modules/react-dom/cjs/react-dom-client.development.js:23863:20
 ❯ renderWithHooks node_modules/react-dom/cjs/react-dom-client.development.js:5529:22
 ❯ updateFunctionComponent node_modules/react-dom/cjs/react-dom-client.development.js:8897:19
 ❯ beginWork node_modules/react-dom/cjs/react-dom-client.development.js:10522:18
 ❯ runWithFiberInDEV node_modules/react-dom/cjs/react-dom-client.development.js:1522:13
 ❯ performUnitOfWork node_modules/react-dom/cjs/react-dom-client.development.js:15140:22
 ❯ workLoopSync node_modules/react-dom/cjs/react-dom-client.development.js:14956:41
 ❯ renderRootSync node_modules/react-dom/cjs/react-dom-client.development.js:14936:11
 ❯ performWorkOnRoot node_modules/react-dom/cjs/react-dom-client.development.js:14462:44
            </failure>
        </testcase>
        <testcase classname="components/feedme/__tests__/QAPairExtractor.test.tsx" name="QAPairExtractor &gt; Rendering &gt; displays issue type breakdown" time="0.001096708">
            <failure message="Cannot read properties of undefined (reading &apos;length&apos;)" type="TypeError">
TypeError: Cannot read properties of undefined (reading &apos;length&apos;)
 ❯ QAPairExtractor components/feedme/QAPairExtractor.tsx:942:54
 ❯ Object.react-stack-bottom-frame node_modules/react-dom/cjs/react-dom-client.development.js:23863:20
 ❯ renderWithHooks node_modules/react-dom/cjs/react-dom-client.development.js:5529:22
 ❯ updateFunctionComponent node_modules/react-dom/cjs/react-dom-client.development.js:8897:19
 ❯ beginWork node_modules/react-dom/cjs/react-dom-client.development.js:10522:18
 ❯ runWithFiberInDEV node_modules/react-dom/cjs/react-dom-client.development.js:1522:13
 ❯ performUnitOfWork node_modules/react-dom/cjs/react-dom-client.development.js:15140:22
 ❯ workLoopSync node_modules/react-dom/cjs/react-dom-client.development.js:14956:41
 ❯ renderRootSync node_modules/react-dom/cjs/react-dom-client.development.js:14936:11
 ❯ performWorkOnRoot node_modules/react-dom/cjs/react-dom-client.development.js:14462:44
            </failure>
        </testcase>
        <testcase classname="components/feedme/__tests__/QAPairExtractor.test.tsx" name="QAPairExtractor &gt; Q&amp;A Pair Display &gt; renders Q&amp;A pairs list" time="0.00112225">
            <failure message="Cannot read properties of undefined (reading &apos;length&apos;)" type="TypeError">
TypeError: Cannot read properties of undefined (reading &apos;length&apos;)
 ❯ QAPairExtractor components/feedme/QAPairExtractor.tsx:942:54
 ❯ Object.react-stack-bottom-frame node_modules/react-dom/cjs/react-dom-client.development.js:23863:20
 ❯ renderWithHooks node_modules/react-dom/cjs/react-dom-client.development.js:5529:22
 ❯ updateFunctionComponent node_modules/react-dom/cjs/react-dom-client.development.js:8897:19
 ❯ beginWork node_modules/react-dom/cjs/react-dom-client.development.js:10522:18
 ❯ runWithFiberInDEV node_modules/react-dom/cjs/react-dom-client.development.js:1522:13
 ❯ performUnitOfWork node_modules/react-dom/cjs/react-dom-client.development.js:15140:22
 ❯ workLoopSync node_modules/react-dom/cjs/react-dom-client.development.js:14956:41
 ❯ renderRootSync node_modules/react-dom/cjs/react-dom-client.development.js:14936:11
 ❯ performWorkOnRoot node_modules/react-dom/cjs/react-dom-client.development.js:14462:44
            </failure>
        </testcase>
        <testcase classname="components/feedme/__tests__/QAPairExtractor.test.tsx" name="QAPairExtractor &gt; Q&amp;A Pair Display &gt; displays Q&amp;A pair details" time="0.001059917">
            <failure message="Cannot read properties of undefined (reading &apos;length&apos;)" type="TypeError">
TypeError: Cannot read properties of undefined (reading &apos;length&apos;)
 ❯ QAPairExtractor components/feedme/QAPairExtractor.tsx:942:54
 ❯ Object.react-stack-bottom-frame node_modules/react-dom/cjs/react-dom-client.development.js:23863:20
 ❯ renderWithHooks node_modules/react-dom/cjs/react-dom-client.development.js:5529:22
 ❯ updateFunctionComponent node_modules/react-dom/cjs/react-dom-client.development.js:8897:19
 ❯ beginWork node_modules/react-dom/cjs/react-dom-client.development.js:10522:18
 ❯ runWithFiberInDEV node_modules/react-dom/cjs/react-dom-client.development.js:1522:13
 ❯ performUnitOfWork node_modules/react-dom/cjs/react-dom-client.development.js:15140:22
 ❯ workLoopSync node_modules/react-dom/cjs/react-dom-client.development.js:14956:41
 ❯ renderRootSync node_modules/react-dom/cjs/react-dom-client.development.js:14936:11
 ❯ performWorkOnRoot node_modules/react-dom/cjs/react-dom-client.development.js:14462:44
            </failure>
        </testcase>
        <testcase classname="components/feedme/__tests__/QAPairExtractor.test.tsx" name="QAPairExtractor &gt; Q&amp;A Pair Display &gt; shows confidence indicators" time="0.000952375">
            <failure message="Cannot read properties of undefined (reading &apos;length&apos;)" type="TypeError">
TypeError: Cannot read properties of undefined (reading &apos;length&apos;)
 ❯ QAPairExtractor components/feedme/QAPairExtractor.tsx:942:54
 ❯ Object.react-stack-bottom-frame node_modules/react-dom/cjs/react-dom-client.development.js:23863:20
 ❯ renderWithHooks node_modules/react-dom/cjs/react-dom-client.development.js:5529:22
 ❯ updateFunctionComponent node_modules/react-dom/cjs/react-dom-client.development.js:8897:19
 ❯ beginWork node_modules/react-dom/cjs/react-dom-client.development.js:10522:18
 ❯ runWithFiberInDEV node_modules/react-dom/cjs/react-dom-client.development.js:1522:13
 ❯ performUnitOfWork node_modules/react-dom/cjs/react-dom-client.development.js:15140:22
 ❯ workLoopSync node_modules/react-dom/cjs/react-dom-client.development.js:14956:41
 ❯ renderRootSync node_modules/react-dom/cjs/react-dom-client.development.js:14936:11
 ❯ performWorkOnRoot node_modules/react-dom/cjs/react-dom-client.development.js:14462:44
            </failure>
        </testcase>
        <testcase classname="components/feedme/__tests__/QAPairExtractor.test.tsx" name="QAPairExtractor &gt; Q&amp;A Pair Display &gt; displays quality factors" time="0.000990834">
            <failure message="Cannot read properties of undefined (reading &apos;length&apos;)" type="TypeError">
TypeError: Cannot read properties of undefined (reading &apos;length&apos;)
 ❯ QAPairExtractor components/feedme/QAPairExtractor.tsx:942:54
 ❯ Object.react-stack-bottom-frame node_modules/react-dom/cjs/react-dom-client.development.js:23863:20
 ❯ renderWithHooks node_modules/react-dom/cjs/react-dom-client.development.js:5529:22
 ❯ updateFunctionComponent node_modules/react-dom/cjs/react-dom-client.development.js:8897:19
 ❯ beginWork node_modules/react-dom/cjs/react-dom-client.development.js:10522:18
 ❯ runWithFiberInDEV node_modules/react-dom/cjs/react-dom-client.development.js:1522:13
 ❯ performUnitOfWork node_modules/react-dom/cjs/react-dom-client.development.js:15140:22
 ❯ workLoopSync node_modules/react-dom/cjs/react-dom-client.development.js:14956:41
 ❯ renderRootSync node_modules/react-dom/cjs/react-dom-client.development.js:14936:11
 ❯ performWorkOnRoot node_modules/react-dom/cjs/react-dom-client.development.js:14462:44
            </failure>
        </testcase>
        <testcase classname="components/feedme/__tests__/QAPairExtractor.test.tsx" name="QAPairExtractor &gt; Q&amp;A Pair Display &gt; shows quality issues and suggestions" time="0.000971333">
            <failure message="Cannot read properties of undefined (reading &apos;length&apos;)" type="TypeError">
TypeError: Cannot read properties of undefined (reading &apos;length&apos;)
 ❯ QAPairExtractor components/feedme/QAPairExtractor.tsx:942:54
 ❯ Object.react-stack-bottom-frame node_modules/react-dom/cjs/react-dom-client.development.js:23863:20
 ❯ renderWithHooks node_modules/react-dom/cjs/react-dom-client.development.js:5529:22
 ❯ updateFunctionComponent node_modules/react-dom/cjs/react-dom-client.development.js:8897:19
 ❯ beginWork node_modules/react-dom/cjs/react-dom-client.development.js:10522:18
 ❯ runWithFiberInDEV node_modules/react-dom/cjs/react-dom-client.development.js:1522:13
 ❯ performUnitOfWork node_modules/react-dom/cjs/react-dom-client.development.js:15140:22
 ❯ workLoopSync node_modules/react-dom/cjs/react-dom-client.development.js:14956:41
 ❯ renderRootSync node_modules/react-dom/cjs/react-dom-client.development.js:14936:11
 ❯ performWorkOnRoot node_modules/react-dom/cjs/react-dom-client.development.js:14462:44
            </failure>
        </testcase>
        <testcase classname="components/feedme/__tests__/QAPairExtractor.test.tsx" name="QAPairExtractor &gt; Q&amp;A Pair Display &gt; displays metadata information" time="0.000980875">
            <failure message="Cannot read properties of undefined (reading &apos;length&apos;)" type="TypeError">
TypeError: Cannot read properties of undefined (reading &apos;length&apos;)
 ❯ QAPairExtractor components/feedme/QAPairExtractor.tsx:942:54
 ❯ Object.react-stack-bottom-frame node_modules/react-dom/cjs/react-dom-client.development.js:23863:20
 ❯ renderWithHooks node_modules/react-dom/cjs/react-dom-client.development.js:5529:22
 ❯ updateFunctionComponent node_modules/react-dom/cjs/react-dom-client.development.js:8897:19
 ❯ beginWork node_modules/react-dom/cjs/react-dom-client.development.js:10522:18
 ❯ runWithFiberInDEV node_modules/react-dom/cjs/react-dom-client.development.js:1522:13
 ❯ performUnitOfWork node_modules/react-dom/cjs/react-dom-client.development.js:15140:22
 ❯ workLoopSync node_modules/react-dom/cjs/react-dom-client.development.js:14956:41
 ❯ renderRootSync node_modules/react-dom/cjs/react-dom-client.development.js:14936:11
 ❯ performWorkOnRoot node_modules/react-dom/cjs/react-dom-client.development.js:14462:44
            </failure>
        </testcase>
        <testcase classname="components/feedme/__tests__/QAPairExtractor.test.tsx" name="QAPairExtractor &gt; Filtering and Sorting &gt; filters by confidence threshold" time="0.002432041">
            <failure message="Cannot read properties of undefined (reading &apos;length&apos;)" type="TypeError">
TypeError: Cannot read properties of undefined (reading &apos;length&apos;)
 ❯ QAPairExtractor components/feedme/QAPairExtractor.tsx:942:54
 ❯ Object.react-stack-bottom-frame node_modules/react-dom/cjs/react-dom-client.development.js:23863:20
 ❯ renderWithHooks node_modules/react-dom/cjs/react-dom-client.development.js:5529:22
 ❯ updateFunctionComponent node_modules/react-dom/cjs/react-dom-client.development.js:8897:19
 ❯ beginWork node_modules/react-dom/cjs/react-dom-client.development.js:10522:18
 ❯ runWithFiberInDEV node_modules/react-dom/cjs/react-dom-client.development.js:1522:13
 ❯ performUnitOfWork node_modules/react-dom/cjs/react-dom-client.development.js:15140:22
 ❯ workLoopSync node_modules/react-dom/cjs/react-dom-client.development.js:14956:41
 ❯ renderRootSync node_modules/react-dom/cjs/react-dom-client.development.js:14936:11
 ❯ performWorkOnRoot node_modules/react-dom/cjs/react-dom-client.development.js:14462:44
            </failure>
        </testcase>
        <testcase classname="components/feedme/__tests__/QAPairExtractor.test.tsx" name="QAPairExtractor &gt; Filtering and Sorting &gt; filters by issue type" time="0.001220083">
            <failure message="Cannot read properties of undefined (reading &apos;length&apos;)" type="TypeError">
TypeError: Cannot read properties of undefined (reading &apos;length&apos;)
 ❯ QAPairExtractor components/feedme/QAPairExtractor.tsx:942:54
 ❯ Object.react-stack-bottom-frame node_modules/react-dom/cjs/react-dom-client.development.js:23863:20
 ❯ renderWithHooks node_modules/react-dom/cjs/react-dom-client.development.js:5529:22
 ❯ updateFunctionComponent node_modules/react-dom/cjs/react-dom-client.development.js:8897:19
 ❯ beginWork node_modules/react-dom/cjs/react-dom-client.development.js:10522:18
 ❯ runWithFiberInDEV node_modules/react-dom/cjs/react-dom-client.development.js:1522:13
 ❯ performUnitOfWork node_modules/react-dom/cjs/react-dom-client.development.js:15140:22
 ❯ workLoopSync node_modules/react-dom/cjs/react-dom-client.development.js:14956:41
 ❯ renderRootSync node_modules/react-dom/cjs/react-dom-client.development.js:14936:11
 ❯ performWorkOnRoot node_modules/react-dom/cjs/react-dom-client.development.js:14462:44
            </failure>
        </testcase>
        <testcase classname="components/feedme/__tests__/QAPairExtractor.test.tsx" name="QAPairExtractor &gt; Filtering and Sorting &gt; filters by quality threshold" time="0.001052916">
            <failure message="Cannot read properties of undefined (reading &apos;length&apos;)" type="TypeError">
TypeError: Cannot read properties of undefined (reading &apos;length&apos;)
 ❯ QAPairExtractor components/feedme/QAPairExtractor.tsx:942:54
 ❯ Object.react-stack-bottom-frame node_modules/react-dom/cjs/react-dom-client.development.js:23863:20
 ❯ renderWithHooks node_modules/react-dom/cjs/react-dom-client.development.js:5529:22
 ❯ updateFunctionComponent node_modules/react-dom/cjs/react-dom-client.development.js:8897:19
 ❯ beginWork node_modules/react-dom/cjs/react-dom-client.development.js:10522:18
 ❯ runWithFiberInDEV node_modules/react-dom/cjs/react-dom-client.development.js:1522:13
 ❯ performUnitOfWork node_modules/react-dom/cjs/react-dom-client.development.js:15140:22
 ❯ workLoopSync node_modules/react-dom/cjs/react-dom-client.development.js:14956:41
 ❯ renderRootSync node_modules/react-dom/cjs/react-dom-client.development.js:14936:11
 ❯ performWorkOnRoot node_modules/react-dom/cjs/react-dom-client.development.js:14462:44
            </failure>
        </testcase>
        <testcase classname="components/feedme/__tests__/QAPairExtractor.test.tsx" name="QAPairExtractor &gt; Filtering and Sorting &gt; shows only pairs needing review" time="0.001111291">
            <failure message="Cannot read properties of undefined (reading &apos;length&apos;)" type="TypeError">
TypeError: Cannot read properties of undefined (reading &apos;length&apos;)
 ❯ QAPairExtractor components/feedme/QAPairExtractor.tsx:942:54
 ❯ Object.react-stack-bottom-frame node_modules/react-dom/cjs/react-dom-client.development.js:23863:20
 ❯ renderWithHooks node_modules/react-dom/cjs/react-dom-client.development.js:5529:22
 ❯ updateFunctionComponent node_modules/react-dom/cjs/react-dom-client.development.js:8897:19
 ❯ beginWork node_modules/react-dom/cjs/react-dom-client.development.js:10522:18
 ❯ runWithFiberInDEV node_modules/react-dom/cjs/react-dom-client.development.js:1522:13
 ❯ performUnitOfWork node_modules/react-dom/cjs/react-dom-client.development.js:15140:22
 ❯ workLoopSync node_modules/react-dom/cjs/react-dom-client.development.js:14956:41
 ❯ renderRootSync node_modules/react-dom/cjs/react-dom-client.development.js:14936:11
 ❯ performWorkOnRoot node_modules/react-dom/cjs/react-dom-client.development.js:14462:44
            </failure>
        </testcase>
        <testcase classname="components/feedme/__tests__/QAPairExtractor.test.tsx" name="QAPairExtractor &gt; Filtering and Sorting &gt; sorts by different criteria" time="0.001048375">
            <failure message="Cannot read properties of undefined (reading &apos;length&apos;)" type="TypeError">
TypeError: Cannot read properties of undefined (reading &apos;length&apos;)
 ❯ QAPairExtractor components/feedme/QAPairExtractor.tsx:942:54
 ❯ Object.react-stack-bottom-frame node_modules/react-dom/cjs/react-dom-client.development.js:23863:20
 ❯ renderWithHooks node_modules/react-dom/cjs/react-dom-client.development.js:5529:22
 ❯ updateFunctionComponent node_modules/react-dom/cjs/react-dom-client.development.js:8897:19
 ❯ beginWork node_modules/react-dom/cjs/react-dom-client.development.js:10522:18
 ❯ runWithFiberInDEV node_modules/react-dom/cjs/react-dom-client.development.js:1522:13
 ❯ performUnitOfWork node_modules/react-dom/cjs/react-dom-client.development.js:15140:22
 ❯ workLoopSync node_modules/react-dom/cjs/react-dom-client.development.js:14956:41
 ❯ renderRootSync node_modules/react-dom/cjs/react-dom-client.development.js:14936:11
 ❯ performWorkOnRoot node_modules/react-dom/cjs/react-dom-client.development.js:14462:44
            </failure>
        </testcase>
        <testcase classname="components/feedme/__tests__/QAPairExtractor.test.tsx" name="QAPairExtractor &gt; Filtering and Sorting &gt; toggles sort direction" time="0.000927875">
            <failure message="Cannot read properties of undefined (reading &apos;length&apos;)" type="TypeError">
TypeError: Cannot read properties of undefined (reading &apos;length&apos;)
 ❯ QAPairExtractor components/feedme/QAPairExtractor.tsx:942:54
 ❯ Object.react-stack-bottom-frame node_modules/react-dom/cjs/react-dom-client.development.js:23863:20
 ❯ renderWithHooks node_modules/react-dom/cjs/react-dom-client.development.js:5529:22
 ❯ updateFunctionComponent node_modules/react-dom/cjs/react-dom-client.development.js:8897:19
 ❯ beginWork node_modules/react-dom/cjs/react-dom-client.development.js:10522:18
 ❯ runWithFiberInDEV node_modules/react-dom/cjs/react-dom-client.development.js:1522:13
 ❯ performUnitOfWork node_modules/react-dom/cjs/react-dom-client.development.js:15140:22
 ❯ workLoopSync node_modules/react-dom/cjs/react-dom-client.development.js:14956:41
 ❯ renderRootSync node_modules/react-dom/cjs/react-dom-client.development.js:14936:11
 ❯ performWorkOnRoot node_modules/react-dom/cjs/react-dom-client.development.js:14462:44
            </failure>
        </testcase>
        <testcase classname="components/feedme/__tests__/QAPairExtractor.test.tsx" name="QAPairExtractor &gt; Q&amp;A Pair Actions &gt; handles inline editing" time="0.00097625">
            <failure message="Cannot read properties of undefined (reading &apos;length&apos;)" type="TypeError">
TypeError: Cannot read properties of undefined (reading &apos;length&apos;)
 ❯ QAPairExtractor components/feedme/QAPairExtractor.tsx:942:54
 ❯ Object.react-stack-bottom-frame node_modules/react-dom/cjs/react-dom-client.development.js:23863:20
 ❯ renderWithHooks node_modules/react-dom/cjs/react-dom-client.development.js:5529:22
 ❯ updateFunctionComponent node_modules/react-dom/cjs/react-dom-client.development.js:8897:19
 ❯ beginWork node_modules/react-dom/cjs/react-dom-client.development.js:10522:18
 ❯ runWithFiberInDEV node_modules/react-dom/cjs/react-dom-client.development.js:1522:13
 ❯ performUnitOfWork node_modules/react-dom/cjs/react-dom-client.development.js:15140:22
 ❯ workLoopSync node_modules/react-dom/cjs/react-dom-client.development.js:14956:41
 ❯ renderRootSync node_modules/react-dom/cjs/react-dom-client.development.js:14936:11
 ❯ performWorkOnRoot node_modules/react-dom/cjs/react-dom-client.development.js:14462:44
            </failure>
        </testcase>
        <testcase classname="components/feedme/__tests__/QAPairExtractor.test.tsx" name="QAPairExtractor &gt; Q&amp;A Pair Actions &gt; handles pair approval" time="0.000935459">
            <failure message="Cannot read properties of undefined (reading &apos;length&apos;)" type="TypeError">
TypeError: Cannot read properties of undefined (reading &apos;length&apos;)
 ❯ QAPairExtractor components/feedme/QAPairExtractor.tsx:942:54
 ❯ Object.react-stack-bottom-frame node_modules/react-dom/cjs/react-dom-client.development.js:23863:20
 ❯ renderWithHooks node_modules/react-dom/cjs/react-dom-client.development.js:5529:22
 ❯ updateFunctionComponent node_modules/react-dom/cjs/react-dom-client.development.js:8897:19
 ❯ beginWork node_modules/react-dom/cjs/react-dom-client.development.js:10522:18
 ❯ runWithFiberInDEV node_modules/react-dom/cjs/react-dom-client.development.js:1522:13
 ❯ performUnitOfWork node_modules/react-dom/cjs/react-dom-client.development.js:15140:22
 ❯ workLoopSync node_modules/react-dom/cjs/react-dom-client.development.js:14956:41
 ❯ renderRootSync node_modules/react-dom/cjs/react-dom-client.development.js:14936:11
 ❯ performWorkOnRoot node_modules/react-dom/cjs/react-dom-client.development.js:14462:44
            </failure>
        </testcase>
        <testcase classname="components/feedme/__tests__/QAPairExtractor.test.tsx" name="QAPairExtractor &gt; Q&amp;A Pair Actions &gt; handles pair rejection" time="0.000901208">
            <failure message="Cannot read properties of undefined (reading &apos;length&apos;)" type="TypeError">
TypeError: Cannot read properties of undefined (reading &apos;length&apos;)
 ❯ QAPairExtractor components/feedme/QAPairExtractor.tsx:942:54
 ❯ Object.react-stack-bottom-frame node_modules/react-dom/cjs/react-dom-client.development.js:23863:20
 ❯ renderWithHooks node_modules/react-dom/cjs/react-dom-client.development.js:5529:22
 ❯ updateFunctionComponent node_modules/react-dom/cjs/react-dom-client.development.js:8897:19
 ❯ beginWork node_modules/react-dom/cjs/react-dom-client.development.js:10522:18
 ❯ runWithFiberInDEV node_modules/react-dom/cjs/react-dom-client.development.js:1522:13
 ❯ performUnitOfWork node_modules/react-dom/cjs/react-dom-client.development.js:15140:22
 ❯ workLoopSync node_modules/react-dom/cjs/react-dom-client.development.js:14956:41
 ❯ renderRootSync node_modules/react-dom/cjs/react-dom-client.development.js:14936:11
 ❯ performWorkOnRoot node_modules/react-dom/cjs/react-dom-client.development.js:14462:44
            </failure>
        </testcase>
        <testcase classname="components/feedme/__tests__/QAPairExtractor.test.tsx" name="QAPairExtractor &gt; Q&amp;A Pair Actions &gt; handles pair deletion" time="0.001007333">
            <failure message="Cannot read properties of undefined (reading &apos;length&apos;)" type="TypeError">
TypeError: Cannot read properties of undefined (reading &apos;length&apos;)
 ❯ QAPairExtractor components/feedme/QAPairExtractor.tsx:942:54
 ❯ Object.react-stack-bottom-frame node_modules/react-dom/cjs/react-dom-client.development.js:23863:20
 ❯ renderWithHooks node_modules/react-dom/cjs/react-dom-client.development.js:5529:22
 ❯ updateFunctionComponent node_modules/react-dom/cjs/react-dom-client.development.js:8897:19
 ❯ beginWork node_modules/react-dom/cjs/react-dom-client.development.js:10522:18
 ❯ runWithFiberInDEV node_modules/react-dom/cjs/react-dom-client.development.js:1522:13
 ❯ performUnitOfWork node_modules/react-dom/cjs/react-dom-client.development.js:15140:22
 ❯ workLoopSync node_modules/react-dom/cjs/react-dom-client.development.js:14956:41
 ❯ renderRootSync node_modules/react-dom/cjs/react-dom-client.development.js:14936:11
 ❯ performWorkOnRoot node_modules/react-dom/cjs/react-dom-client.development.js:14462:44
            </failure>
        </testcase>
        <testcase classname="components/feedme/__tests__/QAPairExtractor.test.tsx" name="QAPairExtractor &gt; Q&amp;A Pair Actions &gt; handles pair optimization" time="0.00099625">
            <failure message="Cannot read properties of undefined (reading &apos;length&apos;)" type="TypeError">
TypeError: Cannot read properties of undefined (reading &apos;length&apos;)
 ❯ QAPairExtractor components/feedme/QAPairExtractor.tsx:942:54
 ❯ Object.react-stack-bottom-frame node_modules/react-dom/cjs/react-dom-client.development.js:23863:20
 ❯ renderWithHooks node_modules/react-dom/cjs/react-dom-client.development.js:5529:22
 ❯ updateFunctionComponent node_modules/react-dom/cjs/react-dom-client.development.js:8897:19
 ❯ beginWork node_modules/react-dom/cjs/react-dom-client.development.js:10522:18
 ❯ runWithFiberInDEV node_modules/react-dom/cjs/react-dom-client.development.js:1522:13
 ❯ performUnitOfWork node_modules/react-dom/cjs/react-dom-client.development.js:15140:22
 ❯ workLoopSync node_modules/react-dom/cjs/react-dom-client.development.js:14956:41
 ❯ renderRootSync node_modules/react-dom/cjs/react-dom-client.development.js:14936:11
 ❯ performWorkOnRoot node_modules/react-dom/cjs/react-dom-client.development.js:14462:44
            </failure>
        </testcase>
        <testcase classname="components/feedme/__tests__/QAPairExtractor.test.tsx" name="QAPairExtractor &gt; Q&amp;A Pair Actions &gt; shows optimization suggestions" time="0.0010715">
            <failure message="Cannot read properties of undefined (reading &apos;length&apos;)" type="TypeError">
TypeError: Cannot read properties of undefined (reading &apos;length&apos;)
 ❯ QAPairExtractor components/feedme/QAPairExtractor.tsx:942:54
 ❯ Object.react-stack-bottom-frame node_modules/react-dom/cjs/react-dom-client.development.js:23863:20
 ❯ renderWithHooks node_modules/react-dom/cjs/react-dom-client.development.js:5529:22
 ❯ updateFunctionComponent node_modules/react-dom/cjs/react-dom-client.development.js:8897:19
 ❯ beginWork node_modules/react-dom/cjs/react-dom-client.development.js:10522:18
 ❯ runWithFiberInDEV node_modules/react-dom/cjs/react-dom-client.development.js:1522:13
 ❯ performUnitOfWork node_modules/react-dom/cjs/react-dom-client.development.js:15140:22
 ❯ workLoopSync node_modules/react-dom/cjs/react-dom-client.development.js:14956:41
 ❯ renderRootSync node_modules/react-dom/cjs/react-dom-client.development.js:14936:11
 ❯ performWorkOnRoot node_modules/react-dom/cjs/react-dom-client.development.js:14462:44
            </failure>
        </testcase>
        <testcase classname="components/feedme/__tests__/QAPairExtractor.test.tsx" name="QAPairExtractor &gt; Bulk Operations &gt; handles bulk selection" time="0.001099375">
            <failure message="Cannot read properties of undefined (reading &apos;length&apos;)" type="TypeError">
TypeError: Cannot read properties of undefined (reading &apos;length&apos;)
 ❯ QAPairExtractor components/feedme/QAPairExtractor.tsx:942:54
 ❯ Object.react-stack-bottom-frame node_modules/react-dom/cjs/react-dom-client.development.js:23863:20
 ❯ renderWithHooks node_modules/react-dom/cjs/react-dom-client.development.js:5529:22
 ❯ updateFunctionComponent node_modules/react-dom/cjs/react-dom-client.development.js:8897:19
 ❯ beginWork node_modules/react-dom/cjs/react-dom-client.development.js:10522:18
 ❯ runWithFiberInDEV node_modules/react-dom/cjs/react-dom-client.development.js:1522:13
 ❯ performUnitOfWork node_modules/react-dom/cjs/react-dom-client.development.js:15140:22
 ❯ workLoopSync node_modules/react-dom/cjs/react-dom-client.development.js:14956:41
 ❯ renderRootSync node_modules/react-dom/cjs/react-dom-client.development.js:14936:11
 ❯ performWorkOnRoot node_modules/react-dom/cjs/react-dom-client.development.js:14462:44
            </failure>
        </testcase>
        <testcase classname="components/feedme/__tests__/QAPairExtractor.test.tsx" name="QAPairExtractor &gt; Bulk Operations &gt; shows bulk operations panel" time="0.000852166">
            <failure message="mockQAExtraction is not defined" type="ReferenceError">
ReferenceError: mockQAExtraction is not defined
 ❯ components/feedme/__tests__/QAPairExtractor.test.tsx:487:12
            </failure>
        </testcase>
        <testcase classname="components/feedme/__tests__/QAPairExtractor.test.tsx" name="QAPairExtractor &gt; Bulk Operations &gt; handles bulk approval" time="0.000224209">
            <failure message="mockQAExtraction is not defined" type="ReferenceError">
ReferenceError: mockQAExtraction is not defined
 ❯ components/feedme/__tests__/QAPairExtractor.test.tsx:501:12
            </failure>
        </testcase>
        <testcase classname="components/feedme/__tests__/QAPairExtractor.test.tsx" name="QAPairExtractor &gt; Bulk Operations &gt; handles bulk export" time="0.000160208">
            <failure message="mockQAExtraction is not defined" type="ReferenceError">
ReferenceError: mockQAExtraction is not defined
 ❯ components/feedme/__tests__/QAPairExtractor.test.tsx:516:12
            </failure>
        </testcase>
        <testcase classname="components/feedme/__tests__/QAPairExtractor.test.tsx" name="QAPairExtractor &gt; AI Extraction &gt; handles extraction process" time="0.001085583">
            <failure message="Cannot read properties of undefined (reading &apos;length&apos;)" type="TypeError">
TypeError: Cannot read properties of undefined (reading &apos;length&apos;)
 ❯ QAPairExtractor components/feedme/QAPairExtractor.tsx:942:54
 ❯ Object.react-stack-bottom-frame node_modules/react-dom/cjs/react-dom-client.development.js:23863:20
 ❯ renderWithHooks node_modules/react-dom/cjs/react-dom-client.development.js:5529:22
 ❯ updateFunctionComponent node_modules/react-dom/cjs/react-dom-client.development.js:8897:19
 ❯ beginWork node_modules/react-dom/cjs/react-dom-client.development.js:10522:18
 ❯ runWithFiberInDEV node_modules/react-dom/cjs/react-dom-client.development.js:1522:13
 ❯ performUnitOfWork node_modules/react-dom/cjs/react-dom-client.development.js:15140:22
 ❯ workLoopSync node_modules/react-dom/cjs/react-dom-client.development.js:14956:41
 ❯ renderRootSync node_modules/react-dom/cjs/react-dom-client.development.js:14936:11
 ❯ performWorkOnRoot node_modules/react-dom/cjs/react-dom-client.development.js:14462:44
            </failure>
        </testcase>
        <testcase classname="components/feedme/__tests__/QAPairExtractor.test.tsx" name="QAPairExtractor &gt; AI Extraction &gt; shows extraction progress" time="0.000143708">
            <failure message="mockQAExtraction is not defined" type="ReferenceError">
ReferenceError: mockQAExtraction is not defined
 ❯ components/feedme/__tests__/QAPairExtractor.test.tsx:544:12
            </failure>
        </testcase>
        <testcase classname="components/feedme/__tests__/QAPairExtractor.test.tsx" name="QAPairExtractor &gt; AI Extraction &gt; handles re-extraction" time="0.000960375">
            <failure message="Cannot read properties of undefined (reading &apos;length&apos;)" type="TypeError">
TypeError: Cannot read properties of undefined (reading &apos;length&apos;)
 ❯ QAPairExtractor components/feedme/QAPairExtractor.tsx:942:54
 ❯ Object.react-stack-bottom-frame node_modules/react-dom/cjs/react-dom-client.development.js:23863:20
 ❯ renderWithHooks node_modules/react-dom/cjs/react-dom-client.development.js:5529:22
 ❯ updateFunctionComponent node_modules/react-dom/cjs/react-dom-client.development.js:8897:19
 ❯ beginWork node_modules/react-dom/cjs/react-dom-client.development.js:10522:18
 ❯ runWithFiberInDEV node_modules/react-dom/cjs/react-dom-client.development.js:1522:13
 ❯ performUnitOfWork node_modules/react-dom/cjs/react-dom-client.development.js:15140:22
 ❯ workLoopSync node_modules/react-dom/cjs/react-dom-client.development.js:14956:41
 ❯ renderRootSync node_modules/react-dom/cjs/react-dom-client.development.js:14936:11
 ❯ performWorkOnRoot node_modules/react-dom/cjs/react-dom-client.development.js:14462:44
            </failure>
        </testcase>
        <testcase classname="components/feedme/__tests__/QAPairExtractor.test.tsx" name="QAPairExtractor &gt; AI Extraction &gt; shows extraction settings" time="0.000961416">
            <failure message="Cannot read properties of undefined (reading &apos;length&apos;)" type="TypeError">
TypeError: Cannot read properties of undefined (reading &apos;length&apos;)
 ❯ QAPairExtractor components/feedme/QAPairExtractor.tsx:942:54
 ❯ Object.react-stack-bottom-frame node_modules/react-dom/cjs/react-dom-client.development.js:23863:20
 ❯ renderWithHooks node_modules/react-dom/cjs/react-dom-client.development.js:5529:22
 ❯ updateFunctionComponent node_modules/react-dom/cjs/react-dom-client.development.js:8897:19
 ❯ beginWork node_modules/react-dom/cjs/react-dom-client.development.js:10522:18
 ❯ runWithFiberInDEV node_modules/react-dom/cjs/react-dom-client.development.js:1522:13
 ❯ performUnitOfWork node_modules/react-dom/cjs/react-dom-client.development.js:15140:22
 ❯ workLoopSync node_modules/react-dom/cjs/react-dom-client.development.js:14956:41
 ❯ renderRootSync node_modules/react-dom/cjs/react-dom-client.development.js:14936:11
 ❯ performWorkOnRoot node_modules/react-dom/cjs/react-dom-client.development.js:14462:44
            </failure>
        </testcase>
        <testcase classname="components/feedme/__tests__/QAPairExtractor.test.tsx" name="QAPairExtractor &gt; Performance Metrics &gt; displays performance statistics" time="0.001214084">
            <failure message="Cannot read properties of undefined (reading &apos;length&apos;)" type="TypeError">
TypeError: Cannot read properties of undefined (reading &apos;length&apos;)
 ❯ QAPairExtractor components/feedme/QAPairExtractor.tsx:942:54
 ❯ Object.react-stack-bottom-frame node_modules/react-dom/cjs/react-dom-client.development.js:23863:20
 ❯ renderWithHooks node_modules/react-dom/cjs/react-dom-client.development.js:5529:22
 ❯ updateFunctionComponent node_modules/react-dom/cjs/react-dom-client.development.js:8897:19
 ❯ beginWork node_modules/react-dom/cjs/react-dom-client.development.js:10522:18
 ❯ runWithFiberInDEV node_modules/react-dom/cjs/react-dom-client.development.js:1522:13
 ❯ performUnitOfWork node_modules/react-dom/cjs/react-dom-client.development.js:15140:22
 ❯ workLoopSync node_modules/react-dom/cjs/react-dom-client.development.js:14956:41
 ❯ renderRootSync node_modules/react-dom/cjs/react-dom-client.development.js:14936:11
 ❯ performWorkOnRoot node_modules/react-dom/cjs/react-dom-client.development.js:14462:44
            </failure>
        </testcase>
        <testcase classname="components/feedme/__tests__/QAPairExtractor.test.tsx" name="QAPairExtractor &gt; Performance Metrics &gt; shows confidence distribution" time="0.002699375">
            <failure message="Cannot read properties of undefined (reading &apos;length&apos;)" type="TypeError">
TypeError: Cannot read properties of undefined (reading &apos;length&apos;)
 ❯ QAPairExtractor components/feedme/QAPairExtractor.tsx:942:54
 ❯ Object.react-stack-bottom-frame node_modules/react-dom/cjs/react-dom-client.development.js:23863:20
 ❯ renderWithHooks node_modules/react-dom/cjs/react-dom-client.development.js:5529:22
 ❯ updateFunctionComponent node_modules/react-dom/cjs/react-dom-client.development.js:8897:19
 ❯ beginWork node_modules/react-dom/cjs/react-dom-client.development.js:10522:18
 ❯ runWithFiberInDEV node_modules/react-dom/cjs/react-dom-client.development.js:1522:13
 ❯ performUnitOfWork node_modules/react-dom/cjs/react-dom-client.development.js:15140:22
 ❯ workLoopSync node_modules/react-dom/cjs/react-dom-client.development.js:14956:41
 ❯ renderRootSync node_modules/react-dom/cjs/react-dom-client.development.js:14936:11
 ❯ performWorkOnRoot node_modules/react-dom/cjs/react-dom-client.development.js:14462:44
            </failure>
        </testcase>
        <testcase classname="components/feedme/__tests__/QAPairExtractor.test.tsx" name="QAPairExtractor &gt; Performance Metrics &gt; displays success rate metrics" time="0.001215292">
            <failure message="Cannot read properties of undefined (reading &apos;length&apos;)" type="TypeError">
TypeError: Cannot read properties of undefined (reading &apos;length&apos;)
 ❯ QAPairExtractor components/feedme/QAPairExtractor.tsx:942:54
 ❯ Object.react-stack-bottom-frame node_modules/react-dom/cjs/react-dom-client.development.js:23863:20
 ❯ renderWithHooks node_modules/react-dom/cjs/react-dom-client.development.js:5529:22
 ❯ updateFunctionComponent node_modules/react-dom/cjs/react-dom-client.development.js:8897:19
 ❯ beginWork node_modules/react-dom/cjs/react-dom-client.development.js:10522:18
 ❯ runWithFiberInDEV node_modules/react-dom/cjs/react-dom-client.development.js:1522:13
 ❯ performUnitOfWork node_modules/react-dom/cjs/react-dom-client.development.js:15140:22
 ❯ workLoopSync node_modules/react-dom/cjs/react-dom-client.development.js:14956:41
 ❯ renderRootSync node_modules/react-dom/cjs/react-dom-client.development.js:14936:11
 ❯ performWorkOnRoot node_modules/react-dom/cjs/react-dom-client.development.js:14462:44
            </failure>
        </testcase>
        <testcase classname="components/feedme/__tests__/QAPairExtractor.test.tsx" name="QAPairExtractor &gt; Virtual Scrolling &gt; renders virtual list for performance" time="0.000949916">
            <failure message="Cannot read properties of undefined (reading &apos;length&apos;)" type="TypeError">
TypeError: Cannot read properties of undefined (reading &apos;length&apos;)
 ❯ QAPairExtractor components/feedme/QAPairExtractor.tsx:942:54
 ❯ Object.react-stack-bottom-frame node_modules/react-dom/cjs/react-dom-client.development.js:23863:20
 ❯ renderWithHooks node_modules/react-dom/cjs/react-dom-client.development.js:5529:22
 ❯ updateFunctionComponent node_modules/react-dom/cjs/react-dom-client.development.js:8897:19
 ❯ beginWork node_modules/react-dom/cjs/react-dom-client.development.js:10522:18
 ❯ runWithFiberInDEV node_modules/react-dom/cjs/react-dom-client.development.js:1522:13
 ❯ performUnitOfWork node_modules/react-dom/cjs/react-dom-client.development.js:15140:22
 ❯ workLoopSync node_modules/react-dom/cjs/react-dom-client.development.js:14956:41
 ❯ renderRootSync node_modules/react-dom/cjs/react-dom-client.development.js:14936:11
 ❯ performWorkOnRoot node_modules/react-dom/cjs/react-dom-client.development.js:14462:44
            </failure>
        </testcase>
        <testcase classname="components/feedme/__tests__/QAPairExtractor.test.tsx" name="QAPairExtractor &gt; Virtual Scrolling &gt; handles large datasets efficiently" time="0.001200708">
            <failure message="mockQAExtraction is not defined" type="ReferenceError">
ReferenceError: mockQAExtraction is not defined
 ❯ components/feedme/__tests__/QAPairExtractor.test.tsx:622:12
            </failure>
        </testcase>
        <testcase classname="components/feedme/__tests__/QAPairExtractor.test.tsx" name="QAPairExtractor &gt; Error Handling &gt; handles extraction errors" time="0.000148167">
            <failure message="mockQAExtraction is not defined" type="ReferenceError">
ReferenceError: mockQAExtraction is not defined
 ❯ components/feedme/__tests__/QAPairExtractor.test.tsx:642:12
            </failure>
        </testcase>
        <testcase classname="components/feedme/__tests__/QAPairExtractor.test.tsx" name="QAPairExtractor &gt; Error Handling &gt; handles network errors gracefully" time="0.001067">
            <failure message="Cannot read properties of undefined (reading &apos;length&apos;)" type="TypeError">
TypeError: Cannot read properties of undefined (reading &apos;length&apos;)
 ❯ QAPairExtractor components/feedme/QAPairExtractor.tsx:942:54
 ❯ Object.react-stack-bottom-frame node_modules/react-dom/cjs/react-dom-client.development.js:23863:20
 ❯ renderWithHooks node_modules/react-dom/cjs/react-dom-client.development.js:5529:22
 ❯ updateFunctionComponent node_modules/react-dom/cjs/react-dom-client.development.js:8897:19
 ❯ beginWork node_modules/react-dom/cjs/react-dom-client.development.js:10522:18
 ❯ runWithFiberInDEV node_modules/react-dom/cjs/react-dom-client.development.js:1522:13
 ❯ performUnitOfWork node_modules/react-dom/cjs/react-dom-client.development.js:15140:22
 ❯ workLoopSync node_modules/react-dom/cjs/react-dom-client.development.js:14956:41
 ❯ renderRootSync node_modules/react-dom/cjs/react-dom-client.development.js:14936:11
 ❯ performWorkOnRoot node_modules/react-dom/cjs/react-dom-client.development.js:14462:44
            </failure>
        </testcase>
        <testcase classname="components/feedme/__tests__/QAPairExtractor.test.tsx" name="QAPairExtractor &gt; Error Handling &gt; handles invalid Q&amp;A pair data" time="0.000149333">
            <failure message="mockQAExtraction is not defined" type="ReferenceError">
ReferenceError: mockQAExtraction is not defined
 ❯ components/feedme/__tests__/QAPairExtractor.test.tsx:669:12
            </failure>
        </testcase>
        <testcase classname="components/feedme/__tests__/QAPairExtractor.test.tsx" name="QAPairExtractor &gt; Loading States &gt; shows loading state during extraction" time="0.000279458">
            <failure message="mockQAExtraction is not defined" type="ReferenceError">
ReferenceError: mockQAExtraction is not defined
 ❯ components/feedme/__tests__/QAPairExtractor.test.tsx:688:12
            </failure>
        </testcase>
        <testcase classname="components/feedme/__tests__/QAPairExtractor.test.tsx" name="QAPairExtractor &gt; Loading States &gt; shows empty state when no pairs exist" time="0.000448584">
            <failure message="mockQAExtraction is not defined" type="ReferenceError">
ReferenceError: mockQAExtraction is not defined
 ❯ components/feedme/__tests__/QAPairExtractor.test.tsx:701:12
            </failure>
        </testcase>
        <testcase classname="components/feedme/__tests__/QAPairExtractor.test.tsx" name="QAPairExtractor &gt; Accessibility &gt; has proper ARIA labels" time="0.001070834">
            <failure message="Cannot read properties of undefined (reading &apos;length&apos;)" type="TypeError">
TypeError: Cannot read properties of undefined (reading &apos;length&apos;)
 ❯ QAPairExtractor components/feedme/QAPairExtractor.tsx:942:54
 ❯ Object.react-stack-bottom-frame node_modules/react-dom/cjs/react-dom-client.development.js:23863:20
 ❯ renderWithHooks node_modules/react-dom/cjs/react-dom-client.development.js:5529:22
 ❯ updateFunctionComponent node_modules/react-dom/cjs/react-dom-client.development.js:8897:19
 ❯ beginWork node_modules/react-dom/cjs/react-dom-client.development.js:10522:18
 ❯ runWithFiberInDEV node_modules/react-dom/cjs/react-dom-client.development.js:1522:13
 ❯ performUnitOfWork node_modules/react-dom/cjs/react-dom-client.development.js:15140:22
 ❯ workLoopSync node_modules/react-dom/cjs/react-dom-client.development.js:14956:41
 ❯ renderRootSync node_modules/react-dom/cjs/react-dom-client.development.js:14936:11
 ❯ performWorkOnRoot node_modules/react-dom/cjs/react-dom-client.development.js:14462:44
            </failure>
        </testcase>
        <testcase classname="components/feedme/__tests__/QAPairExtractor.test.tsx" name="QAPairExtractor &gt; Accessibility &gt; supports keyboard navigation" time="0.0009755">
            <failure message="Cannot read properties of undefined (reading &apos;length&apos;)" type="TypeError">
TypeError: Cannot read properties of undefined (reading &apos;length&apos;)
 ❯ QAPairExtractor components/feedme/QAPairExtractor.tsx:942:54
 ❯ Object.react-stack-bottom-frame node_modules/react-dom/cjs/react-dom-client.development.js:23863:20
 ❯ renderWithHooks node_modules/react-dom/cjs/react-dom-client.development.js:5529:22
 ❯ updateFunctionComponent node_modules/react-dom/cjs/react-dom-client.development.js:8897:19
 ❯ beginWork node_modules/react-dom/cjs/react-dom-client.development.js:10522:18
 ❯ runWithFiberInDEV node_modules/react-dom/cjs/react-dom-client.development.js:1522:13
 ❯ performUnitOfWork node_modules/react-dom/cjs/react-dom-client.development.js:15140:22
 ❯ workLoopSync node_modules/react-dom/cjs/react-dom-client.development.js:14956:41
 ❯ renderRootSync node_modules/react-dom/cjs/react-dom-client.development.js:14936:11
 ❯ performWorkOnRoot node_modules/react-dom/cjs/react-dom-client.development.js:14462:44
            </failure>
        </testcase>
        <testcase classname="components/feedme/__tests__/QAPairExtractor.test.tsx" name="QAPairExtractor &gt; Accessibility &gt; provides screen reader announcements" time="0.001063708">
            <failure message="Cannot read properties of undefined (reading &apos;length&apos;)" type="TypeError">
TypeError: Cannot read properties of undefined (reading &apos;length&apos;)
 ❯ QAPairExtractor components/feedme/QAPairExtractor.tsx:942:54
 ❯ Object.react-stack-bottom-frame node_modules/react-dom/cjs/react-dom-client.development.js:23863:20
 ❯ renderWithHooks node_modules/react-dom/cjs/react-dom-client.development.js:5529:22
 ❯ updateFunctionComponent node_modules/react-dom/cjs/react-dom-client.development.js:8897:19
 ❯ beginWork node_modules/react-dom/cjs/react-dom-client.development.js:10522:18
 ❯ runWithFiberInDEV node_modules/react-dom/cjs/react-dom-client.development.js:1522:13
 ❯ performUnitOfWork node_modules/react-dom/cjs/react-dom-client.development.js:15140:22
 ❯ workLoopSync node_modules/react-dom/cjs/react-dom-client.development.js:14956:41
 ❯ renderRootSync node_modules/react-dom/cjs/react-dom-client.development.js:14936:11
 ❯ performWorkOnRoot node_modules/react-dom/cjs/react-dom-client.development.js:14462:44
            </failure>
        </testcase>
        <testcase classname="components/feedme/__tests__/QAPairExtractor.test.tsx" name="QAPairExtractor &gt; Accessibility &gt; has proper color contrast for quality indicators" time="0.000879542">
            <failure message="Cannot read properties of undefined (reading &apos;length&apos;)" type="TypeError">
TypeError: Cannot read properties of undefined (reading &apos;length&apos;)
 ❯ QAPairExtractor components/feedme/QAPairExtractor.tsx:942:54
 ❯ Object.react-stack-bottom-frame node_modules/react-dom/cjs/react-dom-client.development.js:23863:20
 ❯ renderWithHooks node_modules/react-dom/cjs/react-dom-client.development.js:5529:22
 ❯ updateFunctionComponent node_modules/react-dom/cjs/react-dom-client.development.js:8897:19
 ❯ beginWork node_modules/react-dom/cjs/react-dom-client.development.js:10522:18
 ❯ runWithFiberInDEV node_modules/react-dom/cjs/react-dom-client.development.js:1522:13
 ❯ performUnitOfWork node_modules/react-dom/cjs/react-dom-client.development.js:15140:22
 ❯ workLoopSync node_modules/react-dom/cjs/react-dom-client.development.js:14956:41
 ❯ renderRootSync node_modules/react-dom/cjs/react-dom-client.development.js:14936:11
 ❯ performWorkOnRoot node_modules/react-dom/cjs/react-dom-client.development.js:14462:44
            </failure>
        </testcase>
        <testcase classname="components/feedme/__tests__/QAPairExtractor.test.tsx" name="QAPairExtractor &gt; Import/Export &gt; handles Q&amp;A pair export" time="0.0008925">
            <failure message="Cannot read properties of undefined (reading &apos;length&apos;)" type="TypeError">
TypeError: Cannot read properties of undefined (reading &apos;length&apos;)
 ❯ QAPairExtractor components/feedme/QAPairExtractor.tsx:942:54
 ❯ Object.react-stack-bottom-frame node_modules/react-dom/cjs/react-dom-client.development.js:23863:20
 ❯ renderWithHooks node_modules/react-dom/cjs/react-dom-client.development.js:5529:22
 ❯ updateFunctionComponent node_modules/react-dom/cjs/react-dom-client.development.js:8897:19
 ❯ beginWork node_modules/react-dom/cjs/react-dom-client.development.js:10522:18
 ❯ runWithFiberInDEV node_modules/react-dom/cjs/react-dom-client.development.js:1522:13
 ❯ performUnitOfWork node_modules/react-dom/cjs/react-dom-client.development.js:15140:22
 ❯ workLoopSync node_modules/react-dom/cjs/react-dom-client.development.js:14956:41
 ❯ renderRootSync node_modules/react-dom/cjs/react-dom-client.development.js:14936:11
 ❯ performWorkOnRoot node_modules/react-dom/cjs/react-dom-client.development.js:14462:44
            </failure>
        </testcase>
        <testcase classname="components/feedme/__tests__/QAPairExtractor.test.tsx" name="QAPairExtractor &gt; Import/Export &gt; handles Q&amp;A pair import" time="0.000982333">
            <failure message="Cannot read properties of undefined (reading &apos;length&apos;)" type="TypeError">
TypeError: Cannot read properties of undefined (reading &apos;length&apos;)
 ❯ QAPairExtractor components/feedme/QAPairExtractor.tsx:942:54
 ❯ Object.react-stack-bottom-frame node_modules/react-dom/cjs/react-dom-client.development.js:23863:20
 ❯ renderWithHooks node_modules/react-dom/cjs/react-dom-client.development.js:5529:22
 ❯ updateFunctionComponent node_modules/react-dom/cjs/react-dom-client.development.js:8897:19
 ❯ beginWork node_modules/react-dom/cjs/react-dom-client.development.js:10522:18
 ❯ runWithFiberInDEV node_modules/react-dom/cjs/react-dom-client.development.js:1522:13
 ❯ performUnitOfWork node_modules/react-dom/cjs/react-dom-client.development.js:15140:22
 ❯ workLoopSync node_modules/react-dom/cjs/react-dom-client.development.js:14956:41
 ❯ renderRootSync node_modules/react-dom/cjs/react-dom-client.development.js:14936:11
 ❯ performWorkOnRoot node_modules/react-dom/cjs/react-dom-client.development.js:14462:44
            </failure>
        </testcase>
        <testcase classname="components/feedme/__tests__/QAPairExtractor.test.tsx" name="QAPairExtractor &gt; Import/Export &gt; validates import file format" time="0.000984208">
            <failure message="Cannot read properties of undefined (reading &apos;length&apos;)" type="TypeError">
TypeError: Cannot read properties of undefined (reading &apos;length&apos;)
 ❯ QAPairExtractor components/feedme/QAPairExtractor.tsx:942:54
 ❯ Object.react-stack-bottom-frame node_modules/react-dom/cjs/react-dom-client.development.js:23863:20
 ❯ renderWithHooks node_modules/react-dom/cjs/react-dom-client.development.js:5529:22
 ❯ updateFunctionComponent node_modules/react-dom/cjs/react-dom-client.development.js:8897:19
 ❯ beginWork node_modules/react-dom/cjs/react-dom-client.development.js:10522:18
 ❯ runWithFiberInDEV node_modules/react-dom/cjs/react-dom-client.development.js:1522:13
 ❯ performUnitOfWork node_modules/react-dom/cjs/react-dom-client.development.js:15140:22
 ❯ workLoopSync node_modules/react-dom/cjs/react-dom-client.development.js:14956:41
 ❯ renderRootSync node_modules/react-dom/cjs/react-dom-client.development.js:14936:11
 ❯ performWorkOnRoot node_modules/react-dom/cjs/react-dom-client.development.js:14462:44
            </failure>
        </testcase>
    </testsuite>
    <testsuite name="lib/utils/__tests__/issueHelpers.test.ts" timestamp="2025-07-02T10:22:05.418Z" hostname="Shubhs-MacBook-Air.local" tests="7" failures="0" errors="0" skipped="0" time="0.001571667">
        <testcase classname="lib/utils/__tests__/issueHelpers.test.ts" name="issueHelpers &gt; getActiveIssues &gt; filters out inactive issues" time="0.00065925">
        </testcase>
        <testcase classname="lib/utils/__tests__/issueHelpers.test.ts" name="issueHelpers &gt; getActiveIssues &gt; filters out resolved issues" time="0.000079916">
        </testcase>
        <testcase classname="lib/utils/__tests__/issueHelpers.test.ts" name="issueHelpers &gt; getActiveIssues &gt; includes issues with pending remediation status" time="0.000062375">
        </testcase>
        <testcase classname="lib/utils/__tests__/issueHelpers.test.ts" name="issueHelpers &gt; getActiveIssueCount &gt; returns correct count of active issues" time="0.000060333">
        </testcase>
        <testcase classname="lib/utils/__tests__/issueHelpers.test.ts" name="issueHelpers &gt; getActiveIssueCount &gt; returns 0 for empty array" time="0.000053208">
        </testcase>
        <testcase classname="lib/utils/__tests__/issueHelpers.test.ts" name="issueHelpers &gt; countBySeverity &gt; counts active issues by severity level" time="0.000111334">
        </testcase>
        <testcase classname="lib/utils/__tests__/issueHelpers.test.ts" name="issueHelpers &gt; countBySeverity &gt; handles empty array" time="0.000080542">
        </testcase>
    </testsuite>
    <testsuite name="node_modules/entities/src/decode.spec.ts" timestamp="2025-07-02T10:22:05.418Z" hostname="Shubhs-MacBook-Air.local" tests="48" failures="0" errors="0" skipped="0" time="0.005369708">
        <testcase classname="node_modules/entities/src/decode.spec.ts" name="Decode test &gt; should XML decode &amp;amp;amp;" time="0.000778">
        </testcase>
        <testcase classname="node_modules/entities/src/decode.spec.ts" name="Decode test &gt; should HTML decode &amp;amp;amp;" time="0.000084875">
        </testcase>
        <testcase classname="node_modules/entities/src/decode.spec.ts" name="Decode test &gt; should XML decode &amp;amp;#38;" time="0.000056584">
        </testcase>
        <testcase classname="node_modules/entities/src/decode.spec.ts" name="Decode test &gt; should HTML decode &amp;amp;#38;" time="0.000051833">
        </testcase>
        <testcase classname="node_modules/entities/src/decode.spec.ts" name="Decode test &gt; should XML decode &amp;amp;#x26;" time="0.000045917">
        </testcase>
        <testcase classname="node_modules/entities/src/decode.spec.ts" name="Decode test &gt; should HTML decode &amp;amp;#x26;" time="0.000049959">
        </testcase>
        <testcase classname="node_modules/entities/src/decode.spec.ts" name="Decode test &gt; should XML decode &amp;amp;#X26;" time="0.000042291">
        </testcase>
        <testcase classname="node_modules/entities/src/decode.spec.ts" name="Decode test &gt; should HTML decode &amp;amp;#X26;" time="0.000037167">
        </testcase>
        <testcase classname="node_modules/entities/src/decode.spec.ts" name="Decode test &gt; should XML decode &amp;#38;#38;" time="0.000103">
        </testcase>
        <testcase classname="node_modules/entities/src/decode.spec.ts" name="Decode test &gt; should HTML decode &amp;#38;#38;" time="0.000050417">
        </testcase>
        <testcase classname="node_modules/entities/src/decode.spec.ts" name="Decode test &gt; should XML decode &amp;#x26;#38;" time="0.000052959">
        </testcase>
        <testcase classname="node_modules/entities/src/decode.spec.ts" name="Decode test &gt; should HTML decode &amp;#x26;#38;" time="0.000033">
        </testcase>
        <testcase classname="node_modules/entities/src/decode.spec.ts" name="Decode test &gt; should XML decode &amp;#X26;#38;" time="0.000032125">
        </testcase>
        <testcase classname="node_modules/entities/src/decode.spec.ts" name="Decode test &gt; should HTML decode &amp;#X26;#38;" time="0.000039083">
        </testcase>
        <testcase classname="node_modules/entities/src/decode.spec.ts" name="Decode test &gt; should XML decode &amp;#x3a;" time="0.000034875">
        </testcase>
        <testcase classname="node_modules/entities/src/decode.spec.ts" name="Decode test &gt; should HTML decode &amp;#x3a;" time="0.000030208">
        </testcase>
        <testcase classname="node_modules/entities/src/decode.spec.ts" name="Decode test &gt; should XML decode &amp;#x3A;" time="0.000041375">
        </testcase>
        <testcase classname="node_modules/entities/src/decode.spec.ts" name="Decode test &gt; should HTML decode &amp;#x3A;" time="0.000037959">
        </testcase>
        <testcase classname="node_modules/entities/src/decode.spec.ts" name="Decode test &gt; should XML decode &amp;#X3a;" time="0.000033709">
        </testcase>
        <testcase classname="node_modules/entities/src/decode.spec.ts" name="Decode test &gt; should HTML decode &amp;#X3a;" time="0.000034875">
        </testcase>
        <testcase classname="node_modules/entities/src/decode.spec.ts" name="Decode test &gt; should XML decode &amp;#X3A;" time="0.000034333">
        </testcase>
        <testcase classname="node_modules/entities/src/decode.spec.ts" name="Decode test &gt; should HTML decode &amp;#X3A;" time="0.000028417">
        </testcase>
        <testcase classname="node_modules/entities/src/decode.spec.ts" name="Decode test &gt; should XML decode &amp;#" time="0.000054167">
        </testcase>
        <testcase classname="node_modules/entities/src/decode.spec.ts" name="Decode test &gt; should HTML decode &amp;#" time="0.0000325">
        </testcase>
        <testcase classname="node_modules/entities/src/decode.spec.ts" name="Decode test &gt; should XML decode &amp;&gt;" time="0.000028792">
        </testcase>
        <testcase classname="node_modules/entities/src/decode.spec.ts" name="Decode test &gt; should HTML decode &amp;&gt;" time="0.000030083">
        </testcase>
        <testcase classname="node_modules/entities/src/decode.spec.ts" name="Decode test &gt; should XML decode id=770&amp;#anchor" time="0.000031125">
        </testcase>
        <testcase classname="node_modules/entities/src/decode.spec.ts" name="Decode test &gt; should HTML decode id=770&amp;#anchor" time="0.000026875">
        </testcase>
        <testcase classname="node_modules/entities/src/decode.spec.ts" name="Decode test &gt; should HTML decode partial legacy entity" time="0.000065458">
        </testcase>
        <testcase classname="node_modules/entities/src/decode.spec.ts" name="Decode test &gt; should HTML decode legacy entities according to spec" time="0.000035584">
        </testcase>
        <testcase classname="node_modules/entities/src/decode.spec.ts" name="Decode test &gt; should back out of legacy entities" time="0.000032417">
        </testcase>
        <testcase classname="node_modules/entities/src/decode.spec.ts" name="Decode test &gt; should not parse numeric entities in strict mode" time="0.000046041">
        </testcase>
        <testcase classname="node_modules/entities/src/decode.spec.ts" name="Decode test &gt; should parse &amp;nbsp followed by &lt; (#852)" time="0.000031917">
        </testcase>
        <testcase classname="node_modules/entities/src/decode.spec.ts" name="Decode test &gt; should decode trailing legacy entities" time="0.000040959">
        </testcase>
        <testcase classname="node_modules/entities/src/decode.spec.ts" name="Decode test &gt; should decode multi-byte entities" time="0.000042791">
        </testcase>
        <testcase classname="node_modules/entities/src/decode.spec.ts" name="Decode test &gt; should not decode legacy entities followed by text in attribute mode" time="0.000094667">
        </testcase>
        <testcase classname="node_modules/entities/src/decode.spec.ts" name="EntityDecoder &gt; should decode decimal entities" time="0.0008245">
        </testcase>
        <testcase classname="node_modules/entities/src/decode.spec.ts" name="EntityDecoder &gt; should decode hex entities" time="0.000121958">
        </testcase>
        <testcase classname="node_modules/entities/src/decode.spec.ts" name="EntityDecoder &gt; should decode named entities" time="0.000104708">
        </testcase>
        <testcase classname="node_modules/entities/src/decode.spec.ts" name="EntityDecoder &gt; should decode legacy entities" time="0.000104208">
        </testcase>
        <testcase classname="node_modules/entities/src/decode.spec.ts" name="EntityDecoder &gt; should decode named entity written character by character" time="0.000112917">
        </testcase>
        <testcase classname="node_modules/entities/src/decode.spec.ts" name="EntityDecoder &gt; should decode numeric entity written character by character" time="0.000103208">
        </testcase>
        <testcase classname="node_modules/entities/src/decode.spec.ts" name="EntityDecoder &gt; should decode hex entities across several chunks" time="0.000095625">
        </testcase>
        <testcase classname="node_modules/entities/src/decode.spec.ts" name="EntityDecoder &gt; should not fail if nothing is written" time="0.00006425">
        </testcase>
        <testcase classname="node_modules/entities/src/decode.spec.ts" name="EntityDecoder &gt; errors &gt; should produce an error for a named entity without a semicolon" time="0.000226709">
        </testcase>
        <testcase classname="node_modules/entities/src/decode.spec.ts" name="EntityDecoder &gt; errors &gt; should produce an error for a numeric entity without a semicolon" time="0.00016">
        </testcase>
        <testcase classname="node_modules/entities/src/decode.spec.ts" name="EntityDecoder &gt; errors &gt; should produce an error for numeric entities without digits" time="0.000126375">
        </testcase>
        <testcase classname="node_modules/entities/src/decode.spec.ts" name="EntityDecoder &gt; errors &gt; should produce an error for hex entities without digits" time="0.000110292">
        </testcase>
    </testsuite>
    <testsuite name="node_modules/entities/src/encode.spec.ts" timestamp="2025-07-02T10:22:05.420Z" hostname="Shubhs-MacBook-Air.local" tests="23" failures="0" errors="0" skipped="0" time="0.002794">
        <testcase classname="node_modules/entities/src/encode.spec.ts" name="Encode-&gt;decode test &gt; should XML encode asdf &amp; ÿ ü &apos;" time="0.000341166">
        </testcase>
        <testcase classname="node_modules/entities/src/encode.spec.ts" name="Encode-&gt;decode test &gt; should default to XML encode asdf &amp; ÿ ü &apos;" time="0.000087792">
        </testcase>
        <testcase classname="node_modules/entities/src/encode.spec.ts" name="Encode-&gt;decode test &gt; should XML decode asdf &amp;amp; &amp;#xff; &amp;#xfc; &amp;apos;" time="0.00022275">
        </testcase>
        <testcase classname="node_modules/entities/src/encode.spec.ts" name="Encode-&gt;decode test &gt; should default to XML encode asdf &amp;amp; &amp;#xff; &amp;#xfc; &amp;apos;" time="0.00007725">
        </testcase>
        <testcase classname="node_modules/entities/src/encode.spec.ts" name="Encode-&gt;decode test &gt; should default strict to XML encode asdf &amp;amp; &amp;#xff; &amp;#xfc; &amp;apos;" time="0.000072208">
        </testcase>
        <testcase classname="node_modules/entities/src/encode.spec.ts" name="Encode-&gt;decode test &gt; should HTML5 encode asdf &amp; ÿ ü &apos;" time="0.000047209">
        </testcase>
        <testcase classname="node_modules/entities/src/encode.spec.ts" name="Encode-&gt;decode test &gt; should HTML5 decode asdf &amp;amp; &amp;yuml; &amp;uuml; &amp;apos;" time="0.000057333">
        </testcase>
        <testcase classname="node_modules/entities/src/encode.spec.ts" name="Encode-&gt;decode test &gt; should encode emojis" time="0.000053416">
        </testcase>
        <testcase classname="node_modules/entities/src/encode.spec.ts" name="Encode-&gt;decode test &gt; should XML encode &amp;#38;" time="0.0000425">
        </testcase>
        <testcase classname="node_modules/entities/src/encode.spec.ts" name="Encode-&gt;decode test &gt; should default to XML encode &amp;#38;" time="0.000047">
        </testcase>
        <testcase classname="node_modules/entities/src/encode.spec.ts" name="Encode-&gt;decode test &gt; should XML decode &amp;amp;#38;" time="0.000037416">
        </testcase>
        <testcase classname="node_modules/entities/src/encode.spec.ts" name="Encode-&gt;decode test &gt; should default to XML encode &amp;amp;#38;" time="0.000035541">
        </testcase>
        <testcase classname="node_modules/entities/src/encode.spec.ts" name="Encode-&gt;decode test &gt; should default strict to XML encode &amp;amp;#38;" time="0.000032875">
        </testcase>
        <testcase classname="node_modules/entities/src/encode.spec.ts" name="Encode-&gt;decode test &gt; should HTML5 encode &amp;#38;" time="0.000029875">
        </testcase>
        <testcase classname="node_modules/entities/src/encode.spec.ts" name="Encode-&gt;decode test &gt; should HTML5 decode &amp;amp;&amp;num;38&amp;semi;" time="0.000032541">
        </testcase>
        <testcase classname="node_modules/entities/src/encode.spec.ts" name="Encode-&gt;decode test &gt; should encode emojis" time="0.000030208">
        </testcase>
        <testcase classname="node_modules/entities/src/encode.spec.ts" name="Encode-&gt;decode test &gt; should encode data URIs (issue #16)" time="0.000041375">
        </testcase>
        <testcase classname="node_modules/entities/src/encode.spec.ts" name="Encode-&gt;decode test &gt; should HTML encode all ASCII characters" time="0.00083325">
        </testcase>
        <testcase classname="node_modules/entities/src/encode.spec.ts" name="Encode-&gt;decode test &gt; should encode trailing parts of entities" time="0.000045166">
        </testcase>
        <testcase classname="node_modules/entities/src/encode.spec.ts" name="Encode-&gt;decode test &gt; should encode surrogate pair with first surrogate equivalent of entity, without corresponding entity" time="0.000032333">
        </testcase>
        <testcase classname="node_modules/entities/src/encode.spec.ts" name="encodeNonAsciiHTML &gt; should encode all non-ASCII characters" time="0.000043833">
        </testcase>
        <testcase classname="node_modules/entities/src/encode.spec.ts" name="encodeNonAsciiHTML &gt; should encode emojis" time="0.000047292">
        </testcase>
        <testcase classname="node_modules/entities/src/encode.spec.ts" name="encodeNonAsciiHTML &gt; should encode chars above surrogates" time="0.000039583">
        </testcase>
    </testsuite>
    <testsuite name="node_modules/entities/src/escape.spec.ts" timestamp="2025-07-02T10:22:05.421Z" hostname="Shubhs-MacBook-Air.local" tests="2" failures="0" errors="0" skipped="0" time="0.00088825">
        <testcase classname="node_modules/entities/src/escape.spec.ts" name="escape HTML &gt; should escape HTML attribute values" time="0.000425667">
        </testcase>
        <testcase classname="node_modules/entities/src/escape.spec.ts" name="escape HTML &gt; should escape HTML text" time="0.000088125">
        </testcase>
    </testsuite>
    <testsuite name="node_modules/entities/src/index.spec.ts" timestamp="2025-07-02T10:22:05.421Z" hostname="Shubhs-MacBook-Air.local" tests="1" failures="1" errors="0" skipped="0" time="0">
        <testcase classname="node_modules/entities/src/index.spec.ts" name="node_modules/entities/src/index.spec.ts" time="0">
            <failure message="Failed to resolve import &quot;../maps/legacy.json&quot; from &quot;node_modules/entities/src/index.spec.ts&quot;. Does the file exist?" type="Error">
Error: Failed to resolve import &quot;../maps/legacy.json&quot; from &quot;node_modules/entities/src/index.spec.ts&quot;. Does the file exist?
  Plugin: vite:import-analysis
  File: /Users/shubhpatel/Downloads/MB-Sparrow-main/frontend/node_modules/entities/src/index.spec.ts:4:19
  2  |  import { describe, it, expect } from &quot;vitest&quot;;
  3  |  import * as entities from &quot;./index.js&quot;;
  4  |  import legacy from &quot;../maps/legacy.json&quot;;
     |                      ^
  5  |  const levels = [&quot;xml&quot;, &quot;entities&quot;];
  6  |  describe(&quot;Documents&quot;, () =&gt; {
 ❯ TransformPluginContext._formatError node_modules/vite/dist/node/chunks/dep-C6uTJdX2.js:49258:41
 ❯ TransformPluginContext.error node_modules/vite/dist/node/chunks/dep-C6uTJdX2.js:49253:16
 ❯ normalizeUrl node_modules/vite/dist/node/chunks/dep-C6uTJdX2.js:64291:23
 ❯ node_modules/vite/dist/node/chunks/dep-C6uTJdX2.js:64423:39
 ❯ TransformPluginContext.transform node_modules/vite/dist/node/chunks/dep-C6uTJdX2.js:64350:7
 ❯ PluginContainer.transform node_modules/vite/dist/node/chunks/dep-C6uTJdX2.js:49099:18
 ❯ loadAndTransform node_modules/vite/dist/node/chunks/dep-C6uTJdX2.js:51977:27

⎯⎯⎯⎯⎯⎯⎯⎯⎯⎯⎯⎯⎯⎯⎯⎯⎯⎯⎯⎯⎯⎯⎯⎯⎯⎯⎯⎯⎯⎯
Serialized Error: { __vitest_rollup_error__: { plugin: &apos;vite:import-analysis&apos;, id: &apos;/Users/shubhpatel/Downloads/MB-Sparrow-main/frontend/node_modules/entities/src/index.spec.ts&apos;, loc: { file: &apos;/Users/shubhpatel/Downloads/MB-Sparrow-main/frontend/node_modules/entities/src/index.spec.ts&apos;, line: 4, column: 19 }, frame: &apos;2  |  import { describe, it, expect } from &quot;vitest&quot;;\n3  |  import * as entities from &quot;./index.js&quot;;\n4  |  import legacy from &quot;../maps/legacy.json&quot;;\n   |                      ^\n5  |  const levels = [&quot;xml&quot;, &quot;entities&quot;];\n6  |  describe(&quot;Documents&quot;, () =&gt; {&apos; } }
            </failure>
        </testcase>
    </testsuite>
    <testsuite name="node_modules/gensync/test/index.test.js" timestamp="2025-07-02T10:22:05.421Z" hostname="Shubhs-MacBook-Air.local" tests="1" failures="1" errors="0" skipped="0" time="0">
        <testcase classname="node_modules/gensync/test/index.test.js" name="node_modules/gensync/test/index.test.js" time="0">
            <failure message="Cannot find module &apos;util.promisify&apos;
Require stack:
- /Users/shubhpatel/Downloads/MB-Sparrow-main/frontend/node_modules/gensync/test/index.test.js" type="Error">
Error: Cannot find module &apos;util.promisify&apos;
Require stack:
- /Users/shubhpatel/Downloads/MB-Sparrow-main/frontend/node_modules/gensync/test/index.test.js
 ❯ Object.&lt;anonymous&gt; node_modules/gensync/test/index.test.js:3:19

⎯⎯⎯⎯⎯⎯⎯⎯⎯⎯⎯⎯⎯⎯⎯⎯⎯⎯⎯⎯⎯⎯⎯⎯⎯⎯⎯⎯⎯⎯
Serialized Error: { code: &apos;MODULE_NOT_FOUND&apos;, requireStack: [ &apos;/Users/shubhpatel/Downloads/MB-Sparrow-main/frontend/node_modules/gensync/test/index.test.js&apos; ] }
            </failure>
        </testcase>
    </testsuite>
    <testsuite name="node_modules/react-day-picker/src/DayPicker.test.tsx" timestamp="2025-07-02T10:22:05.421Z" hostname="Shubhs-MacBook-Air.local" tests="1" failures="1" errors="0" skipped="0" time="0">
        <testcase classname="node_modules/react-day-picker/src/DayPicker.test.tsx" name="node_modules/react-day-picker/src/DayPicker.test.tsx" time="0">
            <failure message="Failed to resolve import &quot;@/test/elements&quot; from &quot;node_modules/react-day-picker/src/DayPicker.test.tsx&quot;. Does the file exist?" type="Error">
Error: Failed to resolve import &quot;@/test/elements&quot; from &quot;node_modules/react-day-picker/src/DayPicker.test.tsx&quot;. Does the file exist?
  Plugin: vite:import-analysis
  File: /Users/shubhpatel/Downloads/MB-Sparrow-main/frontend/node_modules/react-day-picker/src/DayPicker.test.tsx:12:7
  8  |    nextButton,
  9  |    previousButton
  10 |  } from &quot;@/test/elements&quot;;
     |          ^
  11 |  import { fireEvent, render, screen } from &quot;@/test/render&quot;;
  12 |  import { user } from &quot;@/test/user&quot;;
 ❯ TransformPluginContext._formatError node_modules/vite/dist/node/chunks/dep-C6uTJdX2.js:49258:41
 ❯ TransformPluginContext.error node_modules/vite/dist/node/chunks/dep-C6uTJdX2.js:49253:16
 ❯ normalizeUrl node_modules/vite/dist/node/chunks/dep-C6uTJdX2.js:64291:23
 ❯ node_modules/vite/dist/node/chunks/dep-C6uTJdX2.js:64423:39
 ❯ TransformPluginContext.transform node_modules/vite/dist/node/chunks/dep-C6uTJdX2.js:64350:7
 ❯ PluginContainer.transform node_modules/vite/dist/node/chunks/dep-C6uTJdX2.js:49099:18
 ❯ loadAndTransform node_modules/vite/dist/node/chunks/dep-C6uTJdX2.js:51977:27

⎯⎯⎯⎯⎯⎯⎯⎯⎯⎯⎯⎯⎯⎯⎯⎯⎯⎯⎯⎯⎯⎯⎯⎯⎯⎯⎯⎯⎯⎯
Serialized Error: { __vitest_rollup_error__: { plugin: &apos;vite:import-analysis&apos;, id: &apos;/Users/shubhpatel/Downloads/MB-Sparrow-main/frontend/node_modules/react-day-picker/src/DayPicker.test.tsx&apos;, loc: { file: &apos;/Users/shubhpatel/Downloads/MB-Sparrow-main/frontend/node_modules/react-day-picker/src/DayPicker.test.tsx&apos;, line: 12, column: 7 }, frame: &apos;8  |    nextButton,\n9  |    previousButton\n10 |  } from &quot;@/test/elements&quot;;\n   |          ^\n11 |  import { fireEvent, render, screen } from &quot;@/test/render&quot;;\n12 |  import { user } from &quot;@/test/user&quot;;&apos; } }
            </failure>
        </testcase>
    </testsuite>
    <testsuite name="node_modules/react-day-picker/src/useAnimation.test.tsx" timestamp="2025-07-02T10:22:05.422Z" hostname="Shubhs-MacBook-Air.local" tests="1" failures="1" errors="0" skipped="0" time="0">
        <testcase classname="node_modules/react-day-picker/src/useAnimation.test.tsx" name="node_modules/react-day-picker/src/useAnimation.test.tsx" time="0">
            <failure message="Failed to resolve import &quot;../test/elements&quot; from &quot;node_modules/react-day-picker/src/useAnimation.test.tsx&quot;. Does the file exist?" type="Error">
Error: Failed to resolve import &quot;../test/elements&quot; from &quot;node_modules/react-day-picker/src/useAnimation.test.tsx&quot;. Does the file exist?
  Plugin: vite:import-analysis
  File: /Users/shubhpatel/Downloads/MB-Sparrow-main/frontend/node_modules/react-day-picker/src/useAnimation.test.tsx:7:43
  2  |  import { render } from &quot;@testing-library/react&quot;;
  3  |  import { user } from &quot;@/test/user&quot;;
  4  |  import { nextButton, previousButton } from &quot;../test/elements&quot;;
     |                                              ^
  5  |  import { DayPicker } from &quot;./DayPicker&quot;;
  6  |  jest.setSystemTime(new Date(2025, 1, 10));
 ❯ TransformPluginContext._formatError node_modules/vite/dist/node/chunks/dep-C6uTJdX2.js:49258:41
 ❯ TransformPluginContext.error node_modules/vite/dist/node/chunks/dep-C6uTJdX2.js:49253:16
 ❯ normalizeUrl node_modules/vite/dist/node/chunks/dep-C6uTJdX2.js:64291:23
 ❯ node_modules/vite/dist/node/chunks/dep-C6uTJdX2.js:64423:39
 ❯ TransformPluginContext.transform node_modules/vite/dist/node/chunks/dep-C6uTJdX2.js:64350:7
 ❯ PluginContainer.transform node_modules/vite/dist/node/chunks/dep-C6uTJdX2.js:49099:18
 ❯ loadAndTransform node_modules/vite/dist/node/chunks/dep-C6uTJdX2.js:51977:27

⎯⎯⎯⎯⎯⎯⎯⎯⎯⎯⎯⎯⎯⎯⎯⎯⎯⎯⎯⎯⎯⎯⎯⎯⎯⎯⎯⎯⎯⎯
Serialized Error: { __vitest_rollup_error__: { plugin: &apos;vite:import-analysis&apos;, id: &apos;/Users/shubhpatel/Downloads/MB-Sparrow-main/frontend/node_modules/react-day-picker/src/useAnimation.test.tsx&apos;, loc: { file: &apos;/Users/shubhpatel/Downloads/MB-Sparrow-main/frontend/node_modules/react-day-picker/src/useAnimation.test.tsx&apos;, line: 7, column: 43 }, frame: &apos;2  |  import { render } from &quot;@testing-library/react&quot;;\n3  |  import { user } from &quot;@/test/user&quot;;\n4  |  import { nextButton, previousButton } from &quot;../test/elements&quot;;\n   |                                              ^\n5  |  import { DayPicker } from &quot;./DayPicker&quot;;\n6  |  jest.setSystemTime(new Date(2025, 1, 10));&apos; } }
            </failure>
        </testcase>
    </testsuite>
    <testsuite name="node_modules/react-day-picker/src/useDayPicker.test.tsx" timestamp="2025-07-02T10:22:05.422Z" hostname="Shubhs-MacBook-Air.local" tests="1" failures="1" errors="0" skipped="0" time="0">
        <testcase classname="node_modules/react-day-picker/src/useDayPicker.test.tsx" name="node_modules/react-day-picker/src/useDayPicker.test.tsx" time="0">
            <failure message="jest is not defined" type="ReferenceError">
ReferenceError: jest is not defined
 ❯ node_modules/react-day-picker/src/useDayPicker.test.tsx:16:16
            </failure>
        </testcase>
    </testsuite>
    <testsuite name="node_modules/style-to-js/src/index.test.ts" timestamp="2025-07-02T10:22:05.422Z" hostname="Shubhs-MacBook-Air.local" tests="1" failures="1" errors="0" skipped="0" time="0">
        <testcase classname="node_modules/style-to-js/src/index.test.ts" name="node_modules/style-to-js/src/index.test.ts" time="0">
            <failure message="Cannot find module &apos;.&apos;
Require stack:
- /Users/shubhpatel/Downloads/MB-Sparrow-main/frontend/node_modules/style-to-js/src/index.test.ts" type="Error">
Error: Cannot find module &apos;.&apos;
Require stack:
- /Users/shubhpatel/Downloads/MB-Sparrow-main/frontend/node_modules/style-to-js/src/index.test.ts
 ❯ node_modules/style-to-js/src/index.test.ts:1:19

⎯⎯⎯⎯⎯⎯⎯⎯⎯⎯⎯⎯⎯⎯⎯⎯⎯⎯⎯⎯⎯⎯⎯⎯⎯⎯⎯⎯⎯⎯
Serialized Error: { code: &apos;MODULE_NOT_FOUND&apos;, requireStack: [ &apos;/Users/shubhpatel/Downloads/MB-Sparrow-main/frontend/node_modules/style-to-js/src/index.test.ts&apos; ] }
            </failure>
        </testcase>
    </testsuite>
    <testsuite name="node_modules/style-to-js/src/utilities.test.ts" timestamp="2025-07-02T10:22:05.422Z" hostname="Shubhs-MacBook-Air.local" tests="24" failures="0" errors="0" skipped="0" time="0.001964458">
        <testcase classname="node_modules/style-to-js/src/utilities.test.ts" name="camelCase &gt; returns &quot;&quot; for empty string" time="0.000394417">
        </testcase>
        <testcase classname="node_modules/style-to-js/src/utilities.test.ts" name="camelCase &gt; does not transform &quot;foo&quot;" time="0.000082083">
        </testcase>
        <testcase classname="node_modules/style-to-js/src/utilities.test.ts" name="camelCase &gt; does not transform &quot;fooBar&quot;" time="0.000066083">
        </testcase>
        <testcase classname="node_modules/style-to-js/src/utilities.test.ts" name="camelCase &gt; does not transform custom property &quot;--fooBar&quot;" time="0.000060458">
        </testcase>
        <testcase classname="node_modules/style-to-js/src/utilities.test.ts" name="camelCase &gt; does not transform custom property &quot;--foo-bar&quot;" time="0.000051958">
        </testcase>
        <testcase classname="node_modules/style-to-js/src/utilities.test.ts" name="camelCase &gt; does not transform custom property &quot;--foo-100&quot;" time="0.000043542">
        </testcase>
        <testcase classname="node_modules/style-to-js/src/utilities.test.ts" name="camelCase &gt; does not transform custom property &quot;--test_ing&quot;" time="0.000037709">
        </testcase>
        <testcase classname="node_modules/style-to-js/src/utilities.test.ts" name="camelCase &gt; transforms vendor prefix &quot;-khtml-transition&quot; to &quot;khtmlTransition&quot;" time="0.000079667">
        </testcase>
        <testcase classname="node_modules/style-to-js/src/utilities.test.ts" name="camelCase &gt; transforms vendor prefix &quot;-moz-user-select&quot; to &quot;mozUserSelect&quot;" time="0.000065125">
        </testcase>
        <testcase classname="node_modules/style-to-js/src/utilities.test.ts" name="camelCase &gt; transforms vendor prefix &quot;-ms-transform&quot; to &quot;msTransform&quot;" time="0.000049125">
        </testcase>
        <testcase classname="node_modules/style-to-js/src/utilities.test.ts" name="camelCase &gt; transforms vendor prefix &quot;-ms-user-select&quot; to &quot;msUserSelect&quot;" time="0.000038">
        </testcase>
        <testcase classname="node_modules/style-to-js/src/utilities.test.ts" name="camelCase &gt; transforms vendor prefix &quot;-o-transition&quot; to &quot;oTransition&quot;" time="0.000033083">
        </testcase>
        <testcase classname="node_modules/style-to-js/src/utilities.test.ts" name="camelCase &gt; transforms vendor prefix &quot;-webkit-transition&quot; to &quot;webkitTransition&quot;" time="0.00003125">
        </testcase>
        <testcase classname="node_modules/style-to-js/src/utilities.test.ts" name="camelCase &gt; transforms vendor prefix &quot;-webkit-user-select&quot; to &quot;webkitUserSelect&quot;" time="0.000031625">
        </testcase>
        <testcase classname="node_modules/style-to-js/src/utilities.test.ts" name="camelCase &gt; transforms &quot;foo-bar&quot; to &quot;fooBar&quot;" time="0.00003525">
        </testcase>
        <testcase classname="node_modules/style-to-js/src/utilities.test.ts" name="camelCase &gt; transforms &quot;foo-bar-baz&quot; to &quot;fooBarBaz&quot;" time="0.000029375">
        </testcase>
        <testcase classname="node_modules/style-to-js/src/utilities.test.ts" name="camelCase &gt; transforms &quot;CAMEL-CASE&quot; to &quot;camelCase&quot;" time="0.000037875">
        </testcase>
        <testcase classname="node_modules/style-to-js/src/utilities.test.ts" name="camelCase &gt; option reactCompat is true &gt; capitalizes vendor prefix &quot;-khtml-transition&quot; to &quot;KhtmlTransition&quot;" time="0.000051583">
        </testcase>
        <testcase classname="node_modules/style-to-js/src/utilities.test.ts" name="camelCase &gt; option reactCompat is true &gt; capitalizes vendor prefix &quot;-o-transition&quot; to &quot;OTransition&quot;" time="0.000043166">
        </testcase>
        <testcase classname="node_modules/style-to-js/src/utilities.test.ts" name="camelCase &gt; option reactCompat is true &gt; capitalizes vendor prefix &quot;-moz-user-select&quot; to &quot;MozUserSelect&quot;" time="0.000040833">
        </testcase>
        <testcase classname="node_modules/style-to-js/src/utilities.test.ts" name="camelCase &gt; option reactCompat is true &gt; capitalizes vendor prefix &quot;-ms-transform&quot; to &quot;msTransform&quot;" time="0.000039291">
        </testcase>
        <testcase classname="node_modules/style-to-js/src/utilities.test.ts" name="camelCase &gt; option reactCompat is true &gt; capitalizes vendor prefix &quot;-ms-user-select&quot; to &quot;msUserSelect&quot;" time="0.00004575">
        </testcase>
        <testcase classname="node_modules/style-to-js/src/utilities.test.ts" name="camelCase &gt; option reactCompat is true &gt; capitalizes vendor prefix &quot;-webkit-transition&quot; to &quot;WebkitTransition&quot;" time="0.000041459">
        </testcase>
        <testcase classname="node_modules/style-to-js/src/utilities.test.ts" name="camelCase &gt; option reactCompat is true &gt; capitalizes vendor prefix &quot;-webkit-user-select&quot; to &quot;WebkitUserSelect&quot;" time="0.000036417">
        </testcase>
    </testsuite>
    <testsuite name="tests/integration/rate-limiting/rateLimitingIntegration.test.tsx" timestamp="2025-07-02T10:22:05.423Z" hostname="Shubhs-MacBook-Air.local" tests="11" failures="9" errors="0" skipped="0" time="17.092353041">
        <testcase classname="tests/integration/rate-limiting/rateLimitingIntegration.test.tsx" name="Rate Limiting Integration Tests &gt; shows healthy status and no warnings under normal conditions" time="0.026503041">
        </testcase>
        <testcase classname="tests/integration/rate-limiting/rateLimitingIntegration.test.tsx" name="Rate Limiting Integration Tests &gt; shows warning status and warning alert when approaching limits" time="1.005249417">
            <failure message="Unable to find an element with the text: Warning: Approaching rate limits. This could be because the text is broken up by multiple elements. In this case, you can provide a function for your text matcher to make your matcher more flexible.

Ignored nodes: comments, script, style
[36m&lt;body&gt;[39m
  [36m&lt;div&gt;[39m
    [36m&lt;div&gt;[39m
      [36m&lt;div[39m
        [33mclass[39m=[32m&quot;rounded-lg border bg-card text-card-foreground shadow-sm&quot;[39m
      [36m&gt;[39m
        [36m&lt;div[39m
          [33mclass[39m=[32m&quot;flex flex-col space-y-1.5 p-6 pb-3&quot;[39m
        [36m&gt;[39m
          [36m&lt;div[39m
            [33mclass[39m=[32m&quot;flex items-center justify-between&quot;[39m
          [36m&gt;[39m
            [36m&lt;div[39m
              [33mclass[39m=[32m&quot;tracking-tight text-sm font-medium&quot;[39m
            [36m&gt;[39m
              [0mRate Limits[0m
            [36m&lt;/div&gt;[39m
            [36m&lt;div[39m
              [33mclass[39m=[32m&quot;inline-flex items-center rounded-full border px-2.5 py-0.5 font-semibold transition-colors focus:outline-none focus:ring-2 focus:ring-ring focus:ring-offset-2 hover:bg-primary/80 text-xs bg-yellow-100 text-yellow-800 border-yellow-200&quot;[39m
            [36m&gt;[39m
              [36m&lt;div[39m
                [33mclass[39m=[32m&quot;flex items-center space-x-1&quot;[39m
              [36m&gt;[39m
                [36m&lt;svg[39m
                  [33mclass[39m=[32m&quot;lucide lucide-triangle-alert h-4 w-4 text-yellow-500&quot;[39m
                  [33mfill[39m=[32m&quot;none&quot;[39m
                  [33mheight[39m=[32m&quot;24&quot;[39m
                  [33mstroke[39m=[32m&quot;currentColor&quot;[39m
                  [33mstroke-linecap[39m=[32m&quot;round&quot;[39m
                  [33mstroke-linejoin[39m=[32m&quot;round&quot;[39m
                  [33mstroke-width[39m=[32m&quot;2&quot;[39m
                  [33mviewBox[39m=[32m&quot;0 0 24 24&quot;[39m
                  [33mwidth[39m=[32m&quot;24&quot;[39m
                  [33mxmlns[39m=[32m&quot;http://www.w3.org/2000/svg&quot;[39m
                [36m&gt;[39m
                  [36m&lt;path[39m
                    [33md[39m=[32m&quot;m21.73 18-8-14a2 2 0 0 0-3.48 0l-8 14A2 2 0 0 0 4 21h16a2 2 0 0 0 1.73-3&quot;[39m
                  [36m/&gt;[39m
                  [36m&lt;path[39m
                    [33md[39m=[32m&quot;M12 9v4&quot;[39m
                  [36m/&gt;[39m
                  [36m&lt;path[39m
                    [33md[39m=[32m&quot;M12 17h.01&quot;[39m
                  [36m/&gt;[39m
                [36m&lt;/svg&gt;[39m
                [36m&lt;span&gt;[39m
                  [0mwarning[0m
                [36m&lt;/span&gt;[39m
              [36m&lt;/div&gt;[39m
            [36m&lt;/div&gt;[39m
          [36m&lt;/div&gt;[39m
        [36m&lt;/div&gt;[39m
        [36m&lt;div[39m
          [33mclass[39m=[32m&quot;p-6 pt-0 space-y-4&quot;[39m
        [36m&gt;[39m
          [36m&lt;div[39m
            [33mclass[39m=[32m&quot;space-y-2&quot;[39m
          [36m&gt;[39m
            [36m&lt;div[39m
              [33mclass[39m=[32m&quot;flex items-center justify-between&quot;[39m
            [36m&gt;[39m
              [36m&lt;div[39m
                [33mclass[39m=[32m&quot;flex items-center space-x-2&quot;[39m
              [36m&gt;[39m
                [36m&lt;svg[39m
                  [33mclass[39m=[32m&quot;lucide lucide-zap h-3 w-3 text-blue-500&quot;[39m
                  [33mfill[39m=[32m&quot;none&quot;[39m
                  [33mheight[39m=[32m&quot;24&quot;[39m
                  [33mstroke[39m=[32m&quot;currentColor&quot;[39m
                  [33mstroke-linecap[39m=[32m&quot;round&quot;[39m
                  [33mstroke-linejoin[39m=[32m&quot;round&quot;[39m
                  [33mstroke-width[39m=[32m&quot;2&quot;[39m
                  [33mviewBox[39m=[32m&quot;0 0 24 24&quot;[39m
                  [33mwidth[39m=[32m&quot;24&quot;[39m
                  [33mxmlns[39m=[32m&quot;http://www.w3.org/2000/svg&quot;[39m
                [36m&gt;[39m
                  [36m&lt;path[39m
                    [33md[39m=[32m&quot;M4 14a1 1 0 0 1-.78-1.63l9.9-10.2a.5.5 0 0 1 .86.46l-1.92 6.02A1 1 0 0 0 13 10h7a1 1 0 0 1 .78 1.63l-9.9 10.2a.5.5 0 0 1-.86-.46l1.92-6.02A1 1 0 0 0 11 14z&quot;[39m
                  [36m/&gt;[39m
                [36m&lt;/svg&gt;[39m
                [36m&lt;span[39m
                  [33mclass[39m=[32m&quot;text-xs font-medium&quot;[39m
                [36m&gt;[39m
                  [0mFlash (2.5)[0m
                [36m&lt;/span&gt;[39m
              [36m&lt;/div&gt;[39m
              [36m&lt;button[39m
                [33mdata-state[39m=[32m&quot;closed&quot;[39m
              [36m&gt;[39m
                [36m&lt;div[39m
                  [33mclass[39m=[32m&quot;inline-flex items-center rounded-full border px-2.5 py-0.5 font-semibold transition-colors focus:outline-none focus:ring-2 focus:ring-ring focus:ring-offset-2 text-foreground text-xs&quot;[39m
                [36m&gt;[39m
                  [0m6[0m
                  [0m/[0m
                  [0m8[0m
                  [0m RPM[0m
                [36m&lt;/div&gt;[39m
              [36m&lt;/button&gt;[39m
            [36m&lt;/div&gt;[39m
            [36m&lt;div[39m
              [33mclass[39m=[32m&quot;space-y-1&quot;[39m
            [36m&gt;[39m
              [36m&lt;div[39m
                [33maria-valuemax[39m=[32m&quot;100&quot;[39m
                [33maria-valuemin[39m=[32m&quot;0&quot;[39m
                [33mclass[39m=[32m&quot;relative w-full overflow-hidden rounded-full bg-secondary h-2&quot;[39m
                [33mdata-max[39m=[32m&quot;100&quot;[39m
                [33mdata-state[39m=[32m&quot;indeterminate&quot;[39m
                [33mrole[39m=[32m&quot;progressbar&quot;[39m
              [36m&gt;[39m
                [36m&lt;div[39m
                  [33mclass[39m=[32m&quot;h-full w-full flex-1 transition-all bg-orange-500&quot;[39m
                  [33mdata-max[39m=[32m&quot;100&quot;[39m
                  [33mdata-state[39m=[32m&quot;indeterminate&quot;[39m
                  [33mstyle[39m=[32m&quot;transform: translateX(-20%);&quot;[39m
                [36m/&gt;[39m
              [36m&lt;/div&gt;[39m
              [36m&lt;div[39m
                [33mclass[39m=[32m&quot;flex justify-between text-xs text-gray-500&quot;[39m
              [36m&gt;[39m
                [36m&lt;span&gt;[39m
                  [0mRPM: [0m
                  [0m80[0m
                  [0m%[0m
                [36m&lt;/span&gt;[39m
                [36m&lt;span&gt;[39m
                  [0mDaily: [0m
                  [0m50[0m
                  [0m%[0m
                [36m&lt;/span&gt;[39m
              [36m&lt;/div&gt;[39m
            [36m&lt;/div&gt;[39m
          [36m&lt;/div&gt;[39m
          [36m&lt;div[39m
            [33mclass[39m=[32m&quot;space-y-2&quot;[39m
          [36m&gt;[39m
            [36m&lt;div[39m
              [33mclass[39m=[32m&quot;flex items-center justify-between&quot;[39m
            [36m&gt;[39m
              [36m&lt;div[39m
                [33mclass[39m=[32m&quot;flex items-center space-x-2&quot;[39m
              [36m&gt;[39m
                [36m&lt;svg[39m
                  [33mclass[39m=[32m&quot;lucide lucide-zap h-3 w-3 text-purple-500&quot;[39m
                  [33mfill[39m=[32m&quot;none&quot;[39m
                  [33mheight[39m=[32m&quot;24&quot;[39m
                  [33mstroke[39m=[32m&quot;currentColor&quot;[39m
                  [33mstroke-linecap[39m=[32m&quot;round&quot;[39m
                  [33mstroke-linejoin[39m=[32m&quot;round&quot;[39m
                  [33mstroke-width[39m=[32m&quot;2&quot;[39m
                  [33mviewBox[39m=[32m&quot;0 0 24 24&quot;[39m
                  [33mwidth[39m=[32m&quot;24&quot;[39m
                  [33mxmlns[39m=[32m&quot;http://www.w3.org/2000/svg&quot;[39m
                [36m&gt;[39m
                  [36m&lt;path[39m
                    [33md[39m=[32m&quot;M4 14a1 1 0 0 1-.78-1.63l9.9-10.2a.5.5 0 0 1 .86.46l-1.92 6.02A1 1 0 0 0 13 10h7a1 1 0 0 1 .78 1.63l-9.9 10.2a.5.5 0 0 1-.86-.46l1.92-6.02A1 1 0 0 0 11 14z&quot;[39m
                  [36m/&gt;[39m
                [36m&lt;/svg&gt;[39m
                [36m&lt;span[39m
                  [33mclass[39m=[32m&quot;text-xs font-medium&quot;[39m
                [36m&gt;[39m
                  [0mPro (2.5)[0m
                [36m&lt;/span&gt;[39m
              [36m&lt;/div&gt;[39m
              [36m&lt;button[39m
                [33mdata-state[39m=[32m&quot;closed&quot;[39m
              [36m&gt;[39m
                [36m&lt;div[39m
                  [33mclass[39m=[32m&quot;inline-flex items-center rounded-full border px-2.5 py-0.5 font-semibold transition-colors focus:outline-none focus:ring-2 focus:ring-ring focus:ring-offset-2 text-foreground text-xs&quot;[39m
                [36m&gt;[39m
                  [0m2[0m
                  [0m/[0m
                  [0m4[0m
                  [0m RPM[0m
                [36m&lt;/div&gt;[39m
              [36m&lt;/button&gt;[39m
            [36m&lt;/div&gt;[39m
            [36m&lt;div[39m
              [33mclass[39m=[32m&quot;space-y-1&quot;[39m
            [36m&gt;[39m
              [36m&lt;div[39m
                [33maria-valuemax[39m=[32m&quot;100&quot;[39m
                [33maria-valuemin[39m=[32m&quot;0&quot;[39m
                [33mclass[39m=[32m&quot;relative w-full overflow-hidden rounded-full bg-secondary h-2&quot;[39m
                [33mdata-max[39m=[32m&quot;100&quot;[39m
                [33mdata-state[39m=[32m&quot;indeterminate&quot;[39m
                [33mrole[39m=[32m&quot;progressbar&quot;[39m
              [36m&gt;[39m
                [36m&lt;div[39m
                  [33mclass[39m=[32m&quot;h-full w-full flex-1 transition-all bg-green-500&quot;[39m
                  [33mdata-max[39m=[32m&quot;100&quot;[39m
                  [33mdata-state[39m=[32m&quot;indeterminate&quot;[39m
                  [33mstyle[39m=[32m&quot;transform: translateX(-50%);&quot;[39m
                [36m/&gt;[39m
              [36m&lt;/div&gt;[39m
              [36m&lt;div[39m
                [33mclass[39m=[32m&quot;flex justify-between text-xs text-gray-500&quot;[39m
              [36m&gt;[39m
                [36m&lt;span&gt;[39m
                  [0mRPM: [0m
                  [0m50[0m
                  [0m%[0m
                [36m&lt;/span&gt;[39m
                [36m&lt;span&gt;[39m
                  [0mDaily: [0m
                  [0m50[0m
                  [0m%[0m
                [36m&lt;/span&gt;[39m
              [36m&lt;/div&gt;[39m
            [36m&lt;/div&gt;[39m
          [36m&lt;/div&gt;[39m
          [36m&lt;div[39m
            [33mclass[39m=[32m&quot;pt-2 border-t&quot;[39m
          [36m&gt;[39m
            [36m&lt;div[39m
              [33mclass[39m=[32m&quot;flex justify-between text-xs text-gray-500&quot;[39m
            [36m&gt;[39m
              [36m&lt;span&gt;[39m
                [0mTotal Today: [0m
                [0m250[0m
              [36m&lt;/span&gt;[39m
              [36m&lt;span&gt;[39m
                [0mUptime: [0m
                [0m100[0m
                [0m%[0m
              [36m&lt;/span&gt;[39m
            [36m&lt;/div&gt;[39m
            [36m&lt;div[39m
              [33mclass[39m=[32m&quot;text-xs text-gray-400 mt-1&quot;[39m
            [36m&gt;[39m
              [0mUpdated: [0m
              [0m3:51:07 pm[0m
            [36m&lt;/div&gt;[39m
          [36m&lt;/div&gt;[39m
        [36m&lt;/div&gt;[39m
      [36m&lt;/div&gt;[39m
    [36m&lt;/div&gt;[39m
  [36m&lt;/div&gt;[39m
[36m&lt;/body&gt;[39m

Ignored nodes: comments, script, style
[36m&lt;html&gt;[39m
  [36m&lt;head /&gt;[39m
  [36m&lt;body&gt;[39m
    [36m&lt;div&gt;[39m
      [36m&lt;div&gt;[39m
        [36m&lt;div[39m
          [33mclass[39m=[32m&quot;rounded-lg border bg-card text-card-foreground shadow-sm&quot;[39m
        [36m&gt;[39m
          [36m&lt;div[39m
            [33mclass[39m=[32m&quot;flex flex-col space-y-1.5 p-6 pb-3&quot;[39m
          [36m&gt;[39m
            [36m&lt;div[39m
              [33mclass[39m=[32m&quot;flex items-center justify-between&quot;[39m
            [36m&gt;[39m
              [36m&lt;div[39m
                [33mclass[39m=[32m&quot;tracking-tight text-sm font-medium&quot;[39m
              [36m&gt;[39m
                [0mRate Limits[0m
              [36m&lt;/div&gt;[39m
              [36m&lt;div[39m
                [33mclass[39m=[32m&quot;inline-flex items-center rounded-full border px-2.5 py-0.5 font-semibold transition-colors focus:outline-none focus:ring-2 focus:ring-ring focus:ring-offset-2 hover:bg-primary/80 text-xs bg-yellow-100 text-yellow-800 border-yellow-200&quot;[39m
              [36m&gt;[39m
                [36m&lt;div[39m
                  [33mclass[39m=[32m&quot;flex items-center space-x-1&quot;[39m
                [36m&gt;[39m
                  [36m&lt;svg[39m
                    [33mclass[39m=[32m&quot;lucide lucide-triangle-alert h-4 w-4 text-yellow-500&quot;[39m
                    [33mfill[39m=[32m&quot;none&quot;[39m
                    [33mheight[39m=[32m&quot;24&quot;[39m
                    [33mstroke[39m=[32m&quot;currentColor&quot;[39m
                    [33mstroke-linecap[39m=[32m&quot;round&quot;[39m
                    [33mstroke-linejoin[39m=[32m&quot;round&quot;[39m
                    [33mstroke-width[39m=[32m&quot;2&quot;[39m
                    [33mviewBox[39m=[32m&quot;0 0 24 24&quot;[39m
                    [33mwidth[39m=[32m&quot;24&quot;[39m
                    [33mxmlns[39m=[32m&quot;http://www.w3.org/2000/svg&quot;[39m
                  [36m&gt;[39m
                    [36m&lt;path[39m
                      [33md[39m=[32m&quot;m21.73 18-8-14a2 2 0 0 0-3.48 0l-8 14A2 2 0 0 0 4 21h16a2 2 0 0 0 1.73-3&quot;[39m
                    [36m/&gt;[39m
                    [36m&lt;path[39m
                      [33md[39m=[32m&quot;M12 9v4&quot;[39m
                    [36m/&gt;[39m
                    [36m&lt;path[39m
                      [33md[39m=[32m&quot;M12 17h.01&quot;[39m
                    [36m/&gt;[39m
                  [36m&lt;/svg&gt;[39m
                  [36m&lt;span&gt;[39m
                    [0mwarning[0m
                  [36m&lt;/span&gt;[39m
                [36m&lt;/div&gt;[39m
              [36m&lt;/div&gt;[39m
            [36m&lt;/div&gt;[39m
          [36m&lt;/div&gt;[39m
          [36m&lt;div[39m
            [33mclass[39m=[32m&quot;p-6 pt-0 space-y-4&quot;[39m
          [36m&gt;[39m
            [36m&lt;div[39m
              [33mclass[39m=[32m&quot;space-y-2&quot;[39m
            [36m&gt;[39m
              [36m&lt;div[39m
                [33mclass[39m=[32m&quot;flex items-center justify-between&quot;[39m
              [36m&gt;[39m
                [36m&lt;div[39m
                  [33mclass[39m=[32m&quot;flex items-center space-x-2&quot;[39m
                [36m&gt;[39m
                  [36m&lt;svg[39m
                    [33mclass[39m=[32m&quot;lucide lucide-zap h-3 w-3 text-blue-500&quot;[39m
                    [33mfill[39m=[32m&quot;none&quot;[39m
                    [33mheight[39m=[32m&quot;24&quot;[39m
                    [33mstroke[39m=[32m&quot;currentColor&quot;[39m
                    [33mstroke-linecap[39m=[32m&quot;round&quot;[39m
                    [33mstroke-linejoin[39m=[32m&quot;round&quot;[39m
                    [33mstroke-width[39m=[32m&quot;2&quot;[39m
                    [33mviewBox[39m=[32m&quot;0 0 24 24&quot;[39m
                    [33mwidth[39m=[32m&quot;24&quot;[39m
                    [33mxmlns[39m=[32m&quot;http://www.w3.org/2000/svg&quot;[39m
                  [36m&gt;[39m
                    [36m&lt;path[39m
                      [33md[39m=[32m&quot;M4 14a1 1 0 0 1-.78-1.63l9.9-10.2a.5.5 0 0 1 .86.46l-1.92 6.02A1 1 0 0 0 13 10h7a1 1 0 0 1 .78 1.63l-9.9 10.2a.5.5 0 0 1-.86-.46l1.92-6.02A1 1 0 0 0 11 14z&quot;[39m
                    [36m/&gt;[39m
                  [36m&lt;/svg&gt;[39m
                  [36m&lt;span[39m
                    [33mclass[39m=[32m&quot;text-xs font-medium&quot;[39m
                  [36m&gt;[39m
                    [0mFlash (2.5)[0m
                  [36m&lt;/span&gt;[39m
                [36m&lt;/div&gt;[39m
                [36m&lt;button[39m
                  [33mdata-state[39m=[32m&quot;closed&quot;[39m
                [36m&gt;[39m
                  [36m&lt;div[39m
                    [33mclass[39m=[32m&quot;inline-flex items-center rounded-full border px-2.5 py-0.5 font-semibold transition-colors focus:outline-none focus:ring-2 focus:ring-ring focus:ring-offset-2 text-foreground text-xs&quot;[39m
                  [36m&gt;[39m
                    [0m6[0m
                    [0m/[0m
                    [0m8[0m
                    [0m RPM[0m
                  [36m&lt;/div&gt;[39m
                [36m&lt;/button&gt;[39m
              [36m&lt;/div&gt;[39m
              [36m&lt;div[39m
                [33mclass[39m=[32m&quot;space-y-1&quot;[39m
              [36m&gt;[39m
                [36m&lt;div[39m
                  [33maria-valuemax[39m=[32m&quot;100&quot;[39m
                  [33maria-valuemin[39m=[32m&quot;0&quot;[39m
                  [33mclass[39m=[32m&quot;relative w-full overflow-hidden rounded-full bg-secondary h-2&quot;[39m
                  [33mdata-max[39m=[32m&quot;100&quot;[39m
                  [33mdata-state[39m=[32m&quot;indeterminate&quot;[39m
                  [33mrole[39m=[32m&quot;progressbar&quot;[39m
                [36m&gt;[39m
                  [36m&lt;div[39m
                    [33mclass[39m=[32m&quot;h-full w-full flex-1 transition-all bg-orange-500&quot;[39m
                    [33mdata-max[39m=[32m&quot;100&quot;[39m
                    [33mdata-state[39m=[32m&quot;indeterminate&quot;[39m
                    [33mstyle[39m=[32m&quot;transform: translateX(-20%);&quot;[39m
                  [36m/&gt;[39m
                [36m&lt;/div&gt;[39m
                [36m&lt;div[39m
                  [33mclass[39m=[32m&quot;flex justify-between text-xs text-gray-500&quot;[39m
                [36m&gt;[39m
                  [36m&lt;span&gt;[39m
                    [0mRPM: [0m
                    [0m80[0m
                    [0m%[0m
                  [36m&lt;/span&gt;[39m
                  [36m&lt;span&gt;[39m
                    [0mDaily: [0m
                    [0m50[0m
                    [0m%[0m
                  [36m&lt;/span&gt;[39m
                [36m&lt;/div&gt;[39m
              [36m&lt;/div&gt;[39m
            [36m&lt;/div&gt;[39m
            [36m&lt;div[39m
              [33mclass[39m=[32m&quot;space-y-2&quot;[39m
            [36m&gt;[39m
              [36m&lt;div[39m
                [33mclass[39m=[32m&quot;flex items-center justify-between&quot;[39m
              [36m&gt;[39m
                [36m&lt;div[39m
                  [33mclass[39m=[32m&quot;flex items-center space-x-2&quot;[39m
                [36m&gt;[39m
                  [36m&lt;svg[39m
                    [33mclass[39m=[32m&quot;lucide lucide-zap h-3 w-3 text-purple-500&quot;[39m
                    [33mfill[39m=[32m&quot;none&quot;[39m
                    [33mheight[39m=[32m&quot;24&quot;[39m
                    [33mstroke[39m=[32m&quot;currentColor&quot;[39m
                    [33mstroke-linecap[39m=[32m&quot;round&quot;[39m
                    [33mstroke-linejoin[39m=[32m&quot;round&quot;[39m
                    [33mstroke-width[39m=[32m&quot;2&quot;[39m
                    [33mviewBox[39m=[32m&quot;0 0 24 24&quot;[39m
                    [33mwidth[39m=[32m&quot;24&quot;[39m
                    [33mxmlns[39m=[32m&quot;http://www.w3.org/2000/svg&quot;[39m
                  [36m&gt;[39m
                    [36m&lt;path[39m
                      [33md[39m=[32m&quot;M4 14a1 1 0 0 1-.78-1.63l9.9-10.2a.5.5 0 0 1 .86.46l-1.92 6.02A1 1 0 0 0 13 10h7a1 1 0 0 1 .78 1.63l-9.9 10.2a.5.5 0 0 1-.86-.46l1.92-6.02A1 1 0 0 0 11 14z&quot;[39m
                    [36m/&gt;[39m
                  [36m&lt;/svg&gt;[39m
                  [36m&lt;span[39m
                    [33mclass[39m=[32m&quot;text-xs font-medium&quot;[39m
                  [36m&gt;[39m
                    [0mPro (2.5)[0m
                  [36m&lt;/span&gt;[39m
                [36m&lt;/div&gt;[39m
                [36m&lt;button[39m
                  [33mdata-state[39m=[32m&quot;closed&quot;[39m
                [36m&gt;[39m
                  [36m&lt;div[39m
                    [33mclass[39m=[32m&quot;inline-flex items-center rounded-full border px-2.5 py-0.5 font-semibold transition-colors focus:outline-none focus:ring-2 focus:ring-ring focus:ring-offset-2 text-foreground text-xs&quot;[39m
                  [36m&gt;[39m
                    [0m2[0m
                    [0m/[0m
                    [0m4[0m
                    [0m RPM[0m
                  [36m&lt;/div&gt;[39m
                [36m&lt;/button&gt;[39m
              [36m&lt;/div&gt;[39m
              [36m&lt;div[39m
                [33mclass[39m=[32m&quot;space-y-1&quot;[39m
              [36m&gt;[39m
                [36m&lt;div[39m
                  [33maria-valuemax[39m=[32m&quot;100&quot;[39m
                  [33maria-valuemin[39m=[32m&quot;0&quot;[39m
                  [33mclass[39m=[32m&quot;relative w-full overflow-hidden rounded-full bg-secondary h-2&quot;[39m
                  [33mdata-max[39m=[32m&quot;100&quot;[39m
                  [33mdata-state[39m=[32m&quot;indeterminate&quot;[39m
                  [33mrole[39m=[32m&quot;progressbar&quot;[39m
                [36m&gt;[39m
                  [36m&lt;div[39m
                    [33mclass[39m=[32m&quot;h-full w-full flex-1 transition-all bg-green-500&quot;[39m
                    [33mdata-max[39m=[32m&quot;100&quot;[39m
                    [33mdata-state[39m=[32m&quot;indeterminate&quot;[39m
                    [33mstyle[39m=[32m&quot;transform: translateX(-50%);&quot;[39m
                  [36m/&gt;[39m
                [36m&lt;/div&gt;[39m
                [36m&lt;div[39m
                  [33mclass[39m=[32m&quot;flex justify-between text-xs text-gray-500&quot;[39m
                [36m&gt;[39m
                  [36m&lt;span&gt;[39m
                    [0mRPM: [0m
                    [0m50[0m
                    [0m%[0m
                  [36m&lt;/span&gt;[39m
                  [36m&lt;span&gt;[39m
                    [0mDaily: [0m
                    [0m50[0m
                    [0m%[0m
                  [36m&lt;/span&gt;[39m
                [36m&lt;/div&gt;[39m
              [36m&lt;/div&gt;[39m
            [36m&lt;/div&gt;[39m
            [36m&lt;div[39m
              [33mclass[39m=[32m&quot;pt-2 border-t&quot;[39m
            [36m&gt;[39m
              [36m&lt;div[39m
                [33mclass[39m=[32m&quot;flex justify-between text-xs text-gray-500&quot;[39m
              [36m&gt;[39m
                [36m&lt;span&gt;[39m
                  [0mTotal Today: [0m
                  [0m250[0m
                [36m&lt;/span&gt;[39m
                [36m&lt;span&gt;[39m
                  [0mUptime: [0m
                  [0m100[0m
                  [0m%[0m
                [36m&lt;/span&gt;[39m
              [36m&lt;/div&gt;[39m
              [36m&lt;div[39m
                [33mclass[39m=[32m&quot;text-xs text-gray-400 mt-1&quot;[39m
              [36m&gt;[39m
                [0mUpdated: [0m
                [0m3:51:07 pm[0m
              [36m&lt;/div&gt;[39m
            [36m&lt;/div&gt;[39m
          [36m&lt;/div&gt;[39m
        [36m&lt;/div&gt;[39m
      [36m&lt;/div&gt;[39m
    [36m&lt;/div&gt;[39m
  [36m&lt;/body&gt;[39m
[36m&lt;/html&gt;[39m" type="TestingLibraryElementError">
TestingLibraryElementError: Unable to find an element with the text: Warning: Approaching rate limits. This could be because the text is broken up by multiple elements. In this case, you can provide a function for your text matcher to make your matcher more flexible.

Ignored nodes: comments, script, style
&lt;body&gt;
  &lt;div&gt;
    &lt;div&gt;
      &lt;div
        class=&quot;rounded-lg border bg-card text-card-foreground shadow-sm&quot;
      &gt;
        &lt;div
          class=&quot;flex flex-col space-y-1.5 p-6 pb-3&quot;
        &gt;
          &lt;div
            class=&quot;flex items-center justify-between&quot;
          &gt;
            &lt;div
              class=&quot;tracking-tight text-sm font-medium&quot;
            &gt;
              Rate Limits
            &lt;/div&gt;
            &lt;div
              class=&quot;inline-flex items-center rounded-full border px-2.5 py-0.5 font-semibold transition-colors focus:outline-none focus:ring-2 focus:ring-ring focus:ring-offset-2 hover:bg-primary/80 text-xs bg-yellow-100 text-yellow-800 border-yellow-200&quot;
            &gt;
              &lt;div
                class=&quot;flex items-center space-x-1&quot;
              &gt;
                &lt;svg
                  class=&quot;lucide lucide-triangle-alert h-4 w-4 text-yellow-500&quot;
                  fill=&quot;none&quot;
                  height=&quot;24&quot;
                  stroke=&quot;currentColor&quot;
                  stroke-linecap=&quot;round&quot;
                  stroke-linejoin=&quot;round&quot;
                  stroke-width=&quot;2&quot;
                  viewBox=&quot;0 0 24 24&quot;
                  width=&quot;24&quot;
                  xmlns=&quot;http://www.w3.org/2000/svg&quot;
                &gt;
                  &lt;path
                    d=&quot;m21.73 18-8-14a2 2 0 0 0-3.48 0l-8 14A2 2 0 0 0 4 21h16a2 2 0 0 0 1.73-3&quot;
                  /&gt;
                  &lt;path
                    d=&quot;M12 9v4&quot;
                  /&gt;
                  &lt;path
                    d=&quot;M12 17h.01&quot;
                  /&gt;
                &lt;/svg&gt;
                &lt;span&gt;
                  warning
                &lt;/span&gt;
              &lt;/div&gt;
            &lt;/div&gt;
          &lt;/div&gt;
        &lt;/div&gt;
        &lt;div
          class=&quot;p-6 pt-0 space-y-4&quot;
        &gt;
          &lt;div
            class=&quot;space-y-2&quot;
          &gt;
            &lt;div
              class=&quot;flex items-center justify-between&quot;
            &gt;
              &lt;div
                class=&quot;flex items-center space-x-2&quot;
              &gt;
                &lt;svg
                  class=&quot;lucide lucide-zap h-3 w-3 text-blue-500&quot;
                  fill=&quot;none&quot;
                  height=&quot;24&quot;
                  stroke=&quot;currentColor&quot;
                  stroke-linecap=&quot;round&quot;
                  stroke-linejoin=&quot;round&quot;
                  stroke-width=&quot;2&quot;
                  viewBox=&quot;0 0 24 24&quot;
                  width=&quot;24&quot;
                  xmlns=&quot;http://www.w3.org/2000/svg&quot;
                &gt;
                  &lt;path
                    d=&quot;M4 14a1 1 0 0 1-.78-1.63l9.9-10.2a.5.5 0 0 1 .86.46l-1.92 6.02A1 1 0 0 0 13 10h7a1 1 0 0 1 .78 1.63l-9.9 10.2a.5.5 0 0 1-.86-.46l1.92-6.02A1 1 0 0 0 11 14z&quot;
                  /&gt;
                &lt;/svg&gt;
                &lt;span
                  class=&quot;text-xs font-medium&quot;
                &gt;
                  Flash (2.5)
                &lt;/span&gt;
              &lt;/div&gt;
              &lt;button
                data-state=&quot;closed&quot;
              &gt;
                &lt;div
                  class=&quot;inline-flex items-center rounded-full border px-2.5 py-0.5 font-semibold transition-colors focus:outline-none focus:ring-2 focus:ring-ring focus:ring-offset-2 text-foreground text-xs&quot;
                &gt;
                  6
                  /
                  8
                   RPM
                &lt;/div&gt;
              &lt;/button&gt;
            &lt;/div&gt;
            &lt;div
              class=&quot;space-y-1&quot;
            &gt;
              &lt;div
                aria-valuemax=&quot;100&quot;
                aria-valuemin=&quot;0&quot;
                class=&quot;relative w-full overflow-hidden rounded-full bg-secondary h-2&quot;
                data-max=&quot;100&quot;
                data-state=&quot;indeterminate&quot;
                role=&quot;progressbar&quot;
              &gt;
                &lt;div
                  class=&quot;h-full w-full flex-1 transition-all bg-orange-500&quot;
                  data-max=&quot;100&quot;
                  data-state=&quot;indeterminate&quot;
                  style=&quot;transform: translateX(-20%);&quot;
                /&gt;
              &lt;/div&gt;
              &lt;div
                class=&quot;flex justify-between text-xs text-gray-500&quot;
              &gt;
                &lt;span&gt;
                  RPM: 
                  80
                  %
                &lt;/span&gt;
                &lt;span&gt;
                  Daily: 
                  50
                  %
                &lt;/span&gt;
              &lt;/div&gt;
            &lt;/div&gt;
          &lt;/div&gt;
          &lt;div
            class=&quot;space-y-2&quot;
          &gt;
            &lt;div
              class=&quot;flex items-center justify-between&quot;
            &gt;
              &lt;div
                class=&quot;flex items-center space-x-2&quot;
              &gt;
                &lt;svg
                  class=&quot;lucide lucide-zap h-3 w-3 text-purple-500&quot;
                  fill=&quot;none&quot;
                  height=&quot;24&quot;
                  stroke=&quot;currentColor&quot;
                  stroke-linecap=&quot;round&quot;
                  stroke-linejoin=&quot;round&quot;
                  stroke-width=&quot;2&quot;
                  viewBox=&quot;0 0 24 24&quot;
                  width=&quot;24&quot;
                  xmlns=&quot;http://www.w3.org/2000/svg&quot;
                &gt;
                  &lt;path
                    d=&quot;M4 14a1 1 0 0 1-.78-1.63l9.9-10.2a.5.5 0 0 1 .86.46l-1.92 6.02A1 1 0 0 0 13 10h7a1 1 0 0 1 .78 1.63l-9.9 10.2a.5.5 0 0 1-.86-.46l1.92-6.02A1 1 0 0 0 11 14z&quot;
                  /&gt;
                &lt;/svg&gt;
                &lt;span
                  class=&quot;text-xs font-medium&quot;
                &gt;
                  Pro (2.5)
                &lt;/span&gt;
              &lt;/div&gt;
              &lt;button
                data-state=&quot;closed&quot;
              &gt;
                &lt;div
                  class=&quot;inline-flex items-center rounded-full border px-2.5 py-0.5 font-semibold transition-colors focus:outline-none focus:ring-2 focus:ring-ring focus:ring-offset-2 text-foreground text-xs&quot;
                &gt;
                  2
                  /
                  4
                   RPM
                &lt;/div&gt;
              &lt;/button&gt;
            &lt;/div&gt;
            &lt;div
              class=&quot;space-y-1&quot;
            &gt;
              &lt;div
                aria-valuemax=&quot;100&quot;
                aria-valuemin=&quot;0&quot;
                class=&quot;relative w-full overflow-hidden rounded-full bg-secondary h-2&quot;
                data-max=&quot;100&quot;
                data-state=&quot;indeterminate&quot;
                role=&quot;progressbar&quot;
              &gt;
                &lt;div
                  class=&quot;h-full w-full flex-1 transition-all bg-green-500&quot;
                  data-max=&quot;100&quot;
                  data-state=&quot;indeterminate&quot;
                  style=&quot;transform: translateX(-50%);&quot;
                /&gt;
              &lt;/div&gt;
              &lt;div
                class=&quot;flex justify-between text-xs text-gray-500&quot;
              &gt;
                &lt;span&gt;
                  RPM: 
                  50
                  %
                &lt;/span&gt;
                &lt;span&gt;
                  Daily: 
                  50
                  %
                &lt;/span&gt;
              &lt;/div&gt;
            &lt;/div&gt;
          &lt;/div&gt;
          &lt;div
            class=&quot;pt-2 border-t&quot;
          &gt;
            &lt;div
              class=&quot;flex justify-between text-xs text-gray-500&quot;
            &gt;
              &lt;span&gt;
                Total Today: 
                250
              &lt;/span&gt;
              &lt;span&gt;
                Uptime: 
                100
                %
              &lt;/span&gt;
            &lt;/div&gt;
            &lt;div
              class=&quot;text-xs text-gray-400 mt-1&quot;
            &gt;
              Updated: 
              3:51:07 pm
            &lt;/div&gt;
          &lt;/div&gt;
        &lt;/div&gt;
      &lt;/div&gt;
    &lt;/div&gt;
  &lt;/div&gt;
&lt;/body&gt;

Ignored nodes: comments, script, style
&lt;html&gt;
  &lt;head /&gt;
  &lt;body&gt;
    &lt;div&gt;
      &lt;div&gt;
        &lt;div
          class=&quot;rounded-lg border bg-card text-card-foreground shadow-sm&quot;
        &gt;
          &lt;div
            class=&quot;flex flex-col space-y-1.5 p-6 pb-3&quot;
          &gt;
            &lt;div
              class=&quot;flex items-center justify-between&quot;
            &gt;
              &lt;div
                class=&quot;tracking-tight text-sm font-medium&quot;
              &gt;
                Rate Limits
              &lt;/div&gt;
              &lt;div
                class=&quot;inline-flex items-center rounded-full border px-2.5 py-0.5 font-semibold transition-colors focus:outline-none focus:ring-2 focus:ring-ring focus:ring-offset-2 hover:bg-primary/80 text-xs bg-yellow-100 text-yellow-800 border-yellow-200&quot;
              &gt;
                &lt;div
                  class=&quot;flex items-center space-x-1&quot;
                &gt;
                  &lt;svg
                    class=&quot;lucide lucide-triangle-alert h-4 w-4 text-yellow-500&quot;
                    fill=&quot;none&quot;
                    height=&quot;24&quot;
                    stroke=&quot;currentColor&quot;
                    stroke-linecap=&quot;round&quot;
                    stroke-linejoin=&quot;round&quot;
                    stroke-width=&quot;2&quot;
                    viewBox=&quot;0 0 24 24&quot;
                    width=&quot;24&quot;
                    xmlns=&quot;http://www.w3.org/2000/svg&quot;
                  &gt;
                    &lt;path
                      d=&quot;m21.73 18-8-14a2 2 0 0 0-3.48 0l-8 14A2 2 0 0 0 4 21h16a2 2 0 0 0 1.73-3&quot;
                    /&gt;
                    &lt;path
                      d=&quot;M12 9v4&quot;
                    /&gt;
                    &lt;path
                      d=&quot;M12 17h.01&quot;
                    /&gt;
                  &lt;/svg&gt;
                  &lt;span&gt;
                    warning
                  &lt;/span&gt;
                &lt;/div&gt;
              &lt;/div&gt;
            &lt;/div&gt;
          &lt;/div&gt;
          &lt;div
            class=&quot;p-6 pt-0 space-y-4&quot;
          &gt;
            &lt;div
              class=&quot;space-y-2&quot;
            &gt;
              &lt;div
                class=&quot;flex items-center justify-between&quot;
              &gt;
                &lt;div
                  class=&quot;flex items-center space-x-2&quot;
                &gt;
                  &lt;svg
                    class=&quot;lucide lucide-zap h-3 w-3 text-blue-500&quot;
                    fill=&quot;none&quot;
                    height=&quot;24&quot;
                    stroke=&quot;currentColor&quot;
                    stroke-linecap=&quot;round&quot;
                    stroke-linejoin=&quot;round&quot;
                    stroke-width=&quot;2&quot;
                    viewBox=&quot;0 0 24 24&quot;
                    width=&quot;24&quot;
                    xmlns=&quot;http://www.w3.org/2000/svg&quot;
                  &gt;
                    &lt;path
                      d=&quot;M4 14a1 1 0 0 1-.78-1.63l9.9-10.2a.5.5 0 0 1 .86.46l-1.92 6.02A1 1 0 0 0 13 10h7a1 1 0 0 1 .78 1.63l-9.9 10.2a.5.5 0 0 1-.86-.46l1.92-6.02A1 1 0 0 0 11 14z&quot;
                    /&gt;
                  &lt;/svg&gt;
                  &lt;span
                    class=&quot;text-xs font-medium&quot;
                  &gt;
                    Flash (2.5)
                  &lt;/span&gt;
                &lt;/div&gt;
                &lt;button
                  data-state=&quot;closed&quot;
                &gt;
                  &lt;div
                    class=&quot;inline-flex items-center rounded-full border px-2.5 py-0.5 font-semibold transition-colors focus:outline-none focus:ring-2 focus:ring-ring focus:ring-offset-2 text-foreground text-xs&quot;
                  &gt;
                    6
                    /
                    8
                     RPM
                  &lt;/div&gt;
                &lt;/button&gt;
              &lt;/div&gt;
              &lt;div
                class=&quot;space-y-1&quot;
              &gt;
                &lt;div
                  aria-valuemax=&quot;100&quot;
                  aria-valuemin=&quot;0&quot;
                  class=&quot;relative w-full overflow-hidden rounded-full bg-secondary h-2&quot;
                  data-max=&quot;100&quot;
                  data-state=&quot;indeterminate&quot;
                  role=&quot;progressbar&quot;
                &gt;
                  &lt;div
                    class=&quot;h-full w-full flex-1 transition-all bg-orange-500&quot;
                    data-max=&quot;100&quot;
                    data-state=&quot;indeterminate&quot;
                    style=&quot;transform: translateX(-20%);&quot;
                  /&gt;
                &lt;/div&gt;
                &lt;div
                  class=&quot;flex justify-between text-xs text-gray-500&quot;
                &gt;
                  &lt;span&gt;
                    RPM: 
                    80
                    %
                  &lt;/span&gt;
                  &lt;span&gt;
                    Daily: 
                    50
                    %
                  &lt;/span&gt;
                &lt;/div&gt;
              &lt;/div&gt;
            &lt;/div&gt;
            &lt;div
              class=&quot;space-y-2&quot;
            &gt;
              &lt;div
                class=&quot;flex items-center justify-between&quot;
              &gt;
                &lt;div
                  class=&quot;flex items-center space-x-2&quot;
                &gt;
                  &lt;svg
                    class=&quot;lucide lucide-zap h-3 w-3 text-purple-500&quot;
                    fill=&quot;none&quot;
                    height=&quot;24&quot;
                    stroke=&quot;currentColor&quot;
                    stroke-linecap=&quot;round&quot;
                    stroke-linejoin=&quot;round&quot;
                    stroke-width=&quot;2&quot;
                    viewBox=&quot;0 0 24 24&quot;
                    width=&quot;24&quot;
                    xmlns=&quot;http://www.w3.org/2000/svg&quot;
                  &gt;
                    &lt;path
                      d=&quot;M4 14a1 1 0 0 1-.78-1.63l9.9-10.2a.5.5 0 0 1 .86.46l-1.92 6.02A1 1 0 0 0 13 10h7a1 1 0 0 1 .78 1.63l-9.9 10.2a.5.5 0 0 1-.86-.46l1.92-6.02A1 1 0 0 0 11 14z&quot;
                    /&gt;
                  &lt;/svg&gt;
                  &lt;span
                    class=&quot;text-xs font-medium&quot;
                  &gt;
                    Pro (2.5)
                  &lt;/span&gt;
                &lt;/div&gt;
                &lt;button
                  data-state=&quot;closed&quot;
                &gt;
                  &lt;div
                    class=&quot;inline-flex items-center rounded-full border px-2.5 py-0.5 font-semibold transition-colors focus:outline-none focus:ring-2 focus:ring-ring focus:ring-offset-2 text-foreground text-xs&quot;
                  &gt;
                    2
                    /
                    4
                     RPM
                  &lt;/div&gt;
                &lt;/button&gt;
              &lt;/div&gt;
              &lt;div
                class=&quot;space-y-1&quot;
              &gt;
                &lt;div
                  aria-valuemax=&quot;100&quot;
                  aria-valuemin=&quot;0&quot;
                  class=&quot;relative w-full overflow-hidden rounded-full bg-secondary h-2&quot;
                  data-max=&quot;100&quot;
                  data-state=&quot;indeterminate&quot;
                  role=&quot;progressbar&quot;
                &gt;
                  &lt;div
                    class=&quot;h-full w-full flex-1 transition-all bg-green-500&quot;
                    data-max=&quot;100&quot;
                    data-state=&quot;indeterminate&quot;
                    style=&quot;transform: translateX(-50%);&quot;
                  /&gt;
                &lt;/div&gt;
                &lt;div
                  class=&quot;flex justify-between text-xs text-gray-500&quot;
                &gt;
                  &lt;span&gt;
                    RPM: 
                    50
                    %
                  &lt;/span&gt;
                  &lt;span&gt;
                    Daily: 
                    50
                    %
                  &lt;/span&gt;
                &lt;/div&gt;
              &lt;/div&gt;
            &lt;/div&gt;
            &lt;div
              class=&quot;pt-2 border-t&quot;
            &gt;
              &lt;div
                class=&quot;flex justify-between text-xs text-gray-500&quot;
              &gt;
                &lt;span&gt;
                  Total Today: 
                  250
                &lt;/span&gt;
                &lt;span&gt;
                  Uptime: 
                  100
                  %
                &lt;/span&gt;
              &lt;/div&gt;
              &lt;div
                class=&quot;text-xs text-gray-400 mt-1&quot;
              &gt;
                Updated: 
                3:51:07 pm
              &lt;/div&gt;
            &lt;/div&gt;
          &lt;/div&gt;
        &lt;/div&gt;
      &lt;/div&gt;
    &lt;/div&gt;
  &lt;/body&gt;
&lt;/html&gt;
 ❯ Proxy.waitForWrapper node_modules/@testing-library/dom/dist/wait-for.js:163:27
 ❯ tests/integration/rate-limiting/rateLimitingIntegration.test.tsx:160:11
            </failure>
        </testcase>
        <testcase classname="tests/integration/rate-limiting/rateLimitingIntegration.test.tsx" name="Rate Limiting Integration Tests &gt; shows critical status and critical alert when nearly exhausted" time="1.0056455">
            <failure message="Unable to find an element with the text: Critical: Rate limits nearly exhausted!. This could be because the text is broken up by multiple elements. In this case, you can provide a function for your text matcher to make your matcher more flexible.

Ignored nodes: comments, script, style
[36m&lt;body&gt;[39m
  [36m&lt;div&gt;[39m
    [36m&lt;div&gt;[39m
      [36m&lt;div[39m
        [33mclass[39m=[32m&quot;rounded-lg border bg-card text-card-foreground shadow-sm&quot;[39m
      [36m&gt;[39m
        [36m&lt;div[39m
          [33mclass[39m=[32m&quot;flex flex-col space-y-1.5 p-6 pb-3&quot;[39m
        [36m&gt;[39m
          [36m&lt;div[39m
            [33mclass[39m=[32m&quot;flex items-center justify-between&quot;[39m
          [36m&gt;[39m
            [36m&lt;div[39m
              [33mclass[39m=[32m&quot;tracking-tight text-sm font-medium&quot;[39m
            [36m&gt;[39m
              [0mRate Limits[0m
            [36m&lt;/div&gt;[39m
            [36m&lt;div[39m
              [33mclass[39m=[32m&quot;inline-flex items-center rounded-full border px-2.5 py-0.5 font-semibold transition-colors focus:outline-none focus:ring-2 focus:ring-ring focus:ring-offset-2 hover:bg-primary/80 text-xs bg-orange-100 text-orange-800 border-orange-200&quot;[39m
            [36m&gt;[39m
              [36m&lt;div[39m
                [33mclass[39m=[32m&quot;flex items-center space-x-1&quot;[39m
              [36m&gt;[39m
                [36m&lt;svg[39m
                  [33mclass[39m=[32m&quot;lucide lucide-triangle-alert h-4 w-4 text-red-500&quot;[39m
                  [33mfill[39m=[32m&quot;none&quot;[39m
                  [33mheight[39m=[32m&quot;24&quot;[39m
                  [33mstroke[39m=[32m&quot;currentColor&quot;[39m
                  [33mstroke-linecap[39m=[32m&quot;round&quot;[39m
                  [33mstroke-linejoin[39m=[32m&quot;round&quot;[39m
                  [33mstroke-width[39m=[32m&quot;2&quot;[39m
                  [33mviewBox[39m=[32m&quot;0 0 24 24&quot;[39m
                  [33mwidth[39m=[32m&quot;24&quot;[39m
                  [33mxmlns[39m=[32m&quot;http://www.w3.org/2000/svg&quot;[39m
                [36m&gt;[39m
                  [36m&lt;path[39m
                    [33md[39m=[32m&quot;m21.73 18-8-14a2 2 0 0 0-3.48 0l-8 14A2 2 0 0 0 4 21h16a2 2 0 0 0 1.73-3&quot;[39m
                  [36m/&gt;[39m
                  [36m&lt;path[39m
                    [33md[39m=[32m&quot;M12 9v4&quot;[39m
                  [36m/&gt;[39m
                  [36m&lt;path[39m
                    [33md[39m=[32m&quot;M12 17h.01&quot;[39m
                  [36m/&gt;[39m
                [36m&lt;/svg&gt;[39m
                [36m&lt;span&gt;[39m
                  [0mdegraded[0m
                [36m&lt;/span&gt;[39m
              [36m&lt;/div&gt;[39m
            [36m&lt;/div&gt;[39m
          [36m&lt;/div&gt;[39m
        [36m&lt;/div&gt;[39m
        [36m&lt;div[39m
          [33mclass[39m=[32m&quot;p-6 pt-0 space-y-4&quot;[39m
        [36m&gt;[39m
          [36m&lt;div[39m
            [33mclass[39m=[32m&quot;space-y-2&quot;[39m
          [36m&gt;[39m
            [36m&lt;div[39m
              [33mclass[39m=[32m&quot;flex items-center justify-between&quot;[39m
            [36m&gt;[39m
              [36m&lt;div[39m
                [33mclass[39m=[32m&quot;flex items-center space-x-2&quot;[39m
              [36m&gt;[39m
                [36m&lt;svg[39m
                  [33mclass[39m=[32m&quot;lucide lucide-zap h-3 w-3 text-blue-500&quot;[39m
                  [33mfill[39m=[32m&quot;none&quot;[39m
                  [33mheight[39m=[32m&quot;24&quot;[39m
                  [33mstroke[39m=[32m&quot;currentColor&quot;[39m
                  [33mstroke-linecap[39m=[32m&quot;round&quot;[39m
                  [33mstroke-linejoin[39m=[32m&quot;round&quot;[39m
                  [33mstroke-width[39m=[32m&quot;2&quot;[39m
                  [33mviewBox[39m=[32m&quot;0 0 24 24&quot;[39m
                  [33mwidth[39m=[32m&quot;24&quot;[39m
                  [33mxmlns[39m=[32m&quot;http://www.w3.org/2000/svg&quot;[39m
                [36m&gt;[39m
                  [36m&lt;path[39m
                    [33md[39m=[32m&quot;M4 14a1 1 0 0 1-.78-1.63l9.9-10.2a.5.5 0 0 1 .86.46l-1.92 6.02A1 1 0 0 0 13 10h7a1 1 0 0 1 .78 1.63l-9.9 10.2a.5.5 0 0 1-.86-.46l1.92-6.02A1 1 0 0 0 11 14z&quot;[39m
                  [36m/&gt;[39m
                [36m&lt;/svg&gt;[39m
                [36m&lt;span[39m
                  [33mclass[39m=[32m&quot;text-xs font-medium&quot;[39m
                [36m&gt;[39m
                  [0mFlash (2.5)[0m
                [36m&lt;/span&gt;[39m
              [36m&lt;/div&gt;[39m
              [36m&lt;button[39m
                [33mdata-state[39m=[32m&quot;closed&quot;[39m
              [36m&gt;[39m
                [36m&lt;div[39m
                  [33mclass[39m=[32m&quot;inline-flex items-center rounded-full border px-2.5 py-0.5 font-semibold transition-colors focus:outline-none focus:ring-2 focus:ring-ring focus:ring-offset-2 text-foreground text-xs&quot;[39m
                [36m&gt;[39m
                  [0m7[0m
                  [0m/[0m
                  [0m8[0m
                  [0m RPM[0m
                [36m&lt;/div&gt;[39m
              [36m&lt;/button&gt;[39m
            [36m&lt;/div&gt;[39m
            [36m&lt;div[39m
              [33mclass[39m=[32m&quot;space-y-1&quot;[39m
            [36m&gt;[39m
              [36m&lt;div[39m
                [33maria-valuemax[39m=[32m&quot;100&quot;[39m
                [33maria-valuemin[39m=[32m&quot;0&quot;[39m
                [33mclass[39m=[32m&quot;relative w-full overflow-hidden rounded-full bg-secondary h-2&quot;[39m
                [33mdata-max[39m=[32m&quot;100&quot;[39m
                [33mdata-state[39m=[32m&quot;indeterminate&quot;[39m
                [33mrole[39m=[32m&quot;progressbar&quot;[39m
              [36m&gt;[39m
                [36m&lt;div[39m
                  [33mclass[39m=[32m&quot;h-full w-full flex-1 transition-all bg-red-500&quot;[39m
                  [33mdata-max[39m=[32m&quot;100&quot;[39m
                  [33mdata-state[39m=[32m&quot;indeterminate&quot;[39m
                  [33mstyle[39m=[32m&quot;transform: translateX(-5%);&quot;[39m
                [36m/&gt;[39m
              [36m&lt;/div&gt;[39m
              [36m&lt;div[39m
                [33mclass[39m=[32m&quot;flex justify-between text-xs text-gray-500&quot;[39m
              [36m&gt;[39m
                [36m&lt;span&gt;[39m
                  [0mRPM: [0m
                  [0m95[0m
                  [0m%[0m
                [36m&lt;/span&gt;[39m
                [36m&lt;span&gt;[39m
                  [0mDaily: [0m
                  [0m50[0m
                  [0m%[0m
                [36m&lt;/span&gt;[39m
              [36m&lt;/div&gt;[39m
            [36m&lt;/div&gt;[39m
          [36m&lt;/div&gt;[39m
          [36m&lt;div[39m
            [33mclass[39m=[32m&quot;space-y-2&quot;[39m
          [36m&gt;[39m
            [36m&lt;div[39m
              [33mclass[39m=[32m&quot;flex items-center justify-between&quot;[39m
            [36m&gt;[39m
              [36m&lt;div[39m
                [33mclass[39m=[32m&quot;flex items-center space-x-2&quot;[39m
              [36m&gt;[39m
                [36m&lt;svg[39m
                  [33mclass[39m=[32m&quot;lucide lucide-zap h-3 w-3 text-purple-500&quot;[39m
                  [33mfill[39m=[32m&quot;none&quot;[39m
                  [33mheight[39m=[32m&quot;24&quot;[39m
                  [33mstroke[39m=[32m&quot;currentColor&quot;[39m
                  [33mstroke-linecap[39m=[32m&quot;round&quot;[39m
                  [33mstroke-linejoin[39m=[32m&quot;round&quot;[39m
                  [33mstroke-width[39m=[32m&quot;2&quot;[39m
                  [33mviewBox[39m=[32m&quot;0 0 24 24&quot;[39m
                  [33mwidth[39m=[32m&quot;24&quot;[39m
                  [33mxmlns[39m=[32m&quot;http://www.w3.org/2000/svg&quot;[39m
                [36m&gt;[39m
                  [36m&lt;path[39m
                    [33md[39m=[32m&quot;M4 14a1 1 0 0 1-.78-1.63l9.9-10.2a.5.5 0 0 1 .86.46l-1.92 6.02A1 1 0 0 0 13 10h7a1 1 0 0 1 .78 1.63l-9.9 10.2a.5.5 0 0 1-.86-.46l1.92-6.02A1 1 0 0 0 11 14z&quot;[39m
                  [36m/&gt;[39m
                [36m&lt;/svg&gt;[39m
                [36m&lt;span[39m
                  [33mclass[39m=[32m&quot;text-xs font-medium&quot;[39m
                [36m&gt;[39m
                  [0mPro (2.5)[0m
                [36m&lt;/span&gt;[39m
              [36m&lt;/div&gt;[39m
              [36m&lt;button[39m
                [33mdata-state[39m=[32m&quot;closed&quot;[39m
              [36m&gt;[39m
                [36m&lt;div[39m
                  [33mclass[39m=[32m&quot;inline-flex items-center rounded-full border px-2.5 py-0.5 font-semibold transition-colors focus:outline-none focus:ring-2 focus:ring-ring focus:ring-offset-2 text-foreground text-xs&quot;[39m
                [36m&gt;[39m
                  [0m2[0m
                  [0m/[0m
                  [0m4[0m
                  [0m RPM[0m
                [36m&lt;/div&gt;[39m
              [36m&lt;/button&gt;[39m
            [36m&lt;/div&gt;[39m
            [36m&lt;div[39m
              [33mclass[39m=[32m&quot;space-y-1&quot;[39m
            [36m&gt;[39m
              [36m&lt;div[39m
                [33maria-valuemax[39m=[32m&quot;100&quot;[39m
                [33maria-valuemin[39m=[32m&quot;0&quot;[39m
                [33mclass[39m=[32m&quot;relative w-full overflow-hidden rounded-full bg-secondary h-2&quot;[39m
                [33mdata-max[39m=[32m&quot;100&quot;[39m
                [33mdata-state[39m=[32m&quot;indeterminate&quot;[39m
                [33mrole[39m=[32m&quot;progressbar&quot;[39m
              [36m&gt;[39m
                [36m&lt;div[39m
                  [33mclass[39m=[32m&quot;h-full w-full flex-1 transition-all bg-green-500&quot;[39m
                  [33mdata-max[39m=[32m&quot;100&quot;[39m
                  [33mdata-state[39m=[32m&quot;indeterminate&quot;[39m
                  [33mstyle[39m=[32m&quot;transform: translateX(-50%);&quot;[39m
                [36m/&gt;[39m
              [36m&lt;/div&gt;[39m
              [36m&lt;div[39m
                [33mclass[39m=[32m&quot;flex justify-between text-xs text-gray-500&quot;[39m
              [36m&gt;[39m
                [36m&lt;span&gt;[39m
                  [0mRPM: [0m
                  [0m50[0m
                  [0m%[0m
                [36m&lt;/span&gt;[39m
                [36m&lt;span&gt;[39m
                  [0mDaily: [0m
                  [0m50[0m
                  [0m%[0m
                [36m&lt;/span&gt;[39m
              [36m&lt;/div&gt;[39m
            [36m&lt;/div&gt;[39m
          [36m&lt;/div&gt;[39m
          [36m&lt;div[39m
            [33mclass[39m=[32m&quot;pt-2 border-t&quot;[39m
          [36m&gt;[39m
            [36m&lt;div[39m
              [33mclass[39m=[32m&quot;flex justify-between text-xs text-gray-500&quot;[39m
            [36m&gt;[39m
              [36m&lt;span&gt;[39m
                [0mTotal Today: [0m
                [0m250[0m
              [36m&lt;/span&gt;[39m
              [36m&lt;span&gt;[39m
                [0mUptime: [0m
                [0m100[0m
                [0m%[0m
              [36m&lt;/span&gt;[39m
            [36m&lt;/div&gt;[39m
            [36m&lt;div[39m
              [33mclass[39m=[32m&quot;text-xs text-gray-400 mt-1&quot;[39m
            [36m&gt;[39m
              [0mUpdated: [0m
              [0m3:51:08 pm[0m
            [36m&lt;/div&gt;[39m
          [36m&lt;/div&gt;[39m
        [36m&lt;/div&gt;[39m
      [36m&lt;/div&gt;[39m
    [36m&lt;/div&gt;[39m
  [36m&lt;/div&gt;[39m
[36m&lt;/body&gt;[39m

Ignored nodes: comments, script, style
[36m&lt;html&gt;[39m
  [36m&lt;head /&gt;[39m
  [36m&lt;body&gt;[39m
    [36m&lt;div&gt;[39m
      [36m&lt;div&gt;[39m
        [36m&lt;div[39m
          [33mclass[39m=[32m&quot;rounded-lg border bg-card text-card-foreground shadow-sm&quot;[39m
        [36m&gt;[39m
          [36m&lt;div[39m
            [33mclass[39m=[32m&quot;flex flex-col space-y-1.5 p-6 pb-3&quot;[39m
          [36m&gt;[39m
            [36m&lt;div[39m
              [33mclass[39m=[32m&quot;flex items-center justify-between&quot;[39m
            [36m&gt;[39m
              [36m&lt;div[39m
                [33mclass[39m=[32m&quot;tracking-tight text-sm font-medium&quot;[39m
              [36m&gt;[39m
                [0mRate Limits[0m
              [36m&lt;/div&gt;[39m
              [36m&lt;div[39m
                [33mclass[39m=[32m&quot;inline-flex items-center rounded-full border px-2.5 py-0.5 font-semibold transition-colors focus:outline-none focus:ring-2 focus:ring-ring focus:ring-offset-2 hover:bg-primary/80 text-xs bg-orange-100 text-orange-800 border-orange-200&quot;[39m
              [36m&gt;[39m
                [36m&lt;div[39m
                  [33mclass[39m=[32m&quot;flex items-center space-x-1&quot;[39m
                [36m&gt;[39m
                  [36m&lt;svg[39m
                    [33mclass[39m=[32m&quot;lucide lucide-triangle-alert h-4 w-4 text-red-500&quot;[39m
                    [33mfill[39m=[32m&quot;none&quot;[39m
                    [33mheight[39m=[32m&quot;24&quot;[39m
                    [33mstroke[39m=[32m&quot;currentColor&quot;[39m
                    [33mstroke-linecap[39m=[32m&quot;round&quot;[39m
                    [33mstroke-linejoin[39m=[32m&quot;round&quot;[39m
                    [33mstroke-width[39m=[32m&quot;2&quot;[39m
                    [33mviewBox[39m=[32m&quot;0 0 24 24&quot;[39m
                    [33mwidth[39m=[32m&quot;24&quot;[39m
                    [33mxmlns[39m=[32m&quot;http://www.w3.org/2000/svg&quot;[39m
                  [36m&gt;[39m
                    [36m&lt;path[39m
                      [33md[39m=[32m&quot;m21.73 18-8-14a2 2 0 0 0-3.48 0l-8 14A2 2 0 0 0 4 21h16a2 2 0 0 0 1.73-3&quot;[39m
                    [36m/&gt;[39m
                    [36m&lt;path[39m
                      [33md[39m=[32m&quot;M12 9v4&quot;[39m
                    [36m/&gt;[39m
                    [36m&lt;path[39m
                      [33md[39m=[32m&quot;M12 17h.01&quot;[39m
                    [36m/&gt;[39m
                  [36m&lt;/svg&gt;[39m
                  [36m&lt;span&gt;[39m
                    [0mdegraded[0m
                  [36m&lt;/span&gt;[39m
                [36m&lt;/div&gt;[39m
              [36m&lt;/div&gt;[39m
            [36m&lt;/div&gt;[39m
          [36m&lt;/div&gt;[39m
          [36m&lt;div[39m
            [33mclass[39m=[32m&quot;p-6 pt-0 space-y-4&quot;[39m
          [36m&gt;[39m
            [36m&lt;div[39m
              [33mclass[39m=[32m&quot;space-y-2&quot;[39m
            [36m&gt;[39m
              [36m&lt;div[39m
                [33mclass[39m=[32m&quot;flex items-center justify-between&quot;[39m
              [36m&gt;[39m
                [36m&lt;div[39m
                  [33mclass[39m=[32m&quot;flex items-center space-x-2&quot;[39m
                [36m&gt;[39m
                  [36m&lt;svg[39m
                    [33mclass[39m=[32m&quot;lucide lucide-zap h-3 w-3 text-blue-500&quot;[39m
                    [33mfill[39m=[32m&quot;none&quot;[39m
                    [33mheight[39m=[32m&quot;24&quot;[39m
                    [33mstroke[39m=[32m&quot;currentColor&quot;[39m
                    [33mstroke-linecap[39m=[32m&quot;round&quot;[39m
                    [33mstroke-linejoin[39m=[32m&quot;round&quot;[39m
                    [33mstroke-width[39m=[32m&quot;2&quot;[39m
                    [33mviewBox[39m=[32m&quot;0 0 24 24&quot;[39m
                    [33mwidth[39m=[32m&quot;24&quot;[39m
                    [33mxmlns[39m=[32m&quot;http://www.w3.org/2000/svg&quot;[39m
                  [36m&gt;[39m
                    [36m&lt;path[39m
                      [33md[39m=[32m&quot;M4 14a1 1 0 0 1-.78-1.63l9.9-10.2a.5.5 0 0 1 .86.46l-1.92 6.02A1 1 0 0 0 13 10h7a1 1 0 0 1 .78 1.63l-9.9 10.2a.5.5 0 0 1-.86-.46l1.92-6.02A1 1 0 0 0 11 14z&quot;[39m
                    [36m/&gt;[39m
                  [36m&lt;/svg&gt;[39m
                  [36m&lt;span[39m
                    [33mclass[39m=[32m&quot;text-xs font-medium&quot;[39m
                  [36m&gt;[39m
                    [0mFlash (2.5)[0m
                  [36m&lt;/span&gt;[39m
                [36m&lt;/div&gt;[39m
                [36m&lt;button[39m
                  [33mdata-state[39m=[32m&quot;closed&quot;[39m
                [36m&gt;[39m
                  [36m&lt;div[39m
                    [33mclass[39m=[32m&quot;inline-flex items-center rounded-full border px-2.5 py-0.5 font-semibold transition-colors focus:outline-none focus:ring-2 focus:ring-ring focus:ring-offset-2 text-foreground text-xs&quot;[39m
                  [36m&gt;[39m
                    [0m7[0m
                    [0m/[0m
                    [0m8[0m
                    [0m RPM[0m
                  [36m&lt;/div&gt;[39m
                [36m&lt;/button&gt;[39m
              [36m&lt;/div&gt;[39m
              [36m&lt;div[39m
                [33mclass[39m=[32m&quot;space-y-1&quot;[39m
              [36m&gt;[39m
                [36m&lt;div[39m
                  [33maria-valuemax[39m=[32m&quot;100&quot;[39m
                  [33maria-valuemin[39m=[32m&quot;0&quot;[39m
                  [33mclass[39m=[32m&quot;relative w-full overflow-hidden rounded-full bg-secondary h-2&quot;[39m
                  [33mdata-max[39m=[32m&quot;100&quot;[39m
                  [33mdata-state[39m=[32m&quot;indeterminate&quot;[39m
                  [33mrole[39m=[32m&quot;progressbar&quot;[39m
                [36m&gt;[39m
                  [36m&lt;div[39m
                    [33mclass[39m=[32m&quot;h-full w-full flex-1 transition-all bg-red-500&quot;[39m
                    [33mdata-max[39m=[32m&quot;100&quot;[39m
                    [33mdata-state[39m=[32m&quot;indeterminate&quot;[39m
                    [33mstyle[39m=[32m&quot;transform: translateX(-5%);&quot;[39m
                  [36m/&gt;[39m
                [36m&lt;/div&gt;[39m
                [36m&lt;div[39m
                  [33mclass[39m=[32m&quot;flex justify-between text-xs text-gray-500&quot;[39m
                [36m&gt;[39m
                  [36m&lt;span&gt;[39m
                    [0mRPM: [0m
                    [0m95[0m
                    [0m%[0m
                  [36m&lt;/span&gt;[39m
                  [36m&lt;span&gt;[39m
                    [0mDaily: [0m
                    [0m50[0m
                    [0m%[0m
                  [36m&lt;/span&gt;[39m
                [36m&lt;/div&gt;[39m
              [36m&lt;/div&gt;[39m
            [36m&lt;/div&gt;[39m
            [36m&lt;div[39m
              [33mclass[39m=[32m&quot;space-y-2&quot;[39m
            [36m&gt;[39m
              [36m&lt;div[39m
                [33mclass[39m=[32m&quot;flex items-center justify-between&quot;[39m
              [36m&gt;[39m
                [36m&lt;div[39m
                  [33mclass[39m=[32m&quot;flex items-center space-x-2&quot;[39m
                [36m&gt;[39m
                  [36m&lt;svg[39m
                    [33mclass[39m=[32m&quot;lucide lucide-zap h-3 w-3 text-purple-500&quot;[39m
                    [33mfill[39m=[32m&quot;none&quot;[39m
                    [33mheight[39m=[32m&quot;24&quot;[39m
                    [33mstroke[39m=[32m&quot;currentColor&quot;[39m
                    [33mstroke-linecap[39m=[32m&quot;round&quot;[39m
                    [33mstroke-linejoin[39m=[32m&quot;round&quot;[39m
                    [33mstroke-width[39m=[32m&quot;2&quot;[39m
                    [33mviewBox[39m=[32m&quot;0 0 24 24&quot;[39m
                    [33mwidth[39m=[32m&quot;24&quot;[39m
                    [33mxmlns[39m=[32m&quot;http://www.w3.org/2000/svg&quot;[39m
                  [36m&gt;[39m
                    [36m&lt;path[39m
                      [33md[39m=[32m&quot;M4 14a1 1 0 0 1-.78-1.63l9.9-10.2a.5.5 0 0 1 .86.46l-1.92 6.02A1 1 0 0 0 13 10h7a1 1 0 0 1 .78 1.63l-9.9 10.2a.5.5 0 0 1-.86-.46l1.92-6.02A1 1 0 0 0 11 14z&quot;[39m
                    [36m/&gt;[39m
                  [36m&lt;/svg&gt;[39m
                  [36m&lt;span[39m
                    [33mclass[39m=[32m&quot;text-xs font-medium&quot;[39m
                  [36m&gt;[39m
                    [0mPro (2.5)[0m
                  [36m&lt;/span&gt;[39m
                [36m&lt;/div&gt;[39m
                [36m&lt;button[39m
                  [33mdata-state[39m=[32m&quot;closed&quot;[39m
                [36m&gt;[39m
                  [36m&lt;div[39m
                    [33mclass[39m=[32m&quot;inline-flex items-center rounded-full border px-2.5 py-0.5 font-semibold transition-colors focus:outline-none focus:ring-2 focus:ring-ring focus:ring-offset-2 text-foreground text-xs&quot;[39m
                  [36m&gt;[39m
                    [0m2[0m
                    [0m/[0m
                    [0m4[0m
                    [0m RPM[0m
                  [36m&lt;/div&gt;[39m
                [36m&lt;/button&gt;[39m
              [36m&lt;/div&gt;[39m
              [36m&lt;div[39m
                [33mclass[39m=[32m&quot;space-y-1&quot;[39m
              [36m&gt;[39m
                [36m&lt;div[39m
                  [33maria-valuemax[39m=[32m&quot;100&quot;[39m
                  [33maria-valuemin[39m=[32m&quot;0&quot;[39m
                  [33mclass[39m=[32m&quot;relative w-full overflow-hidden rounded-full bg-secondary h-2&quot;[39m
                  [33mdata-max[39m=[32m&quot;100&quot;[39m
                  [33mdata-state[39m=[32m&quot;indeterminate&quot;[39m
                  [33mrole[39m=[32m&quot;progressbar&quot;[39m
                [36m&gt;[39m
                  [36m&lt;div[39m
                    [33mclass[39m=[32m&quot;h-full w-full flex-1 transition-all bg-green-500&quot;[39m
                    [33mdata-max[39m=[32m&quot;100&quot;[39m
                    [33mdata-state[39m=[32m&quot;indeterminate&quot;[39m
                    [33mstyle[39m=[32m&quot;transform: translateX(-50%);&quot;[39m
                  [36m/&gt;[39m
                [36m&lt;/div&gt;[39m
                [36m&lt;div[39m
                  [33mclass[39m=[32m&quot;flex justify-between text-xs text-gray-500&quot;[39m
                [36m&gt;[39m
                  [36m&lt;span&gt;[39m
                    [0mRPM: [0m
                    [0m50[0m
                    [0m%[0m
                  [36m&lt;/span&gt;[39m
                  [36m&lt;span&gt;[39m
                    [0mDaily: [0m
                    [0m50[0m
                    [0m%[0m
                  [36m&lt;/span&gt;[39m
                [36m&lt;/div&gt;[39m
              [36m&lt;/div&gt;[39m
            [36m&lt;/div&gt;[39m
            [36m&lt;div[39m
              [33mclass[39m=[32m&quot;pt-2 border-t&quot;[39m
            [36m&gt;[39m
              [36m&lt;div[39m
                [33mclass[39m=[32m&quot;flex justify-between text-xs text-gray-500&quot;[39m
              [36m&gt;[39m
                [36m&lt;span&gt;[39m
                  [0mTotal Today: [0m
                  [0m250[0m
                [36m&lt;/span&gt;[39m
                [36m&lt;span&gt;[39m
                  [0mUptime: [0m
                  [0m100[0m
                  [0m%[0m
                [36m&lt;/span&gt;[39m
              [36m&lt;/div&gt;[39m
              [36m&lt;div[39m
                [33mclass[39m=[32m&quot;text-xs text-gray-400 mt-1&quot;[39m
              [36m&gt;[39m
                [0mUpdated: [0m
                [0m3:51:08 pm[0m
              [36m&lt;/div&gt;[39m
            [36m&lt;/div&gt;[39m
          [36m&lt;/div&gt;[39m
        [36m&lt;/div&gt;[39m
      [36m&lt;/div&gt;[39m
    [36m&lt;/div&gt;[39m
  [36m&lt;/body&gt;[39m
[36m&lt;/html&gt;[39m" type="TestingLibraryElementError">
TestingLibraryElementError: Unable to find an element with the text: Critical: Rate limits nearly exhausted!. This could be because the text is broken up by multiple elements. In this case, you can provide a function for your text matcher to make your matcher more flexible.

Ignored nodes: comments, script, style
&lt;body&gt;
  &lt;div&gt;
    &lt;div&gt;
      &lt;div
        class=&quot;rounded-lg border bg-card text-card-foreground shadow-sm&quot;
      &gt;
        &lt;div
          class=&quot;flex flex-col space-y-1.5 p-6 pb-3&quot;
        &gt;
          &lt;div
            class=&quot;flex items-center justify-between&quot;
          &gt;
            &lt;div
              class=&quot;tracking-tight text-sm font-medium&quot;
            &gt;
              Rate Limits
            &lt;/div&gt;
            &lt;div
              class=&quot;inline-flex items-center rounded-full border px-2.5 py-0.5 font-semibold transition-colors focus:outline-none focus:ring-2 focus:ring-ring focus:ring-offset-2 hover:bg-primary/80 text-xs bg-orange-100 text-orange-800 border-orange-200&quot;
            &gt;
              &lt;div
                class=&quot;flex items-center space-x-1&quot;
              &gt;
                &lt;svg
                  class=&quot;lucide lucide-triangle-alert h-4 w-4 text-red-500&quot;
                  fill=&quot;none&quot;
                  height=&quot;24&quot;
                  stroke=&quot;currentColor&quot;
                  stroke-linecap=&quot;round&quot;
                  stroke-linejoin=&quot;round&quot;
                  stroke-width=&quot;2&quot;
                  viewBox=&quot;0 0 24 24&quot;
                  width=&quot;24&quot;
                  xmlns=&quot;http://www.w3.org/2000/svg&quot;
                &gt;
                  &lt;path
                    d=&quot;m21.73 18-8-14a2 2 0 0 0-3.48 0l-8 14A2 2 0 0 0 4 21h16a2 2 0 0 0 1.73-3&quot;
                  /&gt;
                  &lt;path
                    d=&quot;M12 9v4&quot;
                  /&gt;
                  &lt;path
                    d=&quot;M12 17h.01&quot;
                  /&gt;
                &lt;/svg&gt;
                &lt;span&gt;
                  degraded
                &lt;/span&gt;
              &lt;/div&gt;
            &lt;/div&gt;
          &lt;/div&gt;
        &lt;/div&gt;
        &lt;div
          class=&quot;p-6 pt-0 space-y-4&quot;
        &gt;
          &lt;div
            class=&quot;space-y-2&quot;
          &gt;
            &lt;div
              class=&quot;flex items-center justify-between&quot;
            &gt;
              &lt;div
                class=&quot;flex items-center space-x-2&quot;
              &gt;
                &lt;svg
                  class=&quot;lucide lucide-zap h-3 w-3 text-blue-500&quot;
                  fill=&quot;none&quot;
                  height=&quot;24&quot;
                  stroke=&quot;currentColor&quot;
                  stroke-linecap=&quot;round&quot;
                  stroke-linejoin=&quot;round&quot;
                  stroke-width=&quot;2&quot;
                  viewBox=&quot;0 0 24 24&quot;
                  width=&quot;24&quot;
                  xmlns=&quot;http://www.w3.org/2000/svg&quot;
                &gt;
                  &lt;path
                    d=&quot;M4 14a1 1 0 0 1-.78-1.63l9.9-10.2a.5.5 0 0 1 .86.46l-1.92 6.02A1 1 0 0 0 13 10h7a1 1 0 0 1 .78 1.63l-9.9 10.2a.5.5 0 0 1-.86-.46l1.92-6.02A1 1 0 0 0 11 14z&quot;
                  /&gt;
                &lt;/svg&gt;
                &lt;span
                  class=&quot;text-xs font-medium&quot;
                &gt;
                  Flash (2.5)
                &lt;/span&gt;
              &lt;/div&gt;
              &lt;button
                data-state=&quot;closed&quot;
              &gt;
                &lt;div
                  class=&quot;inline-flex items-center rounded-full border px-2.5 py-0.5 font-semibold transition-colors focus:outline-none focus:ring-2 focus:ring-ring focus:ring-offset-2 text-foreground text-xs&quot;
                &gt;
                  7
                  /
                  8
                   RPM
                &lt;/div&gt;
              &lt;/button&gt;
            &lt;/div&gt;
            &lt;div
              class=&quot;space-y-1&quot;
            &gt;
              &lt;div
                aria-valuemax=&quot;100&quot;
                aria-valuemin=&quot;0&quot;
                class=&quot;relative w-full overflow-hidden rounded-full bg-secondary h-2&quot;
                data-max=&quot;100&quot;
                data-state=&quot;indeterminate&quot;
                role=&quot;progressbar&quot;
              &gt;
                &lt;div
                  class=&quot;h-full w-full flex-1 transition-all bg-red-500&quot;
                  data-max=&quot;100&quot;
                  data-state=&quot;indeterminate&quot;
                  style=&quot;transform: translateX(-5%);&quot;
                /&gt;
              &lt;/div&gt;
              &lt;div
                class=&quot;flex justify-between text-xs text-gray-500&quot;
              &gt;
                &lt;span&gt;
                  RPM: 
                  95
                  %
                &lt;/span&gt;
                &lt;span&gt;
                  Daily: 
                  50
                  %
                &lt;/span&gt;
              &lt;/div&gt;
            &lt;/div&gt;
          &lt;/div&gt;
          &lt;div
            class=&quot;space-y-2&quot;
          &gt;
            &lt;div
              class=&quot;flex items-center justify-between&quot;
            &gt;
              &lt;div
                class=&quot;flex items-center space-x-2&quot;
              &gt;
                &lt;svg
                  class=&quot;lucide lucide-zap h-3 w-3 text-purple-500&quot;
                  fill=&quot;none&quot;
                  height=&quot;24&quot;
                  stroke=&quot;currentColor&quot;
                  stroke-linecap=&quot;round&quot;
                  stroke-linejoin=&quot;round&quot;
                  stroke-width=&quot;2&quot;
                  viewBox=&quot;0 0 24 24&quot;
                  width=&quot;24&quot;
                  xmlns=&quot;http://www.w3.org/2000/svg&quot;
                &gt;
                  &lt;path
                    d=&quot;M4 14a1 1 0 0 1-.78-1.63l9.9-10.2a.5.5 0 0 1 .86.46l-1.92 6.02A1 1 0 0 0 13 10h7a1 1 0 0 1 .78 1.63l-9.9 10.2a.5.5 0 0 1-.86-.46l1.92-6.02A1 1 0 0 0 11 14z&quot;
                  /&gt;
                &lt;/svg&gt;
                &lt;span
                  class=&quot;text-xs font-medium&quot;
                &gt;
                  Pro (2.5)
                &lt;/span&gt;
              &lt;/div&gt;
              &lt;button
                data-state=&quot;closed&quot;
              &gt;
                &lt;div
                  class=&quot;inline-flex items-center rounded-full border px-2.5 py-0.5 font-semibold transition-colors focus:outline-none focus:ring-2 focus:ring-ring focus:ring-offset-2 text-foreground text-xs&quot;
                &gt;
                  2
                  /
                  4
                   RPM
                &lt;/div&gt;
              &lt;/button&gt;
            &lt;/div&gt;
            &lt;div
              class=&quot;space-y-1&quot;
            &gt;
              &lt;div
                aria-valuemax=&quot;100&quot;
                aria-valuemin=&quot;0&quot;
                class=&quot;relative w-full overflow-hidden rounded-full bg-secondary h-2&quot;
                data-max=&quot;100&quot;
                data-state=&quot;indeterminate&quot;
                role=&quot;progressbar&quot;
              &gt;
                &lt;div
                  class=&quot;h-full w-full flex-1 transition-all bg-green-500&quot;
                  data-max=&quot;100&quot;
                  data-state=&quot;indeterminate&quot;
                  style=&quot;transform: translateX(-50%);&quot;
                /&gt;
              &lt;/div&gt;
              &lt;div
                class=&quot;flex justify-between text-xs text-gray-500&quot;
              &gt;
                &lt;span&gt;
                  RPM: 
                  50
                  %
                &lt;/span&gt;
                &lt;span&gt;
                  Daily: 
                  50
                  %
                &lt;/span&gt;
              &lt;/div&gt;
            &lt;/div&gt;
          &lt;/div&gt;
          &lt;div
            class=&quot;pt-2 border-t&quot;
          &gt;
            &lt;div
              class=&quot;flex justify-between text-xs text-gray-500&quot;
            &gt;
              &lt;span&gt;
                Total Today: 
                250
              &lt;/span&gt;
              &lt;span&gt;
                Uptime: 
                100
                %
              &lt;/span&gt;
            &lt;/div&gt;
            &lt;div
              class=&quot;text-xs text-gray-400 mt-1&quot;
            &gt;
              Updated: 
              3:51:08 pm
            &lt;/div&gt;
          &lt;/div&gt;
        &lt;/div&gt;
      &lt;/div&gt;
    &lt;/div&gt;
  &lt;/div&gt;
&lt;/body&gt;

Ignored nodes: comments, script, style
&lt;html&gt;
  &lt;head /&gt;
  &lt;body&gt;
    &lt;div&gt;
      &lt;div&gt;
        &lt;div
          class=&quot;rounded-lg border bg-card text-card-foreground shadow-sm&quot;
        &gt;
          &lt;div
            class=&quot;flex flex-col space-y-1.5 p-6 pb-3&quot;
          &gt;
            &lt;div
              class=&quot;flex items-center justify-between&quot;
            &gt;
              &lt;div
                class=&quot;tracking-tight text-sm font-medium&quot;
              &gt;
                Rate Limits
              &lt;/div&gt;
              &lt;div
                class=&quot;inline-flex items-center rounded-full border px-2.5 py-0.5 font-semibold transition-colors focus:outline-none focus:ring-2 focus:ring-ring focus:ring-offset-2 hover:bg-primary/80 text-xs bg-orange-100 text-orange-800 border-orange-200&quot;
              &gt;
                &lt;div
                  class=&quot;flex items-center space-x-1&quot;
                &gt;
                  &lt;svg
                    class=&quot;lucide lucide-triangle-alert h-4 w-4 text-red-500&quot;
                    fill=&quot;none&quot;
                    height=&quot;24&quot;
                    stroke=&quot;currentColor&quot;
                    stroke-linecap=&quot;round&quot;
                    stroke-linejoin=&quot;round&quot;
                    stroke-width=&quot;2&quot;
                    viewBox=&quot;0 0 24 24&quot;
                    width=&quot;24&quot;
                    xmlns=&quot;http://www.w3.org/2000/svg&quot;
                  &gt;
                    &lt;path
                      d=&quot;m21.73 18-8-14a2 2 0 0 0-3.48 0l-8 14A2 2 0 0 0 4 21h16a2 2 0 0 0 1.73-3&quot;
                    /&gt;
                    &lt;path
                      d=&quot;M12 9v4&quot;
                    /&gt;
                    &lt;path
                      d=&quot;M12 17h.01&quot;
                    /&gt;
                  &lt;/svg&gt;
                  &lt;span&gt;
                    degraded
                  &lt;/span&gt;
                &lt;/div&gt;
              &lt;/div&gt;
            &lt;/div&gt;
          &lt;/div&gt;
          &lt;div
            class=&quot;p-6 pt-0 space-y-4&quot;
          &gt;
            &lt;div
              class=&quot;space-y-2&quot;
            &gt;
              &lt;div
                class=&quot;flex items-center justify-between&quot;
              &gt;
                &lt;div
                  class=&quot;flex items-center space-x-2&quot;
                &gt;
                  &lt;svg
                    class=&quot;lucide lucide-zap h-3 w-3 text-blue-500&quot;
                    fill=&quot;none&quot;
                    height=&quot;24&quot;
                    stroke=&quot;currentColor&quot;
                    stroke-linecap=&quot;round&quot;
                    stroke-linejoin=&quot;round&quot;
                    stroke-width=&quot;2&quot;
                    viewBox=&quot;0 0 24 24&quot;
                    width=&quot;24&quot;
                    xmlns=&quot;http://www.w3.org/2000/svg&quot;
                  &gt;
                    &lt;path
                      d=&quot;M4 14a1 1 0 0 1-.78-1.63l9.9-10.2a.5.5 0 0 1 .86.46l-1.92 6.02A1 1 0 0 0 13 10h7a1 1 0 0 1 .78 1.63l-9.9 10.2a.5.5 0 0 1-.86-.46l1.92-6.02A1 1 0 0 0 11 14z&quot;
                    /&gt;
                  &lt;/svg&gt;
                  &lt;span
                    class=&quot;text-xs font-medium&quot;
                  &gt;
                    Flash (2.5)
                  &lt;/span&gt;
                &lt;/div&gt;
                &lt;button
                  data-state=&quot;closed&quot;
                &gt;
                  &lt;div
                    class=&quot;inline-flex items-center rounded-full border px-2.5 py-0.5 font-semibold transition-colors focus:outline-none focus:ring-2 focus:ring-ring focus:ring-offset-2 text-foreground text-xs&quot;
                  &gt;
                    7
                    /
                    8
                     RPM
                  &lt;/div&gt;
                &lt;/button&gt;
              &lt;/div&gt;
              &lt;div
                class=&quot;space-y-1&quot;
              &gt;
                &lt;div
                  aria-valuemax=&quot;100&quot;
                  aria-valuemin=&quot;0&quot;
                  class=&quot;relative w-full overflow-hidden rounded-full bg-secondary h-2&quot;
                  data-max=&quot;100&quot;
                  data-state=&quot;indeterminate&quot;
                  role=&quot;progressbar&quot;
                &gt;
                  &lt;div
                    class=&quot;h-full w-full flex-1 transition-all bg-red-500&quot;
                    data-max=&quot;100&quot;
                    data-state=&quot;indeterminate&quot;
                    style=&quot;transform: translateX(-5%);&quot;
                  /&gt;
                &lt;/div&gt;
                &lt;div
                  class=&quot;flex justify-between text-xs text-gray-500&quot;
                &gt;
                  &lt;span&gt;
                    RPM: 
                    95
                    %
                  &lt;/span&gt;
                  &lt;span&gt;
                    Daily: 
                    50
                    %
                  &lt;/span&gt;
                &lt;/div&gt;
              &lt;/div&gt;
            &lt;/div&gt;
            &lt;div
              class=&quot;space-y-2&quot;
            &gt;
              &lt;div
                class=&quot;flex items-center justify-between&quot;
              &gt;
                &lt;div
                  class=&quot;flex items-center space-x-2&quot;
                &gt;
                  &lt;svg
                    class=&quot;lucide lucide-zap h-3 w-3 text-purple-500&quot;
                    fill=&quot;none&quot;
                    height=&quot;24&quot;
                    stroke=&quot;currentColor&quot;
                    stroke-linecap=&quot;round&quot;
                    stroke-linejoin=&quot;round&quot;
                    stroke-width=&quot;2&quot;
                    viewBox=&quot;0 0 24 24&quot;
                    width=&quot;24&quot;
                    xmlns=&quot;http://www.w3.org/2000/svg&quot;
                  &gt;
                    &lt;path
                      d=&quot;M4 14a1 1 0 0 1-.78-1.63l9.9-10.2a.5.5 0 0 1 .86.46l-1.92 6.02A1 1 0 0 0 13 10h7a1 1 0 0 1 .78 1.63l-9.9 10.2a.5.5 0 0 1-.86-.46l1.92-6.02A1 1 0 0 0 11 14z&quot;
                    /&gt;
                  &lt;/svg&gt;
                  &lt;span
                    class=&quot;text-xs font-medium&quot;
                  &gt;
                    Pro (2.5)
                  &lt;/span&gt;
                &lt;/div&gt;
                &lt;button
                  data-state=&quot;closed&quot;
                &gt;
                  &lt;div
                    class=&quot;inline-flex items-center rounded-full border px-2.5 py-0.5 font-semibold transition-colors focus:outline-none focus:ring-2 focus:ring-ring focus:ring-offset-2 text-foreground text-xs&quot;
                  &gt;
                    2
                    /
                    4
                     RPM
                  &lt;/div&gt;
                &lt;/button&gt;
              &lt;/div&gt;
              &lt;div
                class=&quot;space-y-1&quot;
              &gt;
                &lt;div
                  aria-valuemax=&quot;100&quot;
                  aria-valuemin=&quot;0&quot;
                  class=&quot;relative w-full overflow-hidden rounded-full bg-secondary h-2&quot;
                  data-max=&quot;100&quot;
                  data-state=&quot;indeterminate&quot;
                  role=&quot;progressbar&quot;
                &gt;
                  &lt;div
                    class=&quot;h-full w-full flex-1 transition-all bg-green-500&quot;
                    data-max=&quot;100&quot;
                    data-state=&quot;indeterminate&quot;
                    style=&quot;transform: translateX(-50%);&quot;
                  /&gt;
                &lt;/div&gt;
                &lt;div
                  class=&quot;flex justify-between text-xs text-gray-500&quot;
                &gt;
                  &lt;span&gt;
                    RPM: 
                    50
                    %
                  &lt;/span&gt;
                  &lt;span&gt;
                    Daily: 
                    50
                    %
                  &lt;/span&gt;
                &lt;/div&gt;
              &lt;/div&gt;
            &lt;/div&gt;
            &lt;div
              class=&quot;pt-2 border-t&quot;
            &gt;
              &lt;div
                class=&quot;flex justify-between text-xs text-gray-500&quot;
              &gt;
                &lt;span&gt;
                  Total Today: 
                  250
                &lt;/span&gt;
                &lt;span&gt;
                  Uptime: 
                  100
                  %
                &lt;/span&gt;
              &lt;/div&gt;
              &lt;div
                class=&quot;text-xs text-gray-400 mt-1&quot;
              &gt;
                Updated: 
                3:51:08 pm
              &lt;/div&gt;
            &lt;/div&gt;
          &lt;/div&gt;
        &lt;/div&gt;
      &lt;/div&gt;
    &lt;/div&gt;
  &lt;/body&gt;
&lt;/html&gt;
 ❯ Proxy.waitForWrapper node_modules/@testing-library/dom/dist/wait-for.js:163:27
 ❯ tests/integration/rate-limiting/rateLimitingIntegration.test.tsx:185:11
            </failure>
        </testcase>
        <testcase classname="tests/integration/rate-limiting/rateLimitingIntegration.test.tsx" name="Rate Limiting Integration Tests &gt; handles multiple models approaching limits simultaneously" time="1.004766084">
            <failure message="Unable to find an element with the text: Flash RPM. This could be because the text is broken up by multiple elements. In this case, you can provide a function for your text matcher to make your matcher more flexible.

Ignored nodes: comments, script, style
[36m&lt;body&gt;[39m
  [36m&lt;div&gt;[39m
    [36m&lt;div&gt;[39m
      [36m&lt;div[39m
        [33mclass[39m=[32m&quot;rounded-lg border bg-card text-card-foreground shadow-sm&quot;[39m
      [36m&gt;[39m
        [36m&lt;div[39m
          [33mclass[39m=[32m&quot;flex flex-col space-y-1.5 p-6 pb-3&quot;[39m
        [36m&gt;[39m
          [36m&lt;div[39m
            [33mclass[39m=[32m&quot;flex items-center justify-between&quot;[39m
          [36m&gt;[39m
            [36m&lt;div[39m
              [33mclass[39m=[32m&quot;tracking-tight text-sm font-medium&quot;[39m
            [36m&gt;[39m
              [0mRate Limits[0m
            [36m&lt;/div&gt;[39m
            [36m&lt;div[39m
              [33mclass[39m=[32m&quot;inline-flex items-center rounded-full border px-2.5 py-0.5 font-semibold transition-colors focus:outline-none focus:ring-2 focus:ring-ring focus:ring-offset-2 hover:bg-primary/80 text-xs bg-yellow-100 text-yellow-800 border-yellow-200&quot;[39m
            [36m&gt;[39m
              [36m&lt;div[39m
                [33mclass[39m=[32m&quot;flex items-center space-x-1&quot;[39m
              [36m&gt;[39m
                [36m&lt;svg[39m
                  [33mclass[39m=[32m&quot;lucide lucide-triangle-alert h-4 w-4 text-yellow-500&quot;[39m
                  [33mfill[39m=[32m&quot;none&quot;[39m
                  [33mheight[39m=[32m&quot;24&quot;[39m
                  [33mstroke[39m=[32m&quot;currentColor&quot;[39m
                  [33mstroke-linecap[39m=[32m&quot;round&quot;[39m
                  [33mstroke-linejoin[39m=[32m&quot;round&quot;[39m
                  [33mstroke-width[39m=[32m&quot;2&quot;[39m
                  [33mviewBox[39m=[32m&quot;0 0 24 24&quot;[39m
                  [33mwidth[39m=[32m&quot;24&quot;[39m
                  [33mxmlns[39m=[32m&quot;http://www.w3.org/2000/svg&quot;[39m
                [36m&gt;[39m
                  [36m&lt;path[39m
                    [33md[39m=[32m&quot;m21.73 18-8-14a2 2 0 0 0-3.48 0l-8 14A2 2 0 0 0 4 21h16a2 2 0 0 0 1.73-3&quot;[39m
                  [36m/&gt;[39m
                  [36m&lt;path[39m
                    [33md[39m=[32m&quot;M12 9v4&quot;[39m
                  [36m/&gt;[39m
                  [36m&lt;path[39m
                    [33md[39m=[32m&quot;M12 17h.01&quot;[39m
                  [36m/&gt;[39m
                [36m&lt;/svg&gt;[39m
                [36m&lt;span&gt;[39m
                  [0mwarning[0m
                [36m&lt;/span&gt;[39m
              [36m&lt;/div&gt;[39m
            [36m&lt;/div&gt;[39m
          [36m&lt;/div&gt;[39m
        [36m&lt;/div&gt;[39m
        [36m&lt;div[39m
          [33mclass[39m=[32m&quot;p-6 pt-0 space-y-4&quot;[39m
        [36m&gt;[39m
          [36m&lt;div[39m
            [33mclass[39m=[32m&quot;space-y-2&quot;[39m
          [36m&gt;[39m
            [36m&lt;div[39m
              [33mclass[39m=[32m&quot;flex items-center justify-between&quot;[39m
            [36m&gt;[39m
              [36m&lt;div[39m
                [33mclass[39m=[32m&quot;flex items-center space-x-2&quot;[39m
              [36m&gt;[39m
                [36m&lt;svg[39m
                  [33mclass[39m=[32m&quot;lucide lucide-zap h-3 w-3 text-blue-500&quot;[39m
                  [33mfill[39m=[32m&quot;none&quot;[39m
                  [33mheight[39m=[32m&quot;24&quot;[39m
                  [33mstroke[39m=[32m&quot;currentColor&quot;[39m
                  [33mstroke-linecap[39m=[32m&quot;round&quot;[39m
                  [33mstroke-linejoin[39m=[32m&quot;round&quot;[39m
                  [33mstroke-width[39m=[32m&quot;2&quot;[39m
                  [33mviewBox[39m=[32m&quot;0 0 24 24&quot;[39m
                  [33mwidth[39m=[32m&quot;24&quot;[39m
                  [33mxmlns[39m=[32m&quot;http://www.w3.org/2000/svg&quot;[39m
                [36m&gt;[39m
                  [36m&lt;path[39m
                    [33md[39m=[32m&quot;M4 14a1 1 0 0 1-.78-1.63l9.9-10.2a.5.5 0 0 1 .86.46l-1.92 6.02A1 1 0 0 0 13 10h7a1 1 0 0 1 .78 1.63l-9.9 10.2a.5.5 0 0 1-.86-.46l1.92-6.02A1 1 0 0 0 11 14z&quot;[39m
                  [36m/&gt;[39m
                [36m&lt;/svg&gt;[39m
                [36m&lt;span[39m
                  [33mclass[39m=[32m&quot;text-xs font-medium&quot;[39m
                [36m&gt;[39m
                  [0mFlash (2.5)[0m
                [36m&lt;/span&gt;[39m
              [36m&lt;/div&gt;[39m
              [36m&lt;button[39m
                [33mdata-state[39m=[32m&quot;closed&quot;[39m
              [36m&gt;[39m
                [36m&lt;div[39m
                  [33mclass[39m=[32m&quot;inline-flex items-center rounded-full border px-2.5 py-0.5 font-semibold transition-colors focus:outline-none focus:ring-2 focus:ring-ring focus:ring-offset-2 text-foreground text-xs&quot;[39m
                [36m&gt;[39m
                  [0m6[0m
                  [0m/[0m
                  [0m8[0m
                  [0m RPM[0m
                [36m&lt;/div&gt;[39m
              [36m&lt;/button&gt;[39m
            [36m&lt;/div&gt;[39m
            [36m&lt;div[39m
              [33mclass[39m=[32m&quot;space-y-1&quot;[39m
            [36m&gt;[39m
              [36m&lt;div[39m
                [33maria-valuemax[39m=[32m&quot;100&quot;[39m
                [33maria-valuemin[39m=[32m&quot;0&quot;[39m
                [33mclass[39m=[32m&quot;relative w-full overflow-hidden rounded-full bg-secondary h-2&quot;[39m
                [33mdata-max[39m=[32m&quot;100&quot;[39m
                [33mdata-state[39m=[32m&quot;indeterminate&quot;[39m
                [33mrole[39m=[32m&quot;progressbar&quot;[39m
              [36m&gt;[39m
                [36m&lt;div[39m
                  [33mclass[39m=[32m&quot;h-full w-full flex-1 transition-all bg-yellow-500&quot;[39m
                  [33mdata-max[39m=[32m&quot;100&quot;[39m
                  [33mdata-state[39m=[32m&quot;indeterminate&quot;[39m
                  [33mstyle[39m=[32m&quot;transform: translateX(-25%);&quot;[39m
                [36m/&gt;[39m
              [36m&lt;/div&gt;[39m
              [36m&lt;div[39m
                [33mclass[39m=[32m&quot;flex justify-between text-xs text-gray-500&quot;[39m
              [36m&gt;[39m
                [36m&lt;span&gt;[39m
                  [0mRPM: [0m
                  [0m75[0m
                  [0m%[0m
                [36m&lt;/span&gt;[39m
                [36m&lt;span&gt;[39m
                  [0mDaily: [0m
                  [0m80[0m
                  [0m%[0m
                [36m&lt;/span&gt;[39m
              [36m&lt;/div&gt;[39m
            [36m&lt;/div&gt;[39m
          [36m&lt;/div&gt;[39m
          [36m&lt;div[39m
            [33mclass[39m=[32m&quot;space-y-2&quot;[39m
          [36m&gt;[39m
            [36m&lt;div[39m
              [33mclass[39m=[32m&quot;flex items-center justify-between&quot;[39m
            [36m&gt;[39m
              [36m&lt;div[39m
                [33mclass[39m=[32m&quot;flex items-center space-x-2&quot;[39m
              [36m&gt;[39m
                [36m&lt;svg[39m
                  [33mclass[39m=[32m&quot;lucide lucide-zap h-3 w-3 text-purple-500&quot;[39m
                  [33mfill[39m=[32m&quot;none&quot;[39m
                  [33mheight[39m=[32m&quot;24&quot;[39m
                  [33mstroke[39m=[32m&quot;currentColor&quot;[39m
                  [33mstroke-linecap[39m=[32m&quot;round&quot;[39m
                  [33mstroke-linejoin[39m=[32m&quot;round&quot;[39m
                  [33mstroke-width[39m=[32m&quot;2&quot;[39m
                  [33mviewBox[39m=[32m&quot;0 0 24 24&quot;[39m
                  [33mwidth[39m=[32m&quot;24&quot;[39m
                  [33mxmlns[39m=[32m&quot;http://www.w3.org/2000/svg&quot;[39m
                [36m&gt;[39m
                  [36m&lt;path[39m
                    [33md[39m=[32m&quot;M4 14a1 1 0 0 1-.78-1.63l9.9-10.2a.5.5 0 0 1 .86.46l-1.92 6.02A1 1 0 0 0 13 10h7a1 1 0 0 1 .78 1.63l-9.9 10.2a.5.5 0 0 1-.86-.46l1.92-6.02A1 1 0 0 0 11 14z&quot;[39m
                  [36m/&gt;[39m
                [36m&lt;/svg&gt;[39m
                [36m&lt;span[39m
                  [33mclass[39m=[32m&quot;text-xs font-medium&quot;[39m
                [36m&gt;[39m
                  [0mPro (2.5)[0m
                [36m&lt;/span&gt;[39m
              [36m&lt;/div&gt;[39m
              [36m&lt;button[39m
                [33mdata-state[39m=[32m&quot;closed&quot;[39m
              [36m&gt;[39m
                [36m&lt;div[39m
                  [33mclass[39m=[32m&quot;inline-flex items-center rounded-full border px-2.5 py-0.5 font-semibold transition-colors focus:outline-none focus:ring-2 focus:ring-ring focus:ring-offset-2 text-foreground text-xs&quot;[39m
                [36m&gt;[39m
                  [0m3[0m
                  [0m/[0m
                  [0m4[0m
                  [0m RPM[0m
                [36m&lt;/div&gt;[39m
              [36m&lt;/button&gt;[39m
            [36m&lt;/div&gt;[39m
            [36m&lt;div[39m
              [33mclass[39m=[32m&quot;space-y-1&quot;[39m
            [36m&gt;[39m
              [36m&lt;div[39m
                [33maria-valuemax[39m=[32m&quot;100&quot;[39m
                [33maria-valuemin[39m=[32m&quot;0&quot;[39m
                [33mclass[39m=[32m&quot;relative w-full overflow-hidden rounded-full bg-secondary h-2&quot;[39m
                [33mdata-max[39m=[32m&quot;100&quot;[39m
                [33mdata-state[39m=[32m&quot;indeterminate&quot;[39m
                [33mrole[39m=[32m&quot;progressbar&quot;[39m
              [36m&gt;[39m
                [36m&lt;div[39m
                  [33mclass[39m=[32m&quot;h-full w-full flex-1 transition-all bg-orange-500&quot;[39m
                  [33mdata-max[39m=[32m&quot;100&quot;[39m
                  [33mdata-state[39m=[32m&quot;indeterminate&quot;[39m
                  [33mstyle[39m=[32m&quot;transform: translateX(-15%);&quot;[39m
                [36m/&gt;[39m
              [36m&lt;/div&gt;[39m
              [36m&lt;div[39m
                [33mclass[39m=[32m&quot;flex justify-between text-xs text-gray-500&quot;[39m
              [36m&gt;[39m
                [36m&lt;span&gt;[39m
                  [0mRPM: [0m
                  [0m85[0m
                  [0m%[0m
                [36m&lt;/span&gt;[39m
                [36m&lt;span&gt;[39m
                  [0mDaily: [0m
                  [0m70[0m
                  [0m%[0m
                [36m&lt;/span&gt;[39m
              [36m&lt;/div&gt;[39m
            [36m&lt;/div&gt;[39m
          [36m&lt;/div&gt;[39m
          [36m&lt;div[39m
            [33mclass[39m=[32m&quot;pt-2 border-t&quot;[39m
          [36m&gt;[39m
            [36m&lt;div[39m
              [33mclass[39m=[32m&quot;flex justify-between text-xs text-gray-500&quot;[39m
            [36m&gt;[39m
              [36m&lt;span&gt;[39m
                [0mTotal Today: [0m
                [0m250[0m
              [36m&lt;/span&gt;[39m
              [36m&lt;span&gt;[39m
                [0mUptime: [0m
                [0m100[0m
                [0m%[0m
              [36m&lt;/span&gt;[39m
            [36m&lt;/div&gt;[39m
            [36m&lt;div[39m
              [33mclass[39m=[32m&quot;text-xs text-gray-400 mt-1&quot;[39m
            [36m&gt;[39m
              [0mUpdated: [0m
              [0m3:51:09 pm[0m
            [36m&lt;/div&gt;[39m
          [36m&lt;/div&gt;[39m
        [36m&lt;/div&gt;[39m
      [36m&lt;/div&gt;[39m
    [36m&lt;/div&gt;[39m
  [36m&lt;/div&gt;[39m
[36m&lt;/body&gt;[39m

Ignored nodes: comments, script, style
[36m&lt;html&gt;[39m
  [36m&lt;head /&gt;[39m
  [36m&lt;body&gt;[39m
    [36m&lt;div&gt;[39m
      [36m&lt;div&gt;[39m
        [36m&lt;div[39m
          [33mclass[39m=[32m&quot;rounded-lg border bg-card text-card-foreground shadow-sm&quot;[39m
        [36m&gt;[39m
          [36m&lt;div[39m
            [33mclass[39m=[32m&quot;flex flex-col space-y-1.5 p-6 pb-3&quot;[39m
          [36m&gt;[39m
            [36m&lt;div[39m
              [33mclass[39m=[32m&quot;flex items-center justify-between&quot;[39m
            [36m&gt;[39m
              [36m&lt;div[39m
                [33mclass[39m=[32m&quot;tracking-tight text-sm font-medium&quot;[39m
              [36m&gt;[39m
                [0mRate Limits[0m
              [36m&lt;/div&gt;[39m
              [36m&lt;div[39m
                [33mclass[39m=[32m&quot;inline-flex items-center rounded-full border px-2.5 py-0.5 font-semibold transition-colors focus:outline-none focus:ring-2 focus:ring-ring focus:ring-offset-2 hover:bg-primary/80 text-xs bg-yellow-100 text-yellow-800 border-yellow-200&quot;[39m
              [36m&gt;[39m
                [36m&lt;div[39m
                  [33mclass[39m=[32m&quot;flex items-center space-x-1&quot;[39m
                [36m&gt;[39m
                  [36m&lt;svg[39m
                    [33mclass[39m=[32m&quot;lucide lucide-triangle-alert h-4 w-4 text-yellow-500&quot;[39m
                    [33mfill[39m=[32m&quot;none&quot;[39m
                    [33mheight[39m=[32m&quot;24&quot;[39m
                    [33mstroke[39m=[32m&quot;currentColor&quot;[39m
                    [33mstroke-linecap[39m=[32m&quot;round&quot;[39m
                    [33mstroke-linejoin[39m=[32m&quot;round&quot;[39m
                    [33mstroke-width[39m=[32m&quot;2&quot;[39m
                    [33mviewBox[39m=[32m&quot;0 0 24 24&quot;[39m
                    [33mwidth[39m=[32m&quot;24&quot;[39m
                    [33mxmlns[39m=[32m&quot;http://www.w3.org/2000/svg&quot;[39m
                  [36m&gt;[39m
                    [36m&lt;path[39m
                      [33md[39m=[32m&quot;m21.73 18-8-14a2 2 0 0 0-3.48 0l-8 14A2 2 0 0 0 4 21h16a2 2 0 0 0 1.73-3&quot;[39m
                    [36m/&gt;[39m
                    [36m&lt;path[39m
                      [33md[39m=[32m&quot;M12 9v4&quot;[39m
                    [36m/&gt;[39m
                    [36m&lt;path[39m
                      [33md[39m=[32m&quot;M12 17h.01&quot;[39m
                    [36m/&gt;[39m
                  [36m&lt;/svg&gt;[39m
                  [36m&lt;span&gt;[39m
                    [0mwarning[0m
                  [36m&lt;/span&gt;[39m
                [36m&lt;/div&gt;[39m
              [36m&lt;/div&gt;[39m
            [36m&lt;/div&gt;[39m
          [36m&lt;/div&gt;[39m
          [36m&lt;div[39m
            [33mclass[39m=[32m&quot;p-6 pt-0 space-y-4&quot;[39m
          [36m&gt;[39m
            [36m&lt;div[39m
              [33mclass[39m=[32m&quot;space-y-2&quot;[39m
            [36m&gt;[39m
              [36m&lt;div[39m
                [33mclass[39m=[32m&quot;flex items-center justify-between&quot;[39m
              [36m&gt;[39m
                [36m&lt;div[39m
                  [33mclass[39m=[32m&quot;flex items-center space-x-2&quot;[39m
                [36m&gt;[39m
                  [36m&lt;svg[39m
                    [33mclass[39m=[32m&quot;lucide lucide-zap h-3 w-3 text-blue-500&quot;[39m
                    [33mfill[39m=[32m&quot;none&quot;[39m
                    [33mheight[39m=[32m&quot;24&quot;[39m
                    [33mstroke[39m=[32m&quot;currentColor&quot;[39m
                    [33mstroke-linecap[39m=[32m&quot;round&quot;[39m
                    [33mstroke-linejoin[39m=[32m&quot;round&quot;[39m
                    [33mstroke-width[39m=[32m&quot;2&quot;[39m
                    [33mviewBox[39m=[32m&quot;0 0 24 24&quot;[39m
                    [33mwidth[39m=[32m&quot;24&quot;[39m
                    [33mxmlns[39m=[32m&quot;http://www.w3.org/2000/svg&quot;[39m
                  [36m&gt;[39m
                    [36m&lt;path[39m
                      [33md[39m=[32m&quot;M4 14a1 1 0 0 1-.78-1.63l9.9-10.2a.5.5 0 0 1 .86.46l-1.92 6.02A1 1 0 0 0 13 10h7a1 1 0 0 1 .78 1.63l-9.9 10.2a.5.5 0 0 1-.86-.46l1.92-6.02A1 1 0 0 0 11 14z&quot;[39m
                    [36m/&gt;[39m
                  [36m&lt;/svg&gt;[39m
                  [36m&lt;span[39m
                    [33mclass[39m=[32m&quot;text-xs font-medium&quot;[39m
                  [36m&gt;[39m
                    [0mFlash (2.5)[0m
                  [36m&lt;/span&gt;[39m
                [36m&lt;/div&gt;[39m
                [36m&lt;button[39m
                  [33mdata-state[39m=[32m&quot;closed&quot;[39m
                [36m&gt;[39m
                  [36m&lt;div[39m
                    [33mclass[39m=[32m&quot;inline-flex items-center rounded-full border px-2.5 py-0.5 font-semibold transition-colors focus:outline-none focus:ring-2 focus:ring-ring focus:ring-offset-2 text-foreground text-xs&quot;[39m
                  [36m&gt;[39m
                    [0m6[0m
                    [0m/[0m
                    [0m8[0m
                    [0m RPM[0m
                  [36m&lt;/div&gt;[39m
                [36m&lt;/button&gt;[39m
              [36m&lt;/div&gt;[39m
              [36m&lt;div[39m
                [33mclass[39m=[32m&quot;space-y-1&quot;[39m
              [36m&gt;[39m
                [36m&lt;div[39m
                  [33maria-valuemax[39m=[32m&quot;100&quot;[39m
                  [33maria-valuemin[39m=[32m&quot;0&quot;[39m
                  [33mclass[39m=[32m&quot;relative w-full overflow-hidden rounded-full bg-secondary h-2&quot;[39m
                  [33mdata-max[39m=[32m&quot;100&quot;[39m
                  [33mdata-state[39m=[32m&quot;indeterminate&quot;[39m
                  [33mrole[39m=[32m&quot;progressbar&quot;[39m
                [36m&gt;[39m
                  [36m&lt;div[39m
                    [33mclass[39m=[32m&quot;h-full w-full flex-1 transition-all bg-yellow-500&quot;[39m
                    [33mdata-max[39m=[32m&quot;100&quot;[39m
                    [33mdata-state[39m=[32m&quot;indeterminate&quot;[39m
                    [33mstyle[39m=[32m&quot;transform: translateX(-25%);&quot;[39m
                  [36m/&gt;[39m
                [36m&lt;/div&gt;[39m
                [36m&lt;div[39m
                  [33mclass[39m=[32m&quot;flex justify-between text-xs text-gray-500&quot;[39m
                [36m&gt;[39m
                  [36m&lt;span&gt;[39m
                    [0mRPM: [0m
                    [0m75[0m
                    [0m%[0m
                  [36m&lt;/span&gt;[39m
                  [36m&lt;span&gt;[39m
                    [0mDaily: [0m
                    [0m80[0m
                    [0m%[0m
                  [36m&lt;/span&gt;[39m
                [36m&lt;/div&gt;[39m
              [36m&lt;/div&gt;[39m
            [36m&lt;/div&gt;[39m
            [36m&lt;div[39m
              [33mclass[39m=[32m&quot;space-y-2&quot;[39m
            [36m&gt;[39m
              [36m&lt;div[39m
                [33mclass[39m=[32m&quot;flex items-center justify-between&quot;[39m
              [36m&gt;[39m
                [36m&lt;div[39m
                  [33mclass[39m=[32m&quot;flex items-center space-x-2&quot;[39m
                [36m&gt;[39m
                  [36m&lt;svg[39m
                    [33mclass[39m=[32m&quot;lucide lucide-zap h-3 w-3 text-purple-500&quot;[39m
                    [33mfill[39m=[32m&quot;none&quot;[39m
                    [33mheight[39m=[32m&quot;24&quot;[39m
                    [33mstroke[39m=[32m&quot;currentColor&quot;[39m
                    [33mstroke-linecap[39m=[32m&quot;round&quot;[39m
                    [33mstroke-linejoin[39m=[32m&quot;round&quot;[39m
                    [33mstroke-width[39m=[32m&quot;2&quot;[39m
                    [33mviewBox[39m=[32m&quot;0 0 24 24&quot;[39m
                    [33mwidth[39m=[32m&quot;24&quot;[39m
                    [33mxmlns[39m=[32m&quot;http://www.w3.org/2000/svg&quot;[39m
                  [36m&gt;[39m
                    [36m&lt;path[39m
                      [33md[39m=[32m&quot;M4 14a1 1 0 0 1-.78-1.63l9.9-10.2a.5.5 0 0 1 .86.46l-1.92 6.02A1 1 0 0 0 13 10h7a1 1 0 0 1 .78 1.63l-9.9 10.2a.5.5 0 0 1-.86-.46l1.92-6.02A1 1 0 0 0 11 14z&quot;[39m
                    [36m/&gt;[39m
                  [36m&lt;/svg&gt;[39m
                  [36m&lt;span[39m
                    [33mclass[39m=[32m&quot;text-xs font-medium&quot;[39m
                  [36m&gt;[39m
                    [0mPro (2.5)[0m
                  [36m&lt;/span&gt;[39m
                [36m&lt;/div&gt;[39m
                [36m&lt;button[39m
                  [33mdata-state[39m=[32m&quot;closed&quot;[39m
                [36m&gt;[39m
                  [36m&lt;div[39m
                    [33mclass[39m=[32m&quot;inline-flex items-center rounded-full border px-2.5 py-0.5 font-semibold transition-colors focus:outline-none focus:ring-2 focus:ring-ring focus:ring-offset-2 text-foreground text-xs&quot;[39m
                  [36m&gt;[39m
                    [0m3[0m
                    [0m/[0m
                    [0m4[0m
                    [0m RPM[0m
                  [36m&lt;/div&gt;[39m
                [36m&lt;/button&gt;[39m
              [36m&lt;/div&gt;[39m
              [36m&lt;div[39m
                [33mclass[39m=[32m&quot;space-y-1&quot;[39m
              [36m&gt;[39m
                [36m&lt;div[39m
                  [33maria-valuemax[39m=[32m&quot;100&quot;[39m
                  [33maria-valuemin[39m=[32m&quot;0&quot;[39m
                  [33mclass[39m=[32m&quot;relative w-full overflow-hidden rounded-full bg-secondary h-2&quot;[39m
                  [33mdata-max[39m=[32m&quot;100&quot;[39m
                  [33mdata-state[39m=[32m&quot;indeterminate&quot;[39m
                  [33mrole[39m=[32m&quot;progressbar&quot;[39m
                [36m&gt;[39m
                  [36m&lt;div[39m
                    [33mclass[39m=[32m&quot;h-full w-full flex-1 transition-all bg-orange-500&quot;[39m
                    [33mdata-max[39m=[32m&quot;100&quot;[39m
                    [33mdata-state[39m=[32m&quot;indeterminate&quot;[39m
                    [33mstyle[39m=[32m&quot;transform: translateX(-15%);&quot;[39m
                  [36m/&gt;[39m
                [36m&lt;/div&gt;[39m
                [36m&lt;div[39m
                  [33mclass[39m=[32m&quot;flex justify-between text-xs text-gray-500&quot;[39m
                [36m&gt;[39m
                  [36m&lt;span&gt;[39m
                    [0mRPM: [0m
                    [0m85[0m
                    [0m%[0m
                  [36m&lt;/span&gt;[39m
                  [36m&lt;span&gt;[39m
                    [0mDaily: [0m
                    [0m70[0m
                    [0m%[0m
                  [36m&lt;/span&gt;[39m
                [36m&lt;/div&gt;[39m
              [36m&lt;/div&gt;[39m
            [36m&lt;/div&gt;[39m
            [36m&lt;div[39m
              [33mclass[39m=[32m&quot;pt-2 border-t&quot;[39m
            [36m&gt;[39m
              [36m&lt;div[39m
                [33mclass[39m=[32m&quot;flex justify-between text-xs text-gray-500&quot;[39m
              [36m&gt;[39m
                [36m&lt;span&gt;[39m
                  [0mTotal Today: [0m
                  [0m250[0m
                [36m&lt;/span&gt;[39m
                [36m&lt;span&gt;[39m
                  [0mUptime: [0m
                  [0m100[0m
                  [0m%[0m
                [36m&lt;/span&gt;[39m
              [36m&lt;/div&gt;[39m
              [36m&lt;div[39m
                [33mclass[39m=[32m&quot;text-xs text-gray-400 mt-1&quot;[39m
              [36m&gt;[39m
                [0mUpdated: [0m
                [0m3:51:09 pm[0m
              [36m&lt;/div&gt;[39m
            [36m&lt;/div&gt;[39m
          [36m&lt;/div&gt;[39m
        [36m&lt;/div&gt;[39m
      [36m&lt;/div&gt;[39m
    [36m&lt;/div&gt;[39m
  [36m&lt;/body&gt;[39m
[36m&lt;/html&gt;[39m" type="TestingLibraryElementError">
TestingLibraryElementError: Unable to find an element with the text: Flash RPM. This could be because the text is broken up by multiple elements. In this case, you can provide a function for your text matcher to make your matcher more flexible.

Ignored nodes: comments, script, style
&lt;body&gt;
  &lt;div&gt;
    &lt;div&gt;
      &lt;div
        class=&quot;rounded-lg border bg-card text-card-foreground shadow-sm&quot;
      &gt;
        &lt;div
          class=&quot;flex flex-col space-y-1.5 p-6 pb-3&quot;
        &gt;
          &lt;div
            class=&quot;flex items-center justify-between&quot;
          &gt;
            &lt;div
              class=&quot;tracking-tight text-sm font-medium&quot;
            &gt;
              Rate Limits
            &lt;/div&gt;
            &lt;div
              class=&quot;inline-flex items-center rounded-full border px-2.5 py-0.5 font-semibold transition-colors focus:outline-none focus:ring-2 focus:ring-ring focus:ring-offset-2 hover:bg-primary/80 text-xs bg-yellow-100 text-yellow-800 border-yellow-200&quot;
            &gt;
              &lt;div
                class=&quot;flex items-center space-x-1&quot;
              &gt;
                &lt;svg
                  class=&quot;lucide lucide-triangle-alert h-4 w-4 text-yellow-500&quot;
                  fill=&quot;none&quot;
                  height=&quot;24&quot;
                  stroke=&quot;currentColor&quot;
                  stroke-linecap=&quot;round&quot;
                  stroke-linejoin=&quot;round&quot;
                  stroke-width=&quot;2&quot;
                  viewBox=&quot;0 0 24 24&quot;
                  width=&quot;24&quot;
                  xmlns=&quot;http://www.w3.org/2000/svg&quot;
                &gt;
                  &lt;path
                    d=&quot;m21.73 18-8-14a2 2 0 0 0-3.48 0l-8 14A2 2 0 0 0 4 21h16a2 2 0 0 0 1.73-3&quot;
                  /&gt;
                  &lt;path
                    d=&quot;M12 9v4&quot;
                  /&gt;
                  &lt;path
                    d=&quot;M12 17h.01&quot;
                  /&gt;
                &lt;/svg&gt;
                &lt;span&gt;
                  warning
                &lt;/span&gt;
              &lt;/div&gt;
            &lt;/div&gt;
          &lt;/div&gt;
        &lt;/div&gt;
        &lt;div
          class=&quot;p-6 pt-0 space-y-4&quot;
        &gt;
          &lt;div
            class=&quot;space-y-2&quot;
          &gt;
            &lt;div
              class=&quot;flex items-center justify-between&quot;
            &gt;
              &lt;div
                class=&quot;flex items-center space-x-2&quot;
              &gt;
                &lt;svg
                  class=&quot;lucide lucide-zap h-3 w-3 text-blue-500&quot;
                  fill=&quot;none&quot;
                  height=&quot;24&quot;
                  stroke=&quot;currentColor&quot;
                  stroke-linecap=&quot;round&quot;
                  stroke-linejoin=&quot;round&quot;
                  stroke-width=&quot;2&quot;
                  viewBox=&quot;0 0 24 24&quot;
                  width=&quot;24&quot;
                  xmlns=&quot;http://www.w3.org/2000/svg&quot;
                &gt;
                  &lt;path
                    d=&quot;M4 14a1 1 0 0 1-.78-1.63l9.9-10.2a.5.5 0 0 1 .86.46l-1.92 6.02A1 1 0 0 0 13 10h7a1 1 0 0 1 .78 1.63l-9.9 10.2a.5.5 0 0 1-.86-.46l1.92-6.02A1 1 0 0 0 11 14z&quot;
                  /&gt;
                &lt;/svg&gt;
                &lt;span
                  class=&quot;text-xs font-medium&quot;
                &gt;
                  Flash (2.5)
                &lt;/span&gt;
              &lt;/div&gt;
              &lt;button
                data-state=&quot;closed&quot;
              &gt;
                &lt;div
                  class=&quot;inline-flex items-center rounded-full border px-2.5 py-0.5 font-semibold transition-colors focus:outline-none focus:ring-2 focus:ring-ring focus:ring-offset-2 text-foreground text-xs&quot;
                &gt;
                  6
                  /
                  8
                   RPM
                &lt;/div&gt;
              &lt;/button&gt;
            &lt;/div&gt;
            &lt;div
              class=&quot;space-y-1&quot;
            &gt;
              &lt;div
                aria-valuemax=&quot;100&quot;
                aria-valuemin=&quot;0&quot;
                class=&quot;relative w-full overflow-hidden rounded-full bg-secondary h-2&quot;
                data-max=&quot;100&quot;
                data-state=&quot;indeterminate&quot;
                role=&quot;progressbar&quot;
              &gt;
                &lt;div
                  class=&quot;h-full w-full flex-1 transition-all bg-yellow-500&quot;
                  data-max=&quot;100&quot;
                  data-state=&quot;indeterminate&quot;
                  style=&quot;transform: translateX(-25%);&quot;
                /&gt;
              &lt;/div&gt;
              &lt;div
                class=&quot;flex justify-between text-xs text-gray-500&quot;
              &gt;
                &lt;span&gt;
                  RPM: 
                  75
                  %
                &lt;/span&gt;
                &lt;span&gt;
                  Daily: 
                  80
                  %
                &lt;/span&gt;
              &lt;/div&gt;
            &lt;/div&gt;
          &lt;/div&gt;
          &lt;div
            class=&quot;space-y-2&quot;
          &gt;
            &lt;div
              class=&quot;flex items-center justify-between&quot;
            &gt;
              &lt;div
                class=&quot;flex items-center space-x-2&quot;
              &gt;
                &lt;svg
                  class=&quot;lucide lucide-zap h-3 w-3 text-purple-500&quot;
                  fill=&quot;none&quot;
                  height=&quot;24&quot;
                  stroke=&quot;currentColor&quot;
                  stroke-linecap=&quot;round&quot;
                  stroke-linejoin=&quot;round&quot;
                  stroke-width=&quot;2&quot;
                  viewBox=&quot;0 0 24 24&quot;
                  width=&quot;24&quot;
                  xmlns=&quot;http://www.w3.org/2000/svg&quot;
                &gt;
                  &lt;path
                    d=&quot;M4 14a1 1 0 0 1-.78-1.63l9.9-10.2a.5.5 0 0 1 .86.46l-1.92 6.02A1 1 0 0 0 13 10h7a1 1 0 0 1 .78 1.63l-9.9 10.2a.5.5 0 0 1-.86-.46l1.92-6.02A1 1 0 0 0 11 14z&quot;
                  /&gt;
                &lt;/svg&gt;
                &lt;span
                  class=&quot;text-xs font-medium&quot;
                &gt;
                  Pro (2.5)
                &lt;/span&gt;
              &lt;/div&gt;
              &lt;button
                data-state=&quot;closed&quot;
              &gt;
                &lt;div
                  class=&quot;inline-flex items-center rounded-full border px-2.5 py-0.5 font-semibold transition-colors focus:outline-none focus:ring-2 focus:ring-ring focus:ring-offset-2 text-foreground text-xs&quot;
                &gt;
                  3
                  /
                  4
                   RPM
                &lt;/div&gt;
              &lt;/button&gt;
            &lt;/div&gt;
            &lt;div
              class=&quot;space-y-1&quot;
            &gt;
              &lt;div
                aria-valuemax=&quot;100&quot;
                aria-valuemin=&quot;0&quot;
                class=&quot;relative w-full overflow-hidden rounded-full bg-secondary h-2&quot;
                data-max=&quot;100&quot;
                data-state=&quot;indeterminate&quot;
                role=&quot;progressbar&quot;
              &gt;
                &lt;div
                  class=&quot;h-full w-full flex-1 transition-all bg-orange-500&quot;
                  data-max=&quot;100&quot;
                  data-state=&quot;indeterminate&quot;
                  style=&quot;transform: translateX(-15%);&quot;
                /&gt;
              &lt;/div&gt;
              &lt;div
                class=&quot;flex justify-between text-xs text-gray-500&quot;
              &gt;
                &lt;span&gt;
                  RPM: 
                  85
                  %
                &lt;/span&gt;
                &lt;span&gt;
                  Daily: 
                  70
                  %
                &lt;/span&gt;
              &lt;/div&gt;
            &lt;/div&gt;
          &lt;/div&gt;
          &lt;div
            class=&quot;pt-2 border-t&quot;
          &gt;
            &lt;div
              class=&quot;flex justify-between text-xs text-gray-500&quot;
            &gt;
              &lt;span&gt;
                Total Today: 
                250
              &lt;/span&gt;
              &lt;span&gt;
                Uptime: 
                100
                %
              &lt;/span&gt;
            &lt;/div&gt;
            &lt;div
              class=&quot;text-xs text-gray-400 mt-1&quot;
            &gt;
              Updated: 
              3:51:09 pm
            &lt;/div&gt;
          &lt;/div&gt;
        &lt;/div&gt;
      &lt;/div&gt;
    &lt;/div&gt;
  &lt;/div&gt;
&lt;/body&gt;

Ignored nodes: comments, script, style
&lt;html&gt;
  &lt;head /&gt;
  &lt;body&gt;
    &lt;div&gt;
      &lt;div&gt;
        &lt;div
          class=&quot;rounded-lg border bg-card text-card-foreground shadow-sm&quot;
        &gt;
          &lt;div
            class=&quot;flex flex-col space-y-1.5 p-6 pb-3&quot;
          &gt;
            &lt;div
              class=&quot;flex items-center justify-between&quot;
            &gt;
              &lt;div
                class=&quot;tracking-tight text-sm font-medium&quot;
              &gt;
                Rate Limits
              &lt;/div&gt;
              &lt;div
                class=&quot;inline-flex items-center rounded-full border px-2.5 py-0.5 font-semibold transition-colors focus:outline-none focus:ring-2 focus:ring-ring focus:ring-offset-2 hover:bg-primary/80 text-xs bg-yellow-100 text-yellow-800 border-yellow-200&quot;
              &gt;
                &lt;div
                  class=&quot;flex items-center space-x-1&quot;
                &gt;
                  &lt;svg
                    class=&quot;lucide lucide-triangle-alert h-4 w-4 text-yellow-500&quot;
                    fill=&quot;none&quot;
                    height=&quot;24&quot;
                    stroke=&quot;currentColor&quot;
                    stroke-linecap=&quot;round&quot;
                    stroke-linejoin=&quot;round&quot;
                    stroke-width=&quot;2&quot;
                    viewBox=&quot;0 0 24 24&quot;
                    width=&quot;24&quot;
                    xmlns=&quot;http://www.w3.org/2000/svg&quot;
                  &gt;
                    &lt;path
                      d=&quot;m21.73 18-8-14a2 2 0 0 0-3.48 0l-8 14A2 2 0 0 0 4 21h16a2 2 0 0 0 1.73-3&quot;
                    /&gt;
                    &lt;path
                      d=&quot;M12 9v4&quot;
                    /&gt;
                    &lt;path
                      d=&quot;M12 17h.01&quot;
                    /&gt;
                  &lt;/svg&gt;
                  &lt;span&gt;
                    warning
                  &lt;/span&gt;
                &lt;/div&gt;
              &lt;/div&gt;
            &lt;/div&gt;
          &lt;/div&gt;
          &lt;div
            class=&quot;p-6 pt-0 space-y-4&quot;
          &gt;
            &lt;div
              class=&quot;space-y-2&quot;
            &gt;
              &lt;div
                class=&quot;flex items-center justify-between&quot;
              &gt;
                &lt;div
                  class=&quot;flex items-center space-x-2&quot;
                &gt;
                  &lt;svg
                    class=&quot;lucide lucide-zap h-3 w-3 text-blue-500&quot;
                    fill=&quot;none&quot;
                    height=&quot;24&quot;
                    stroke=&quot;currentColor&quot;
                    stroke-linecap=&quot;round&quot;
                    stroke-linejoin=&quot;round&quot;
                    stroke-width=&quot;2&quot;
                    viewBox=&quot;0 0 24 24&quot;
                    width=&quot;24&quot;
                    xmlns=&quot;http://www.w3.org/2000/svg&quot;
                  &gt;
                    &lt;path
                      d=&quot;M4 14a1 1 0 0 1-.78-1.63l9.9-10.2a.5.5 0 0 1 .86.46l-1.92 6.02A1 1 0 0 0 13 10h7a1 1 0 0 1 .78 1.63l-9.9 10.2a.5.5 0 0 1-.86-.46l1.92-6.02A1 1 0 0 0 11 14z&quot;
                    /&gt;
                  &lt;/svg&gt;
                  &lt;span
                    class=&quot;text-xs font-medium&quot;
                  &gt;
                    Flash (2.5)
                  &lt;/span&gt;
                &lt;/div&gt;
                &lt;button
                  data-state=&quot;closed&quot;
                &gt;
                  &lt;div
                    class=&quot;inline-flex items-center rounded-full border px-2.5 py-0.5 font-semibold transition-colors focus:outline-none focus:ring-2 focus:ring-ring focus:ring-offset-2 text-foreground text-xs&quot;
                  &gt;
                    6
                    /
                    8
                     RPM
                  &lt;/div&gt;
                &lt;/button&gt;
              &lt;/div&gt;
              &lt;div
                class=&quot;space-y-1&quot;
              &gt;
                &lt;div
                  aria-valuemax=&quot;100&quot;
                  aria-valuemin=&quot;0&quot;
                  class=&quot;relative w-full overflow-hidden rounded-full bg-secondary h-2&quot;
                  data-max=&quot;100&quot;
                  data-state=&quot;indeterminate&quot;
                  role=&quot;progressbar&quot;
                &gt;
                  &lt;div
                    class=&quot;h-full w-full flex-1 transition-all bg-yellow-500&quot;
                    data-max=&quot;100&quot;
                    data-state=&quot;indeterminate&quot;
                    style=&quot;transform: translateX(-25%);&quot;
                  /&gt;
                &lt;/div&gt;
                &lt;div
                  class=&quot;flex justify-between text-xs text-gray-500&quot;
                &gt;
                  &lt;span&gt;
                    RPM: 
                    75
                    %
                  &lt;/span&gt;
                  &lt;span&gt;
                    Daily: 
                    80
                    %
                  &lt;/span&gt;
                &lt;/div&gt;
              &lt;/div&gt;
            &lt;/div&gt;
            &lt;div
              class=&quot;space-y-2&quot;
            &gt;
              &lt;div
                class=&quot;flex items-center justify-between&quot;
              &gt;
                &lt;div
                  class=&quot;flex items-center space-x-2&quot;
                &gt;
                  &lt;svg
                    class=&quot;lucide lucide-zap h-3 w-3 text-purple-500&quot;
                    fill=&quot;none&quot;
                    height=&quot;24&quot;
                    stroke=&quot;currentColor&quot;
                    stroke-linecap=&quot;round&quot;
                    stroke-linejoin=&quot;round&quot;
                    stroke-width=&quot;2&quot;
                    viewBox=&quot;0 0 24 24&quot;
                    width=&quot;24&quot;
                    xmlns=&quot;http://www.w3.org/2000/svg&quot;
                  &gt;
                    &lt;path
                      d=&quot;M4 14a1 1 0 0 1-.78-1.63l9.9-10.2a.5.5 0 0 1 .86.46l-1.92 6.02A1 1 0 0 0 13 10h7a1 1 0 0 1 .78 1.63l-9.9 10.2a.5.5 0 0 1-.86-.46l1.92-6.02A1 1 0 0 0 11 14z&quot;
                    /&gt;
                  &lt;/svg&gt;
                  &lt;span
                    class=&quot;text-xs font-medium&quot;
                  &gt;
                    Pro (2.5)
                  &lt;/span&gt;
                &lt;/div&gt;
                &lt;button
                  data-state=&quot;closed&quot;
                &gt;
                  &lt;div
                    class=&quot;inline-flex items-center rounded-full border px-2.5 py-0.5 font-semibold transition-colors focus:outline-none focus:ring-2 focus:ring-ring focus:ring-offset-2 text-foreground text-xs&quot;
                  &gt;
                    3
                    /
                    4
                     RPM
                  &lt;/div&gt;
                &lt;/button&gt;
              &lt;/div&gt;
              &lt;div
                class=&quot;space-y-1&quot;
              &gt;
                &lt;div
                  aria-valuemax=&quot;100&quot;
                  aria-valuemin=&quot;0&quot;
                  class=&quot;relative w-full overflow-hidden rounded-full bg-secondary h-2&quot;
                  data-max=&quot;100&quot;
                  data-state=&quot;indeterminate&quot;
                  role=&quot;progressbar&quot;
                &gt;
                  &lt;div
                    class=&quot;h-full w-full flex-1 transition-all bg-orange-500&quot;
                    data-max=&quot;100&quot;
                    data-state=&quot;indeterminate&quot;
                    style=&quot;transform: translateX(-15%);&quot;
                  /&gt;
                &lt;/div&gt;
                &lt;div
                  class=&quot;flex justify-between text-xs text-gray-500&quot;
                &gt;
                  &lt;span&gt;
                    RPM: 
                    85
                    %
                  &lt;/span&gt;
                  &lt;span&gt;
                    Daily: 
                    70
                    %
                  &lt;/span&gt;
                &lt;/div&gt;
              &lt;/div&gt;
            &lt;/div&gt;
            &lt;div
              class=&quot;pt-2 border-t&quot;
            &gt;
              &lt;div
                class=&quot;flex justify-between text-xs text-gray-500&quot;
              &gt;
                &lt;span&gt;
                  Total Today: 
                  250
                &lt;/span&gt;
                &lt;span&gt;
                  Uptime: 
                  100
                  %
                &lt;/span&gt;
              &lt;/div&gt;
              &lt;div
                class=&quot;text-xs text-gray-400 mt-1&quot;
              &gt;
                Updated: 
                3:51:09 pm
              &lt;/div&gt;
            &lt;/div&gt;
          &lt;/div&gt;
        &lt;/div&gt;
      &lt;/div&gt;
    &lt;/div&gt;
  &lt;/body&gt;
&lt;/html&gt;
 ❯ Proxy.waitForWrapper node_modules/@testing-library/dom/dist/wait-for.js:163:27
 ❯ tests/integration/rate-limiting/rateLimitingIntegration.test.tsx:208:11
            </failure>
        </testcase>
        <testcase classname="tests/integration/rate-limiting/rateLimitingIntegration.test.tsx" name="Rate Limiting Integration Tests &gt; updates status and warnings together when API returns new data" time="1.01205275">
            <failure message="Unable to find an element with the text: warning. This could be because the text is broken up by multiple elements. In this case, you can provide a function for your text matcher to make your matcher more flexible.

Ignored nodes: comments, script, style
[36m&lt;body&gt;[39m
  [36m&lt;div&gt;[39m
    [36m&lt;div&gt;[39m
      [36m&lt;div[39m
        [33mclass[39m=[32m&quot;rounded-lg border bg-card text-card-foreground shadow-sm&quot;[39m
      [36m&gt;[39m
        [36m&lt;div[39m
          [33mclass[39m=[32m&quot;flex flex-col space-y-1.5 p-6 pb-3&quot;[39m
        [36m&gt;[39m
          [36m&lt;div[39m
            [33mclass[39m=[32m&quot;flex items-center justify-between&quot;[39m
          [36m&gt;[39m
            [36m&lt;div[39m
              [33mclass[39m=[32m&quot;tracking-tight text-sm font-medium&quot;[39m
            [36m&gt;[39m
              [0mRate Limits[0m
            [36m&lt;/div&gt;[39m
            [36m&lt;div[39m
              [33mclass[39m=[32m&quot;inline-flex items-center rounded-full border px-2.5 py-0.5 font-semibold transition-colors focus:outline-none focus:ring-2 focus:ring-ring focus:ring-offset-2 hover:bg-primary/80 text-xs bg-green-100 text-green-800 border-green-200&quot;[39m
            [36m&gt;[39m
              [36m&lt;div[39m
                [33mclass[39m=[32m&quot;flex items-center space-x-1&quot;[39m
              [36m&gt;[39m
                [36m&lt;svg[39m
                  [33mclass[39m=[32m&quot;lucide lucide-circle-check-big h-4 w-4 text-green-500&quot;[39m
                  [33mfill[39m=[32m&quot;none&quot;[39m
                  [33mheight[39m=[32m&quot;24&quot;[39m
                  [33mstroke[39m=[32m&quot;currentColor&quot;[39m
                  [33mstroke-linecap[39m=[32m&quot;round&quot;[39m
                  [33mstroke-linejoin[39m=[32m&quot;round&quot;[39m
                  [33mstroke-width[39m=[32m&quot;2&quot;[39m
                  [33mviewBox[39m=[32m&quot;0 0 24 24&quot;[39m
                  [33mwidth[39m=[32m&quot;24&quot;[39m
                  [33mxmlns[39m=[32m&quot;http://www.w3.org/2000/svg&quot;[39m
                [36m&gt;[39m
                  [36m&lt;path[39m
                    [33md[39m=[32m&quot;M21.801 10A10 10 0 1 1 17 3.335&quot;[39m
                  [36m/&gt;[39m
                  [36m&lt;path[39m
                    [33md[39m=[32m&quot;m9 11 3 3L22 4&quot;[39m
                  [36m/&gt;[39m
                [36m&lt;/svg&gt;[39m
                [36m&lt;span&gt;[39m
                  [0mhealthy[0m
                [36m&lt;/span&gt;[39m
              [36m&lt;/div&gt;[39m
            [36m&lt;/div&gt;[39m
          [36m&lt;/div&gt;[39m
        [36m&lt;/div&gt;[39m
        [36m&lt;div[39m
          [33mclass[39m=[32m&quot;p-6 pt-0 space-y-4&quot;[39m
        [36m&gt;[39m
          [36m&lt;div[39m
            [33mclass[39m=[32m&quot;space-y-2&quot;[39m
          [36m&gt;[39m
            [36m&lt;div[39m
              [33mclass[39m=[32m&quot;flex items-center justify-between&quot;[39m
            [36m&gt;[39m
              [36m&lt;div[39m
                [33mclass[39m=[32m&quot;flex items-center space-x-2&quot;[39m
              [36m&gt;[39m
                [36m&lt;svg[39m
                  [33mclass[39m=[32m&quot;lucide lucide-zap h-3 w-3 text-blue-500&quot;[39m
                  [33mfill[39m=[32m&quot;none&quot;[39m
                  [33mheight[39m=[32m&quot;24&quot;[39m
                  [33mstroke[39m=[32m&quot;currentColor&quot;[39m
                  [33mstroke-linecap[39m=[32m&quot;round&quot;[39m
                  [33mstroke-linejoin[39m=[32m&quot;round&quot;[39m
                  [33mstroke-width[39m=[32m&quot;2&quot;[39m
                  [33mviewBox[39m=[32m&quot;0 0 24 24&quot;[39m
                  [33mwidth[39m=[32m&quot;24&quot;[39m
                  [33mxmlns[39m=[32m&quot;http://www.w3.org/2000/svg&quot;[39m
                [36m&gt;[39m
                  [36m&lt;path[39m
                    [33md[39m=[32m&quot;M4 14a1 1 0 0 1-.78-1.63l9.9-10.2a.5.5 0 0 1 .86.46l-1.92 6.02A1 1 0 0 0 13 10h7a1 1 0 0 1 .78 1.63l-9.9 10.2a.5.5 0 0 1-.86-.46l1.92-6.02A1 1 0 0 0 11 14z&quot;[39m
                  [36m/&gt;[39m
                [36m&lt;/svg&gt;[39m
                [36m&lt;span[39m
                  [33mclass[39m=[32m&quot;text-xs font-medium&quot;[39m
                [36m&gt;[39m
                  [0mFlash (2.5)[0m
                [36m&lt;/span&gt;[39m
              [36m&lt;/div&gt;[39m
              [36m&lt;button[39m
                [33mdata-state[39m=[32m&quot;closed&quot;[39m
              [36m&gt;[39m
                [36m&lt;div[39m
                  [33mclass[39m=[32m&quot;inline-flex items-center rounded-full border px-2.5 py-0.5 font-semibold transition-colors focus:outline-none focus:ring-2 focus:ring-ring focus:ring-offset-2 text-foreground text-xs&quot;[39m
                [36m&gt;[39m
                  [0m2[0m
                  [0m/[0m
                  [0m8[0m
                  [0m RPM[0m
                [36m&lt;/div&gt;[39m
              [36m&lt;/button&gt;[39m
            [36m&lt;/div&gt;[39m
            [36m&lt;div[39m
              [33mclass[39m=[32m&quot;space-y-1&quot;[39m
            [36m&gt;[39m
              [36m&lt;div[39m
                [33maria-valuemax[39m=[32m&quot;100&quot;[39m
                [33maria-valuemin[39m=[32m&quot;0&quot;[39m
                [33mclass[39m=[32m&quot;relative w-full overflow-hidden rounded-full bg-secondary h-2&quot;[39m
                [33mdata-max[39m=[32m&quot;100&quot;[39m
                [33mdata-state[39m=[32m&quot;indeterminate&quot;[39m
                [33mrole[39m=[32m&quot;progressbar&quot;[39m
              [36m&gt;[39m
                [36m&lt;div[39m
                  [33mclass[39m=[32m&quot;h-full w-full flex-1 transition-all bg-green-500&quot;[39m
                  [33mdata-max[39m=[32m&quot;100&quot;[39m
                  [33mdata-state[39m=[32m&quot;indeterminate&quot;[39m
                  [33mstyle[39m=[32m&quot;transform: translateX(-75%);&quot;[39m
                [36m/&gt;[39m
              [36m&lt;/div&gt;[39m
              [36m&lt;div[39m
                [33mclass[39m=[32m&quot;flex justify-between text-xs text-gray-500&quot;[39m
              [36m&gt;[39m
                [36m&lt;span&gt;[39m
                  [0mRPM: [0m
                  [0m25[0m
                  [0m%[0m
                [36m&lt;/span&gt;[39m
                [36m&lt;span&gt;[39m
                  [0mDaily: [0m
                  [0m25[0m
                  [0m%[0m
                [36m&lt;/span&gt;[39m
              [36m&lt;/div&gt;[39m
            [36m&lt;/div&gt;[39m
          [36m&lt;/div&gt;[39m
          [36m&lt;div[39m
            [33mclass[39m=[32m&quot;space-y-2&quot;[39m
          [36m&gt;[39m
            [36m&lt;div[39m
              [33mclass[39m=[32m&quot;flex items-center justify-between&quot;[39m
            [36m&gt;[39m
              [36m&lt;div[39m
                [33mclass[39m=[32m&quot;flex items-center space-x-2&quot;[39m
              [36m&gt;[39m
                [36m&lt;svg[39m
                  [33mclass[39m=[32m&quot;lucide lucide-zap h-3 w-3 text-purple-500&quot;[39m
                  [33mfill[39m=[32m&quot;none&quot;[39m
                  [33mheight[39m=[32m&quot;24&quot;[39m
                  [33mstroke[39m=[32m&quot;currentColor&quot;[39m
                  [33mstroke-linecap[39m=[32m&quot;round&quot;[39m
                  [33mstroke-linejoin[39m=[32m&quot;round&quot;[39m
                  [33mstroke-width[39m=[32m&quot;2&quot;[39m
                  [33mviewBox[39m=[32m&quot;0 0 24 24&quot;[39m
                  [33mwidth[39m=[32m&quot;24&quot;[39m
                  [33mxmlns[39m=[32m&quot;http://www.w3.org/2000/svg&quot;[39m
                [36m&gt;[39m
                  [36m&lt;path[39m
                    [33md[39m=[32m&quot;M4 14a1 1 0 0 1-.78-1.63l9.9-10.2a.5.5 0 0 1 .86.46l-1.92 6.02A1 1 0 0 0 13 10h7a1 1 0 0 1 .78 1.63l-9.9 10.2a.5.5 0 0 1-.86-.46l1.92-6.02A1 1 0 0 0 11 14z&quot;[39m
                  [36m/&gt;[39m
                [36m&lt;/svg&gt;[39m
                [36m&lt;span[39m
                  [33mclass[39m=[32m&quot;text-xs font-medium&quot;[39m
                [36m&gt;[39m
                  [0mPro (2.5)[0m
                [36m&lt;/span&gt;[39m
              [36m&lt;/div&gt;[39m
              [36m&lt;button[39m
                [33mdata-state[39m=[32m&quot;closed&quot;[39m
              [36m&gt;[39m
                [36m&lt;div[39m
                  [33mclass[39m=[32m&quot;inline-flex items-center rounded-full border px-2.5 py-0.5 font-semibold transition-colors focus:outline-none focus:ring-2 focus:ring-ring focus:ring-offset-2 text-foreground text-xs&quot;[39m
                [36m&gt;[39m
                  [0m1[0m
                  [0m/[0m
                  [0m4[0m
                  [0m RPM[0m
                [36m&lt;/div&gt;[39m
              [36m&lt;/button&gt;[39m
            [36m&lt;/div&gt;[39m
            [36m&lt;div[39m
              [33mclass[39m=[32m&quot;space-y-1&quot;[39m
            [36m&gt;[39m
              [36m&lt;div[39m
                [33maria-valuemax[39m=[32m&quot;100&quot;[39m
                [33maria-valuemin[39m=[32m&quot;0&quot;[39m
                [33mclass[39m=[32m&quot;relative w-full overflow-hidden rounded-full bg-secondary h-2&quot;[39m
                [33mdata-max[39m=[32m&quot;100&quot;[39m
                [33mdata-state[39m=[32m&quot;indeterminate&quot;[39m
                [33mrole[39m=[32m&quot;progressbar&quot;[39m
              [36m&gt;[39m
                [36m&lt;div[39m
                  [33mclass[39m=[32m&quot;h-full w-full flex-1 transition-all bg-green-500&quot;[39m
                  [33mdata-max[39m=[32m&quot;100&quot;[39m
                  [33mdata-state[39m=[32m&quot;indeterminate&quot;[39m
                  [33mstyle[39m=[32m&quot;transform: translateX(-75%);&quot;[39m
                [36m/&gt;[39m
              [36m&lt;/div&gt;[39m
              [36m&lt;div[39m
                [33mclass[39m=[32m&quot;flex justify-between text-xs text-gray-500&quot;[39m
              [36m&gt;[39m
                [36m&lt;span&gt;[39m
                  [0mRPM: [0m
                  [0m25[0m
                  [0m%[0m
                [36m&lt;/span&gt;[39m
                [36m&lt;span&gt;[39m
                  [0mDaily: [0m
                  [0m25[0m
                  [0m%[0m
                [36m&lt;/span&gt;[39m
              [36m&lt;/div&gt;[39m
            [36m&lt;/div&gt;[39m
          [36m&lt;/div&gt;[39m
          [36m&lt;div[39m
            [33mclass[39m=[32m&quot;pt-2 border-t&quot;[39m
          [36m&gt;[39m
            [36m&lt;div[39m
              [33mclass[39m=[32m&quot;flex justify-between text-xs text-gray-500&quot;[39m
            [36m&gt;[39m
              [36m&lt;span&gt;[39m
                [0mTotal Today: [0m
                [0m250[0m
              [36m&lt;/span&gt;[39m
              [36m&lt;span&gt;[39m
                [0mUptime: [0m
                [0m100[0m
                [0m%[0m
              [36m&lt;/span&gt;[39m
            [36m&lt;/div&gt;[39m
            [36m&lt;div[39m
              [33mclass[39m=[32m&quot;text-xs text-gray-400 mt-1&quot;[39m
            [36m&gt;[39m
              [0mUpdated: [0m
              [0m3:51:10 pm[0m
            [36m&lt;/div&gt;[39m
          [36m&lt;/div&gt;[39m
        [36m&lt;/div&gt;[39m
      [36m&lt;/div&gt;[39m
    [36m&lt;/div&gt;[39m
  [36m&lt;/div&gt;[39m
[36m&lt;/body&gt;[39m

Ignored nodes: comments, script, style
[36m&lt;html&gt;[39m
  [36m&lt;head /&gt;[39m
  [36m&lt;body&gt;[39m
    [36m&lt;div&gt;[39m
      [36m&lt;div&gt;[39m
        [36m&lt;div[39m
          [33mclass[39m=[32m&quot;rounded-lg border bg-card text-card-foreground shadow-sm&quot;[39m
        [36m&gt;[39m
          [36m&lt;div[39m
            [33mclass[39m=[32m&quot;flex flex-col space-y-1.5 p-6 pb-3&quot;[39m
          [36m&gt;[39m
            [36m&lt;div[39m
              [33mclass[39m=[32m&quot;flex items-center justify-between&quot;[39m
            [36m&gt;[39m
              [36m&lt;div[39m
                [33mclass[39m=[32m&quot;tracking-tight text-sm font-medium&quot;[39m
              [36m&gt;[39m
                [0mRate Limits[0m
              [36m&lt;/div&gt;[39m
              [36m&lt;div[39m
                [33mclass[39m=[32m&quot;inline-flex items-center rounded-full border px-2.5 py-0.5 font-semibold transition-colors focus:outline-none focus:ring-2 focus:ring-ring focus:ring-offset-2 hover:bg-primary/80 text-xs bg-green-100 text-green-800 border-green-200&quot;[39m
              [36m&gt;[39m
                [36m&lt;div[39m
                  [33mclass[39m=[32m&quot;flex items-center space-x-1&quot;[39m
                [36m&gt;[39m
                  [36m&lt;svg[39m
                    [33mclass[39m=[32m&quot;lucide lucide-circle-check-big h-4 w-4 text-green-500&quot;[39m
                    [33mfill[39m=[32m&quot;none&quot;[39m
                    [33mheight[39m=[32m&quot;24&quot;[39m
                    [33mstroke[39m=[32m&quot;currentColor&quot;[39m
                    [33mstroke-linecap[39m=[32m&quot;round&quot;[39m
                    [33mstroke-linejoin[39m=[32m&quot;round&quot;[39m
                    [33mstroke-width[39m=[32m&quot;2&quot;[39m
                    [33mviewBox[39m=[32m&quot;0 0 24 24&quot;[39m
                    [33mwidth[39m=[32m&quot;24&quot;[39m
                    [33mxmlns[39m=[32m&quot;http://www.w3.org/2000/svg&quot;[39m
                  [36m&gt;[39m
                    [36m&lt;path[39m
                      [33md[39m=[32m&quot;M21.801 10A10 10 0 1 1 17 3.335&quot;[39m
                    [36m/&gt;[39m
                    [36m&lt;path[39m
                      [33md[39m=[32m&quot;m9 11 3 3L22 4&quot;[39m
                    [36m/&gt;[39m
                  [36m&lt;/svg&gt;[39m
                  [36m&lt;span&gt;[39m
                    [0mhealthy[0m
                  [36m&lt;/span&gt;[39m
                [36m&lt;/div&gt;[39m
              [36m&lt;/div&gt;[39m
            [36m&lt;/div&gt;[39m
          [36m&lt;/div&gt;[39m
          [36m&lt;div[39m
            [33mclass[39m=[32m&quot;p-6 pt-0 space-y-4&quot;[39m
          [36m&gt;[39m
            [36m&lt;div[39m
              [33mclass[39m=[32m&quot;space-y-2&quot;[39m
            [36m&gt;[39m
              [36m&lt;div[39m
                [33mclass[39m=[32m&quot;flex items-center justify-between&quot;[39m
              [36m&gt;[39m
                [36m&lt;div[39m
                  [33mclass[39m=[32m&quot;flex items-center space-x-2&quot;[39m
                [36m&gt;[39m
                  [36m&lt;svg[39m
                    [33mclass[39m=[32m&quot;lucide lucide-zap h-3 w-3 text-blue-500&quot;[39m
                    [33mfill[39m=[32m&quot;none&quot;[39m
                    [33mheight[39m=[32m&quot;24&quot;[39m
                    [33mstroke[39m=[32m&quot;currentColor&quot;[39m
                    [33mstroke-linecap[39m=[32m&quot;round&quot;[39m
                    [33mstroke-linejoin[39m=[32m&quot;round&quot;[39m
                    [33mstroke-width[39m=[32m&quot;2&quot;[39m
                    [33mviewBox[39m=[32m&quot;0 0 24 24&quot;[39m
                    [33mwidth[39m=[32m&quot;24&quot;[39m
                    [33mxmlns[39m=[32m&quot;http://www.w3.org/2000/svg&quot;[39m
                  [36m&gt;[39m
                    [36m&lt;path[39m
                      [33md[39m=[32m&quot;M4 14a1 1 0 0 1-.78-1.63l9.9-10.2a.5.5 0 0 1 .86.46l-1.92 6.02A1 1 0 0 0 13 10h7a1 1 0 0 1 .78 1.63l-9.9 10.2a.5.5 0 0 1-.86-.46l1.92-6.02A1 1 0 0 0 11 14z&quot;[39m
                    [36m/&gt;[39m
                  [36m&lt;/svg&gt;[39m
                  [36m&lt;span[39m
                    [33mclass[39m=[32m&quot;text-xs font-medium&quot;[39m
                  [36m&gt;[39m
                    [0mFlash (2.5)[0m
                  [36m&lt;/span&gt;[39m
                [36m&lt;/div&gt;[39m
                [36m&lt;button[39m
                  [33mdata-state[39m=[32m&quot;closed&quot;[39m
                [36m&gt;[39m
                  [36m&lt;div[39m
                    [33mclass[39m=[32m&quot;inline-flex items-center rounded-full border px-2.5 py-0.5 font-semibold transition-colors focus:outline-none focus:ring-2 focus:ring-ring focus:ring-offset-2 text-foreground text-xs&quot;[39m
                  [36m&gt;[39m
                    [0m2[0m
                    [0m/[0m
                    [0m8[0m
                    [0m RPM[0m
                  [36m&lt;/div&gt;[39m
                [36m&lt;/button&gt;[39m
              [36m&lt;/div&gt;[39m
              [36m&lt;div[39m
                [33mclass[39m=[32m&quot;space-y-1&quot;[39m
              [36m&gt;[39m
                [36m&lt;div[39m
                  [33maria-valuemax[39m=[32m&quot;100&quot;[39m
                  [33maria-valuemin[39m=[32m&quot;0&quot;[39m
                  [33mclass[39m=[32m&quot;relative w-full overflow-hidden rounded-full bg-secondary h-2&quot;[39m
                  [33mdata-max[39m=[32m&quot;100&quot;[39m
                  [33mdata-state[39m=[32m&quot;indeterminate&quot;[39m
                  [33mrole[39m=[32m&quot;progressbar&quot;[39m
                [36m&gt;[39m
                  [36m&lt;div[39m
                    [33mclass[39m=[32m&quot;h-full w-full flex-1 transition-all bg-green-500&quot;[39m
                    [33mdata-max[39m=[32m&quot;100&quot;[39m
                    [33mdata-state[39m=[32m&quot;indeterminate&quot;[39m
                    [33mstyle[39m=[32m&quot;transform: translateX(-75%);&quot;[39m
                  [36m/&gt;[39m
                [36m&lt;/div&gt;[39m
                [36m&lt;div[39m
                  [33mclass[39m=[32m&quot;flex justify-between text-xs text-gray-500&quot;[39m
                [36m&gt;[39m
                  [36m&lt;span&gt;[39m
                    [0mRPM: [0m
                    [0m25[0m
                    [0m%[0m
                  [36m&lt;/span&gt;[39m
                  [36m&lt;span&gt;[39m
                    [0mDaily: [0m
                    [0m25[0m
                    [0m%[0m
                  [36m&lt;/span&gt;[39m
                [36m&lt;/div&gt;[39m
              [36m&lt;/div&gt;[39m
            [36m&lt;/div&gt;[39m
            [36m&lt;div[39m
              [33mclass[39m=[32m&quot;space-y-2&quot;[39m
            [36m&gt;[39m
              [36m&lt;div[39m
                [33mclass[39m=[32m&quot;flex items-center justify-between&quot;[39m
              [36m&gt;[39m
                [36m&lt;div[39m
                  [33mclass[39m=[32m&quot;flex items-center space-x-2&quot;[39m
                [36m&gt;[39m
                  [36m&lt;svg[39m
                    [33mclass[39m=[32m&quot;lucide lucide-zap h-3 w-3 text-purple-500&quot;[39m
                    [33mfill[39m=[32m&quot;none&quot;[39m
                    [33mheight[39m=[32m&quot;24&quot;[39m
                    [33mstroke[39m=[32m&quot;currentColor&quot;[39m
                    [33mstroke-linecap[39m=[32m&quot;round&quot;[39m
                    [33mstroke-linejoin[39m=[32m&quot;round&quot;[39m
                    [33mstroke-width[39m=[32m&quot;2&quot;[39m
                    [33mviewBox[39m=[32m&quot;0 0 24 24&quot;[39m
                    [33mwidth[39m=[32m&quot;24&quot;[39m
                    [33mxmlns[39m=[32m&quot;http://www.w3.org/2000/svg&quot;[39m
                  [36m&gt;[39m
                    [36m&lt;path[39m
                      [33md[39m=[32m&quot;M4 14a1 1 0 0 1-.78-1.63l9.9-10.2a.5.5 0 0 1 .86.46l-1.92 6.02A1 1 0 0 0 13 10h7a1 1 0 0 1 .78 1.63l-9.9 10.2a.5.5 0 0 1-.86-.46l1.92-6.02A1 1 0 0 0 11 14z&quot;[39m
                    [36m/&gt;[39m
                  [36m&lt;/svg&gt;[39m
                  [36m&lt;span[39m
                    [33mclass[39m=[32m&quot;text-xs font-medium&quot;[39m
                  [36m&gt;[39m
                    [0mPro (2.5)[0m
                  [36m&lt;/span&gt;[39m
                [36m&lt;/div&gt;[39m
                [36m&lt;button[39m
                  [33mdata-state[39m=[32m&quot;closed&quot;[39m
                [36m&gt;[39m
                  [36m&lt;div[39m
                    [33mclass[39m=[32m&quot;inline-flex items-center rounded-full border px-2.5 py-0.5 font-semibold transition-colors focus:outline-none focus:ring-2 focus:ring-ring focus:ring-offset-2 text-foreground text-xs&quot;[39m
                  [36m&gt;[39m
                    [0m1[0m
                    [0m/[0m
                    [0m4[0m
                    [0m RPM[0m
                  [36m&lt;/div&gt;[39m
                [36m&lt;/button&gt;[39m
              [36m&lt;/div&gt;[39m
              [36m&lt;div[39m
                [33mclass[39m=[32m&quot;space-y-1&quot;[39m
              [36m&gt;[39m
                [36m&lt;div[39m
                  [33maria-valuemax[39m=[32m&quot;100&quot;[39m
                  [33maria-valuemin[39m=[32m&quot;0&quot;[39m
                  [33mclass[39m=[32m&quot;relative w-full overflow-hidden rounded-full bg-secondary h-2&quot;[39m
                  [33mdata-max[39m=[32m&quot;100&quot;[39m
                  [33mdata-state[39m=[32m&quot;indeterminate&quot;[39m
                  [33mrole[39m=[32m&quot;progressbar&quot;[39m
                [36m&gt;[39m
                  [36m&lt;div[39m
                    [33mclass[39m=[32m&quot;h-full w-full flex-1 transition-all bg-green-500&quot;[39m
                    [33mdata-max[39m=[32m&quot;100&quot;[39m
                    [33mdata-state[39m=[32m&quot;indeterminate&quot;[39m
                    [33mstyle[39m=[32m&quot;transform: translateX(-75%);&quot;[39m
                  [36m/&gt;[39m
                [36m&lt;/div&gt;[39m
                [36m&lt;div[39m
                  [33mclass[39m=[32m&quot;flex justify-between text-xs text-gray-500&quot;[39m
                [36m&gt;[39m
                  [36m&lt;span&gt;[39m
                    [0mRPM: [0m
                    [0m25[0m
                    [0m%[0m
                  [36m&lt;/span&gt;[39m
                  [36m&lt;span&gt;[39m
                    [0mDaily: [0m
                    [0m25[0m
                    [0m%[0m
                  [36m&lt;/span&gt;[39m
                [36m&lt;/div&gt;[39m
              [36m&lt;/div&gt;[39m
            [36m&lt;/div&gt;[39m
            [36m&lt;div[39m
              [33mclass[39m=[32m&quot;pt-2 border-t&quot;[39m
            [36m&gt;[39m
              [36m&lt;div[39m
                [33mclass[39m=[32m&quot;flex justify-between text-xs text-gray-500&quot;[39m
              [36m&gt;[39m
                [36m&lt;span&gt;[39m
                  [0mTotal Today: [0m
                  [0m250[0m
                [36m&lt;/span&gt;[39m
                [36m&lt;span&gt;[39m
                  [0mUptime: [0m
                  [0m100[0m
                  [0m%[0m
                [36m&lt;/span&gt;[39m
              [36m&lt;/div&gt;[39m
              [36m&lt;div[39m
                [33mclass[39m=[32m&quot;text-xs text-gray-400 mt-1&quot;[39m
              [36m&gt;[39m
                [0mUpdated: [0m
                [0m3:51:10 pm[0m
              [36m&lt;/div&gt;[39m
            [36m&lt;/div&gt;[39m
          [36m&lt;/div&gt;[39m
        [36m&lt;/div&gt;[39m
      [36m&lt;/div&gt;[39m
    [36m&lt;/div&gt;[39m
  [36m&lt;/body&gt;[39m
[36m&lt;/html&gt;[39m" type="TestingLibraryElementError">
TestingLibraryElementError: Unable to find an element with the text: warning. This could be because the text is broken up by multiple elements. In this case, you can provide a function for your text matcher to make your matcher more flexible.

Ignored nodes: comments, script, style
&lt;body&gt;
  &lt;div&gt;
    &lt;div&gt;
      &lt;div
        class=&quot;rounded-lg border bg-card text-card-foreground shadow-sm&quot;
      &gt;
        &lt;div
          class=&quot;flex flex-col space-y-1.5 p-6 pb-3&quot;
        &gt;
          &lt;div
            class=&quot;flex items-center justify-between&quot;
          &gt;
            &lt;div
              class=&quot;tracking-tight text-sm font-medium&quot;
            &gt;
              Rate Limits
            &lt;/div&gt;
            &lt;div
              class=&quot;inline-flex items-center rounded-full border px-2.5 py-0.5 font-semibold transition-colors focus:outline-none focus:ring-2 focus:ring-ring focus:ring-offset-2 hover:bg-primary/80 text-xs bg-green-100 text-green-800 border-green-200&quot;
            &gt;
              &lt;div
                class=&quot;flex items-center space-x-1&quot;
              &gt;
                &lt;svg
                  class=&quot;lucide lucide-circle-check-big h-4 w-4 text-green-500&quot;
                  fill=&quot;none&quot;
                  height=&quot;24&quot;
                  stroke=&quot;currentColor&quot;
                  stroke-linecap=&quot;round&quot;
                  stroke-linejoin=&quot;round&quot;
                  stroke-width=&quot;2&quot;
                  viewBox=&quot;0 0 24 24&quot;
                  width=&quot;24&quot;
                  xmlns=&quot;http://www.w3.org/2000/svg&quot;
                &gt;
                  &lt;path
                    d=&quot;M21.801 10A10 10 0 1 1 17 3.335&quot;
                  /&gt;
                  &lt;path
                    d=&quot;m9 11 3 3L22 4&quot;
                  /&gt;
                &lt;/svg&gt;
                &lt;span&gt;
                  healthy
                &lt;/span&gt;
              &lt;/div&gt;
            &lt;/div&gt;
          &lt;/div&gt;
        &lt;/div&gt;
        &lt;div
          class=&quot;p-6 pt-0 space-y-4&quot;
        &gt;
          &lt;div
            class=&quot;space-y-2&quot;
          &gt;
            &lt;div
              class=&quot;flex items-center justify-between&quot;
            &gt;
              &lt;div
                class=&quot;flex items-center space-x-2&quot;
              &gt;
                &lt;svg
                  class=&quot;lucide lucide-zap h-3 w-3 text-blue-500&quot;
                  fill=&quot;none&quot;
                  height=&quot;24&quot;
                  stroke=&quot;currentColor&quot;
                  stroke-linecap=&quot;round&quot;
                  stroke-linejoin=&quot;round&quot;
                  stroke-width=&quot;2&quot;
                  viewBox=&quot;0 0 24 24&quot;
                  width=&quot;24&quot;
                  xmlns=&quot;http://www.w3.org/2000/svg&quot;
                &gt;
                  &lt;path
                    d=&quot;M4 14a1 1 0 0 1-.78-1.63l9.9-10.2a.5.5 0 0 1 .86.46l-1.92 6.02A1 1 0 0 0 13 10h7a1 1 0 0 1 .78 1.63l-9.9 10.2a.5.5 0 0 1-.86-.46l1.92-6.02A1 1 0 0 0 11 14z&quot;
                  /&gt;
                &lt;/svg&gt;
                &lt;span
                  class=&quot;text-xs font-medium&quot;
                &gt;
                  Flash (2.5)
                &lt;/span&gt;
              &lt;/div&gt;
              &lt;button
                data-state=&quot;closed&quot;
              &gt;
                &lt;div
                  class=&quot;inline-flex items-center rounded-full border px-2.5 py-0.5 font-semibold transition-colors focus:outline-none focus:ring-2 focus:ring-ring focus:ring-offset-2 text-foreground text-xs&quot;
                &gt;
                  2
                  /
                  8
                   RPM
                &lt;/div&gt;
              &lt;/button&gt;
            &lt;/div&gt;
            &lt;div
              class=&quot;space-y-1&quot;
            &gt;
              &lt;div
                aria-valuemax=&quot;100&quot;
                aria-valuemin=&quot;0&quot;
                class=&quot;relative w-full overflow-hidden rounded-full bg-secondary h-2&quot;
                data-max=&quot;100&quot;
                data-state=&quot;indeterminate&quot;
                role=&quot;progressbar&quot;
              &gt;
                &lt;div
                  class=&quot;h-full w-full flex-1 transition-all bg-green-500&quot;
                  data-max=&quot;100&quot;
                  data-state=&quot;indeterminate&quot;
                  style=&quot;transform: translateX(-75%);&quot;
                /&gt;
              &lt;/div&gt;
              &lt;div
                class=&quot;flex justify-between text-xs text-gray-500&quot;
              &gt;
                &lt;span&gt;
                  RPM: 
                  25
                  %
                &lt;/span&gt;
                &lt;span&gt;
                  Daily: 
                  25
                  %
                &lt;/span&gt;
              &lt;/div&gt;
            &lt;/div&gt;
          &lt;/div&gt;
          &lt;div
            class=&quot;space-y-2&quot;
          &gt;
            &lt;div
              class=&quot;flex items-center justify-between&quot;
            &gt;
              &lt;div
                class=&quot;flex items-center space-x-2&quot;
              &gt;
                &lt;svg
                  class=&quot;lucide lucide-zap h-3 w-3 text-purple-500&quot;
                  fill=&quot;none&quot;
                  height=&quot;24&quot;
                  stroke=&quot;currentColor&quot;
                  stroke-linecap=&quot;round&quot;
                  stroke-linejoin=&quot;round&quot;
                  stroke-width=&quot;2&quot;
                  viewBox=&quot;0 0 24 24&quot;
                  width=&quot;24&quot;
                  xmlns=&quot;http://www.w3.org/2000/svg&quot;
                &gt;
                  &lt;path
                    d=&quot;M4 14a1 1 0 0 1-.78-1.63l9.9-10.2a.5.5 0 0 1 .86.46l-1.92 6.02A1 1 0 0 0 13 10h7a1 1 0 0 1 .78 1.63l-9.9 10.2a.5.5 0 0 1-.86-.46l1.92-6.02A1 1 0 0 0 11 14z&quot;
                  /&gt;
                &lt;/svg&gt;
                &lt;span
                  class=&quot;text-xs font-medium&quot;
                &gt;
                  Pro (2.5)
                &lt;/span&gt;
              &lt;/div&gt;
              &lt;button
                data-state=&quot;closed&quot;
              &gt;
                &lt;div
                  class=&quot;inline-flex items-center rounded-full border px-2.5 py-0.5 font-semibold transition-colors focus:outline-none focus:ring-2 focus:ring-ring focus:ring-offset-2 text-foreground text-xs&quot;
                &gt;
                  1
                  /
                  4
                   RPM
                &lt;/div&gt;
              &lt;/button&gt;
            &lt;/div&gt;
            &lt;div
              class=&quot;space-y-1&quot;
            &gt;
              &lt;div
                aria-valuemax=&quot;100&quot;
                aria-valuemin=&quot;0&quot;
                class=&quot;relative w-full overflow-hidden rounded-full bg-secondary h-2&quot;
                data-max=&quot;100&quot;
                data-state=&quot;indeterminate&quot;
                role=&quot;progressbar&quot;
              &gt;
                &lt;div
                  class=&quot;h-full w-full flex-1 transition-all bg-green-500&quot;
                  data-max=&quot;100&quot;
                  data-state=&quot;indeterminate&quot;
                  style=&quot;transform: translateX(-75%);&quot;
                /&gt;
              &lt;/div&gt;
              &lt;div
                class=&quot;flex justify-between text-xs text-gray-500&quot;
              &gt;
                &lt;span&gt;
                  RPM: 
                  25
                  %
                &lt;/span&gt;
                &lt;span&gt;
                  Daily: 
                  25
                  %
                &lt;/span&gt;
              &lt;/div&gt;
            &lt;/div&gt;
          &lt;/div&gt;
          &lt;div
            class=&quot;pt-2 border-t&quot;
          &gt;
            &lt;div
              class=&quot;flex justify-between text-xs text-gray-500&quot;
            &gt;
              &lt;span&gt;
                Total Today: 
                250
              &lt;/span&gt;
              &lt;span&gt;
                Uptime: 
                100
                %
              &lt;/span&gt;
            &lt;/div&gt;
            &lt;div
              class=&quot;text-xs text-gray-400 mt-1&quot;
            &gt;
              Updated: 
              3:51:10 pm
            &lt;/div&gt;
          &lt;/div&gt;
        &lt;/div&gt;
      &lt;/div&gt;
    &lt;/div&gt;
  &lt;/div&gt;
&lt;/body&gt;

Ignored nodes: comments, script, style
&lt;html&gt;
  &lt;head /&gt;
  &lt;body&gt;
    &lt;div&gt;
      &lt;div&gt;
        &lt;div
          class=&quot;rounded-lg border bg-card text-card-foreground shadow-sm&quot;
        &gt;
          &lt;div
            class=&quot;flex flex-col space-y-1.5 p-6 pb-3&quot;
          &gt;
            &lt;div
              class=&quot;flex items-center justify-between&quot;
            &gt;
              &lt;div
                class=&quot;tracking-tight text-sm font-medium&quot;
              &gt;
                Rate Limits
              &lt;/div&gt;
              &lt;div
                class=&quot;inline-flex items-center rounded-full border px-2.5 py-0.5 font-semibold transition-colors focus:outline-none focus:ring-2 focus:ring-ring focus:ring-offset-2 hover:bg-primary/80 text-xs bg-green-100 text-green-800 border-green-200&quot;
              &gt;
                &lt;div
                  class=&quot;flex items-center space-x-1&quot;
                &gt;
                  &lt;svg
                    class=&quot;lucide lucide-circle-check-big h-4 w-4 text-green-500&quot;
                    fill=&quot;none&quot;
                    height=&quot;24&quot;
                    stroke=&quot;currentColor&quot;
                    stroke-linecap=&quot;round&quot;
                    stroke-linejoin=&quot;round&quot;
                    stroke-width=&quot;2&quot;
                    viewBox=&quot;0 0 24 24&quot;
                    width=&quot;24&quot;
                    xmlns=&quot;http://www.w3.org/2000/svg&quot;
                  &gt;
                    &lt;path
                      d=&quot;M21.801 10A10 10 0 1 1 17 3.335&quot;
                    /&gt;
                    &lt;path
                      d=&quot;m9 11 3 3L22 4&quot;
                    /&gt;
                  &lt;/svg&gt;
                  &lt;span&gt;
                    healthy
                  &lt;/span&gt;
                &lt;/div&gt;
              &lt;/div&gt;
            &lt;/div&gt;
          &lt;/div&gt;
          &lt;div
            class=&quot;p-6 pt-0 space-y-4&quot;
          &gt;
            &lt;div
              class=&quot;space-y-2&quot;
            &gt;
              &lt;div
                class=&quot;flex items-center justify-between&quot;
              &gt;
                &lt;div
                  class=&quot;flex items-center space-x-2&quot;
                &gt;
                  &lt;svg
                    class=&quot;lucide lucide-zap h-3 w-3 text-blue-500&quot;
                    fill=&quot;none&quot;
                    height=&quot;24&quot;
                    stroke=&quot;currentColor&quot;
                    stroke-linecap=&quot;round&quot;
                    stroke-linejoin=&quot;round&quot;
                    stroke-width=&quot;2&quot;
                    viewBox=&quot;0 0 24 24&quot;
                    width=&quot;24&quot;
                    xmlns=&quot;http://www.w3.org/2000/svg&quot;
                  &gt;
                    &lt;path
                      d=&quot;M4 14a1 1 0 0 1-.78-1.63l9.9-10.2a.5.5 0 0 1 .86.46l-1.92 6.02A1 1 0 0 0 13 10h7a1 1 0 0 1 .78 1.63l-9.9 10.2a.5.5 0 0 1-.86-.46l1.92-6.02A1 1 0 0 0 11 14z&quot;
                    /&gt;
                  &lt;/svg&gt;
                  &lt;span
                    class=&quot;text-xs font-medium&quot;
                  &gt;
                    Flash (2.5)
                  &lt;/span&gt;
                &lt;/div&gt;
                &lt;button
                  data-state=&quot;closed&quot;
                &gt;
                  &lt;div
                    class=&quot;inline-flex items-center rounded-full border px-2.5 py-0.5 font-semibold transition-colors focus:outline-none focus:ring-2 focus:ring-ring focus:ring-offset-2 text-foreground text-xs&quot;
                  &gt;
                    2
                    /
                    8
                     RPM
                  &lt;/div&gt;
                &lt;/button&gt;
              &lt;/div&gt;
              &lt;div
                class=&quot;space-y-1&quot;
              &gt;
                &lt;div
                  aria-valuemax=&quot;100&quot;
                  aria-valuemin=&quot;0&quot;
                  class=&quot;relative w-full overflow-hidden rounded-full bg-secondary h-2&quot;
                  data-max=&quot;100&quot;
                  data-state=&quot;indeterminate&quot;
                  role=&quot;progressbar&quot;
                &gt;
                  &lt;div
                    class=&quot;h-full w-full flex-1 transition-all bg-green-500&quot;
                    data-max=&quot;100&quot;
                    data-state=&quot;indeterminate&quot;
                    style=&quot;transform: translateX(-75%);&quot;
                  /&gt;
                &lt;/div&gt;
                &lt;div
                  class=&quot;flex justify-between text-xs text-gray-500&quot;
                &gt;
                  &lt;span&gt;
                    RPM: 
                    25
                    %
                  &lt;/span&gt;
                  &lt;span&gt;
                    Daily: 
                    25
                    %
                  &lt;/span&gt;
                &lt;/div&gt;
              &lt;/div&gt;
            &lt;/div&gt;
            &lt;div
              class=&quot;space-y-2&quot;
            &gt;
              &lt;div
                class=&quot;flex items-center justify-between&quot;
              &gt;
                &lt;div
                  class=&quot;flex items-center space-x-2&quot;
                &gt;
                  &lt;svg
                    class=&quot;lucide lucide-zap h-3 w-3 text-purple-500&quot;
                    fill=&quot;none&quot;
                    height=&quot;24&quot;
                    stroke=&quot;currentColor&quot;
                    stroke-linecap=&quot;round&quot;
                    stroke-linejoin=&quot;round&quot;
                    stroke-width=&quot;2&quot;
                    viewBox=&quot;0 0 24 24&quot;
                    width=&quot;24&quot;
                    xmlns=&quot;http://www.w3.org/2000/svg&quot;
                  &gt;
                    &lt;path
                      d=&quot;M4 14a1 1 0 0 1-.78-1.63l9.9-10.2a.5.5 0 0 1 .86.46l-1.92 6.02A1 1 0 0 0 13 10h7a1 1 0 0 1 .78 1.63l-9.9 10.2a.5.5 0 0 1-.86-.46l1.92-6.02A1 1 0 0 0 11 14z&quot;
                    /&gt;
                  &lt;/svg&gt;
                  &lt;span
                    class=&quot;text-xs font-medium&quot;
                  &gt;
                    Pro (2.5)
                  &lt;/span&gt;
                &lt;/div&gt;
                &lt;button
                  data-state=&quot;closed&quot;
                &gt;
                  &lt;div
                    class=&quot;inline-flex items-center rounded-full border px-2.5 py-0.5 font-semibold transition-colors focus:outline-none focus:ring-2 focus:ring-ring focus:ring-offset-2 text-foreground text-xs&quot;
                  &gt;
                    1
                    /
                    4
                     RPM
                  &lt;/div&gt;
                &lt;/button&gt;
              &lt;/div&gt;
              &lt;div
                class=&quot;space-y-1&quot;
              &gt;
                &lt;div
                  aria-valuemax=&quot;100&quot;
                  aria-valuemin=&quot;0&quot;
                  class=&quot;relative w-full overflow-hidden rounded-full bg-secondary h-2&quot;
                  data-max=&quot;100&quot;
                  data-state=&quot;indeterminate&quot;
                  role=&quot;progressbar&quot;
                &gt;
                  &lt;div
                    class=&quot;h-full w-full flex-1 transition-all bg-green-500&quot;
                    data-max=&quot;100&quot;
                    data-state=&quot;indeterminate&quot;
                    style=&quot;transform: translateX(-75%);&quot;
                  /&gt;
                &lt;/div&gt;
                &lt;div
                  class=&quot;flex justify-between text-xs text-gray-500&quot;
                &gt;
                  &lt;span&gt;
                    RPM: 
                    25
                    %
                  &lt;/span&gt;
                  &lt;span&gt;
                    Daily: 
                    25
                    %
                  &lt;/span&gt;
                &lt;/div&gt;
              &lt;/div&gt;
            &lt;/div&gt;
            &lt;div
              class=&quot;pt-2 border-t&quot;
            &gt;
              &lt;div
                class=&quot;flex justify-between text-xs text-gray-500&quot;
              &gt;
                &lt;span&gt;
                  Total Today: 
                  250
                &lt;/span&gt;
                &lt;span&gt;
                  Uptime: 
                  100
                  %
                &lt;/span&gt;
              &lt;/div&gt;
              &lt;div
                class=&quot;text-xs text-gray-400 mt-1&quot;
              &gt;
                Updated: 
                3:51:10 pm
              &lt;/div&gt;
            &lt;/div&gt;
          &lt;/div&gt;
        &lt;/div&gt;
      &lt;/div&gt;
    &lt;/div&gt;
  &lt;/body&gt;
&lt;/html&gt;
 ❯ Proxy.waitForWrapper node_modules/@testing-library/dom/dist/wait-for.js:163:27
 ❯ tests/integration/rate-limiting/rateLimitingIntegration.test.tsx:253:11
            </failure>
        </testcase>
        <testcase classname="tests/integration/rate-limiting/rateLimitingIntegration.test.tsx" name="Rate Limiting Integration Tests &gt; handles API errors consistently across components" time="0.006752041">
            <failure message="expected &quot;warn&quot; to be called with arguments: [ Array(2) ]

Received: 



Number of calls: 0
" type="AssertionError">
AssertionError: expected &quot;warn&quot; to be called with arguments: [ Array(2) ]

Received: 



Number of calls: 0

 ❯ tests/integration/rate-limiting/rateLimitingIntegration.test.tsx:274:26
            </failure>
        </testcase>
        <testcase classname="tests/integration/rate-limiting/rateLimitingIntegration.test.tsx" name="Rate Limiting Integration Tests &gt; dismisses warnings independently of status updates" time="1.003538959">
            <failure message="Unable to find an element with the text: Warning: Approaching rate limits. This could be because the text is broken up by multiple elements. In this case, you can provide a function for your text matcher to make your matcher more flexible.

Ignored nodes: comments, script, style
[36m&lt;body&gt;[39m
  [36m&lt;div&gt;[39m
    [36m&lt;div&gt;[39m
      [36m&lt;div[39m
        [33mclass[39m=[32m&quot;rounded-lg border bg-card text-card-foreground shadow-sm&quot;[39m
      [36m&gt;[39m
        [36m&lt;div[39m
          [33mclass[39m=[32m&quot;flex flex-col space-y-1.5 p-6 pb-3&quot;[39m
        [36m&gt;[39m
          [36m&lt;div[39m
            [33mclass[39m=[32m&quot;flex items-center justify-between&quot;[39m
          [36m&gt;[39m
            [36m&lt;div[39m
              [33mclass[39m=[32m&quot;tracking-tight text-sm font-medium&quot;[39m
            [36m&gt;[39m
              [0mRate Limits[0m
            [36m&lt;/div&gt;[39m
            [36m&lt;div[39m
              [33mclass[39m=[32m&quot;inline-flex items-center rounded-full border px-2.5 py-0.5 font-semibold transition-colors focus:outline-none focus:ring-2 focus:ring-ring focus:ring-offset-2 hover:bg-primary/80 text-xs bg-yellow-100 text-yellow-800 border-yellow-200&quot;[39m
            [36m&gt;[39m
              [36m&lt;div[39m
                [33mclass[39m=[32m&quot;flex items-center space-x-1&quot;[39m
              [36m&gt;[39m
                [36m&lt;svg[39m
                  [33mclass[39m=[32m&quot;lucide lucide-triangle-alert h-4 w-4 text-yellow-500&quot;[39m
                  [33mfill[39m=[32m&quot;none&quot;[39m
                  [33mheight[39m=[32m&quot;24&quot;[39m
                  [33mstroke[39m=[32m&quot;currentColor&quot;[39m
                  [33mstroke-linecap[39m=[32m&quot;round&quot;[39m
                  [33mstroke-linejoin[39m=[32m&quot;round&quot;[39m
                  [33mstroke-width[39m=[32m&quot;2&quot;[39m
                  [33mviewBox[39m=[32m&quot;0 0 24 24&quot;[39m
                  [33mwidth[39m=[32m&quot;24&quot;[39m
                  [33mxmlns[39m=[32m&quot;http://www.w3.org/2000/svg&quot;[39m
                [36m&gt;[39m
                  [36m&lt;path[39m
                    [33md[39m=[32m&quot;m21.73 18-8-14a2 2 0 0 0-3.48 0l-8 14A2 2 0 0 0 4 21h16a2 2 0 0 0 1.73-3&quot;[39m
                  [36m/&gt;[39m
                  [36m&lt;path[39m
                    [33md[39m=[32m&quot;M12 9v4&quot;[39m
                  [36m/&gt;[39m
                  [36m&lt;path[39m
                    [33md[39m=[32m&quot;M12 17h.01&quot;[39m
                  [36m/&gt;[39m
                [36m&lt;/svg&gt;[39m
                [36m&lt;span&gt;[39m
                  [0mwarning[0m
                [36m&lt;/span&gt;[39m
              [36m&lt;/div&gt;[39m
            [36m&lt;/div&gt;[39m
          [36m&lt;/div&gt;[39m
        [36m&lt;/div&gt;[39m
        [36m&lt;div[39m
          [33mclass[39m=[32m&quot;p-6 pt-0 space-y-4&quot;[39m
        [36m&gt;[39m
          [36m&lt;div[39m
            [33mclass[39m=[32m&quot;space-y-2&quot;[39m
          [36m&gt;[39m
            [36m&lt;div[39m
              [33mclass[39m=[32m&quot;flex items-center justify-between&quot;[39m
            [36m&gt;[39m
              [36m&lt;div[39m
                [33mclass[39m=[32m&quot;flex items-center space-x-2&quot;[39m
              [36m&gt;[39m
                [36m&lt;svg[39m
                  [33mclass[39m=[32m&quot;lucide lucide-zap h-3 w-3 text-blue-500&quot;[39m
                  [33mfill[39m=[32m&quot;none&quot;[39m
                  [33mheight[39m=[32m&quot;24&quot;[39m
                  [33mstroke[39m=[32m&quot;currentColor&quot;[39m
                  [33mstroke-linecap[39m=[32m&quot;round&quot;[39m
                  [33mstroke-linejoin[39m=[32m&quot;round&quot;[39m
                  [33mstroke-width[39m=[32m&quot;2&quot;[39m
                  [33mviewBox[39m=[32m&quot;0 0 24 24&quot;[39m
                  [33mwidth[39m=[32m&quot;24&quot;[39m
                  [33mxmlns[39m=[32m&quot;http://www.w3.org/2000/svg&quot;[39m
                [36m&gt;[39m
                  [36m&lt;path[39m
                    [33md[39m=[32m&quot;M4 14a1 1 0 0 1-.78-1.63l9.9-10.2a.5.5 0 0 1 .86.46l-1.92 6.02A1 1 0 0 0 13 10h7a1 1 0 0 1 .78 1.63l-9.9 10.2a.5.5 0 0 1-.86-.46l1.92-6.02A1 1 0 0 0 11 14z&quot;[39m
                  [36m/&gt;[39m
                [36m&lt;/svg&gt;[39m
                [36m&lt;span[39m
                  [33mclass[39m=[32m&quot;text-xs font-medium&quot;[39m
                [36m&gt;[39m
                  [0mFlash (2.5)[0m
                [36m&lt;/span&gt;[39m
              [36m&lt;/div&gt;[39m
              [36m&lt;button[39m
                [33mdata-state[39m=[32m&quot;closed&quot;[39m
              [36m&gt;[39m
                [36m&lt;div[39m
                  [33mclass[39m=[32m&quot;inline-flex items-center rounded-full border px-2.5 py-0.5 font-semibold transition-colors focus:outline-none focus:ring-2 focus:ring-ring focus:ring-offset-2 text-foreground text-xs&quot;[39m
                [36m&gt;[39m
                  [0m6[0m
                  [0m/[0m
                  [0m8[0m
                  [0m RPM[0m
                [36m&lt;/div&gt;[39m
              [36m&lt;/button&gt;[39m
            [36m&lt;/div&gt;[39m
            [36m&lt;div[39m
              [33mclass[39m=[32m&quot;space-y-1&quot;[39m
            [36m&gt;[39m
              [36m&lt;div[39m
                [33maria-valuemax[39m=[32m&quot;100&quot;[39m
                [33maria-valuemin[39m=[32m&quot;0&quot;[39m
                [33mclass[39m=[32m&quot;relative w-full overflow-hidden rounded-full bg-secondary h-2&quot;[39m
                [33mdata-max[39m=[32m&quot;100&quot;[39m
                [33mdata-state[39m=[32m&quot;indeterminate&quot;[39m
                [33mrole[39m=[32m&quot;progressbar&quot;[39m
              [36m&gt;[39m
                [36m&lt;div[39m
                  [33mclass[39m=[32m&quot;h-full w-full flex-1 transition-all bg-orange-500&quot;[39m
                  [33mdata-max[39m=[32m&quot;100&quot;[39m
                  [33mdata-state[39m=[32m&quot;indeterminate&quot;[39m
                  [33mstyle[39m=[32m&quot;transform: translateX(-20%);&quot;[39m
                [36m/&gt;[39m
              [36m&lt;/div&gt;[39m
              [36m&lt;div[39m
                [33mclass[39m=[32m&quot;flex justify-between text-xs text-gray-500&quot;[39m
              [36m&gt;[39m
                [36m&lt;span&gt;[39m
                  [0mRPM: [0m
                  [0m80[0m
                  [0m%[0m
                [36m&lt;/span&gt;[39m
                [36m&lt;span&gt;[39m
                  [0mDaily: [0m
                  [0m25[0m
                  [0m%[0m
                [36m&lt;/span&gt;[39m
              [36m&lt;/div&gt;[39m
            [36m&lt;/div&gt;[39m
          [36m&lt;/div&gt;[39m
          [36m&lt;div[39m
            [33mclass[39m=[32m&quot;space-y-2&quot;[39m
          [36m&gt;[39m
            [36m&lt;div[39m
              [33mclass[39m=[32m&quot;flex items-center justify-between&quot;[39m
            [36m&gt;[39m
              [36m&lt;div[39m
                [33mclass[39m=[32m&quot;flex items-center space-x-2&quot;[39m
              [36m&gt;[39m
                [36m&lt;svg[39m
                  [33mclass[39m=[32m&quot;lucide lucide-zap h-3 w-3 text-purple-500&quot;[39m
                  [33mfill[39m=[32m&quot;none&quot;[39m
                  [33mheight[39m=[32m&quot;24&quot;[39m
                  [33mstroke[39m=[32m&quot;currentColor&quot;[39m
                  [33mstroke-linecap[39m=[32m&quot;round&quot;[39m
                  [33mstroke-linejoin[39m=[32m&quot;round&quot;[39m
                  [33mstroke-width[39m=[32m&quot;2&quot;[39m
                  [33mviewBox[39m=[32m&quot;0 0 24 24&quot;[39m
                  [33mwidth[39m=[32m&quot;24&quot;[39m
                  [33mxmlns[39m=[32m&quot;http://www.w3.org/2000/svg&quot;[39m
                [36m&gt;[39m
                  [36m&lt;path[39m
                    [33md[39m=[32m&quot;M4 14a1 1 0 0 1-.78-1.63l9.9-10.2a.5.5 0 0 1 .86.46l-1.92 6.02A1 1 0 0 0 13 10h7a1 1 0 0 1 .78 1.63l-9.9 10.2a.5.5 0 0 1-.86-.46l1.92-6.02A1 1 0 0 0 11 14z&quot;[39m
                  [36m/&gt;[39m
                [36m&lt;/svg&gt;[39m
                [36m&lt;span[39m
                  [33mclass[39m=[32m&quot;text-xs font-medium&quot;[39m
                [36m&gt;[39m
                  [0mPro (2.5)[0m
                [36m&lt;/span&gt;[39m
              [36m&lt;/div&gt;[39m
              [36m&lt;button[39m
                [33mdata-state[39m=[32m&quot;closed&quot;[39m
              [36m&gt;[39m
                [36m&lt;div[39m
                  [33mclass[39m=[32m&quot;inline-flex items-center rounded-full border px-2.5 py-0.5 font-semibold transition-colors focus:outline-none focus:ring-2 focus:ring-ring focus:ring-offset-2 text-foreground text-xs&quot;[39m
                [36m&gt;[39m
                  [0m1[0m
                  [0m/[0m
                  [0m4[0m
                  [0m RPM[0m
                [36m&lt;/div&gt;[39m
              [36m&lt;/button&gt;[39m
            [36m&lt;/div&gt;[39m
            [36m&lt;div[39m
              [33mclass[39m=[32m&quot;space-y-1&quot;[39m
            [36m&gt;[39m
              [36m&lt;div[39m
                [33maria-valuemax[39m=[32m&quot;100&quot;[39m
                [33maria-valuemin[39m=[32m&quot;0&quot;[39m
                [33mclass[39m=[32m&quot;relative w-full overflow-hidden rounded-full bg-secondary h-2&quot;[39m
                [33mdata-max[39m=[32m&quot;100&quot;[39m
                [33mdata-state[39m=[32m&quot;indeterminate&quot;[39m
                [33mrole[39m=[32m&quot;progressbar&quot;[39m
              [36m&gt;[39m
                [36m&lt;div[39m
                  [33mclass[39m=[32m&quot;h-full w-full flex-1 transition-all bg-green-500&quot;[39m
                  [33mdata-max[39m=[32m&quot;100&quot;[39m
                  [33mdata-state[39m=[32m&quot;indeterminate&quot;[39m
                  [33mstyle[39m=[32m&quot;transform: translateX(-75%);&quot;[39m
                [36m/&gt;[39m
              [36m&lt;/div&gt;[39m
              [36m&lt;div[39m
                [33mclass[39m=[32m&quot;flex justify-between text-xs text-gray-500&quot;[39m
              [36m&gt;[39m
                [36m&lt;span&gt;[39m
                  [0mRPM: [0m
                  [0m25[0m
                  [0m%[0m
                [36m&lt;/span&gt;[39m
                [36m&lt;span&gt;[39m
                  [0mDaily: [0m
                  [0m25[0m
                  [0m%[0m
                [36m&lt;/span&gt;[39m
              [36m&lt;/div&gt;[39m
            [36m&lt;/div&gt;[39m
          [36m&lt;/div&gt;[39m
          [36m&lt;div[39m
            [33mclass[39m=[32m&quot;pt-2 border-t&quot;[39m
          [36m&gt;[39m
            [36m&lt;div[39m
              [33mclass[39m=[32m&quot;flex justify-between text-xs text-gray-500&quot;[39m
            [36m&gt;[39m
              [36m&lt;span&gt;[39m
                [0mTotal Today: [0m
                [0m250[0m
              [36m&lt;/span&gt;[39m
              [36m&lt;span&gt;[39m
                [0mUptime: [0m
                [0m100[0m
                [0m%[0m
              [36m&lt;/span&gt;[39m
            [36m&lt;/div&gt;[39m
            [36m&lt;div[39m
              [33mclass[39m=[32m&quot;text-xs text-gray-400 mt-1&quot;[39m
            [36m&gt;[39m
              [0mUpdated: [0m
              [0m3:51:11 pm[0m
            [36m&lt;/div&gt;[39m
          [36m&lt;/div&gt;[39m
        [36m&lt;/div&gt;[39m
      [36m&lt;/div&gt;[39m
    [36m&lt;/div&gt;[39m
  [36m&lt;/div&gt;[39m
[36m&lt;/body&gt;[39m

Ignored nodes: comments, script, style
[36m&lt;html&gt;[39m
  [36m&lt;head /&gt;[39m
  [36m&lt;body&gt;[39m
    [36m&lt;div&gt;[39m
      [36m&lt;div&gt;[39m
        [36m&lt;div[39m
          [33mclass[39m=[32m&quot;rounded-lg border bg-card text-card-foreground shadow-sm&quot;[39m
        [36m&gt;[39m
          [36m&lt;div[39m
            [33mclass[39m=[32m&quot;flex flex-col space-y-1.5 p-6 pb-3&quot;[39m
          [36m&gt;[39m
            [36m&lt;div[39m
              [33mclass[39m=[32m&quot;flex items-center justify-between&quot;[39m
            [36m&gt;[39m
              [36m&lt;div[39m
                [33mclass[39m=[32m&quot;tracking-tight text-sm font-medium&quot;[39m
              [36m&gt;[39m
                [0mRate Limits[0m
              [36m&lt;/div&gt;[39m
              [36m&lt;div[39m
                [33mclass[39m=[32m&quot;inline-flex items-center rounded-full border px-2.5 py-0.5 font-semibold transition-colors focus:outline-none focus:ring-2 focus:ring-ring focus:ring-offset-2 hover:bg-primary/80 text-xs bg-yellow-100 text-yellow-800 border-yellow-200&quot;[39m
              [36m&gt;[39m
                [36m&lt;div[39m
                  [33mclass[39m=[32m&quot;flex items-center space-x-1&quot;[39m
                [36m&gt;[39m
                  [36m&lt;svg[39m
                    [33mclass[39m=[32m&quot;lucide lucide-triangle-alert h-4 w-4 text-yellow-500&quot;[39m
                    [33mfill[39m=[32m&quot;none&quot;[39m
                    [33mheight[39m=[32m&quot;24&quot;[39m
                    [33mstroke[39m=[32m&quot;currentColor&quot;[39m
                    [33mstroke-linecap[39m=[32m&quot;round&quot;[39m
                    [33mstroke-linejoin[39m=[32m&quot;round&quot;[39m
                    [33mstroke-width[39m=[32m&quot;2&quot;[39m
                    [33mviewBox[39m=[32m&quot;0 0 24 24&quot;[39m
                    [33mwidth[39m=[32m&quot;24&quot;[39m
                    [33mxmlns[39m=[32m&quot;http://www.w3.org/2000/svg&quot;[39m
                  [36m&gt;[39m
                    [36m&lt;path[39m
                      [33md[39m=[32m&quot;m21.73 18-8-14a2 2 0 0 0-3.48 0l-8 14A2 2 0 0 0 4 21h16a2 2 0 0 0 1.73-3&quot;[39m
                    [36m/&gt;[39m
                    [36m&lt;path[39m
                      [33md[39m=[32m&quot;M12 9v4&quot;[39m
                    [36m/&gt;[39m
                    [36m&lt;path[39m
                      [33md[39m=[32m&quot;M12 17h.01&quot;[39m
                    [36m/&gt;[39m
                  [36m&lt;/svg&gt;[39m
                  [36m&lt;span&gt;[39m
                    [0mwarning[0m
                  [36m&lt;/span&gt;[39m
                [36m&lt;/div&gt;[39m
              [36m&lt;/div&gt;[39m
            [36m&lt;/div&gt;[39m
          [36m&lt;/div&gt;[39m
          [36m&lt;div[39m
            [33mclass[39m=[32m&quot;p-6 pt-0 space-y-4&quot;[39m
          [36m&gt;[39m
            [36m&lt;div[39m
              [33mclass[39m=[32m&quot;space-y-2&quot;[39m
            [36m&gt;[39m
              [36m&lt;div[39m
                [33mclass[39m=[32m&quot;flex items-center justify-between&quot;[39m
              [36m&gt;[39m
                [36m&lt;div[39m
                  [33mclass[39m=[32m&quot;flex items-center space-x-2&quot;[39m
                [36m&gt;[39m
                  [36m&lt;svg[39m
                    [33mclass[39m=[32m&quot;lucide lucide-zap h-3 w-3 text-blue-500&quot;[39m
                    [33mfill[39m=[32m&quot;none&quot;[39m
                    [33mheight[39m=[32m&quot;24&quot;[39m
                    [33mstroke[39m=[32m&quot;currentColor&quot;[39m
                    [33mstroke-linecap[39m=[32m&quot;round&quot;[39m
                    [33mstroke-linejoin[39m=[32m&quot;round&quot;[39m
                    [33mstroke-width[39m=[32m&quot;2&quot;[39m
                    [33mviewBox[39m=[32m&quot;0 0 24 24&quot;[39m
                    [33mwidth[39m=[32m&quot;24&quot;[39m
                    [33mxmlns[39m=[32m&quot;http://www.w3.org/2000/svg&quot;[39m
                  [36m&gt;[39m
                    [36m&lt;path[39m
                      [33md[39m=[32m&quot;M4 14a1 1 0 0 1-.78-1.63l9.9-10.2a.5.5 0 0 1 .86.46l-1.92 6.02A1 1 0 0 0 13 10h7a1 1 0 0 1 .78 1.63l-9.9 10.2a.5.5 0 0 1-.86-.46l1.92-6.02A1 1 0 0 0 11 14z&quot;[39m
                    [36m/&gt;[39m
                  [36m&lt;/svg&gt;[39m
                  [36m&lt;span[39m
                    [33mclass[39m=[32m&quot;text-xs font-medium&quot;[39m
                  [36m&gt;[39m
                    [0mFlash (2.5)[0m
                  [36m&lt;/span&gt;[39m
                [36m&lt;/div&gt;[39m
                [36m&lt;button[39m
                  [33mdata-state[39m=[32m&quot;closed&quot;[39m
                [36m&gt;[39m
                  [36m&lt;div[39m
                    [33mclass[39m=[32m&quot;inline-flex items-center rounded-full border px-2.5 py-0.5 font-semibold transition-colors focus:outline-none focus:ring-2 focus:ring-ring focus:ring-offset-2 text-foreground text-xs&quot;[39m
                  [36m&gt;[39m
                    [0m6[0m
                    [0m/[0m
                    [0m8[0m
                    [0m RPM[0m
                  [36m&lt;/div&gt;[39m
                [36m&lt;/button&gt;[39m
              [36m&lt;/div&gt;[39m
              [36m&lt;div[39m
                [33mclass[39m=[32m&quot;space-y-1&quot;[39m
              [36m&gt;[39m
                [36m&lt;div[39m
                  [33maria-valuemax[39m=[32m&quot;100&quot;[39m
                  [33maria-valuemin[39m=[32m&quot;0&quot;[39m
                  [33mclass[39m=[32m&quot;relative w-full overflow-hidden rounded-full bg-secondary h-2&quot;[39m
                  [33mdata-max[39m=[32m&quot;100&quot;[39m
                  [33mdata-state[39m=[32m&quot;indeterminate&quot;[39m
                  [33mrole[39m=[32m&quot;progressbar&quot;[39m
                [36m&gt;[39m
                  [36m&lt;div[39m
                    [33mclass[39m=[32m&quot;h-full w-full flex-1 transition-all bg-orange-500&quot;[39m
                    [33mdata-max[39m=[32m&quot;100&quot;[39m
                    [33mdata-state[39m=[32m&quot;indeterminate&quot;[39m
                    [33mstyle[39m=[32m&quot;transform: translateX(-20%);&quot;[39m
                  [36m/&gt;[39m
                [36m&lt;/div&gt;[39m
                [36m&lt;div[39m
                  [33mclass[39m=[32m&quot;flex justify-between text-xs text-gray-500&quot;[39m
                [36m&gt;[39m
                  [36m&lt;span&gt;[39m
                    [0mRPM: [0m
                    [0m80[0m
                    [0m%[0m
                  [36m&lt;/span&gt;[39m
                  [36m&lt;span&gt;[39m
                    [0mDaily: [0m
                    [0m25[0m
                    [0m%[0m
                  [36m&lt;/span&gt;[39m
                [36m&lt;/div&gt;[39m
              [36m&lt;/div&gt;[39m
            [36m&lt;/div&gt;[39m
            [36m&lt;div[39m
              [33mclass[39m=[32m&quot;space-y-2&quot;[39m
            [36m&gt;[39m
              [36m&lt;div[39m
                [33mclass[39m=[32m&quot;flex items-center justify-between&quot;[39m
              [36m&gt;[39m
                [36m&lt;div[39m
                  [33mclass[39m=[32m&quot;flex items-center space-x-2&quot;[39m
                [36m&gt;[39m
                  [36m&lt;svg[39m
                    [33mclass[39m=[32m&quot;lucide lucide-zap h-3 w-3 text-purple-500&quot;[39m
                    [33mfill[39m=[32m&quot;none&quot;[39m
                    [33mheight[39m=[32m&quot;24&quot;[39m
                    [33mstroke[39m=[32m&quot;currentColor&quot;[39m
                    [33mstroke-linecap[39m=[32m&quot;round&quot;[39m
                    [33mstroke-linejoin[39m=[32m&quot;round&quot;[39m
                    [33mstroke-width[39m=[32m&quot;2&quot;[39m
                    [33mviewBox[39m=[32m&quot;0 0 24 24&quot;[39m
                    [33mwidth[39m=[32m&quot;24&quot;[39m
                    [33mxmlns[39m=[32m&quot;http://www.w3.org/2000/svg&quot;[39m
                  [36m&gt;[39m
                    [36m&lt;path[39m
                      [33md[39m=[32m&quot;M4 14a1 1 0 0 1-.78-1.63l9.9-10.2a.5.5 0 0 1 .86.46l-1.92 6.02A1 1 0 0 0 13 10h7a1 1 0 0 1 .78 1.63l-9.9 10.2a.5.5 0 0 1-.86-.46l1.92-6.02A1 1 0 0 0 11 14z&quot;[39m
                    [36m/&gt;[39m
                  [36m&lt;/svg&gt;[39m
                  [36m&lt;span[39m
                    [33mclass[39m=[32m&quot;text-xs font-medium&quot;[39m
                  [36m&gt;[39m
                    [0mPro (2.5)[0m
                  [36m&lt;/span&gt;[39m
                [36m&lt;/div&gt;[39m
                [36m&lt;button[39m
                  [33mdata-state[39m=[32m&quot;closed&quot;[39m
                [36m&gt;[39m
                  [36m&lt;div[39m
                    [33mclass[39m=[32m&quot;inline-flex items-center rounded-full border px-2.5 py-0.5 font-semibold transition-colors focus:outline-none focus:ring-2 focus:ring-ring focus:ring-offset-2 text-foreground text-xs&quot;[39m
                  [36m&gt;[39m
                    [0m1[0m
                    [0m/[0m
                    [0m4[0m
                    [0m RPM[0m
                  [36m&lt;/div&gt;[39m
                [36m&lt;/button&gt;[39m
              [36m&lt;/div&gt;[39m
              [36m&lt;div[39m
                [33mclass[39m=[32m&quot;space-y-1&quot;[39m
              [36m&gt;[39m
                [36m&lt;div[39m
                  [33maria-valuemax[39m=[32m&quot;100&quot;[39m
                  [33maria-valuemin[39m=[32m&quot;0&quot;[39m
                  [33mclass[39m=[32m&quot;relative w-full overflow-hidden rounded-full bg-secondary h-2&quot;[39m
                  [33mdata-max[39m=[32m&quot;100&quot;[39m
                  [33mdata-state[39m=[32m&quot;indeterminate&quot;[39m
                  [33mrole[39m=[32m&quot;progressbar&quot;[39m
                [36m&gt;[39m
                  [36m&lt;div[39m
                    [33mclass[39m=[32m&quot;h-full w-full flex-1 transition-all bg-green-500&quot;[39m
                    [33mdata-max[39m=[32m&quot;100&quot;[39m
                    [33mdata-state[39m=[32m&quot;indeterminate&quot;[39m
                    [33mstyle[39m=[32m&quot;transform: translateX(-75%);&quot;[39m
                  [36m/&gt;[39m
                [36m&lt;/div&gt;[39m
                [36m&lt;div[39m
                  [33mclass[39m=[32m&quot;flex justify-between text-xs text-gray-500&quot;[39m
                [36m&gt;[39m
                  [36m&lt;span&gt;[39m
                    [0mRPM: [0m
                    [0m25[0m
                    [0m%[0m
                  [36m&lt;/span&gt;[39m
                  [36m&lt;span&gt;[39m
                    [0mDaily: [0m
                    [0m25[0m
                    [0m%[0m
                  [36m&lt;/span&gt;[39m
                [36m&lt;/div&gt;[39m
              [36m&lt;/div&gt;[39m
            [36m&lt;/div&gt;[39m
            [36m&lt;div[39m
              [33mclass[39m=[32m&quot;pt-2 border-t&quot;[39m
            [36m&gt;[39m
              [36m&lt;div[39m
                [33mclass[39m=[32m&quot;flex justify-between text-xs text-gray-500&quot;[39m
              [36m&gt;[39m
                [36m&lt;span&gt;[39m
                  [0mTotal Today: [0m
                  [0m250[0m
                [36m&lt;/span&gt;[39m
                [36m&lt;span&gt;[39m
                  [0mUptime: [0m
                  [0m100[0m
                  [0m%[0m
                [36m&lt;/span&gt;[39m
              [36m&lt;/div&gt;[39m
              [36m&lt;div[39m
                [33mclass[39m=[32m&quot;text-xs text-gray-400 mt-1&quot;[39m
              [36m&gt;[39m
                [0mUpdated: [0m
                [0m3:51:11 pm[0m
              [36m&lt;/div&gt;[39m
            [36m&lt;/div&gt;[39m
          [36m&lt;/div&gt;[39m
        [36m&lt;/div&gt;[39m
      [36m&lt;/div&gt;[39m
    [36m&lt;/div&gt;[39m
  [36m&lt;/body&gt;[39m
[36m&lt;/html&gt;[39m" type="TestingLibraryElementError">
TestingLibraryElementError: Unable to find an element with the text: Warning: Approaching rate limits. This could be because the text is broken up by multiple elements. In this case, you can provide a function for your text matcher to make your matcher more flexible.

Ignored nodes: comments, script, style
&lt;body&gt;
  &lt;div&gt;
    &lt;div&gt;
      &lt;div
        class=&quot;rounded-lg border bg-card text-card-foreground shadow-sm&quot;
      &gt;
        &lt;div
          class=&quot;flex flex-col space-y-1.5 p-6 pb-3&quot;
        &gt;
          &lt;div
            class=&quot;flex items-center justify-between&quot;
          &gt;
            &lt;div
              class=&quot;tracking-tight text-sm font-medium&quot;
            &gt;
              Rate Limits
            &lt;/div&gt;
            &lt;div
              class=&quot;inline-flex items-center rounded-full border px-2.5 py-0.5 font-semibold transition-colors focus:outline-none focus:ring-2 focus:ring-ring focus:ring-offset-2 hover:bg-primary/80 text-xs bg-yellow-100 text-yellow-800 border-yellow-200&quot;
            &gt;
              &lt;div
                class=&quot;flex items-center space-x-1&quot;
              &gt;
                &lt;svg
                  class=&quot;lucide lucide-triangle-alert h-4 w-4 text-yellow-500&quot;
                  fill=&quot;none&quot;
                  height=&quot;24&quot;
                  stroke=&quot;currentColor&quot;
                  stroke-linecap=&quot;round&quot;
                  stroke-linejoin=&quot;round&quot;
                  stroke-width=&quot;2&quot;
                  viewBox=&quot;0 0 24 24&quot;
                  width=&quot;24&quot;
                  xmlns=&quot;http://www.w3.org/2000/svg&quot;
                &gt;
                  &lt;path
                    d=&quot;m21.73 18-8-14a2 2 0 0 0-3.48 0l-8 14A2 2 0 0 0 4 21h16a2 2 0 0 0 1.73-3&quot;
                  /&gt;
                  &lt;path
                    d=&quot;M12 9v4&quot;
                  /&gt;
                  &lt;path
                    d=&quot;M12 17h.01&quot;
                  /&gt;
                &lt;/svg&gt;
                &lt;span&gt;
                  warning
                &lt;/span&gt;
              &lt;/div&gt;
            &lt;/div&gt;
          &lt;/div&gt;
        &lt;/div&gt;
        &lt;div
          class=&quot;p-6 pt-0 space-y-4&quot;
        &gt;
          &lt;div
            class=&quot;space-y-2&quot;
          &gt;
            &lt;div
              class=&quot;flex items-center justify-between&quot;
            &gt;
              &lt;div
                class=&quot;flex items-center space-x-2&quot;
              &gt;
                &lt;svg
                  class=&quot;lucide lucide-zap h-3 w-3 text-blue-500&quot;
                  fill=&quot;none&quot;
                  height=&quot;24&quot;
                  stroke=&quot;currentColor&quot;
                  stroke-linecap=&quot;round&quot;
                  stroke-linejoin=&quot;round&quot;
                  stroke-width=&quot;2&quot;
                  viewBox=&quot;0 0 24 24&quot;
                  width=&quot;24&quot;
                  xmlns=&quot;http://www.w3.org/2000/svg&quot;
                &gt;
                  &lt;path
                    d=&quot;M4 14a1 1 0 0 1-.78-1.63l9.9-10.2a.5.5 0 0 1 .86.46l-1.92 6.02A1 1 0 0 0 13 10h7a1 1 0 0 1 .78 1.63l-9.9 10.2a.5.5 0 0 1-.86-.46l1.92-6.02A1 1 0 0 0 11 14z&quot;
                  /&gt;
                &lt;/svg&gt;
                &lt;span
                  class=&quot;text-xs font-medium&quot;
                &gt;
                  Flash (2.5)
                &lt;/span&gt;
              &lt;/div&gt;
              &lt;button
                data-state=&quot;closed&quot;
              &gt;
                &lt;div
                  class=&quot;inline-flex items-center rounded-full border px-2.5 py-0.5 font-semibold transition-colors focus:outline-none focus:ring-2 focus:ring-ring focus:ring-offset-2 text-foreground text-xs&quot;
                &gt;
                  6
                  /
                  8
                   RPM
                &lt;/div&gt;
              &lt;/button&gt;
            &lt;/div&gt;
            &lt;div
              class=&quot;space-y-1&quot;
            &gt;
              &lt;div
                aria-valuemax=&quot;100&quot;
                aria-valuemin=&quot;0&quot;
                class=&quot;relative w-full overflow-hidden rounded-full bg-secondary h-2&quot;
                data-max=&quot;100&quot;
                data-state=&quot;indeterminate&quot;
                role=&quot;progressbar&quot;
              &gt;
                &lt;div
                  class=&quot;h-full w-full flex-1 transition-all bg-orange-500&quot;
                  data-max=&quot;100&quot;
                  data-state=&quot;indeterminate&quot;
                  style=&quot;transform: translateX(-20%);&quot;
                /&gt;
              &lt;/div&gt;
              &lt;div
                class=&quot;flex justify-between text-xs text-gray-500&quot;
              &gt;
                &lt;span&gt;
                  RPM: 
                  80
                  %
                &lt;/span&gt;
                &lt;span&gt;
                  Daily: 
                  25
                  %
                &lt;/span&gt;
              &lt;/div&gt;
            &lt;/div&gt;
          &lt;/div&gt;
          &lt;div
            class=&quot;space-y-2&quot;
          &gt;
            &lt;div
              class=&quot;flex items-center justify-between&quot;
            &gt;
              &lt;div
                class=&quot;flex items-center space-x-2&quot;
              &gt;
                &lt;svg
                  class=&quot;lucide lucide-zap h-3 w-3 text-purple-500&quot;
                  fill=&quot;none&quot;
                  height=&quot;24&quot;
                  stroke=&quot;currentColor&quot;
                  stroke-linecap=&quot;round&quot;
                  stroke-linejoin=&quot;round&quot;
                  stroke-width=&quot;2&quot;
                  viewBox=&quot;0 0 24 24&quot;
                  width=&quot;24&quot;
                  xmlns=&quot;http://www.w3.org/2000/svg&quot;
                &gt;
                  &lt;path
                    d=&quot;M4 14a1 1 0 0 1-.78-1.63l9.9-10.2a.5.5 0 0 1 .86.46l-1.92 6.02A1 1 0 0 0 13 10h7a1 1 0 0 1 .78 1.63l-9.9 10.2a.5.5 0 0 1-.86-.46l1.92-6.02A1 1 0 0 0 11 14z&quot;
                  /&gt;
                &lt;/svg&gt;
                &lt;span
                  class=&quot;text-xs font-medium&quot;
                &gt;
                  Pro (2.5)
                &lt;/span&gt;
              &lt;/div&gt;
              &lt;button
                data-state=&quot;closed&quot;
              &gt;
                &lt;div
                  class=&quot;inline-flex items-center rounded-full border px-2.5 py-0.5 font-semibold transition-colors focus:outline-none focus:ring-2 focus:ring-ring focus:ring-offset-2 text-foreground text-xs&quot;
                &gt;
                  1
                  /
                  4
                   RPM
                &lt;/div&gt;
              &lt;/button&gt;
            &lt;/div&gt;
            &lt;div
              class=&quot;space-y-1&quot;
            &gt;
              &lt;div
                aria-valuemax=&quot;100&quot;
                aria-valuemin=&quot;0&quot;
                class=&quot;relative w-full overflow-hidden rounded-full bg-secondary h-2&quot;
                data-max=&quot;100&quot;
                data-state=&quot;indeterminate&quot;
                role=&quot;progressbar&quot;
              &gt;
                &lt;div
                  class=&quot;h-full w-full flex-1 transition-all bg-green-500&quot;
                  data-max=&quot;100&quot;
                  data-state=&quot;indeterminate&quot;
                  style=&quot;transform: translateX(-75%);&quot;
                /&gt;
              &lt;/div&gt;
              &lt;div
                class=&quot;flex justify-between text-xs text-gray-500&quot;
              &gt;
                &lt;span&gt;
                  RPM: 
                  25
                  %
                &lt;/span&gt;
                &lt;span&gt;
                  Daily: 
                  25
                  %
                &lt;/span&gt;
              &lt;/div&gt;
            &lt;/div&gt;
          &lt;/div&gt;
          &lt;div
            class=&quot;pt-2 border-t&quot;
          &gt;
            &lt;div
              class=&quot;flex justify-between text-xs text-gray-500&quot;
            &gt;
              &lt;span&gt;
                Total Today: 
                250
              &lt;/span&gt;
              &lt;span&gt;
                Uptime: 
                100
                %
              &lt;/span&gt;
            &lt;/div&gt;
            &lt;div
              class=&quot;text-xs text-gray-400 mt-1&quot;
            &gt;
              Updated: 
              3:51:11 pm
            &lt;/div&gt;
          &lt;/div&gt;
        &lt;/div&gt;
      &lt;/div&gt;
    &lt;/div&gt;
  &lt;/div&gt;
&lt;/body&gt;

Ignored nodes: comments, script, style
&lt;html&gt;
  &lt;head /&gt;
  &lt;body&gt;
    &lt;div&gt;
      &lt;div&gt;
        &lt;div
          class=&quot;rounded-lg border bg-card text-card-foreground shadow-sm&quot;
        &gt;
          &lt;div
            class=&quot;flex flex-col space-y-1.5 p-6 pb-3&quot;
          &gt;
            &lt;div
              class=&quot;flex items-center justify-between&quot;
            &gt;
              &lt;div
                class=&quot;tracking-tight text-sm font-medium&quot;
              &gt;
                Rate Limits
              &lt;/div&gt;
              &lt;div
                class=&quot;inline-flex items-center rounded-full border px-2.5 py-0.5 font-semibold transition-colors focus:outline-none focus:ring-2 focus:ring-ring focus:ring-offset-2 hover:bg-primary/80 text-xs bg-yellow-100 text-yellow-800 border-yellow-200&quot;
              &gt;
                &lt;div
                  class=&quot;flex items-center space-x-1&quot;
                &gt;
                  &lt;svg
                    class=&quot;lucide lucide-triangle-alert h-4 w-4 text-yellow-500&quot;
                    fill=&quot;none&quot;
                    height=&quot;24&quot;
                    stroke=&quot;currentColor&quot;
                    stroke-linecap=&quot;round&quot;
                    stroke-linejoin=&quot;round&quot;
                    stroke-width=&quot;2&quot;
                    viewBox=&quot;0 0 24 24&quot;
                    width=&quot;24&quot;
                    xmlns=&quot;http://www.w3.org/2000/svg&quot;
                  &gt;
                    &lt;path
                      d=&quot;m21.73 18-8-14a2 2 0 0 0-3.48 0l-8 14A2 2 0 0 0 4 21h16a2 2 0 0 0 1.73-3&quot;
                    /&gt;
                    &lt;path
                      d=&quot;M12 9v4&quot;
                    /&gt;
                    &lt;path
                      d=&quot;M12 17h.01&quot;
                    /&gt;
                  &lt;/svg&gt;
                  &lt;span&gt;
                    warning
                  &lt;/span&gt;
                &lt;/div&gt;
              &lt;/div&gt;
            &lt;/div&gt;
          &lt;/div&gt;
          &lt;div
            class=&quot;p-6 pt-0 space-y-4&quot;
          &gt;
            &lt;div
              class=&quot;space-y-2&quot;
            &gt;
              &lt;div
                class=&quot;flex items-center justify-between&quot;
              &gt;
                &lt;div
                  class=&quot;flex items-center space-x-2&quot;
                &gt;
                  &lt;svg
                    class=&quot;lucide lucide-zap h-3 w-3 text-blue-500&quot;
                    fill=&quot;none&quot;
                    height=&quot;24&quot;
                    stroke=&quot;currentColor&quot;
                    stroke-linecap=&quot;round&quot;
                    stroke-linejoin=&quot;round&quot;
                    stroke-width=&quot;2&quot;
                    viewBox=&quot;0 0 24 24&quot;
                    width=&quot;24&quot;
                    xmlns=&quot;http://www.w3.org/2000/svg&quot;
                  &gt;
                    &lt;path
                      d=&quot;M4 14a1 1 0 0 1-.78-1.63l9.9-10.2a.5.5 0 0 1 .86.46l-1.92 6.02A1 1 0 0 0 13 10h7a1 1 0 0 1 .78 1.63l-9.9 10.2a.5.5 0 0 1-.86-.46l1.92-6.02A1 1 0 0 0 11 14z&quot;
                    /&gt;
                  &lt;/svg&gt;
                  &lt;span
                    class=&quot;text-xs font-medium&quot;
                  &gt;
                    Flash (2.5)
                  &lt;/span&gt;
                &lt;/div&gt;
                &lt;button
                  data-state=&quot;closed&quot;
                &gt;
                  &lt;div
                    class=&quot;inline-flex items-center rounded-full border px-2.5 py-0.5 font-semibold transition-colors focus:outline-none focus:ring-2 focus:ring-ring focus:ring-offset-2 text-foreground text-xs&quot;
                  &gt;
                    6
                    /
                    8
                     RPM
                  &lt;/div&gt;
                &lt;/button&gt;
              &lt;/div&gt;
              &lt;div
                class=&quot;space-y-1&quot;
              &gt;
                &lt;div
                  aria-valuemax=&quot;100&quot;
                  aria-valuemin=&quot;0&quot;
                  class=&quot;relative w-full overflow-hidden rounded-full bg-secondary h-2&quot;
                  data-max=&quot;100&quot;
                  data-state=&quot;indeterminate&quot;
                  role=&quot;progressbar&quot;
                &gt;
                  &lt;div
                    class=&quot;h-full w-full flex-1 transition-all bg-orange-500&quot;
                    data-max=&quot;100&quot;
                    data-state=&quot;indeterminate&quot;
                    style=&quot;transform: translateX(-20%);&quot;
                  /&gt;
                &lt;/div&gt;
                &lt;div
                  class=&quot;flex justify-between text-xs text-gray-500&quot;
                &gt;
                  &lt;span&gt;
                    RPM: 
                    80
                    %
                  &lt;/span&gt;
                  &lt;span&gt;
                    Daily: 
                    25
                    %
                  &lt;/span&gt;
                &lt;/div&gt;
              &lt;/div&gt;
            &lt;/div&gt;
            &lt;div
              class=&quot;space-y-2&quot;
            &gt;
              &lt;div
                class=&quot;flex items-center justify-between&quot;
              &gt;
                &lt;div
                  class=&quot;flex items-center space-x-2&quot;
                &gt;
                  &lt;svg
                    class=&quot;lucide lucide-zap h-3 w-3 text-purple-500&quot;
                    fill=&quot;none&quot;
                    height=&quot;24&quot;
                    stroke=&quot;currentColor&quot;
                    stroke-linecap=&quot;round&quot;
                    stroke-linejoin=&quot;round&quot;
                    stroke-width=&quot;2&quot;
                    viewBox=&quot;0 0 24 24&quot;
                    width=&quot;24&quot;
                    xmlns=&quot;http://www.w3.org/2000/svg&quot;
                  &gt;
                    &lt;path
                      d=&quot;M4 14a1 1 0 0 1-.78-1.63l9.9-10.2a.5.5 0 0 1 .86.46l-1.92 6.02A1 1 0 0 0 13 10h7a1 1 0 0 1 .78 1.63l-9.9 10.2a.5.5 0 0 1-.86-.46l1.92-6.02A1 1 0 0 0 11 14z&quot;
                    /&gt;
                  &lt;/svg&gt;
                  &lt;span
                    class=&quot;text-xs font-medium&quot;
                  &gt;
                    Pro (2.5)
                  &lt;/span&gt;
                &lt;/div&gt;
                &lt;button
                  data-state=&quot;closed&quot;
                &gt;
                  &lt;div
                    class=&quot;inline-flex items-center rounded-full border px-2.5 py-0.5 font-semibold transition-colors focus:outline-none focus:ring-2 focus:ring-ring focus:ring-offset-2 text-foreground text-xs&quot;
                  &gt;
                    1
                    /
                    4
                     RPM
                  &lt;/div&gt;
                &lt;/button&gt;
              &lt;/div&gt;
              &lt;div
                class=&quot;space-y-1&quot;
              &gt;
                &lt;div
                  aria-valuemax=&quot;100&quot;
                  aria-valuemin=&quot;0&quot;
                  class=&quot;relative w-full overflow-hidden rounded-full bg-secondary h-2&quot;
                  data-max=&quot;100&quot;
                  data-state=&quot;indeterminate&quot;
                  role=&quot;progressbar&quot;
                &gt;
                  &lt;div
                    class=&quot;h-full w-full flex-1 transition-all bg-green-500&quot;
                    data-max=&quot;100&quot;
                    data-state=&quot;indeterminate&quot;
                    style=&quot;transform: translateX(-75%);&quot;
                  /&gt;
                &lt;/div&gt;
                &lt;div
                  class=&quot;flex justify-between text-xs text-gray-500&quot;
                &gt;
                  &lt;span&gt;
                    RPM: 
                    25
                    %
                  &lt;/span&gt;
                  &lt;span&gt;
                    Daily: 
                    25
                    %
                  &lt;/span&gt;
                &lt;/div&gt;
              &lt;/div&gt;
            &lt;/div&gt;
            &lt;div
              class=&quot;pt-2 border-t&quot;
            &gt;
              &lt;div
                class=&quot;flex justify-between text-xs text-gray-500&quot;
              &gt;
                &lt;span&gt;
                  Total Today: 
                  250
                &lt;/span&gt;
                &lt;span&gt;
                  Uptime: 
                  100
                  %
                &lt;/span&gt;
              &lt;/div&gt;
              &lt;div
                class=&quot;text-xs text-gray-400 mt-1&quot;
              &gt;
                Updated: 
                3:51:11 pm
              &lt;/div&gt;
            &lt;/div&gt;
          &lt;/div&gt;
        &lt;/div&gt;
      &lt;/div&gt;
    &lt;/div&gt;
  &lt;/body&gt;
&lt;/html&gt;
 ❯ Proxy.waitForWrapper node_modules/@testing-library/dom/dist/wait-for.js:163:27
 ❯ tests/integration/rate-limiting/rateLimitingIntegration.test.tsx:290:11
            </failure>
        </testcase>
        <testcase classname="tests/integration/rate-limiting/rateLimitingIntegration.test.tsx" name="Rate Limiting Integration Tests &gt; shows real-time countdown in status tooltips" time="1.005304166">
            <failure message="Unable to find an element with the text: 5m 0s. This could be because the text is broken up by multiple elements. In this case, you can provide a function for your text matcher to make your matcher more flexible.

Ignored nodes: comments, script, style
[36m&lt;body&gt;[39m
  [36m&lt;div&gt;[39m
    [36m&lt;div&gt;[39m
      [36m&lt;div[39m
        [33mclass[39m=[32m&quot;rounded-lg border bg-card text-card-foreground shadow-sm&quot;[39m
      [36m&gt;[39m
        [36m&lt;div[39m
          [33mclass[39m=[32m&quot;flex flex-col space-y-1.5 p-6 pb-3&quot;[39m
        [36m&gt;[39m
          [36m&lt;div[39m
            [33mclass[39m=[32m&quot;flex items-center justify-between&quot;[39m
          [36m&gt;[39m
            [36m&lt;div[39m
              [33mclass[39m=[32m&quot;tracking-tight text-sm font-medium&quot;[39m
            [36m&gt;[39m
              [0mRate Limits[0m
            [36m&lt;/div&gt;[39m
            [36m&lt;div[39m
              [33mclass[39m=[32m&quot;inline-flex items-center rounded-full border px-2.5 py-0.5 font-semibold transition-colors focus:outline-none focus:ring-2 focus:ring-ring focus:ring-offset-2 hover:bg-primary/80 text-xs bg-green-100 text-green-800 border-green-200&quot;[39m
            [36m&gt;[39m
              [36m&lt;div[39m
                [33mclass[39m=[32m&quot;flex items-center space-x-1&quot;[39m
              [36m&gt;[39m
                [36m&lt;svg[39m
                  [33mclass[39m=[32m&quot;lucide lucide-circle-check-big h-4 w-4 text-green-500&quot;[39m
                  [33mfill[39m=[32m&quot;none&quot;[39m
                  [33mheight[39m=[32m&quot;24&quot;[39m
                  [33mstroke[39m=[32m&quot;currentColor&quot;[39m
                  [33mstroke-linecap[39m=[32m&quot;round&quot;[39m
                  [33mstroke-linejoin[39m=[32m&quot;round&quot;[39m
                  [33mstroke-width[39m=[32m&quot;2&quot;[39m
                  [33mviewBox[39m=[32m&quot;0 0 24 24&quot;[39m
                  [33mwidth[39m=[32m&quot;24&quot;[39m
                  [33mxmlns[39m=[32m&quot;http://www.w3.org/2000/svg&quot;[39m
                [36m&gt;[39m
                  [36m&lt;path[39m
                    [33md[39m=[32m&quot;M21.801 10A10 10 0 1 1 17 3.335&quot;[39m
                  [36m/&gt;[39m
                  [36m&lt;path[39m
                    [33md[39m=[32m&quot;m9 11 3 3L22 4&quot;[39m
                  [36m/&gt;[39m
                [36m&lt;/svg&gt;[39m
                [36m&lt;span&gt;[39m
                  [0mhealthy[0m
                [36m&lt;/span&gt;[39m
              [36m&lt;/div&gt;[39m
            [36m&lt;/div&gt;[39m
          [36m&lt;/div&gt;[39m
        [36m&lt;/div&gt;[39m
        [36m&lt;div[39m
          [33mclass[39m=[32m&quot;p-6 pt-0 space-y-4&quot;[39m
        [36m&gt;[39m
          [36m&lt;div[39m
            [33mclass[39m=[32m&quot;space-y-2&quot;[39m
          [36m&gt;[39m
            [36m&lt;div[39m
              [33mclass[39m=[32m&quot;flex items-center justify-between&quot;[39m
            [36m&gt;[39m
              [36m&lt;div[39m
                [33mclass[39m=[32m&quot;flex items-center space-x-2&quot;[39m
              [36m&gt;[39m
                [36m&lt;svg[39m
                  [33mclass[39m=[32m&quot;lucide lucide-zap h-3 w-3 text-blue-500&quot;[39m
                  [33mfill[39m=[32m&quot;none&quot;[39m
                  [33mheight[39m=[32m&quot;24&quot;[39m
                  [33mstroke[39m=[32m&quot;currentColor&quot;[39m
                  [33mstroke-linecap[39m=[32m&quot;round&quot;[39m
                  [33mstroke-linejoin[39m=[32m&quot;round&quot;[39m
                  [33mstroke-width[39m=[32m&quot;2&quot;[39m
                  [33mviewBox[39m=[32m&quot;0 0 24 24&quot;[39m
                  [33mwidth[39m=[32m&quot;24&quot;[39m
                  [33mxmlns[39m=[32m&quot;http://www.w3.org/2000/svg&quot;[39m
                [36m&gt;[39m
                  [36m&lt;path[39m
                    [33md[39m=[32m&quot;M4 14a1 1 0 0 1-.78-1.63l9.9-10.2a.5.5 0 0 1 .86.46l-1.92 6.02A1 1 0 0 0 13 10h7a1 1 0 0 1 .78 1.63l-9.9 10.2a.5.5 0 0 1-.86-.46l1.92-6.02A1 1 0 0 0 11 14z&quot;[39m
                  [36m/&gt;[39m
                [36m&lt;/svg&gt;[39m
                [36m&lt;span[39m
                  [33mclass[39m=[32m&quot;text-xs font-medium&quot;[39m
                [36m&gt;[39m
                  [0mFlash (2.5)[0m
                [36m&lt;/span&gt;[39m
              [36m&lt;/div&gt;[39m
              [36m&lt;button[39m
                [33mdata-state[39m=[32m&quot;closed&quot;[39m
              [36m&gt;[39m
                [36m&lt;div[39m
                  [33mclass[39m=[32m&quot;inline-flex items-center rounded-full border px-2.5 py-0.5 font-semibold transition-colors focus:outline-none focus:ring-2 focus:ring-ring focus:ring-offset-2 text-foreground text-xs&quot;[39m
                [36m&gt;[39m
                  [0m6[0m
                  [0m/[0m
                  [0m8[0m
                  [0m RPM[0m
                [36m&lt;/div&gt;[39m
              [36m&lt;/button&gt;[39m
            [36m&lt;/div&gt;[39m
            [36m&lt;div[39m
              [33mclass[39m=[32m&quot;space-y-1&quot;[39m
            [36m&gt;[39m
              [36m&lt;div[39m
                [33maria-valuemax[39m=[32m&quot;100&quot;[39m
                [33maria-valuemin[39m=[32m&quot;0&quot;[39m
                [33mclass[39m=[32m&quot;relative w-full overflow-hidden rounded-full bg-secondary h-2&quot;[39m
                [33mdata-max[39m=[32m&quot;100&quot;[39m
                [33mdata-state[39m=[32m&quot;indeterminate&quot;[39m
                [33mrole[39m=[32m&quot;progressbar&quot;[39m
              [36m&gt;[39m
                [36m&lt;div[39m
                  [33mclass[39m=[32m&quot;h-full w-full flex-1 transition-all bg-orange-500&quot;[39m
                  [33mdata-max[39m=[32m&quot;100&quot;[39m
                  [33mdata-state[39m=[32m&quot;indeterminate&quot;[39m
                  [33mstyle[39m=[32m&quot;transform: translateX(-20%);&quot;[39m
                [36m/&gt;[39m
              [36m&lt;/div&gt;[39m
              [36m&lt;div[39m
                [33mclass[39m=[32m&quot;flex justify-between text-xs text-gray-500&quot;[39m
              [36m&gt;[39m
                [36m&lt;span&gt;[39m
                  [0mRPM: [0m
                  [0m80[0m
                  [0m%[0m
                [36m&lt;/span&gt;[39m
                [36m&lt;span&gt;[39m
                  [0mDaily: [0m
                  [0m25[0m
                  [0m%[0m
                [36m&lt;/span&gt;[39m
              [36m&lt;/div&gt;[39m
            [36m&lt;/div&gt;[39m
          [36m&lt;/div&gt;[39m
          [36m&lt;div[39m
            [33mclass[39m=[32m&quot;space-y-2&quot;[39m
          [36m&gt;[39m
            [36m&lt;div[39m
              [33mclass[39m=[32m&quot;flex items-center justify-between&quot;[39m
            [36m&gt;[39m
              [36m&lt;div[39m
                [33mclass[39m=[32m&quot;flex items-center space-x-2&quot;[39m
              [36m&gt;[39m
                [36m&lt;svg[39m
                  [33mclass[39m=[32m&quot;lucide lucide-zap h-3 w-3 text-purple-500&quot;[39m
                  [33mfill[39m=[32m&quot;none&quot;[39m
                  [33mheight[39m=[32m&quot;24&quot;[39m
                  [33mstroke[39m=[32m&quot;currentColor&quot;[39m
                  [33mstroke-linecap[39m=[32m&quot;round&quot;[39m
                  [33mstroke-linejoin[39m=[32m&quot;round&quot;[39m
                  [33mstroke-width[39m=[32m&quot;2&quot;[39m
                  [33mviewBox[39m=[32m&quot;0 0 24 24&quot;[39m
                  [33mwidth[39m=[32m&quot;24&quot;[39m
                  [33mxmlns[39m=[32m&quot;http://www.w3.org/2000/svg&quot;[39m
                [36m&gt;[39m
                  [36m&lt;path[39m
                    [33md[39m=[32m&quot;M4 14a1 1 0 0 1-.78-1.63l9.9-10.2a.5.5 0 0 1 .86.46l-1.92 6.02A1 1 0 0 0 13 10h7a1 1 0 0 1 .78 1.63l-9.9 10.2a.5.5 0 0 1-.86-.46l1.92-6.02A1 1 0 0 0 11 14z&quot;[39m
                  [36m/&gt;[39m
                [36m&lt;/svg&gt;[39m
                [36m&lt;span[39m
                  [33mclass[39m=[32m&quot;text-xs font-medium&quot;[39m
                [36m&gt;[39m
                  [0mPro (2.5)[0m
                [36m&lt;/span&gt;[39m
              [36m&lt;/div&gt;[39m
              [36m&lt;button[39m
                [33mdata-state[39m=[32m&quot;closed&quot;[39m
              [36m&gt;[39m
                [36m&lt;div[39m
                  [33mclass[39m=[32m&quot;inline-flex items-center rounded-full border px-2.5 py-0.5 font-semibold transition-colors focus:outline-none focus:ring-2 focus:ring-ring focus:ring-offset-2 text-foreground text-xs&quot;[39m
                [36m&gt;[39m
                  [0m1[0m
                  [0m/[0m
                  [0m4[0m
                  [0m RPM[0m
                [36m&lt;/div&gt;[39m
              [36m&lt;/button&gt;[39m
            [36m&lt;/div&gt;[39m
            [36m&lt;div[39m
              [33mclass[39m=[32m&quot;space-y-1&quot;[39m
            [36m&gt;[39m
              [36m&lt;div[39m
                [33maria-valuemax[39m=[32m&quot;100&quot;[39m
                [33maria-valuemin[39m=[32m&quot;0&quot;[39m
                [33mclass[39m=[32m&quot;relative w-full overflow-hidden rounded-full bg-secondary h-2&quot;[39m
                [33mdata-max[39m=[32m&quot;100&quot;[39m
                [33mdata-state[39m=[32m&quot;indeterminate&quot;[39m
                [33mrole[39m=[32m&quot;progressbar&quot;[39m
              [36m&gt;[39m
                [36m&lt;div[39m
                  [33mclass[39m=[32m&quot;h-full w-full flex-1 transition-all bg-green-500&quot;[39m
                  [33mdata-max[39m=[32m&quot;100&quot;[39m
                  [33mdata-state[39m=[32m&quot;indeterminate&quot;[39m
                  [33mstyle[39m=[32m&quot;transform: translateX(-75%);&quot;[39m
                [36m/&gt;[39m
              [36m&lt;/div&gt;[39m
              [36m&lt;div[39m
                [33mclass[39m=[32m&quot;flex justify-between text-xs text-gray-500&quot;[39m
              [36m&gt;[39m
                [36m&lt;span&gt;[39m
                  [0mRPM: [0m
                  [0m25[0m
                  [0m%[0m
                [36m&lt;/span&gt;[39m
                [36m&lt;span&gt;[39m
                  [0mDaily: [0m
                  [0m25[0m
                  [0m%[0m
                [36m&lt;/span&gt;[39m
              [36m&lt;/div&gt;[39m
            [36m&lt;/div&gt;[39m
          [36m&lt;/div&gt;[39m
          [36m&lt;div[39m
            [33mclass[39m=[32m&quot;pt-2 border-t&quot;[39m
          [36m&gt;[39m
            [36m&lt;div[39m
              [33mclass[39m=[32m&quot;flex justify-between text-xs text-gray-500&quot;[39m
            [36m&gt;[39m
              [36m&lt;span&gt;[39m
                [0mTotal Today: [0m
                [0m250[0m
              [36m&lt;/span&gt;[39m
              [36m&lt;span&gt;[39m
                [0mUptime: [0m
                [0m100[0m
                [0m%[0m
              [36m&lt;/span&gt;[39m
            [36m&lt;/div&gt;[39m
            [36m&lt;div[39m
              [33mclass[39m=[32m&quot;text-xs text-gray-400 mt-1&quot;[39m
            [36m&gt;[39m
              [0mUpdated: [0m
              [0m3:51:12 pm[0m
            [36m&lt;/div&gt;[39m
          [36m&lt;/div&gt;[39m
        [36m&lt;/div&gt;[39m
      [36m&lt;/div&gt;[39m
    [36m&lt;/div&gt;[39m
  [36m&lt;/div&gt;[39m
[36m&lt;/body&gt;[39m

Ignored nodes: comments, script, style
[36m&lt;html&gt;[39m
  [36m&lt;head /&gt;[39m
  [36m&lt;body&gt;[39m
    [36m&lt;div&gt;[39m
      [36m&lt;div&gt;[39m
        [36m&lt;div[39m
          [33mclass[39m=[32m&quot;rounded-lg border bg-card text-card-foreground shadow-sm&quot;[39m
        [36m&gt;[39m
          [36m&lt;div[39m
            [33mclass[39m=[32m&quot;flex flex-col space-y-1.5 p-6 pb-3&quot;[39m
          [36m&gt;[39m
            [36m&lt;div[39m
              [33mclass[39m=[32m&quot;flex items-center justify-between&quot;[39m
            [36m&gt;[39m
              [36m&lt;div[39m
                [33mclass[39m=[32m&quot;tracking-tight text-sm font-medium&quot;[39m
              [36m&gt;[39m
                [0mRate Limits[0m
              [36m&lt;/div&gt;[39m
              [36m&lt;div[39m
                [33mclass[39m=[32m&quot;inline-flex items-center rounded-full border px-2.5 py-0.5 font-semibold transition-colors focus:outline-none focus:ring-2 focus:ring-ring focus:ring-offset-2 hover:bg-primary/80 text-xs bg-green-100 text-green-800 border-green-200&quot;[39m
              [36m&gt;[39m
                [36m&lt;div[39m
                  [33mclass[39m=[32m&quot;flex items-center space-x-1&quot;[39m
                [36m&gt;[39m
                  [36m&lt;svg[39m
                    [33mclass[39m=[32m&quot;lucide lucide-circle-check-big h-4 w-4 text-green-500&quot;[39m
                    [33mfill[39m=[32m&quot;none&quot;[39m
                    [33mheight[39m=[32m&quot;24&quot;[39m
                    [33mstroke[39m=[32m&quot;currentColor&quot;[39m
                    [33mstroke-linecap[39m=[32m&quot;round&quot;[39m
                    [33mstroke-linejoin[39m=[32m&quot;round&quot;[39m
                    [33mstroke-width[39m=[32m&quot;2&quot;[39m
                    [33mviewBox[39m=[32m&quot;0 0 24 24&quot;[39m
                    [33mwidth[39m=[32m&quot;24&quot;[39m
                    [33mxmlns[39m=[32m&quot;http://www.w3.org/2000/svg&quot;[39m
                  [36m&gt;[39m
                    [36m&lt;path[39m
                      [33md[39m=[32m&quot;M21.801 10A10 10 0 1 1 17 3.335&quot;[39m
                    [36m/&gt;[39m
                    [36m&lt;path[39m
                      [33md[39m=[32m&quot;m9 11 3 3L22 4&quot;[39m
                    [36m/&gt;[39m
                  [36m&lt;/svg&gt;[39m
                  [36m&lt;span&gt;[39m
                    [0mhealthy[0m
                  [36m&lt;/span&gt;[39m
                [36m&lt;/div&gt;[39m
              [36m&lt;/div&gt;[39m
            [36m&lt;/div&gt;[39m
          [36m&lt;/div&gt;[39m
          [36m&lt;div[39m
            [33mclass[39m=[32m&quot;p-6 pt-0 space-y-4&quot;[39m
          [36m&gt;[39m
            [36m&lt;div[39m
              [33mclass[39m=[32m&quot;space-y-2&quot;[39m
            [36m&gt;[39m
              [36m&lt;div[39m
                [33mclass[39m=[32m&quot;flex items-center justify-between&quot;[39m
              [36m&gt;[39m
                [36m&lt;div[39m
                  [33mclass[39m=[32m&quot;flex items-center space-x-2&quot;[39m
                [36m&gt;[39m
                  [36m&lt;svg[39m
                    [33mclass[39m=[32m&quot;lucide lucide-zap h-3 w-3 text-blue-500&quot;[39m
                    [33mfill[39m=[32m&quot;none&quot;[39m
                    [33mheight[39m=[32m&quot;24&quot;[39m
                    [33mstroke[39m=[32m&quot;currentColor&quot;[39m
                    [33mstroke-linecap[39m=[32m&quot;round&quot;[39m
                    [33mstroke-linejoin[39m=[32m&quot;round&quot;[39m
                    [33mstroke-width[39m=[32m&quot;2&quot;[39m
                    [33mviewBox[39m=[32m&quot;0 0 24 24&quot;[39m
                    [33mwidth[39m=[32m&quot;24&quot;[39m
                    [33mxmlns[39m=[32m&quot;http://www.w3.org/2000/svg&quot;[39m
                  [36m&gt;[39m
                    [36m&lt;path[39m
                      [33md[39m=[32m&quot;M4 14a1 1 0 0 1-.78-1.63l9.9-10.2a.5.5 0 0 1 .86.46l-1.92 6.02A1 1 0 0 0 13 10h7a1 1 0 0 1 .78 1.63l-9.9 10.2a.5.5 0 0 1-.86-.46l1.92-6.02A1 1 0 0 0 11 14z&quot;[39m
                    [36m/&gt;[39m
                  [36m&lt;/svg&gt;[39m
                  [36m&lt;span[39m
                    [33mclass[39m=[32m&quot;text-xs font-medium&quot;[39m
                  [36m&gt;[39m
                    [0mFlash (2.5)[0m
                  [36m&lt;/span&gt;[39m
                [36m&lt;/div&gt;[39m
                [36m&lt;button[39m
                  [33mdata-state[39m=[32m&quot;closed&quot;[39m
                [36m&gt;[39m
                  [36m&lt;div[39m
                    [33mclass[39m=[32m&quot;inline-flex items-center rounded-full border px-2.5 py-0.5 font-semibold transition-colors focus:outline-none focus:ring-2 focus:ring-ring focus:ring-offset-2 text-foreground text-xs&quot;[39m
                  [36m&gt;[39m
                    [0m6[0m
                    [0m/[0m
                    [0m8[0m
                    [0m RPM[0m
                  [36m&lt;/div&gt;[39m
                [36m&lt;/button&gt;[39m
              [36m&lt;/div&gt;[39m
              [36m&lt;div[39m
                [33mclass[39m=[32m&quot;space-y-1&quot;[39m
              [36m&gt;[39m
                [36m&lt;div[39m
                  [33maria-valuemax[39m=[32m&quot;100&quot;[39m
                  [33maria-valuemin[39m=[32m&quot;0&quot;[39m
                  [33mclass[39m=[32m&quot;relative w-full overflow-hidden rounded-full bg-secondary h-2&quot;[39m
                  [33mdata-max[39m=[32m&quot;100&quot;[39m
                  [33mdata-state[39m=[32m&quot;indeterminate&quot;[39m
                  [33mrole[39m=[32m&quot;progressbar&quot;[39m
                [36m&gt;[39m
                  [36m&lt;div[39m
                    [33mclass[39m=[32m&quot;h-full w-full flex-1 transition-all bg-orange-500&quot;[39m
                    [33mdata-max[39m=[32m&quot;100&quot;[39m
                    [33mdata-state[39m=[32m&quot;indeterminate&quot;[39m
                    [33mstyle[39m=[32m&quot;transform: translateX(-20%);&quot;[39m
                  [36m/&gt;[39m
                [36m&lt;/div&gt;[39m
                [36m&lt;div[39m
                  [33mclass[39m=[32m&quot;flex justify-between text-xs text-gray-500&quot;[39m
                [36m&gt;[39m
                  [36m&lt;span&gt;[39m
                    [0mRPM: [0m
                    [0m80[0m
                    [0m%[0m
                  [36m&lt;/span&gt;[39m
                  [36m&lt;span&gt;[39m
                    [0mDaily: [0m
                    [0m25[0m
                    [0m%[0m
                  [36m&lt;/span&gt;[39m
                [36m&lt;/div&gt;[39m
              [36m&lt;/div&gt;[39m
            [36m&lt;/div&gt;[39m
            [36m&lt;div[39m
              [33mclass[39m=[32m&quot;space-y-2&quot;[39m
            [36m&gt;[39m
              [36m&lt;div[39m
                [33mclass[39m=[32m&quot;flex items-center justify-between&quot;[39m
              [36m&gt;[39m
                [36m&lt;div[39m
                  [33mclass[39m=[32m&quot;flex items-center space-x-2&quot;[39m
                [36m&gt;[39m
                  [36m&lt;svg[39m
                    [33mclass[39m=[32m&quot;lucide lucide-zap h-3 w-3 text-purple-500&quot;[39m
                    [33mfill[39m=[32m&quot;none&quot;[39m
                    [33mheight[39m=[32m&quot;24&quot;[39m
                    [33mstroke[39m=[32m&quot;currentColor&quot;[39m
                    [33mstroke-linecap[39m=[32m&quot;round&quot;[39m
                    [33mstroke-linejoin[39m=[32m&quot;round&quot;[39m
                    [33mstroke-width[39m=[32m&quot;2&quot;[39m
                    [33mviewBox[39m=[32m&quot;0 0 24 24&quot;[39m
                    [33mwidth[39m=[32m&quot;24&quot;[39m
                    [33mxmlns[39m=[32m&quot;http://www.w3.org/2000/svg&quot;[39m
                  [36m&gt;[39m
                    [36m&lt;path[39m
                      [33md[39m=[32m&quot;M4 14a1 1 0 0 1-.78-1.63l9.9-10.2a.5.5 0 0 1 .86.46l-1.92 6.02A1 1 0 0 0 13 10h7a1 1 0 0 1 .78 1.63l-9.9 10.2a.5.5 0 0 1-.86-.46l1.92-6.02A1 1 0 0 0 11 14z&quot;[39m
                    [36m/&gt;[39m
                  [36m&lt;/svg&gt;[39m
                  [36m&lt;span[39m
                    [33mclass[39m=[32m&quot;text-xs font-medium&quot;[39m
                  [36m&gt;[39m
                    [0mPro (2.5)[0m
                  [36m&lt;/span&gt;[39m
                [36m&lt;/div&gt;[39m
                [36m&lt;button[39m
                  [33mdata-state[39m=[32m&quot;closed&quot;[39m
                [36m&gt;[39m
                  [36m&lt;div[39m
                    [33mclass[39m=[32m&quot;inline-flex items-center rounded-full border px-2.5 py-0.5 font-semibold transition-colors focus:outline-none focus:ring-2 focus:ring-ring focus:ring-offset-2 text-foreground text-xs&quot;[39m
                  [36m&gt;[39m
                    [0m1[0m
                    [0m/[0m
                    [0m4[0m
                    [0m RPM[0m
                  [36m&lt;/div&gt;[39m
                [36m&lt;/button&gt;[39m
              [36m&lt;/div&gt;[39m
              [36m&lt;div[39m
                [33mclass[39m=[32m&quot;space-y-1&quot;[39m
              [36m&gt;[39m
                [36m&lt;div[39m
                  [33maria-valuemax[39m=[32m&quot;100&quot;[39m
                  [33maria-valuemin[39m=[32m&quot;0&quot;[39m
                  [33mclass[39m=[32m&quot;relative w-full overflow-hidden rounded-full bg-secondary h-2&quot;[39m
                  [33mdata-max[39m=[32m&quot;100&quot;[39m
                  [33mdata-state[39m=[32m&quot;indeterminate&quot;[39m
                  [33mrole[39m=[32m&quot;progressbar&quot;[39m
                [36m&gt;[39m
                  [36m&lt;div[39m
                    [33mclass[39m=[32m&quot;h-full w-full flex-1 transition-all bg-green-500&quot;[39m
                    [33mdata-max[39m=[32m&quot;100&quot;[39m
                    [33mdata-state[39m=[32m&quot;indeterminate&quot;[39m
                    [33mstyle[39m=[32m&quot;transform: translateX(-75%);&quot;[39m
                  [36m/&gt;[39m
                [36m&lt;/div&gt;[39m
                [36m&lt;div[39m
                  [33mclass[39m=[32m&quot;flex justify-between text-xs text-gray-500&quot;[39m
                [36m&gt;[39m
                  [36m&lt;span&gt;[39m
                    [0mRPM: [0m
                    [0m25[0m
                    [0m%[0m
                  [36m&lt;/span&gt;[39m
                  [36m&lt;span&gt;[39m
                    [0mDaily: [0m
                    [0m25[0m
                    [0m%[0m
                  [36m&lt;/span&gt;[39m
                [36m&lt;/div&gt;[39m
              [36m&lt;/div&gt;[39m
            [36m&lt;/div&gt;[39m
            [36m&lt;div[39m
              [33mclass[39m=[32m&quot;pt-2 border-t&quot;[39m
            [36m&gt;[39m
              [36m&lt;div[39m
                [33mclass[39m=[32m&quot;flex justify-between text-xs text-gray-500&quot;[39m
              [36m&gt;[39m
                [36m&lt;span&gt;[39m
                  [0mTotal Today: [0m
                  [0m250[0m
                [36m&lt;/span&gt;[39m
                [36m&lt;span&gt;[39m
                  [0mUptime: [0m
                  [0m100[0m
                  [0m%[0m
                [36m&lt;/span&gt;[39m
              [36m&lt;/div&gt;[39m
              [36m&lt;div[39m
                [33mclass[39m=[32m&quot;text-xs text-gray-400 mt-1&quot;[39m
              [36m&gt;[39m
                [0mUpdated: [0m
                [0m3:51:12 pm[0m
              [36m&lt;/div&gt;[39m
            [36m&lt;/div&gt;[39m
          [36m&lt;/div&gt;[39m
        [36m&lt;/div&gt;[39m
      [36m&lt;/div&gt;[39m
    [36m&lt;/div&gt;[39m
  [36m&lt;/body&gt;[39m
[36m&lt;/html&gt;[39m" type="TestingLibraryElementError">
TestingLibraryElementError: Unable to find an element with the text: 5m 0s. This could be because the text is broken up by multiple elements. In this case, you can provide a function for your text matcher to make your matcher more flexible.

Ignored nodes: comments, script, style
&lt;body&gt;
  &lt;div&gt;
    &lt;div&gt;
      &lt;div
        class=&quot;rounded-lg border bg-card text-card-foreground shadow-sm&quot;
      &gt;
        &lt;div
          class=&quot;flex flex-col space-y-1.5 p-6 pb-3&quot;
        &gt;
          &lt;div
            class=&quot;flex items-center justify-between&quot;
          &gt;
            &lt;div
              class=&quot;tracking-tight text-sm font-medium&quot;
            &gt;
              Rate Limits
            &lt;/div&gt;
            &lt;div
              class=&quot;inline-flex items-center rounded-full border px-2.5 py-0.5 font-semibold transition-colors focus:outline-none focus:ring-2 focus:ring-ring focus:ring-offset-2 hover:bg-primary/80 text-xs bg-green-100 text-green-800 border-green-200&quot;
            &gt;
              &lt;div
                class=&quot;flex items-center space-x-1&quot;
              &gt;
                &lt;svg
                  class=&quot;lucide lucide-circle-check-big h-4 w-4 text-green-500&quot;
                  fill=&quot;none&quot;
                  height=&quot;24&quot;
                  stroke=&quot;currentColor&quot;
                  stroke-linecap=&quot;round&quot;
                  stroke-linejoin=&quot;round&quot;
                  stroke-width=&quot;2&quot;
                  viewBox=&quot;0 0 24 24&quot;
                  width=&quot;24&quot;
                  xmlns=&quot;http://www.w3.org/2000/svg&quot;
                &gt;
                  &lt;path
                    d=&quot;M21.801 10A10 10 0 1 1 17 3.335&quot;
                  /&gt;
                  &lt;path
                    d=&quot;m9 11 3 3L22 4&quot;
                  /&gt;
                &lt;/svg&gt;
                &lt;span&gt;
                  healthy
                &lt;/span&gt;
              &lt;/div&gt;
            &lt;/div&gt;
          &lt;/div&gt;
        &lt;/div&gt;
        &lt;div
          class=&quot;p-6 pt-0 space-y-4&quot;
        &gt;
          &lt;div
            class=&quot;space-y-2&quot;
          &gt;
            &lt;div
              class=&quot;flex items-center justify-between&quot;
            &gt;
              &lt;div
                class=&quot;flex items-center space-x-2&quot;
              &gt;
                &lt;svg
                  class=&quot;lucide lucide-zap h-3 w-3 text-blue-500&quot;
                  fill=&quot;none&quot;
                  height=&quot;24&quot;
                  stroke=&quot;currentColor&quot;
                  stroke-linecap=&quot;round&quot;
                  stroke-linejoin=&quot;round&quot;
                  stroke-width=&quot;2&quot;
                  viewBox=&quot;0 0 24 24&quot;
                  width=&quot;24&quot;
                  xmlns=&quot;http://www.w3.org/2000/svg&quot;
                &gt;
                  &lt;path
                    d=&quot;M4 14a1 1 0 0 1-.78-1.63l9.9-10.2a.5.5 0 0 1 .86.46l-1.92 6.02A1 1 0 0 0 13 10h7a1 1 0 0 1 .78 1.63l-9.9 10.2a.5.5 0 0 1-.86-.46l1.92-6.02A1 1 0 0 0 11 14z&quot;
                  /&gt;
                &lt;/svg&gt;
                &lt;span
                  class=&quot;text-xs font-medium&quot;
                &gt;
                  Flash (2.5)
                &lt;/span&gt;
              &lt;/div&gt;
              &lt;button
                data-state=&quot;closed&quot;
              &gt;
                &lt;div
                  class=&quot;inline-flex items-center rounded-full border px-2.5 py-0.5 font-semibold transition-colors focus:outline-none focus:ring-2 focus:ring-ring focus:ring-offset-2 text-foreground text-xs&quot;
                &gt;
                  6
                  /
                  8
                   RPM
                &lt;/div&gt;
              &lt;/button&gt;
            &lt;/div&gt;
            &lt;div
              class=&quot;space-y-1&quot;
            &gt;
              &lt;div
                aria-valuemax=&quot;100&quot;
                aria-valuemin=&quot;0&quot;
                class=&quot;relative w-full overflow-hidden rounded-full bg-secondary h-2&quot;
                data-max=&quot;100&quot;
                data-state=&quot;indeterminate&quot;
                role=&quot;progressbar&quot;
              &gt;
                &lt;div
                  class=&quot;h-full w-full flex-1 transition-all bg-orange-500&quot;
                  data-max=&quot;100&quot;
                  data-state=&quot;indeterminate&quot;
                  style=&quot;transform: translateX(-20%);&quot;
                /&gt;
              &lt;/div&gt;
              &lt;div
                class=&quot;flex justify-between text-xs text-gray-500&quot;
              &gt;
                &lt;span&gt;
                  RPM: 
                  80
                  %
                &lt;/span&gt;
                &lt;span&gt;
                  Daily: 
                  25
                  %
                &lt;/span&gt;
              &lt;/div&gt;
            &lt;/div&gt;
          &lt;/div&gt;
          &lt;div
            class=&quot;space-y-2&quot;
          &gt;
            &lt;div
              class=&quot;flex items-center justify-between&quot;
            &gt;
              &lt;div
                class=&quot;flex items-center space-x-2&quot;
              &gt;
                &lt;svg
                  class=&quot;lucide lucide-zap h-3 w-3 text-purple-500&quot;
                  fill=&quot;none&quot;
                  height=&quot;24&quot;
                  stroke=&quot;currentColor&quot;
                  stroke-linecap=&quot;round&quot;
                  stroke-linejoin=&quot;round&quot;
                  stroke-width=&quot;2&quot;
                  viewBox=&quot;0 0 24 24&quot;
                  width=&quot;24&quot;
                  xmlns=&quot;http://www.w3.org/2000/svg&quot;
                &gt;
                  &lt;path
                    d=&quot;M4 14a1 1 0 0 1-.78-1.63l9.9-10.2a.5.5 0 0 1 .86.46l-1.92 6.02A1 1 0 0 0 13 10h7a1 1 0 0 1 .78 1.63l-9.9 10.2a.5.5 0 0 1-.86-.46l1.92-6.02A1 1 0 0 0 11 14z&quot;
                  /&gt;
                &lt;/svg&gt;
                &lt;span
                  class=&quot;text-xs font-medium&quot;
                &gt;
                  Pro (2.5)
                &lt;/span&gt;
              &lt;/div&gt;
              &lt;button
                data-state=&quot;closed&quot;
              &gt;
                &lt;div
                  class=&quot;inline-flex items-center rounded-full border px-2.5 py-0.5 font-semibold transition-colors focus:outline-none focus:ring-2 focus:ring-ring focus:ring-offset-2 text-foreground text-xs&quot;
                &gt;
                  1
                  /
                  4
                   RPM
                &lt;/div&gt;
              &lt;/button&gt;
            &lt;/div&gt;
            &lt;div
              class=&quot;space-y-1&quot;
            &gt;
              &lt;div
                aria-valuemax=&quot;100&quot;
                aria-valuemin=&quot;0&quot;
                class=&quot;relative w-full overflow-hidden rounded-full bg-secondary h-2&quot;
                data-max=&quot;100&quot;
                data-state=&quot;indeterminate&quot;
                role=&quot;progressbar&quot;
              &gt;
                &lt;div
                  class=&quot;h-full w-full flex-1 transition-all bg-green-500&quot;
                  data-max=&quot;100&quot;
                  data-state=&quot;indeterminate&quot;
                  style=&quot;transform: translateX(-75%);&quot;
                /&gt;
              &lt;/div&gt;
              &lt;div
                class=&quot;flex justify-between text-xs text-gray-500&quot;
              &gt;
                &lt;span&gt;
                  RPM: 
                  25
                  %
                &lt;/span&gt;
                &lt;span&gt;
                  Daily: 
                  25
                  %
                &lt;/span&gt;
              &lt;/div&gt;
            &lt;/div&gt;
          &lt;/div&gt;
          &lt;div
            class=&quot;pt-2 border-t&quot;
          &gt;
            &lt;div
              class=&quot;flex justify-between text-xs text-gray-500&quot;
            &gt;
              &lt;span&gt;
                Total Today: 
                250
              &lt;/span&gt;
              &lt;span&gt;
                Uptime: 
                100
                %
              &lt;/span&gt;
            &lt;/div&gt;
            &lt;div
              class=&quot;text-xs text-gray-400 mt-1&quot;
            &gt;
              Updated: 
              3:51:12 pm
            &lt;/div&gt;
          &lt;/div&gt;
        &lt;/div&gt;
      &lt;/div&gt;
    &lt;/div&gt;
  &lt;/div&gt;
&lt;/body&gt;

Ignored nodes: comments, script, style
&lt;html&gt;
  &lt;head /&gt;
  &lt;body&gt;
    &lt;div&gt;
      &lt;div&gt;
        &lt;div
          class=&quot;rounded-lg border bg-card text-card-foreground shadow-sm&quot;
        &gt;
          &lt;div
            class=&quot;flex flex-col space-y-1.5 p-6 pb-3&quot;
          &gt;
            &lt;div
              class=&quot;flex items-center justify-between&quot;
            &gt;
              &lt;div
                class=&quot;tracking-tight text-sm font-medium&quot;
              &gt;
                Rate Limits
              &lt;/div&gt;
              &lt;div
                class=&quot;inline-flex items-center rounded-full border px-2.5 py-0.5 font-semibold transition-colors focus:outline-none focus:ring-2 focus:ring-ring focus:ring-offset-2 hover:bg-primary/80 text-xs bg-green-100 text-green-800 border-green-200&quot;
              &gt;
                &lt;div
                  class=&quot;flex items-center space-x-1&quot;
                &gt;
                  &lt;svg
                    class=&quot;lucide lucide-circle-check-big h-4 w-4 text-green-500&quot;
                    fill=&quot;none&quot;
                    height=&quot;24&quot;
                    stroke=&quot;currentColor&quot;
                    stroke-linecap=&quot;round&quot;
                    stroke-linejoin=&quot;round&quot;
                    stroke-width=&quot;2&quot;
                    viewBox=&quot;0 0 24 24&quot;
                    width=&quot;24&quot;
                    xmlns=&quot;http://www.w3.org/2000/svg&quot;
                  &gt;
                    &lt;path
                      d=&quot;M21.801 10A10 10 0 1 1 17 3.335&quot;
                    /&gt;
                    &lt;path
                      d=&quot;m9 11 3 3L22 4&quot;
                    /&gt;
                  &lt;/svg&gt;
                  &lt;span&gt;
                    healthy
                  &lt;/span&gt;
                &lt;/div&gt;
              &lt;/div&gt;
            &lt;/div&gt;
          &lt;/div&gt;
          &lt;div
            class=&quot;p-6 pt-0 space-y-4&quot;
          &gt;
            &lt;div
              class=&quot;space-y-2&quot;
            &gt;
              &lt;div
                class=&quot;flex items-center justify-between&quot;
              &gt;
                &lt;div
                  class=&quot;flex items-center space-x-2&quot;
                &gt;
                  &lt;svg
                    class=&quot;lucide lucide-zap h-3 w-3 text-blue-500&quot;
                    fill=&quot;none&quot;
                    height=&quot;24&quot;
                    stroke=&quot;currentColor&quot;
                    stroke-linecap=&quot;round&quot;
                    stroke-linejoin=&quot;round&quot;
                    stroke-width=&quot;2&quot;
                    viewBox=&quot;0 0 24 24&quot;
                    width=&quot;24&quot;
                    xmlns=&quot;http://www.w3.org/2000/svg&quot;
                  &gt;
                    &lt;path
                      d=&quot;M4 14a1 1 0 0 1-.78-1.63l9.9-10.2a.5.5 0 0 1 .86.46l-1.92 6.02A1 1 0 0 0 13 10h7a1 1 0 0 1 .78 1.63l-9.9 10.2a.5.5 0 0 1-.86-.46l1.92-6.02A1 1 0 0 0 11 14z&quot;
                    /&gt;
                  &lt;/svg&gt;
                  &lt;span
                    class=&quot;text-xs font-medium&quot;
                  &gt;
                    Flash (2.5)
                  &lt;/span&gt;
                &lt;/div&gt;
                &lt;button
                  data-state=&quot;closed&quot;
                &gt;
                  &lt;div
                    class=&quot;inline-flex items-center rounded-full border px-2.5 py-0.5 font-semibold transition-colors focus:outline-none focus:ring-2 focus:ring-ring focus:ring-offset-2 text-foreground text-xs&quot;
                  &gt;
                    6
                    /
                    8
                     RPM
                  &lt;/div&gt;
                &lt;/button&gt;
              &lt;/div&gt;
              &lt;div
                class=&quot;space-y-1&quot;
              &gt;
                &lt;div
                  aria-valuemax=&quot;100&quot;
                  aria-valuemin=&quot;0&quot;
                  class=&quot;relative w-full overflow-hidden rounded-full bg-secondary h-2&quot;
                  data-max=&quot;100&quot;
                  data-state=&quot;indeterminate&quot;
                  role=&quot;progressbar&quot;
                &gt;
                  &lt;div
                    class=&quot;h-full w-full flex-1 transition-all bg-orange-500&quot;
                    data-max=&quot;100&quot;
                    data-state=&quot;indeterminate&quot;
                    style=&quot;transform: translateX(-20%);&quot;
                  /&gt;
                &lt;/div&gt;
                &lt;div
                  class=&quot;flex justify-between text-xs text-gray-500&quot;
                &gt;
                  &lt;span&gt;
                    RPM: 
                    80
                    %
                  &lt;/span&gt;
                  &lt;span&gt;
                    Daily: 
                    25
                    %
                  &lt;/span&gt;
                &lt;/div&gt;
              &lt;/div&gt;
            &lt;/div&gt;
            &lt;div
              class=&quot;space-y-2&quot;
            &gt;
              &lt;div
                class=&quot;flex items-center justify-between&quot;
              &gt;
                &lt;div
                  class=&quot;flex items-center space-x-2&quot;
                &gt;
                  &lt;svg
                    class=&quot;lucide lucide-zap h-3 w-3 text-purple-500&quot;
                    fill=&quot;none&quot;
                    height=&quot;24&quot;
                    stroke=&quot;currentColor&quot;
                    stroke-linecap=&quot;round&quot;
                    stroke-linejoin=&quot;round&quot;
                    stroke-width=&quot;2&quot;
                    viewBox=&quot;0 0 24 24&quot;
                    width=&quot;24&quot;
                    xmlns=&quot;http://www.w3.org/2000/svg&quot;
                  &gt;
                    &lt;path
                      d=&quot;M4 14a1 1 0 0 1-.78-1.63l9.9-10.2a.5.5 0 0 1 .86.46l-1.92 6.02A1 1 0 0 0 13 10h7a1 1 0 0 1 .78 1.63l-9.9 10.2a.5.5 0 0 1-.86-.46l1.92-6.02A1 1 0 0 0 11 14z&quot;
                    /&gt;
                  &lt;/svg&gt;
                  &lt;span
                    class=&quot;text-xs font-medium&quot;
                  &gt;
                    Pro (2.5)
                  &lt;/span&gt;
                &lt;/div&gt;
                &lt;button
                  data-state=&quot;closed&quot;
                &gt;
                  &lt;div
                    class=&quot;inline-flex items-center rounded-full border px-2.5 py-0.5 font-semibold transition-colors focus:outline-none focus:ring-2 focus:ring-ring focus:ring-offset-2 text-foreground text-xs&quot;
                  &gt;
                    1
                    /
                    4
                     RPM
                  &lt;/div&gt;
                &lt;/button&gt;
              &lt;/div&gt;
              &lt;div
                class=&quot;space-y-1&quot;
              &gt;
                &lt;div
                  aria-valuemax=&quot;100&quot;
                  aria-valuemin=&quot;0&quot;
                  class=&quot;relative w-full overflow-hidden rounded-full bg-secondary h-2&quot;
                  data-max=&quot;100&quot;
                  data-state=&quot;indeterminate&quot;
                  role=&quot;progressbar&quot;
                &gt;
                  &lt;div
                    class=&quot;h-full w-full flex-1 transition-all bg-green-500&quot;
                    data-max=&quot;100&quot;
                    data-state=&quot;indeterminate&quot;
                    style=&quot;transform: translateX(-75%);&quot;
                  /&gt;
                &lt;/div&gt;
                &lt;div
                  class=&quot;flex justify-between text-xs text-gray-500&quot;
                &gt;
                  &lt;span&gt;
                    RPM: 
                    25
                    %
                  &lt;/span&gt;
                  &lt;span&gt;
                    Daily: 
                    25
                    %
                  &lt;/span&gt;
                &lt;/div&gt;
              &lt;/div&gt;
            &lt;/div&gt;
            &lt;div
              class=&quot;pt-2 border-t&quot;
            &gt;
              &lt;div
                class=&quot;flex justify-between text-xs text-gray-500&quot;
              &gt;
                &lt;span&gt;
                  Total Today: 
                  250
                &lt;/span&gt;
                &lt;span&gt;
                  Uptime: 
                  100
                  %
                &lt;/span&gt;
              &lt;/div&gt;
              &lt;div
                class=&quot;text-xs text-gray-400 mt-1&quot;
              &gt;
                Updated: 
                3:51:12 pm
              &lt;/div&gt;
            &lt;/div&gt;
          &lt;/div&gt;
        &lt;/div&gt;
      &lt;/div&gt;
    &lt;/div&gt;
  &lt;/body&gt;
&lt;/html&gt;
 ❯ Proxy.waitForWrapper node_modules/@testing-library/dom/dist/wait-for.js:163:27
 ❯ tests/integration/rate-limiting/rateLimitingIntegration.test.tsx:315:11
            </failure>
        </testcase>
        <testcase classname="tests/integration/rate-limiting/rateLimitingIntegration.test.tsx" name="Rate Limiting Integration Tests &gt; handles circuit breaker states correctly" time="0.013398542">
        </testcase>
        <testcase classname="tests/integration/rate-limiting/rateLimitingIntegration.test.tsx" name="Rate Limiting Integration Tests &gt; respects different thresholds for different components" time="1.004015375">
            <failure message="Unable to find an element with the text: Warning: Approaching rate limits. This could be because the text is broken up by multiple elements. In this case, you can provide a function for your text matcher to make your matcher more flexible.

Ignored nodes: comments, script, style
[36m&lt;body&gt;[39m
  [36m&lt;div&gt;[39m
    [36m&lt;div&gt;[39m
      [36m&lt;div[39m
        [33mclass[39m=[32m&quot;rounded-lg border bg-card text-card-foreground shadow-sm&quot;[39m
      [36m&gt;[39m
        [36m&lt;div[39m
          [33mclass[39m=[32m&quot;flex flex-col space-y-1.5 p-6 pb-3&quot;[39m
        [36m&gt;[39m
          [36m&lt;div[39m
            [33mclass[39m=[32m&quot;flex items-center justify-between&quot;[39m
          [36m&gt;[39m
            [36m&lt;div[39m
              [33mclass[39m=[32m&quot;tracking-tight text-sm font-medium&quot;[39m
            [36m&gt;[39m
              [0mRate Limits[0m
            [36m&lt;/div&gt;[39m
            [36m&lt;div[39m
              [33mclass[39m=[32m&quot;inline-flex items-center rounded-full border px-2.5 py-0.5 font-semibold transition-colors focus:outline-none focus:ring-2 focus:ring-ring focus:ring-offset-2 hover:bg-primary/80 text-xs bg-green-100 text-green-800 border-green-200&quot;[39m
            [36m&gt;[39m
              [36m&lt;div[39m
                [33mclass[39m=[32m&quot;flex items-center space-x-1&quot;[39m
              [36m&gt;[39m
                [36m&lt;svg[39m
                  [33mclass[39m=[32m&quot;lucide lucide-circle-check-big h-4 w-4 text-green-500&quot;[39m
                  [33mfill[39m=[32m&quot;none&quot;[39m
                  [33mheight[39m=[32m&quot;24&quot;[39m
                  [33mstroke[39m=[32m&quot;currentColor&quot;[39m
                  [33mstroke-linecap[39m=[32m&quot;round&quot;[39m
                  [33mstroke-linejoin[39m=[32m&quot;round&quot;[39m
                  [33mstroke-width[39m=[32m&quot;2&quot;[39m
                  [33mviewBox[39m=[32m&quot;0 0 24 24&quot;[39m
                  [33mwidth[39m=[32m&quot;24&quot;[39m
                  [33mxmlns[39m=[32m&quot;http://www.w3.org/2000/svg&quot;[39m
                [36m&gt;[39m
                  [36m&lt;path[39m
                    [33md[39m=[32m&quot;M21.801 10A10 10 0 1 1 17 3.335&quot;[39m
                  [36m/&gt;[39m
                  [36m&lt;path[39m
                    [33md[39m=[32m&quot;m9 11 3 3L22 4&quot;[39m
                  [36m/&gt;[39m
                [36m&lt;/svg&gt;[39m
                [36m&lt;span&gt;[39m
                  [0mhealthy[0m
                [36m&lt;/span&gt;[39m
              [36m&lt;/div&gt;[39m
            [36m&lt;/div&gt;[39m
          [36m&lt;/div&gt;[39m
        [36m&lt;/div&gt;[39m
        [36m&lt;div[39m
          [33mclass[39m=[32m&quot;p-6 pt-0 space-y-4&quot;[39m
        [36m&gt;[39m
          [36m&lt;div[39m
            [33mclass[39m=[32m&quot;space-y-2&quot;[39m
          [36m&gt;[39m
            [36m&lt;div[39m
              [33mclass[39m=[32m&quot;flex items-center justify-between&quot;[39m
            [36m&gt;[39m
              [36m&lt;div[39m
                [33mclass[39m=[32m&quot;flex items-center space-x-2&quot;[39m
              [36m&gt;[39m
                [36m&lt;svg[39m
                  [33mclass[39m=[32m&quot;lucide lucide-zap h-3 w-3 text-blue-500&quot;[39m
                  [33mfill[39m=[32m&quot;none&quot;[39m
                  [33mheight[39m=[32m&quot;24&quot;[39m
                  [33mstroke[39m=[32m&quot;currentColor&quot;[39m
                  [33mstroke-linecap[39m=[32m&quot;round&quot;[39m
                  [33mstroke-linejoin[39m=[32m&quot;round&quot;[39m
                  [33mstroke-width[39m=[32m&quot;2&quot;[39m
                  [33mviewBox[39m=[32m&quot;0 0 24 24&quot;[39m
                  [33mwidth[39m=[32m&quot;24&quot;[39m
                  [33mxmlns[39m=[32m&quot;http://www.w3.org/2000/svg&quot;[39m
                [36m&gt;[39m
                  [36m&lt;path[39m
                    [33md[39m=[32m&quot;M4 14a1 1 0 0 1-.78-1.63l9.9-10.2a.5.5 0 0 1 .86.46l-1.92 6.02A1 1 0 0 0 13 10h7a1 1 0 0 1 .78 1.63l-9.9 10.2a.5.5 0 0 1-.86-.46l1.92-6.02A1 1 0 0 0 11 14z&quot;[39m
                  [36m/&gt;[39m
                [36m&lt;/svg&gt;[39m
                [36m&lt;span[39m
                  [33mclass[39m=[32m&quot;text-xs font-medium&quot;[39m
                [36m&gt;[39m
                  [0mFlash (2.5)[0m
                [36m&lt;/span&gt;[39m
              [36m&lt;/div&gt;[39m
              [36m&lt;button[39m
                [33mdata-state[39m=[32m&quot;closed&quot;[39m
              [36m&gt;[39m
                [36m&lt;div[39m
                  [33mclass[39m=[32m&quot;inline-flex items-center rounded-full border px-2.5 py-0.5 font-semibold transition-colors focus:outline-none focus:ring-2 focus:ring-ring focus:ring-offset-2 text-foreground text-xs&quot;[39m
                [36m&gt;[39m
                  [0m4[0m
                  [0m/[0m
                  [0m8[0m
                  [0m RPM[0m
                [36m&lt;/div&gt;[39m
              [36m&lt;/button&gt;[39m
            [36m&lt;/div&gt;[39m
            [36m&lt;div[39m
              [33mclass[39m=[32m&quot;space-y-1&quot;[39m
            [36m&gt;[39m
              [36m&lt;div[39m
                [33maria-valuemax[39m=[32m&quot;100&quot;[39m
                [33maria-valuemin[39m=[32m&quot;0&quot;[39m
                [33mclass[39m=[32m&quot;relative w-full overflow-hidden rounded-full bg-secondary h-2&quot;[39m
                [33mdata-max[39m=[32m&quot;100&quot;[39m
                [33mdata-state[39m=[32m&quot;indeterminate&quot;[39m
                [33mrole[39m=[32m&quot;progressbar&quot;[39m
              [36m&gt;[39m
                [36m&lt;div[39m
                  [33mclass[39m=[32m&quot;h-full w-full flex-1 transition-all bg-yellow-500&quot;[39m
                  [33mdata-max[39m=[32m&quot;100&quot;[39m
                  [33mdata-state[39m=[32m&quot;indeterminate&quot;[39m
                  [33mstyle[39m=[32m&quot;transform: translateX(-40%);&quot;[39m
                [36m/&gt;[39m
              [36m&lt;/div&gt;[39m
              [36m&lt;div[39m
                [33mclass[39m=[32m&quot;flex justify-between text-xs text-gray-500&quot;[39m
              [36m&gt;[39m
                [36m&lt;span&gt;[39m
                  [0mRPM: [0m
                  [0m60[0m
                  [0m%[0m
                [36m&lt;/span&gt;[39m
                [36m&lt;span&gt;[39m
                  [0mDaily: [0m
                  [0m25[0m
                  [0m%[0m
                [36m&lt;/span&gt;[39m
              [36m&lt;/div&gt;[39m
            [36m&lt;/div&gt;[39m
          [36m&lt;/div&gt;[39m
          [36m&lt;div[39m
            [33mclass[39m=[32m&quot;space-y-2&quot;[39m
          [36m&gt;[39m
            [36m&lt;div[39m
              [33mclass[39m=[32m&quot;flex items-center justify-between&quot;[39m
            [36m&gt;[39m
              [36m&lt;div[39m
                [33mclass[39m=[32m&quot;flex items-center space-x-2&quot;[39m
              [36m&gt;[39m
                [36m&lt;svg[39m
                  [33mclass[39m=[32m&quot;lucide lucide-zap h-3 w-3 text-purple-500&quot;[39m
                  [33mfill[39m=[32m&quot;none&quot;[39m
                  [33mheight[39m=[32m&quot;24&quot;[39m
                  [33mstroke[39m=[32m&quot;currentColor&quot;[39m
                  [33mstroke-linecap[39m=[32m&quot;round&quot;[39m
                  [33mstroke-linejoin[39m=[32m&quot;round&quot;[39m
                  [33mstroke-width[39m=[32m&quot;2&quot;[39m
                  [33mviewBox[39m=[32m&quot;0 0 24 24&quot;[39m
                  [33mwidth[39m=[32m&quot;24&quot;[39m
                  [33mxmlns[39m=[32m&quot;http://www.w3.org/2000/svg&quot;[39m
                [36m&gt;[39m
                  [36m&lt;path[39m
                    [33md[39m=[32m&quot;M4 14a1 1 0 0 1-.78-1.63l9.9-10.2a.5.5 0 0 1 .86.46l-1.92 6.02A1 1 0 0 0 13 10h7a1 1 0 0 1 .78 1.63l-9.9 10.2a.5.5 0 0 1-.86-.46l1.92-6.02A1 1 0 0 0 11 14z&quot;[39m
                  [36m/&gt;[39m
                [36m&lt;/svg&gt;[39m
                [36m&lt;span[39m
                  [33mclass[39m=[32m&quot;text-xs font-medium&quot;[39m
                [36m&gt;[39m
                  [0mPro (2.5)[0m
                [36m&lt;/span&gt;[39m
              [36m&lt;/div&gt;[39m
              [36m&lt;button[39m
                [33mdata-state[39m=[32m&quot;closed&quot;[39m
              [36m&gt;[39m
                [36m&lt;div[39m
                  [33mclass[39m=[32m&quot;inline-flex items-center rounded-full border px-2.5 py-0.5 font-semibold transition-colors focus:outline-none focus:ring-2 focus:ring-ring focus:ring-offset-2 text-foreground text-xs&quot;[39m
                [36m&gt;[39m
                  [0m1[0m
                  [0m/[0m
                  [0m4[0m
                  [0m RPM[0m
                [36m&lt;/div&gt;[39m
              [36m&lt;/button&gt;[39m
            [36m&lt;/div&gt;[39m
            [36m&lt;div[39m
              [33mclass[39m=[32m&quot;space-y-1&quot;[39m
            [36m&gt;[39m
              [36m&lt;div[39m
                [33maria-valuemax[39m=[32m&quot;100&quot;[39m
                [33maria-valuemin[39m=[32m&quot;0&quot;[39m
                [33mclass[39m=[32m&quot;relative w-full overflow-hidden rounded-full bg-secondary h-2&quot;[39m
                [33mdata-max[39m=[32m&quot;100&quot;[39m
                [33mdata-state[39m=[32m&quot;indeterminate&quot;[39m
                [33mrole[39m=[32m&quot;progressbar&quot;[39m
              [36m&gt;[39m
                [36m&lt;div[39m
                  [33mclass[39m=[32m&quot;h-full w-full flex-1 transition-all bg-green-500&quot;[39m
                  [33mdata-max[39m=[32m&quot;100&quot;[39m
                  [33mdata-state[39m=[32m&quot;indeterminate&quot;[39m
                  [33mstyle[39m=[32m&quot;transform: translateX(-75%);&quot;[39m
                [36m/&gt;[39m
              [36m&lt;/div&gt;[39m
              [36m&lt;div[39m
                [33mclass[39m=[32m&quot;flex justify-between text-xs text-gray-500&quot;[39m
              [36m&gt;[39m
                [36m&lt;span&gt;[39m
                  [0mRPM: [0m
                  [0m25[0m
                  [0m%[0m
                [36m&lt;/span&gt;[39m
                [36m&lt;span&gt;[39m
                  [0mDaily: [0m
                  [0m25[0m
                  [0m%[0m
                [36m&lt;/span&gt;[39m
              [36m&lt;/div&gt;[39m
            [36m&lt;/div&gt;[39m
          [36m&lt;/div&gt;[39m
          [36m&lt;div[39m
            [33mclass[39m=[32m&quot;pt-2 border-t&quot;[39m
          [36m&gt;[39m
            [36m&lt;div[39m
              [33mclass[39m=[32m&quot;flex justify-between text-xs text-gray-500&quot;[39m
            [36m&gt;[39m
              [36m&lt;span&gt;[39m
                [0mTotal Today: [0m
                [0m250[0m
              [36m&lt;/span&gt;[39m
              [36m&lt;span&gt;[39m
                [0mUptime: [0m
                [0m100[0m
                [0m%[0m
              [36m&lt;/span&gt;[39m
            [36m&lt;/div&gt;[39m
            [36m&lt;div[39m
              [33mclass[39m=[32m&quot;text-xs text-gray-400 mt-1&quot;[39m
            [36m&gt;[39m
              [0mUpdated: [0m
              [0m3:51:13 pm[0m
            [36m&lt;/div&gt;[39m
          [36m&lt;/div&gt;[39m
        [36m&lt;/div&gt;[39m
      [36m&lt;/div&gt;[39m
    [36m&lt;/div&gt;[39m
  [36m&lt;/div&gt;[39m
[36m&lt;/body&gt;[39m

Ignored nodes: comments, script, style
[36m&lt;html&gt;[39m
  [36m&lt;head /&gt;[39m
  [36m&lt;body&gt;[39m
    [36m&lt;div&gt;[39m
      [36m&lt;div&gt;[39m
        [36m&lt;div[39m
          [33mclass[39m=[32m&quot;rounded-lg border bg-card text-card-foreground shadow-sm&quot;[39m
        [36m&gt;[39m
          [36m&lt;div[39m
            [33mclass[39m=[32m&quot;flex flex-col space-y-1.5 p-6 pb-3&quot;[39m
          [36m&gt;[39m
            [36m&lt;div[39m
              [33mclass[39m=[32m&quot;flex items-center justify-between&quot;[39m
            [36m&gt;[39m
              [36m&lt;div[39m
                [33mclass[39m=[32m&quot;tracking-tight text-sm font-medium&quot;[39m
              [36m&gt;[39m
                [0mRate Limits[0m
              [36m&lt;/div&gt;[39m
              [36m&lt;div[39m
                [33mclass[39m=[32m&quot;inline-flex items-center rounded-full border px-2.5 py-0.5 font-semibold transition-colors focus:outline-none focus:ring-2 focus:ring-ring focus:ring-offset-2 hover:bg-primary/80 text-xs bg-green-100 text-green-800 border-green-200&quot;[39m
              [36m&gt;[39m
                [36m&lt;div[39m
                  [33mclass[39m=[32m&quot;flex items-center space-x-1&quot;[39m
                [36m&gt;[39m
                  [36m&lt;svg[39m
                    [33mclass[39m=[32m&quot;lucide lucide-circle-check-big h-4 w-4 text-green-500&quot;[39m
                    [33mfill[39m=[32m&quot;none&quot;[39m
                    [33mheight[39m=[32m&quot;24&quot;[39m
                    [33mstroke[39m=[32m&quot;currentColor&quot;[39m
                    [33mstroke-linecap[39m=[32m&quot;round&quot;[39m
                    [33mstroke-linejoin[39m=[32m&quot;round&quot;[39m
                    [33mstroke-width[39m=[32m&quot;2&quot;[39m
                    [33mviewBox[39m=[32m&quot;0 0 24 24&quot;[39m
                    [33mwidth[39m=[32m&quot;24&quot;[39m
                    [33mxmlns[39m=[32m&quot;http://www.w3.org/2000/svg&quot;[39m
                  [36m&gt;[39m
                    [36m&lt;path[39m
                      [33md[39m=[32m&quot;M21.801 10A10 10 0 1 1 17 3.335&quot;[39m
                    [36m/&gt;[39m
                    [36m&lt;path[39m
                      [33md[39m=[32m&quot;m9 11 3 3L22 4&quot;[39m
                    [36m/&gt;[39m
                  [36m&lt;/svg&gt;[39m
                  [36m&lt;span&gt;[39m
                    [0mhealthy[0m
                  [36m&lt;/span&gt;[39m
                [36m&lt;/div&gt;[39m
              [36m&lt;/div&gt;[39m
            [36m&lt;/div&gt;[39m
          [36m&lt;/div&gt;[39m
          [36m&lt;div[39m
            [33mclass[39m=[32m&quot;p-6 pt-0 space-y-4&quot;[39m
          [36m&gt;[39m
            [36m&lt;div[39m
              [33mclass[39m=[32m&quot;space-y-2&quot;[39m
            [36m&gt;[39m
              [36m&lt;div[39m
                [33mclass[39m=[32m&quot;flex items-center justify-between&quot;[39m
              [36m&gt;[39m
                [36m&lt;div[39m
                  [33mclass[39m=[32m&quot;flex items-center space-x-2&quot;[39m
                [36m&gt;[39m
                  [36m&lt;svg[39m
                    [33mclass[39m=[32m&quot;lucide lucide-zap h-3 w-3 text-blue-500&quot;[39m
                    [33mfill[39m=[32m&quot;none&quot;[39m
                    [33mheight[39m=[32m&quot;24&quot;[39m
                    [33mstroke[39m=[32m&quot;currentColor&quot;[39m
                    [33mstroke-linecap[39m=[32m&quot;round&quot;[39m
                    [33mstroke-linejoin[39m=[32m&quot;round&quot;[39m
                    [33mstroke-width[39m=[32m&quot;2&quot;[39m
                    [33mviewBox[39m=[32m&quot;0 0 24 24&quot;[39m
                    [33mwidth[39m=[32m&quot;24&quot;[39m
                    [33mxmlns[39m=[32m&quot;http://www.w3.org/2000/svg&quot;[39m
                  [36m&gt;[39m
                    [36m&lt;path[39m
                      [33md[39m=[32m&quot;M4 14a1 1 0 0 1-.78-1.63l9.9-10.2a.5.5 0 0 1 .86.46l-1.92 6.02A1 1 0 0 0 13 10h7a1 1 0 0 1 .78 1.63l-9.9 10.2a.5.5 0 0 1-.86-.46l1.92-6.02A1 1 0 0 0 11 14z&quot;[39m
                    [36m/&gt;[39m
                  [36m&lt;/svg&gt;[39m
                  [36m&lt;span[39m
                    [33mclass[39m=[32m&quot;text-xs font-medium&quot;[39m
                  [36m&gt;[39m
                    [0mFlash (2.5)[0m
                  [36m&lt;/span&gt;[39m
                [36m&lt;/div&gt;[39m
                [36m&lt;button[39m
                  [33mdata-state[39m=[32m&quot;closed&quot;[39m
                [36m&gt;[39m
                  [36m&lt;div[39m
                    [33mclass[39m=[32m&quot;inline-flex items-center rounded-full border px-2.5 py-0.5 font-semibold transition-colors focus:outline-none focus:ring-2 focus:ring-ring focus:ring-offset-2 text-foreground text-xs&quot;[39m
                  [36m&gt;[39m
                    [0m4[0m
                    [0m/[0m
                    [0m8[0m
                    [0m RPM[0m
                  [36m&lt;/div&gt;[39m
                [36m&lt;/button&gt;[39m
              [36m&lt;/div&gt;[39m
              [36m&lt;div[39m
                [33mclass[39m=[32m&quot;space-y-1&quot;[39m
              [36m&gt;[39m
                [36m&lt;div[39m
                  [33maria-valuemax[39m=[32m&quot;100&quot;[39m
                  [33maria-valuemin[39m=[32m&quot;0&quot;[39m
                  [33mclass[39m=[32m&quot;relative w-full overflow-hidden rounded-full bg-secondary h-2&quot;[39m
                  [33mdata-max[39m=[32m&quot;100&quot;[39m
                  [33mdata-state[39m=[32m&quot;indeterminate&quot;[39m
                  [33mrole[39m=[32m&quot;progressbar&quot;[39m
                [36m&gt;[39m
                  [36m&lt;div[39m
                    [33mclass[39m=[32m&quot;h-full w-full flex-1 transition-all bg-yellow-500&quot;[39m
                    [33mdata-max[39m=[32m&quot;100&quot;[39m
                    [33mdata-state[39m=[32m&quot;indeterminate&quot;[39m
                    [33mstyle[39m=[32m&quot;transform: translateX(-40%);&quot;[39m
                  [36m/&gt;[39m
                [36m&lt;/div&gt;[39m
                [36m&lt;div[39m
                  [33mclass[39m=[32m&quot;flex justify-between text-xs text-gray-500&quot;[39m
                [36m&gt;[39m
                  [36m&lt;span&gt;[39m
                    [0mRPM: [0m
                    [0m60[0m
                    [0m%[0m
                  [36m&lt;/span&gt;[39m
                  [36m&lt;span&gt;[39m
                    [0mDaily: [0m
                    [0m25[0m
                    [0m%[0m
                  [36m&lt;/span&gt;[39m
                [36m&lt;/div&gt;[39m
              [36m&lt;/div&gt;[39m
            [36m&lt;/div&gt;[39m
            [36m&lt;div[39m
              [33mclass[39m=[32m&quot;space-y-2&quot;[39m
            [36m&gt;[39m
              [36m&lt;div[39m
                [33mclass[39m=[32m&quot;flex items-center justify-between&quot;[39m
              [36m&gt;[39m
                [36m&lt;div[39m
                  [33mclass[39m=[32m&quot;flex items-center space-x-2&quot;[39m
                [36m&gt;[39m
                  [36m&lt;svg[39m
                    [33mclass[39m=[32m&quot;lucide lucide-zap h-3 w-3 text-purple-500&quot;[39m
                    [33mfill[39m=[32m&quot;none&quot;[39m
                    [33mheight[39m=[32m&quot;24&quot;[39m
                    [33mstroke[39m=[32m&quot;currentColor&quot;[39m
                    [33mstroke-linecap[39m=[32m&quot;round&quot;[39m
                    [33mstroke-linejoin[39m=[32m&quot;round&quot;[39m
                    [33mstroke-width[39m=[32m&quot;2&quot;[39m
                    [33mviewBox[39m=[32m&quot;0 0 24 24&quot;[39m
                    [33mwidth[39m=[32m&quot;24&quot;[39m
                    [33mxmlns[39m=[32m&quot;http://www.w3.org/2000/svg&quot;[39m
                  [36m&gt;[39m
                    [36m&lt;path[39m
                      [33md[39m=[32m&quot;M4 14a1 1 0 0 1-.78-1.63l9.9-10.2a.5.5 0 0 1 .86.46l-1.92 6.02A1 1 0 0 0 13 10h7a1 1 0 0 1 .78 1.63l-9.9 10.2a.5.5 0 0 1-.86-.46l1.92-6.02A1 1 0 0 0 11 14z&quot;[39m
                    [36m/&gt;[39m
                  [36m&lt;/svg&gt;[39m
                  [36m&lt;span[39m
                    [33mclass[39m=[32m&quot;text-xs font-medium&quot;[39m
                  [36m&gt;[39m
                    [0mPro (2.5)[0m
                  [36m&lt;/span&gt;[39m
                [36m&lt;/div&gt;[39m
                [36m&lt;button[39m
                  [33mdata-state[39m=[32m&quot;closed&quot;[39m
                [36m&gt;[39m
                  [36m&lt;div[39m
                    [33mclass[39m=[32m&quot;inline-flex items-center rounded-full border px-2.5 py-0.5 font-semibold transition-colors focus:outline-none focus:ring-2 focus:ring-ring focus:ring-offset-2 text-foreground text-xs&quot;[39m
                  [36m&gt;[39m
                    [0m1[0m
                    [0m/[0m
                    [0m4[0m
                    [0m RPM[0m
                  [36m&lt;/div&gt;[39m
                [36m&lt;/button&gt;[39m
              [36m&lt;/div&gt;[39m
              [36m&lt;div[39m
                [33mclass[39m=[32m&quot;space-y-1&quot;[39m
              [36m&gt;[39m
                [36m&lt;div[39m
                  [33maria-valuemax[39m=[32m&quot;100&quot;[39m
                  [33maria-valuemin[39m=[32m&quot;0&quot;[39m
                  [33mclass[39m=[32m&quot;relative w-full overflow-hidden rounded-full bg-secondary h-2&quot;[39m
                  [33mdata-max[39m=[32m&quot;100&quot;[39m
                  [33mdata-state[39m=[32m&quot;indeterminate&quot;[39m
                  [33mrole[39m=[32m&quot;progressbar&quot;[39m
                [36m&gt;[39m
                  [36m&lt;div[39m
                    [33mclass[39m=[32m&quot;h-full w-full flex-1 transition-all bg-green-500&quot;[39m
                    [33mdata-max[39m=[32m&quot;100&quot;[39m
                    [33mdata-state[39m=[32m&quot;indeterminate&quot;[39m
                    [33mstyle[39m=[32m&quot;transform: translateX(-75%);&quot;[39m
                  [36m/&gt;[39m
                [36m&lt;/div&gt;[39m
                [36m&lt;div[39m
                  [33mclass[39m=[32m&quot;flex justify-between text-xs text-gray-500&quot;[39m
                [36m&gt;[39m
                  [36m&lt;span&gt;[39m
                    [0mRPM: [0m
                    [0m25[0m
                    [0m%[0m
                  [36m&lt;/span&gt;[39m
                  [36m&lt;span&gt;[39m
                    [0mDaily: [0m
                    [0m25[0m
                    [0m%[0m
                  [36m&lt;/span&gt;[39m
                [36m&lt;/div&gt;[39m
              [36m&lt;/div&gt;[39m
            [36m&lt;/div&gt;[39m
            [36m&lt;div[39m
              [33mclass[39m=[32m&quot;pt-2 border-t&quot;[39m
            [36m&gt;[39m
              [36m&lt;div[39m
                [33mclass[39m=[32m&quot;flex justify-between text-xs text-gray-500&quot;[39m
              [36m&gt;[39m
                [36m&lt;span&gt;[39m
                  [0mTotal Today: [0m
                  [0m250[0m
                [36m&lt;/span&gt;[39m
                [36m&lt;span&gt;[39m
                  [0mUptime: [0m
                  [0m100[0m
                  [0m%[0m
                [36m&lt;/span&gt;[39m
              [36m&lt;/div&gt;[39m
              [36m&lt;div[39m
                [33mclass[39m=[32m&quot;text-xs text-gray-400 mt-1&quot;[39m
              [36m&gt;[39m
                [0mUpdated: [0m
                [0m3:51:13 pm[0m
              [36m&lt;/div&gt;[39m
            [36m&lt;/div&gt;[39m
          [36m&lt;/div&gt;[39m
        [36m&lt;/div&gt;[39m
      [36m&lt;/div&gt;[39m
    [36m&lt;/div&gt;[39m
  [36m&lt;/body&gt;[39m
[36m&lt;/html&gt;[39m" type="TestingLibraryElementError">
TestingLibraryElementError: Unable to find an element with the text: Warning: Approaching rate limits. This could be because the text is broken up by multiple elements. In this case, you can provide a function for your text matcher to make your matcher more flexible.

Ignored nodes: comments, script, style
&lt;body&gt;
  &lt;div&gt;
    &lt;div&gt;
      &lt;div
        class=&quot;rounded-lg border bg-card text-card-foreground shadow-sm&quot;
      &gt;
        &lt;div
          class=&quot;flex flex-col space-y-1.5 p-6 pb-3&quot;
        &gt;
          &lt;div
            class=&quot;flex items-center justify-between&quot;
          &gt;
            &lt;div
              class=&quot;tracking-tight text-sm font-medium&quot;
            &gt;
              Rate Limits
            &lt;/div&gt;
            &lt;div
              class=&quot;inline-flex items-center rounded-full border px-2.5 py-0.5 font-semibold transition-colors focus:outline-none focus:ring-2 focus:ring-ring focus:ring-offset-2 hover:bg-primary/80 text-xs bg-green-100 text-green-800 border-green-200&quot;
            &gt;
              &lt;div
                class=&quot;flex items-center space-x-1&quot;
              &gt;
                &lt;svg
                  class=&quot;lucide lucide-circle-check-big h-4 w-4 text-green-500&quot;
                  fill=&quot;none&quot;
                  height=&quot;24&quot;
                  stroke=&quot;currentColor&quot;
                  stroke-linecap=&quot;round&quot;
                  stroke-linejoin=&quot;round&quot;
                  stroke-width=&quot;2&quot;
                  viewBox=&quot;0 0 24 24&quot;
                  width=&quot;24&quot;
                  xmlns=&quot;http://www.w3.org/2000/svg&quot;
                &gt;
                  &lt;path
                    d=&quot;M21.801 10A10 10 0 1 1 17 3.335&quot;
                  /&gt;
                  &lt;path
                    d=&quot;m9 11 3 3L22 4&quot;
                  /&gt;
                &lt;/svg&gt;
                &lt;span&gt;
                  healthy
                &lt;/span&gt;
              &lt;/div&gt;
            &lt;/div&gt;
          &lt;/div&gt;
        &lt;/div&gt;
        &lt;div
          class=&quot;p-6 pt-0 space-y-4&quot;
        &gt;
          &lt;div
            class=&quot;space-y-2&quot;
          &gt;
            &lt;div
              class=&quot;flex items-center justify-between&quot;
            &gt;
              &lt;div
                class=&quot;flex items-center space-x-2&quot;
              &gt;
                &lt;svg
                  class=&quot;lucide lucide-zap h-3 w-3 text-blue-500&quot;
                  fill=&quot;none&quot;
                  height=&quot;24&quot;
                  stroke=&quot;currentColor&quot;
                  stroke-linecap=&quot;round&quot;
                  stroke-linejoin=&quot;round&quot;
                  stroke-width=&quot;2&quot;
                  viewBox=&quot;0 0 24 24&quot;
                  width=&quot;24&quot;
                  xmlns=&quot;http://www.w3.org/2000/svg&quot;
                &gt;
                  &lt;path
                    d=&quot;M4 14a1 1 0 0 1-.78-1.63l9.9-10.2a.5.5 0 0 1 .86.46l-1.92 6.02A1 1 0 0 0 13 10h7a1 1 0 0 1 .78 1.63l-9.9 10.2a.5.5 0 0 1-.86-.46l1.92-6.02A1 1 0 0 0 11 14z&quot;
                  /&gt;
                &lt;/svg&gt;
                &lt;span
                  class=&quot;text-xs font-medium&quot;
                &gt;
                  Flash (2.5)
                &lt;/span&gt;
              &lt;/div&gt;
              &lt;button
                data-state=&quot;closed&quot;
              &gt;
                &lt;div
                  class=&quot;inline-flex items-center rounded-full border px-2.5 py-0.5 font-semibold transition-colors focus:outline-none focus:ring-2 focus:ring-ring focus:ring-offset-2 text-foreground text-xs&quot;
                &gt;
                  4
                  /
                  8
                   RPM
                &lt;/div&gt;
              &lt;/button&gt;
            &lt;/div&gt;
            &lt;div
              class=&quot;space-y-1&quot;
            &gt;
              &lt;div
                aria-valuemax=&quot;100&quot;
                aria-valuemin=&quot;0&quot;
                class=&quot;relative w-full overflow-hidden rounded-full bg-secondary h-2&quot;
                data-max=&quot;100&quot;
                data-state=&quot;indeterminate&quot;
                role=&quot;progressbar&quot;
              &gt;
                &lt;div
                  class=&quot;h-full w-full flex-1 transition-all bg-yellow-500&quot;
                  data-max=&quot;100&quot;
                  data-state=&quot;indeterminate&quot;
                  style=&quot;transform: translateX(-40%);&quot;
                /&gt;
              &lt;/div&gt;
              &lt;div
                class=&quot;flex justify-between text-xs text-gray-500&quot;
              &gt;
                &lt;span&gt;
                  RPM: 
                  60
                  %
                &lt;/span&gt;
                &lt;span&gt;
                  Daily: 
                  25
                  %
                &lt;/span&gt;
              &lt;/div&gt;
            &lt;/div&gt;
          &lt;/div&gt;
          &lt;div
            class=&quot;space-y-2&quot;
          &gt;
            &lt;div
              class=&quot;flex items-center justify-between&quot;
            &gt;
              &lt;div
                class=&quot;flex items-center space-x-2&quot;
              &gt;
                &lt;svg
                  class=&quot;lucide lucide-zap h-3 w-3 text-purple-500&quot;
                  fill=&quot;none&quot;
                  height=&quot;24&quot;
                  stroke=&quot;currentColor&quot;
                  stroke-linecap=&quot;round&quot;
                  stroke-linejoin=&quot;round&quot;
                  stroke-width=&quot;2&quot;
                  viewBox=&quot;0 0 24 24&quot;
                  width=&quot;24&quot;
                  xmlns=&quot;http://www.w3.org/2000/svg&quot;
                &gt;
                  &lt;path
                    d=&quot;M4 14a1 1 0 0 1-.78-1.63l9.9-10.2a.5.5 0 0 1 .86.46l-1.92 6.02A1 1 0 0 0 13 10h7a1 1 0 0 1 .78 1.63l-9.9 10.2a.5.5 0 0 1-.86-.46l1.92-6.02A1 1 0 0 0 11 14z&quot;
                  /&gt;
                &lt;/svg&gt;
                &lt;span
                  class=&quot;text-xs font-medium&quot;
                &gt;
                  Pro (2.5)
                &lt;/span&gt;
              &lt;/div&gt;
              &lt;button
                data-state=&quot;closed&quot;
              &gt;
                &lt;div
                  class=&quot;inline-flex items-center rounded-full border px-2.5 py-0.5 font-semibold transition-colors focus:outline-none focus:ring-2 focus:ring-ring focus:ring-offset-2 text-foreground text-xs&quot;
                &gt;
                  1
                  /
                  4
                   RPM
                &lt;/div&gt;
              &lt;/button&gt;
            &lt;/div&gt;
            &lt;div
              class=&quot;space-y-1&quot;
            &gt;
              &lt;div
                aria-valuemax=&quot;100&quot;
                aria-valuemin=&quot;0&quot;
                class=&quot;relative w-full overflow-hidden rounded-full bg-secondary h-2&quot;
                data-max=&quot;100&quot;
                data-state=&quot;indeterminate&quot;
                role=&quot;progressbar&quot;
              &gt;
                &lt;div
                  class=&quot;h-full w-full flex-1 transition-all bg-green-500&quot;
                  data-max=&quot;100&quot;
                  data-state=&quot;indeterminate&quot;
                  style=&quot;transform: translateX(-75%);&quot;
                /&gt;
              &lt;/div&gt;
              &lt;div
                class=&quot;flex justify-between text-xs text-gray-500&quot;
              &gt;
                &lt;span&gt;
                  RPM: 
                  25
                  %
                &lt;/span&gt;
                &lt;span&gt;
                  Daily: 
                  25
                  %
                &lt;/span&gt;
              &lt;/div&gt;
            &lt;/div&gt;
          &lt;/div&gt;
          &lt;div
            class=&quot;pt-2 border-t&quot;
          &gt;
            &lt;div
              class=&quot;flex justify-between text-xs text-gray-500&quot;
            &gt;
              &lt;span&gt;
                Total Today: 
                250
              &lt;/span&gt;
              &lt;span&gt;
                Uptime: 
                100
                %
              &lt;/span&gt;
            &lt;/div&gt;
            &lt;div
              class=&quot;text-xs text-gray-400 mt-1&quot;
            &gt;
              Updated: 
              3:51:13 pm
            &lt;/div&gt;
          &lt;/div&gt;
        &lt;/div&gt;
      &lt;/div&gt;
    &lt;/div&gt;
  &lt;/div&gt;
&lt;/body&gt;

Ignored nodes: comments, script, style
&lt;html&gt;
  &lt;head /&gt;
  &lt;body&gt;
    &lt;div&gt;
      &lt;div&gt;
        &lt;div
          class=&quot;rounded-lg border bg-card text-card-foreground shadow-sm&quot;
        &gt;
          &lt;div
            class=&quot;flex flex-col space-y-1.5 p-6 pb-3&quot;
          &gt;
            &lt;div
              class=&quot;flex items-center justify-between&quot;
            &gt;
              &lt;div
                class=&quot;tracking-tight text-sm font-medium&quot;
              &gt;
                Rate Limits
              &lt;/div&gt;
              &lt;div
                class=&quot;inline-flex items-center rounded-full border px-2.5 py-0.5 font-semibold transition-colors focus:outline-none focus:ring-2 focus:ring-ring focus:ring-offset-2 hover:bg-primary/80 text-xs bg-green-100 text-green-800 border-green-200&quot;
              &gt;
                &lt;div
                  class=&quot;flex items-center space-x-1&quot;
                &gt;
                  &lt;svg
                    class=&quot;lucide lucide-circle-check-big h-4 w-4 text-green-500&quot;
                    fill=&quot;none&quot;
                    height=&quot;24&quot;
                    stroke=&quot;currentColor&quot;
                    stroke-linecap=&quot;round&quot;
                    stroke-linejoin=&quot;round&quot;
                    stroke-width=&quot;2&quot;
                    viewBox=&quot;0 0 24 24&quot;
                    width=&quot;24&quot;
                    xmlns=&quot;http://www.w3.org/2000/svg&quot;
                  &gt;
                    &lt;path
                      d=&quot;M21.801 10A10 10 0 1 1 17 3.335&quot;
                    /&gt;
                    &lt;path
                      d=&quot;m9 11 3 3L22 4&quot;
                    /&gt;
                  &lt;/svg&gt;
                  &lt;span&gt;
                    healthy
                  &lt;/span&gt;
                &lt;/div&gt;
              &lt;/div&gt;
            &lt;/div&gt;
          &lt;/div&gt;
          &lt;div
            class=&quot;p-6 pt-0 space-y-4&quot;
          &gt;
            &lt;div
              class=&quot;space-y-2&quot;
            &gt;
              &lt;div
                class=&quot;flex items-center justify-between&quot;
              &gt;
                &lt;div
                  class=&quot;flex items-center space-x-2&quot;
                &gt;
                  &lt;svg
                    class=&quot;lucide lucide-zap h-3 w-3 text-blue-500&quot;
                    fill=&quot;none&quot;
                    height=&quot;24&quot;
                    stroke=&quot;currentColor&quot;
                    stroke-linecap=&quot;round&quot;
                    stroke-linejoin=&quot;round&quot;
                    stroke-width=&quot;2&quot;
                    viewBox=&quot;0 0 24 24&quot;
                    width=&quot;24&quot;
                    xmlns=&quot;http://www.w3.org/2000/svg&quot;
                  &gt;
                    &lt;path
                      d=&quot;M4 14a1 1 0 0 1-.78-1.63l9.9-10.2a.5.5 0 0 1 .86.46l-1.92 6.02A1 1 0 0 0 13 10h7a1 1 0 0 1 .78 1.63l-9.9 10.2a.5.5 0 0 1-.86-.46l1.92-6.02A1 1 0 0 0 11 14z&quot;
                    /&gt;
                  &lt;/svg&gt;
                  &lt;span
                    class=&quot;text-xs font-medium&quot;
                  &gt;
                    Flash (2.5)
                  &lt;/span&gt;
                &lt;/div&gt;
                &lt;button
                  data-state=&quot;closed&quot;
                &gt;
                  &lt;div
                    class=&quot;inline-flex items-center rounded-full border px-2.5 py-0.5 font-semibold transition-colors focus:outline-none focus:ring-2 focus:ring-ring focus:ring-offset-2 text-foreground text-xs&quot;
                  &gt;
                    4
                    /
                    8
                     RPM
                  &lt;/div&gt;
                &lt;/button&gt;
              &lt;/div&gt;
              &lt;div
                class=&quot;space-y-1&quot;
              &gt;
                &lt;div
                  aria-valuemax=&quot;100&quot;
                  aria-valuemin=&quot;0&quot;
                  class=&quot;relative w-full overflow-hidden rounded-full bg-secondary h-2&quot;
                  data-max=&quot;100&quot;
                  data-state=&quot;indeterminate&quot;
                  role=&quot;progressbar&quot;
                &gt;
                  &lt;div
                    class=&quot;h-full w-full flex-1 transition-all bg-yellow-500&quot;
                    data-max=&quot;100&quot;
                    data-state=&quot;indeterminate&quot;
                    style=&quot;transform: translateX(-40%);&quot;
                  /&gt;
                &lt;/div&gt;
                &lt;div
                  class=&quot;flex justify-between text-xs text-gray-500&quot;
                &gt;
                  &lt;span&gt;
                    RPM: 
                    60
                    %
                  &lt;/span&gt;
                  &lt;span&gt;
                    Daily: 
                    25
                    %
                  &lt;/span&gt;
                &lt;/div&gt;
              &lt;/div&gt;
            &lt;/div&gt;
            &lt;div
              class=&quot;space-y-2&quot;
            &gt;
              &lt;div
                class=&quot;flex items-center justify-between&quot;
              &gt;
                &lt;div
                  class=&quot;flex items-center space-x-2&quot;
                &gt;
                  &lt;svg
                    class=&quot;lucide lucide-zap h-3 w-3 text-purple-500&quot;
                    fill=&quot;none&quot;
                    height=&quot;24&quot;
                    stroke=&quot;currentColor&quot;
                    stroke-linecap=&quot;round&quot;
                    stroke-linejoin=&quot;round&quot;
                    stroke-width=&quot;2&quot;
                    viewBox=&quot;0 0 24 24&quot;
                    width=&quot;24&quot;
                    xmlns=&quot;http://www.w3.org/2000/svg&quot;
                  &gt;
                    &lt;path
                      d=&quot;M4 14a1 1 0 0 1-.78-1.63l9.9-10.2a.5.5 0 0 1 .86.46l-1.92 6.02A1 1 0 0 0 13 10h7a1 1 0 0 1 .78 1.63l-9.9 10.2a.5.5 0 0 1-.86-.46l1.92-6.02A1 1 0 0 0 11 14z&quot;
                    /&gt;
                  &lt;/svg&gt;
                  &lt;span
                    class=&quot;text-xs font-medium&quot;
                  &gt;
                    Pro (2.5)
                  &lt;/span&gt;
                &lt;/div&gt;
                &lt;button
                  data-state=&quot;closed&quot;
                &gt;
                  &lt;div
                    class=&quot;inline-flex items-center rounded-full border px-2.5 py-0.5 font-semibold transition-colors focus:outline-none focus:ring-2 focus:ring-ring focus:ring-offset-2 text-foreground text-xs&quot;
                  &gt;
                    1
                    /
                    4
                     RPM
                  &lt;/div&gt;
                &lt;/button&gt;
              &lt;/div&gt;
              &lt;div
                class=&quot;space-y-1&quot;
              &gt;
                &lt;div
                  aria-valuemax=&quot;100&quot;
                  aria-valuemin=&quot;0&quot;
                  class=&quot;relative w-full overflow-hidden rounded-full bg-secondary h-2&quot;
                  data-max=&quot;100&quot;
                  data-state=&quot;indeterminate&quot;
                  role=&quot;progressbar&quot;
                &gt;
                  &lt;div
                    class=&quot;h-full w-full flex-1 transition-all bg-green-500&quot;
                    data-max=&quot;100&quot;
                    data-state=&quot;indeterminate&quot;
                    style=&quot;transform: translateX(-75%);&quot;
                  /&gt;
                &lt;/div&gt;
                &lt;div
                  class=&quot;flex justify-between text-xs text-gray-500&quot;
                &gt;
                  &lt;span&gt;
                    RPM: 
                    25
                    %
                  &lt;/span&gt;
                  &lt;span&gt;
                    Daily: 
                    25
                    %
                  &lt;/span&gt;
                &lt;/div&gt;
              &lt;/div&gt;
            &lt;/div&gt;
            &lt;div
              class=&quot;pt-2 border-t&quot;
            &gt;
              &lt;div
                class=&quot;flex justify-between text-xs text-gray-500&quot;
              &gt;
                &lt;span&gt;
                  Total Today: 
                  250
                &lt;/span&gt;
                &lt;span&gt;
                  Uptime: 
                  100
                  %
                &lt;/span&gt;
              &lt;/div&gt;
              &lt;div
                class=&quot;text-xs text-gray-400 mt-1&quot;
              &gt;
                Updated: 
                3:51:13 pm
              &lt;/div&gt;
            &lt;/div&gt;
          &lt;/div&gt;
        &lt;/div&gt;
      &lt;/div&gt;
    &lt;/div&gt;
  &lt;/body&gt;
&lt;/html&gt;
 ❯ Proxy.waitForWrapper node_modules/@testing-library/dom/dist/wait-for.js:163:27
 ❯ tests/integration/rate-limiting/rateLimitingIntegration.test.tsx:365:11
            </failure>
        </testcase>
        <testcase classname="tests/integration/rate-limiting/rateLimitingIntegration.test.tsx" name="Rate Limiting Integration Tests &gt; maintains performance with frequent updates" time="10.004177833">
            <failure message="Test timed out in 10000ms.
If this is a long-running test, pass a timeout value as the last argument or configure it globally with &quot;testTimeout&quot;." type="Error">
Error: Test timed out in 10000ms.
If this is a long-running test, pass a timeout value as the last argument or configure it globally with &quot;testTimeout&quot;.
            </failure>
        </testcase>
    </testsuite>
    <testsuite name="components/log-analysis/Badges/__tests__/CompletenessBadge.test.tsx" timestamp="2025-07-02T10:22:05.427Z" hostname="Shubhs-MacBook-Air.local" tests="6" failures="0" errors="0" skipped="0" time="0.017116333">
        <testcase classname="components/log-analysis/Badges/__tests__/CompletenessBadge.test.tsx" name="CompletenessBadge &gt; renders with numeric percentage value" time="0.011997625">
        </testcase>
        <testcase classname="components/log-analysis/Badges/__tests__/CompletenessBadge.test.tsx" name="CompletenessBadge &gt; renders with string percentage value" time="0.001178125">
        </testcase>
        <testcase classname="components/log-analysis/Badges/__tests__/CompletenessBadge.test.tsx" name="CompletenessBadge &gt; handles decimal values (0-1 range)" time="0.000883458">
        </testcase>
        <testcase classname="components/log-analysis/Badges/__tests__/CompletenessBadge.test.tsx" name="CompletenessBadge &gt; clamps values to 0-100 range" time="0.001392542">
        </testcase>
        <testcase classname="components/log-analysis/Badges/__tests__/CompletenessBadge.test.tsx" name="CompletenessBadge &gt; handles invalid values gracefully" time="0.000591833">
        </testcase>
        <testcase classname="components/log-analysis/Badges/__tests__/CompletenessBadge.test.tsx" name="CompletenessBadge &gt; applies custom className" time="0.000621">
        </testcase>
    </testsuite>
    <testsuite name="node_modules/@radix-ui/react-alert-dialog/src/AlertDialog.test.tsx" timestamp="2025-07-02T10:22:05.427Z" hostname="Shubhs-MacBook-Air.local" tests="1" failures="1" errors="0" skipped="0" time="0">
        <testcase classname="node_modules/@radix-ui/react-alert-dialog/src/AlertDialog.test.tsx" name="node_modules/@radix-ui/react-alert-dialog/src/AlertDialog.test.tsx" time="0">
            <failure message="Failed to resolve import &quot;jest-axe&quot; from &quot;node_modules/@radix-ui/react-alert-dialog/src/AlertDialog.test.tsx&quot;. Does the file exist?" type="Error">
Error: Failed to resolve import &quot;jest-axe&quot; from &quot;node_modules/@radix-ui/react-alert-dialog/src/AlertDialog.test.tsx&quot;. Does the file exist?
  Plugin: vite:import-analysis
  File: /Users/shubhpatel/Downloads/MB-Sparrow-main/frontend/node_modules/@radix-ui/react-alert-dialog/src/AlertDialog.test.tsx:2:20
  1  |  import { jsxDEV } from &quot;react/jsx-dev-runtime&quot;;
  2  |  import { axe } from &quot;jest-axe&quot;;
     |                       ^
  3  |  import { render, fireEvent } from &quot;@testing-library/react&quot;;
  4  |  import * as AlertDialog from &quot;@radix-ui/react-alert-dialog&quot;;
 ❯ TransformPluginContext._formatError node_modules/vite/dist/node/chunks/dep-C6uTJdX2.js:49258:41
 ❯ TransformPluginContext.error node_modules/vite/dist/node/chunks/dep-C6uTJdX2.js:49253:16
 ❯ normalizeUrl node_modules/vite/dist/node/chunks/dep-C6uTJdX2.js:64291:23
 ❯ node_modules/vite/dist/node/chunks/dep-C6uTJdX2.js:64423:39
 ❯ TransformPluginContext.transform node_modules/vite/dist/node/chunks/dep-C6uTJdX2.js:64350:7
 ❯ PluginContainer.transform node_modules/vite/dist/node/chunks/dep-C6uTJdX2.js:49099:18
 ❯ loadAndTransform node_modules/vite/dist/node/chunks/dep-C6uTJdX2.js:51977:27

⎯⎯⎯⎯⎯⎯⎯⎯⎯⎯⎯⎯⎯⎯⎯⎯⎯⎯⎯⎯⎯⎯⎯⎯⎯⎯⎯⎯⎯⎯
Serialized Error: { __vitest_rollup_error__: { plugin: &apos;vite:import-analysis&apos;, id: &apos;/Users/shubhpatel/Downloads/MB-Sparrow-main/frontend/node_modules/@radix-ui/react-alert-dialog/src/AlertDialog.test.tsx&apos;, loc: { file: &apos;/Users/shubhpatel/Downloads/MB-Sparrow-main/frontend/node_modules/@radix-ui/react-alert-dialog/src/AlertDialog.test.tsx&apos;, line: 2, column: 20 }, frame: &apos;1  |  import { jsxDEV } from &quot;react/jsx-dev-runtime&quot;;\n2  |  import { axe } from &quot;jest-axe&quot;;\n   |                       ^\n3  |  import { render, fireEvent } from &quot;@testing-library/react&quot;;\n4  |  import * as AlertDialog from &quot;@radix-ui/react-alert-dialog&quot;;&apos; } }
            </failure>
        </testcase>
    </testsuite>
    <testsuite name="node_modules/@tailwindcss/typography/src/index.test.js" timestamp="2025-07-02T10:22:05.427Z" hostname="Shubhs-MacBook-Air.local" tests="16" failures="16" errors="0" skipped="0" time="0.5709095">
        <testcase classname="node_modules/@tailwindcss/typography/src/index.test.js" name="specificity is reduced with :where" time="0.062988375">
            <system-err>

warn - No utility classes were detected in your source files. If this is unexpected, double-check the `content` option in your Tailwind CSS configuration.
warn - https://tailwindcss.com/docs/content-configuration

            </system-err>
            <failure message="Invalid Chai property: toMatchFormattedCss" type="Error">
Error: Invalid Chai property: toMatchFormattedCss
 ❯ node_modules/@tailwindcss/typography/src/index.test.js:135:23
            </failure>
        </testcase>
        <testcase classname="node_modules/@tailwindcss/typography/src/index.test.js" name="variants" time="0.0312015">
            <failure message="Invalid Chai property: toMatchFormattedCss" type="Error">
Error: Invalid Chai property: toMatchFormattedCss
 ❯ node_modules/@tailwindcss/typography/src/index.test.js:231:23
            </failure>
        </testcase>
        <testcase classname="node_modules/@tailwindcss/typography/src/index.test.js" name="modifiers" time="0.031183209">
            <failure message="Invalid Chai property: toMatchFormattedCss" type="Error">
Error: Invalid Chai property: toMatchFormattedCss
 ❯ node_modules/@tailwindcss/typography/src/index.test.js:364:23
            </failure>
        </testcase>
        <testcase classname="node_modules/@tailwindcss/typography/src/index.test.js" name="legacy target" time="0.025769084">
            <failure message="Invalid Chai property: toMatchFormattedCss" type="Error">
Error: Invalid Chai property: toMatchFormattedCss
 ❯ node_modules/@tailwindcss/typography/src/index.test.js:501:23
            </failure>
        </testcase>
        <testcase classname="node_modules/@tailwindcss/typography/src/index.test.js" name="custom class name" time="0.026722125">
            <failure message="Invalid Chai property: toMatchFormattedCss" type="Error">
Error: Invalid Chai property: toMatchFormattedCss
 ❯ node_modules/@tailwindcss/typography/src/index.test.js:621:23
            </failure>
        </testcase>
        <testcase classname="node_modules/@tailwindcss/typography/src/index.test.js" name="element variants" time="0.025825208">
            <failure message="Invalid Chai property: toMatchFormattedCss" type="Error">
Error: Invalid Chai property: toMatchFormattedCss
 ❯ node_modules/@tailwindcss/typography/src/index.test.js:739:23
            </failure>
        </testcase>
        <testcase classname="node_modules/@tailwindcss/typography/src/index.test.js" name="element variants with custom class name" time="0.02822275">
            <failure message="Invalid Chai property: toMatchFormattedCss" type="Error">
Error: Invalid Chai property: toMatchFormattedCss
 ❯ node_modules/@tailwindcss/typography/src/index.test.js:938:23
            </failure>
        </testcase>
        <testcase classname="node_modules/@tailwindcss/typography/src/index.test.js" name="customizing defaults with multiple values does not result in invalid css" time="0.024355875">
            <failure message="Invalid Chai property: toMatchFormattedCss" type="Error">
Error: Invalid Chai property: toMatchFormattedCss
 ❯ node_modules/@tailwindcss/typography/src/index.test.js:1100:23
            </failure>
        </testcase>
        <testcase classname="node_modules/@tailwindcss/typography/src/index.test.js" name="should be possible to use nested syntax (&amp;) when extending the config" time="0.073228209">
            <failure message="Invalid Chai property: toIncludeCss" type="Error">
Error: Invalid Chai property: toIncludeCss
 ❯ node_modules/@tailwindcss/typography/src/index.test.js:1141:23
            </failure>
        </testcase>
        <testcase classname="node_modules/@tailwindcss/typography/src/index.test.js" name="should be possible to specify custom h5 and h6 styles" time="0.056798791">
            <failure message="Invalid Chai property: toIncludeCss" type="Error">
Error: Invalid Chai property: toIncludeCss
 ❯ node_modules/@tailwindcss/typography/src/index.test.js:1175:23
            </failure>
        </testcase>
        <testcase classname="node_modules/@tailwindcss/typography/src/index.test.js" name="should not break with multiple selectors with pseudo elements using variants" time="0.026092542">
            <failure message="Invalid Chai property: toIncludeCss" type="Error">
Error: Invalid Chai property: toIncludeCss
 ❯ node_modules/@tailwindcss/typography/src/index.test.js:1211:23
            </failure>
        </testcase>
        <testcase classname="node_modules/@tailwindcss/typography/src/index.test.js" name="lifts all common, trailing pseudo elements when the same across all selectors" time="0.036341625">
            <failure message="Invalid Chai property: toIncludeCss" type="Error">
Error: Invalid Chai property: toIncludeCss
 ❯ node_modules/@tailwindcss/typography/src/index.test.js:1244:23
            </failure>
        </testcase>
        <testcase classname="node_modules/@tailwindcss/typography/src/index.test.js" name="does not modify selectors with differing pseudo elements" time="0.023767167">
            <failure message="Invalid Chai property: toIncludeCss" type="Error">
Error: Invalid Chai property: toIncludeCss
 ❯ node_modules/@tailwindcss/typography/src/index.test.js:1288:23
            </failure>
        </testcase>
        <testcase classname="node_modules/@tailwindcss/typography/src/index.test.js" name="lifts only the common, trailing pseudo elements from selectors" time="0.024188917">
            <failure message="Invalid Chai property: toIncludeCss" type="Error">
Error: Invalid Chai property: toIncludeCss
 ❯ node_modules/@tailwindcss/typography/src/index.test.js:1331:23
            </failure>
        </testcase>
        <testcase classname="node_modules/@tailwindcss/typography/src/index.test.js" name="ignores common non-trailing pseudo-elements in selectors" time="0.02305775">
            <failure message="Invalid Chai property: toIncludeCss" type="Error">
Error: Invalid Chai property: toIncludeCss
 ❯ node_modules/@tailwindcss/typography/src/index.test.js:1376:23
            </failure>
        </testcase>
        <testcase classname="node_modules/@tailwindcss/typography/src/index.test.js" name="lead styles are inserted after paragraph styles" time="0.05058625">
            <failure message="Invalid Chai property: toIncludeCss" type="Error">
Error: Invalid Chai property: toIncludeCss
 ❯ node_modules/@tailwindcss/typography/src/index.test.js:1403:23
            </failure>
        </testcase>
    </testsuite>
    <testsuite name="node_modules/next/dist/diagnostics/build-diagnostics.test.js" timestamp="2025-07-02T10:22:05.429Z" hostname="Shubhs-MacBook-Air.local" tests="2" failures="0" errors="0" skipped="0" time="0.002648334">
        <testcase classname="node_modules/next/dist/diagnostics/build-diagnostics.test.js" name="build-diagnostics &gt; records framework version to framework.json correctly" time="0.00113575">
        </testcase>
        <testcase classname="node_modules/next/dist/diagnostics/build-diagnostics.test.js" name="build-diagnostics &gt; records build diagnostics to a file correctly" time="0.0011215">
        </testcase>
    </testsuite>
    <testsuite name="node_modules/next/dist/telemetry/post-telemetry-payload.test.js" timestamp="2025-07-02T10:22:05.429Z" hostname="Shubhs-MacBook-Air.local" tests="3" failures="3" errors="0" skipped="0" time="0.00347075">
        <testcase classname="node_modules/next/dist/telemetry/post-telemetry-payload.test.js" name="postNextTelemetryPayload &gt; sends telemetry payload successfully" time="0.00281625">
            <failure message="jest is not defined" type="ReferenceError">
ReferenceError: jest is not defined
 ❯ node_modules/next/src/telemetry/post-telemetry-payload.test.ts:15:23
            </failure>
        </testcase>
        <testcase classname="node_modules/next/dist/telemetry/post-telemetry-payload.test.js" name="postNextTelemetryPayload &gt; retries on failure" time="0.000153834">
            <failure message="jest is not defined" type="ReferenceError">
ReferenceError: jest is not defined
 ❯ node_modules/next/src/telemetry/post-telemetry-payload.test.ts:49:23
            </failure>
        </testcase>
        <testcase classname="node_modules/next/dist/telemetry/post-telemetry-payload.test.js" name="postNextTelemetryPayload &gt; swallows errors after retries exhausted" time="0.000126167">
            <failure message="jest is not defined" type="ReferenceError">
ReferenceError: jest is not defined
 ❯ node_modules/next/src/telemetry/post-telemetry-payload.test.ts:71:23
            </failure>
        </testcase>
    </testsuite>
    <testsuite name="node_modules/next/dist/trace/trace.test.js" timestamp="2025-07-02T10:22:05.429Z" hostname="Shubhs-MacBook-Air.local" tests="4" failures="0" errors="0" skipped="0" time="0.105844083">
        <testcase classname="node_modules/next/dist/trace/trace.test.js" name="Trace &gt; Tracer &gt; traces a block of code" time="0.104540917">
        </testcase>
        <testcase classname="node_modules/next/dist/trace/trace.test.js" name="Trace &gt; Worker &gt; exports and initializes trace state" time="0.000163959">
        </testcase>
        <testcase classname="node_modules/next/dist/trace/trace.test.js" name="Trace &gt; Worker &gt; trace data is serializable to a worker" time="0.000162458">
        </testcase>
        <testcase classname="node_modules/next/dist/trace/trace.test.js" name="Trace &gt; Worker &gt; correctly reports trace data from multiple workers" time="0.000513916">
        </testcase>
    </testsuite>
    <testsuite name="node_modules/react-day-picker/src/classes/CalendarDay.test.ts" timestamp="2025-07-02T10:22:05.429Z" hostname="Shubhs-MacBook-Air.local" tests="2" failures="0" errors="0" skipped="0" time="0.001001208">
        <testcase classname="node_modules/react-day-picker/src/classes/CalendarDay.test.ts" name="should set `displayMonth` to undefined when date and `displayMonth` are in the same month" time="0.000589875">
        </testcase>
        <testcase classname="node_modules/react-day-picker/src/classes/CalendarDay.test.ts" name="should set `displayMonth` to the given `displayMonth` when date and `displayMonth` are not in the same month" time="0.000085583">
        </testcase>
    </testsuite>
    <testsuite name="node_modules/react-day-picker/src/classes/CalendarMonth.test.ts" timestamp="2025-07-02T10:22:05.429Z" hostname="Shubhs-MacBook-Air.local" tests="2" failures="0" errors="0" skipped="0" time="0.000900792">
        <testcase classname="node_modules/react-day-picker/src/classes/CalendarMonth.test.ts" name="should have a date property" time="0.000510958">
        </testcase>
        <testcase classname="node_modules/react-day-picker/src/classes/CalendarMonth.test.ts" name="should have a weeks property" time="0.000066458">
        </testcase>
    </testsuite>
    <testsuite name="node_modules/react-day-picker/src/classes/CalendarWeek.test.ts" timestamp="2025-07-02T10:22:05.429Z" hostname="Shubhs-MacBook-Air.local" tests="2" failures="0" errors="0" skipped="0" time="0.0009695">
        <testcase classname="node_modules/react-day-picker/src/classes/CalendarWeek.test.ts" name="should have a weekNumber" time="0.000506708">
        </testcase>
        <testcase classname="node_modules/react-day-picker/src/classes/CalendarWeek.test.ts" name="should have an array of days" time="0.000141709">
        </testcase>
    </testsuite>
    <testsuite name="node_modules/react-day-picker/src/formatters/formatCaption.test.ts" timestamp="2025-07-02T10:22:05.430Z" hostname="Shubhs-MacBook-Air.local" tests="3" failures="0" errors="0" skipped="0" time="0.001376542">
        <testcase classname="node_modules/react-day-picker/src/formatters/formatCaption.test.ts" name="should return the formatted caption" time="0.000817958">
        </testcase>
        <testcase classname="node_modules/react-day-picker/src/formatters/formatCaption.test.ts" name="when a locale is passed in through dateLib argument &gt; should format using the locale" time="0.000101084">
        </testcase>
        <testcase classname="node_modules/react-day-picker/src/formatters/formatCaption.test.ts" name="when a locale is passed in from options &gt; should format using the locale" time="0.000070084">
        </testcase>
    </testsuite>
    <testsuite name="node_modules/react-day-picker/src/formatters/formatDay.test.ts" timestamp="2025-07-02T10:22:05.430Z" hostname="Shubhs-MacBook-Air.local" tests="1" failures="0" errors="0" skipped="0" time="0.001062042">
        <testcase classname="node_modules/react-day-picker/src/formatters/formatDay.test.ts" name="should return the formatted day" time="0.000740125">
        </testcase>
    </testsuite>
    <testsuite name="node_modules/react-day-picker/src/formatters/formatMonthDropdown.test.ts" timestamp="2025-07-02T10:22:05.430Z" hostname="Shubhs-MacBook-Air.local" tests="2" failures="0" errors="0" skipped="0" time="0.001253125">
        <testcase classname="node_modules/react-day-picker/src/formatters/formatMonthDropdown.test.ts" name="should return the formatted month dropdown label" time="0.000760542">
        </testcase>
        <testcase classname="node_modules/react-day-picker/src/formatters/formatMonthDropdown.test.ts" name="when a locale is passed in &gt; should format using the locale" time="0.0001115">
        </testcase>
    </testsuite>
    <testsuite name="node_modules/react-day-picker/src/formatters/formatWeekNumber.test.ts" timestamp="2025-07-02T10:22:05.430Z" hostname="Shubhs-MacBook-Air.local" tests="3" failures="0" errors="0" skipped="0" time="0.001263709">
        <testcase classname="node_modules/react-day-picker/src/formatters/formatWeekNumber.test.ts" name="should return the formatted week number" time="0.000682">
        </testcase>
        <testcase classname="node_modules/react-day-picker/src/formatters/formatWeekNumber.test.ts" name="should return the formatted week number with leading zero" time="0.000126333">
        </testcase>
        <testcase classname="node_modules/react-day-picker/src/formatters/formatWeekNumber.test.ts" name="should format with the provided numeral system" time="0.000121209">
        </testcase>
    </testsuite>
    <testsuite name="node_modules/react-day-picker/src/formatters/formatWeekdayName.test.ts" timestamp="2025-07-02T10:22:05.430Z" hostname="Shubhs-MacBook-Air.local" tests="2" failures="0" errors="0" skipped="0" time="0.001255875">
        <testcase classname="node_modules/react-day-picker/src/formatters/formatWeekdayName.test.ts" name="should return the formatted weekday name" time="0.00076425">
        </testcase>
        <testcase classname="node_modules/react-day-picker/src/formatters/formatWeekdayName.test.ts" name="when a locale is passed in &gt; should format using the locale" time="0.000104209">
        </testcase>
    </testsuite>
    <testsuite name="node_modules/react-day-picker/src/formatters/formatYearDropdown.test.ts" timestamp="2025-07-02T10:22:05.430Z" hostname="Shubhs-MacBook-Air.local" tests="1" failures="0" errors="0" skipped="0" time="0.001070417">
        <testcase classname="node_modules/react-day-picker/src/formatters/formatYearDropdown.test.ts" name="should return the formatted weekday name" time="0.000747291">
        </testcase>
    </testsuite>
    <testsuite name="node_modules/react-day-picker/src/helpers/broadcastCalendar.test.ts" timestamp="2025-07-02T10:22:05.430Z" hostname="Shubhs-MacBook-Air.local" tests="3" failures="0" errors="0" skipped="0" time="0.001670084">
        <testcase classname="node_modules/react-day-picker/src/helpers/broadcastCalendar.test.ts" name="broadcastCalendar &gt; getBroadcastWeeksInMonth should return correct number of weeks" time="0.0006715">
        </testcase>
        <testcase classname="node_modules/react-day-picker/src/helpers/broadcastCalendar.test.ts" name="broadcastCalendar &gt; startOfBroadcastWeek should return correct start date" time="0.000276375">
        </testcase>
        <testcase classname="node_modules/react-day-picker/src/helpers/broadcastCalendar.test.ts" name="broadcastCalendar &gt; endOfBroadcastWeek should return correct end date" time="0.000087875">
        </testcase>
    </testsuite>
    <testsuite name="node_modules/react-day-picker/src/helpers/calculateFocusTarget.test.ts" timestamp="2025-07-02T10:22:05.430Z" hostname="Shubhs-MacBook-Air.local" tests="5" failures="0" errors="0" skipped="0" time="0.001193833">
        <testcase classname="node_modules/react-day-picker/src/helpers/calculateFocusTarget.test.ts" name="calculateFocusTarget &gt; when determining the focus target based on priority &gt; should prioritize the day with the &apos;focused&apos; modifier" time="0.000459292">
        </testcase>
        <testcase classname="node_modules/react-day-picker/src/helpers/calculateFocusTarget.test.ts" name="calculateFocusTarget &gt; when determining the focus target based on priority &gt; should fall back to the last focused day if no day has the &apos;focused&apos; modifier" time="0.000095834">
        </testcase>
        <testcase classname="node_modules/react-day-picker/src/helpers/calculateFocusTarget.test.ts" name="calculateFocusTarget &gt; when determining the focus target based on priority &gt; should prioritize the selected day if no day is focused or last focused" time="0.000076208">
        </testcase>
        <testcase classname="node_modules/react-day-picker/src/helpers/calculateFocusTarget.test.ts" name="calculateFocusTarget &gt; when determining the focus target based on priority &gt; should prioritize today if no day is focused, last focused, or selected" time="0.0000655">
        </testcase>
        <testcase classname="node_modules/react-day-picker/src/helpers/calculateFocusTarget.test.ts" name="calculateFocusTarget &gt; when determining the focus target based on priority &gt; should fall back to the first focusable day if no other priority is met" time="0.000067958">
        </testcase>
    </testsuite>
    <testsuite name="node_modules/react-day-picker/src/helpers/createGetModifiers.test.ts" timestamp="2025-07-02T10:22:05.431Z" hostname="Shubhs-MacBook-Air.local" tests="10" failures="0" errors="0" skipped="0" time="0.001536875">
        <testcase classname="node_modules/react-day-picker/src/helpers/createGetModifiers.test.ts" name="createGetModifiers &gt; default props &gt; return the modifiers for a given day" time="0.000415458">
        </testcase>
        <testcase classname="node_modules/react-day-picker/src/helpers/createGetModifiers.test.ts" name="createGetModifiers &gt; default props &gt; return the custom modifiers for a given day" time="0.000065459">
        </testcase>
        <testcase classname="node_modules/react-day-picker/src/helpers/createGetModifiers.test.ts" name="createGetModifiers &gt; default props &gt; return the custom `selected` modifier for a given day" time="0.000044">
        </testcase>
        <testcase classname="node_modules/react-day-picker/src/helpers/createGetModifiers.test.ts" name="createGetModifiers &gt; default props &gt; return the today modifier for a given day" time="0.000088083">
        </testcase>
        <testcase classname="node_modules/react-day-picker/src/helpers/createGetModifiers.test.ts" name="createGetModifiers &gt; default props &gt; return the hidden modifier for a given day" time="0.000089708">
        </testcase>
        <testcase classname="node_modules/react-day-picker/src/helpers/createGetModifiers.test.ts" name="createGetModifiers &gt; default props &gt; return the modifiers for a given day before the displayed month" time="0.000112167">
        </testcase>
        <testcase classname="node_modules/react-day-picker/src/helpers/createGetModifiers.test.ts" name="createGetModifiers &gt; default props &gt; return the modifiers for a given day after the displayed month" time="0.000092417">
        </testcase>
        <testcase classname="node_modules/react-day-picker/src/helpers/createGetModifiers.test.ts" name="createGetModifiers &gt; with startMonth and endMonth props &gt; return the modifiers for a given day" time="0.00007025">
        </testcase>
        <testcase classname="node_modules/react-day-picker/src/helpers/createGetModifiers.test.ts" name="createGetModifiers &gt; with startMonth and endMonth props &gt; return the modifiers for a given day before the displayed month" time="0.000077084">
        </testcase>
        <testcase classname="node_modules/react-day-picker/src/helpers/createGetModifiers.test.ts" name="createGetModifiers &gt; with startMonth and endMonth props &gt; return the modifiers for a given day after the displayed month" time="0.000075958">
        </testcase>
    </testsuite>
    <testsuite name="node_modules/react-day-picker/src/helpers/endOfBroadcastWeek.test.ts" timestamp="2025-07-02T10:22:05.431Z" hostname="Shubhs-MacBook-Air.local" tests="12" failures="0" errors="0" skipped="0" time="0.001641708">
        <testcase classname="node_modules/react-day-picker/src/helpers/endOfBroadcastWeek.test.ts" name="endOfBroadcastWeek &gt; 2022-12-31T18:30:00.000Z should return 2023-01-28T18:30:00.000Z" time="0.000655459">
        </testcase>
        <testcase classname="node_modules/react-day-picker/src/helpers/endOfBroadcastWeek.test.ts" name="endOfBroadcastWeek &gt; 2023-01-31T18:30:00.000Z should return 2023-02-25T18:30:00.000Z" time="0.000071292">
        </testcase>
        <testcase classname="node_modules/react-day-picker/src/helpers/endOfBroadcastWeek.test.ts" name="endOfBroadcastWeek &gt; 2023-02-28T18:30:00.000Z should return 2023-03-25T18:30:00.000Z" time="0.000060959">
        </testcase>
        <testcase classname="node_modules/react-day-picker/src/helpers/endOfBroadcastWeek.test.ts" name="endOfBroadcastWeek &gt; 2023-03-31T18:30:00.000Z should return 2023-04-29T18:30:00.000Z" time="0.000058667">
        </testcase>
        <testcase classname="node_modules/react-day-picker/src/helpers/endOfBroadcastWeek.test.ts" name="endOfBroadcastWeek &gt; 2023-04-30T18:30:00.000Z should return 2023-05-27T18:30:00.000Z" time="0.000055458">
        </testcase>
        <testcase classname="node_modules/react-day-picker/src/helpers/endOfBroadcastWeek.test.ts" name="endOfBroadcastWeek &gt; 2023-05-31T18:30:00.000Z should return 2023-06-24T18:30:00.000Z" time="0.000048959">
        </testcase>
        <testcase classname="node_modules/react-day-picker/src/helpers/endOfBroadcastWeek.test.ts" name="endOfBroadcastWeek &gt; 2023-06-30T18:30:00.000Z should return 2023-07-29T18:30:00.000Z" time="0.000045417">
        </testcase>
        <testcase classname="node_modules/react-day-picker/src/helpers/endOfBroadcastWeek.test.ts" name="endOfBroadcastWeek &gt; 2023-07-31T18:30:00.000Z should return 2023-08-26T18:30:00.000Z" time="0.00003875">
        </testcase>
        <testcase classname="node_modules/react-day-picker/src/helpers/endOfBroadcastWeek.test.ts" name="endOfBroadcastWeek &gt; 2023-08-31T18:30:00.000Z should return 2023-09-23T18:30:00.000Z" time="0.000045333">
        </testcase>
        <testcase classname="node_modules/react-day-picker/src/helpers/endOfBroadcastWeek.test.ts" name="endOfBroadcastWeek &gt; 2023-09-30T18:30:00.000Z should return 2023-10-28T18:30:00.000Z" time="0.000051291">
        </testcase>
        <testcase classname="node_modules/react-day-picker/src/helpers/endOfBroadcastWeek.test.ts" name="endOfBroadcastWeek &gt; 2023-10-31T18:30:00.000Z should return 2023-11-25T18:30:00.000Z" time="0.000040583">
        </testcase>
        <testcase classname="node_modules/react-day-picker/src/helpers/endOfBroadcastWeek.test.ts" name="endOfBroadcastWeek &gt; 2023-11-30T18:30:00.000Z should return 2023-12-30T18:30:00.000Z" time="0.000039">
        </testcase>
    </testsuite>
    <testsuite name="node_modules/react-day-picker/src/helpers/getBroadcastWeeksInMonth.test.ts" timestamp="2025-07-02T10:22:05.431Z" hostname="Shubhs-MacBook-Air.local" tests="12" failures="0" errors="0" skipped="0" time="0.001455458">
        <testcase classname="node_modules/react-day-picker/src/helpers/getBroadcastWeeksInMonth.test.ts" name="getBroadcastWeeksInMonth &gt; returns 5 weeks for 2022-12-31T18:30:00.000Z" time="0.000524041">
        </testcase>
        <testcase classname="node_modules/react-day-picker/src/helpers/getBroadcastWeeksInMonth.test.ts" name="getBroadcastWeeksInMonth &gt; returns 4 weeks for 2023-01-31T18:30:00.000Z" time="0.000064125">
        </testcase>
        <testcase classname="node_modules/react-day-picker/src/helpers/getBroadcastWeeksInMonth.test.ts" name="getBroadcastWeeksInMonth &gt; returns 4 weeks for 2023-02-28T18:30:00.000Z" time="0.000054917">
        </testcase>
        <testcase classname="node_modules/react-day-picker/src/helpers/getBroadcastWeeksInMonth.test.ts" name="getBroadcastWeeksInMonth &gt; returns 5 weeks for 2023-03-31T18:30:00.000Z" time="0.000046541">
        </testcase>
        <testcase classname="node_modules/react-day-picker/src/helpers/getBroadcastWeeksInMonth.test.ts" name="getBroadcastWeeksInMonth &gt; returns 4 weeks for 2023-04-30T18:30:00.000Z" time="0.000049125">
        </testcase>
        <testcase classname="node_modules/react-day-picker/src/helpers/getBroadcastWeeksInMonth.test.ts" name="getBroadcastWeeksInMonth &gt; returns 4 weeks for 2023-05-31T18:30:00.000Z" time="0.000047625">
        </testcase>
        <testcase classname="node_modules/react-day-picker/src/helpers/getBroadcastWeeksInMonth.test.ts" name="getBroadcastWeeksInMonth &gt; returns 5 weeks for 2023-06-30T18:30:00.000Z" time="0.000042083">
        </testcase>
        <testcase classname="node_modules/react-day-picker/src/helpers/getBroadcastWeeksInMonth.test.ts" name="getBroadcastWeeksInMonth &gt; returns 4 weeks for 2023-07-31T18:30:00.000Z" time="0.00003725">
        </testcase>
        <testcase classname="node_modules/react-day-picker/src/helpers/getBroadcastWeeksInMonth.test.ts" name="getBroadcastWeeksInMonth &gt; returns 4 weeks for 2023-08-31T18:30:00.000Z" time="0.000043667">
        </testcase>
        <testcase classname="node_modules/react-day-picker/src/helpers/getBroadcastWeeksInMonth.test.ts" name="getBroadcastWeeksInMonth &gt; returns 5 weeks for 2023-09-30T18:30:00.000Z" time="0.000049625">
        </testcase>
        <testcase classname="node_modules/react-day-picker/src/helpers/getBroadcastWeeksInMonth.test.ts" name="getBroadcastWeeksInMonth &gt; returns 4 weeks for 2023-10-31T18:30:00.000Z" time="0.000036667">
        </testcase>
        <testcase classname="node_modules/react-day-picker/src/helpers/getBroadcastWeeksInMonth.test.ts" name="getBroadcastWeeksInMonth &gt; returns 5 weeks for 2023-11-30T18:30:00.000Z" time="0.000035959">
        </testcase>
    </testsuite>
    <testsuite name="node_modules/react-day-picker/src/helpers/getDataAttributes.test.tsx" timestamp="2025-07-02T10:22:05.432Z" hostname="Shubhs-MacBook-Air.local" tests="3" failures="0" errors="0" skipped="0" time="0.001142125">
        <testcase classname="node_modules/react-day-picker/src/helpers/getDataAttributes.test.tsx" name="return all data- attributes from the props" time="0.000583875">
        </testcase>
        <testcase classname="node_modules/react-day-picker/src/helpers/getDataAttributes.test.tsx" name="return an empty object if there are no data- attributes" time="0.000080709">
        </testcase>
        <testcase classname="node_modules/react-day-picker/src/helpers/getDataAttributes.test.tsx" name="handle props with undefined or null values" time="0.000063458">
        </testcase>
    </testsuite>
    <testsuite name="node_modules/react-day-picker/src/helpers/getDates.test.ts" timestamp="2025-07-02T10:22:05.432Z" hostname="Shubhs-MacBook-Air.local" tests="12" failures="3" errors="0" skipped="0" time="0.004940166">
        <testcase classname="node_modules/react-day-picker/src/helpers/getDates.test.ts" name="when the first month and the last month are the same &gt; when the month has 6 weeks &gt; when not using fixed weeks &gt; should return 42 dates" time="0.000975167">
        </testcase>
        <testcase classname="node_modules/react-day-picker/src/helpers/getDates.test.ts" name="when the first month and the last month are the same &gt; when the month has 6 weeks &gt; when using fixed weeks &gt; should return 42 dates" time="0.000147333">
        </testcase>
        <testcase classname="node_modules/react-day-picker/src/helpers/getDates.test.ts" name="when the first month and the last month are the same &gt; when the month has 5 weeks &gt; when not using fixed weeks &gt; should return 35 dates" time="0.000127292">
        </testcase>
        <testcase classname="node_modules/react-day-picker/src/helpers/getDates.test.ts" name="when the first month and the last month are the same &gt; when the month has 5 weeks &gt; when using fixed weeks &gt; should return 42 dates" time="0.000113">
        </testcase>
        <testcase classname="node_modules/react-day-picker/src/helpers/getDates.test.ts" name="when the first month and the last month are the same &gt; when the month has 4 weeks &gt; when not using fixed weeks &gt; should return 28 dates" time="0.000119292">
        </testcase>
        <testcase classname="node_modules/react-day-picker/src/helpers/getDates.test.ts" name="when the first month and the last month are the same &gt; when the month has 4 weeks &gt; when using fixed weeks &gt; should return 42 dates" time="0.000104458">
        </testcase>
        <testcase classname="node_modules/react-day-picker/src/helpers/getDates.test.ts" name="when the first month and the last month are the same &gt; when using Monday as first day of the week &gt; the first day should be Monday" time="0.001717583">
            <failure message="Invalid Chai property: toBeMonday" type="Error">
Error: Invalid Chai property: toBeMonday
 ❯ node_modules/react-day-picker/src/helpers/getDates.test.ts:106:23
            </failure>
        </testcase>
        <testcase classname="node_modules/react-day-picker/src/helpers/getDates.test.ts" name="when the first month and the last month are the same &gt; when using a max date &gt; the last day should be the max date" time="0.000121917">
        </testcase>
        <testcase classname="node_modules/react-day-picker/src/helpers/getDates.test.ts" name="when the first month and the last month are the same &gt; when using ISO weeks &gt; the first day should be Monday" time="0.000303041">
            <failure message="Invalid Chai property: toBeMonday" type="Error">
Error: Invalid Chai property: toBeMonday
 ❯ node_modules/react-day-picker/src/helpers/getDates.test.ts:134:23
            </failure>
        </testcase>
        <testcase classname="node_modules/react-day-picker/src/helpers/getDates.test.ts" name="when the first month and the last month are different &gt; when not using fixed weeks &gt; should return an array of dates" time="0.000184333">
        </testcase>
        <testcase classname="node_modules/react-day-picker/src/helpers/getDates.test.ts" name="when the first month and the last month are different &gt; when using a max date &gt; the last day should be the max date" time="0.000122042">
        </testcase>
        <testcase classname="node_modules/react-day-picker/src/helpers/getDates.test.ts" name="when the first month and the last month are different &gt; when using ISO weeks &gt; the first day should be Monday" time="0.000261708">
            <failure message="Invalid Chai property: toBeMonday" type="Error">
Error: Invalid Chai property: toBeMonday
 ❯ node_modules/react-day-picker/src/helpers/getDates.test.ts:180:23
            </failure>
        </testcase>
    </testsuite>
    <testsuite name="node_modules/react-day-picker/src/helpers/getDays.test.ts" timestamp="2025-07-02T10:22:05.433Z" hostname="Shubhs-MacBook-Air.local" tests="1" failures="0" errors="0" skipped="0" time="0.000852291">
        <testcase classname="node_modules/react-day-picker/src/helpers/getDays.test.ts" name="should return all the days belonging to the calendar by merging the days in the weeks for each month" time="0.000544208">
        </testcase>
    </testsuite>
    <testsuite name="node_modules/react-day-picker/src/helpers/getDefaultClassNames.test.ts" timestamp="2025-07-02T10:22:05.433Z" hostname="Shubhs-MacBook-Air.local" tests="1" failures="0" errors="0" skipped="0" time="0.00100525">
        <testcase classname="node_modules/react-day-picker/src/helpers/getDefaultClassNames.test.ts" name="should return the default classnames" time="0.000679333">
        </testcase>
    </testsuite>
    <testsuite name="node_modules/react-day-picker/src/helpers/getDisplayMonths.test.ts" timestamp="2025-07-02T10:22:05.433Z" hostname="Shubhs-MacBook-Air.local" tests="3" failures="0" errors="0" skipped="0" time="0.001165333">
        <testcase classname="node_modules/react-day-picker/src/helpers/getDisplayMonths.test.ts" name="getDisplayMonths &gt; should return the months to display in the calendar" time="0.000616209">
        </testcase>
        <testcase classname="node_modules/react-day-picker/src/helpers/getDisplayMonths.test.ts" name="getDisplayMonths &gt; should return the months to display in the calendar when the number of months is greater than 1" time="0.000094667">
        </testcase>
        <testcase classname="node_modules/react-day-picker/src/helpers/getDisplayMonths.test.ts" name="getDisplayMonths &gt; should return the months to display in the calendar when passing a max date" time="0.000076583">
        </testcase>
    </testsuite>
    <testsuite name="node_modules/react-day-picker/src/helpers/getFocusableDate.test.ts" timestamp="2025-07-02T10:22:05.433Z" hostname="Shubhs-MacBook-Air.local" tests="14" failures="0" errors="0" skipped="0" time="0.001587792">
        <testcase classname="node_modules/react-day-picker/src/helpers/getFocusableDate.test.ts" name="should move after by day" time="0.000537333">
        </testcase>
        <testcase classname="node_modules/react-day-picker/src/helpers/getFocusableDate.test.ts" name="should move before by day" time="0.000085625">
        </testcase>
        <testcase classname="node_modules/react-day-picker/src/helpers/getFocusableDate.test.ts" name="should move after by month" time="0.000068292">
        </testcase>
        <testcase classname="node_modules/react-day-picker/src/helpers/getFocusableDate.test.ts" name="should move before by month" time="0.000045167">
        </testcase>
        <testcase classname="node_modules/react-day-picker/src/helpers/getFocusableDate.test.ts" name="should move after by week" time="0.000051417">
        </testcase>
        <testcase classname="node_modules/react-day-picker/src/helpers/getFocusableDate.test.ts" name="should move before by week" time="0.000052666">
        </testcase>
        <testcase classname="node_modules/react-day-picker/src/helpers/getFocusableDate.test.ts" name="should move after by year" time="0.000048625">
        </testcase>
        <testcase classname="node_modules/react-day-picker/src/helpers/getFocusableDate.test.ts" name="should move before by year" time="0.000029958">
        </testcase>
        <testcase classname="node_modules/react-day-picker/src/helpers/getFocusableDate.test.ts" name="should move after by endOfWeek" time="0.000076709">
        </testcase>
        <testcase classname="node_modules/react-day-picker/src/helpers/getFocusableDate.test.ts" name="should move after by startOfWeek" time="0.000066917">
        </testcase>
        <testcase classname="node_modules/react-day-picker/src/helpers/getFocusableDate.test.ts" name="should move after by endOfWeek when ISOWeek is true" time="0.00005275">
        </testcase>
        <testcase classname="node_modules/react-day-picker/src/helpers/getFocusableDate.test.ts" name="should move after by startOfWeek when ISOWeek is true" time="0.000035292">
        </testcase>
        <testcase classname="node_modules/react-day-picker/src/helpers/getFocusableDate.test.ts" name="should not move before startMonth" time="0.00004175">
        </testcase>
        <testcase classname="node_modules/react-day-picker/src/helpers/getFocusableDate.test.ts" name="should not move after endMonth" time="0.000034167">
        </testcase>
    </testsuite>
    <testsuite name="node_modules/react-day-picker/src/helpers/getFormatters.test.ts" timestamp="2025-07-02T10:22:05.434Z" hostname="Shubhs-MacBook-Air.local" tests="1" failures="1" errors="0" skipped="0" time="0">
        <testcase classname="node_modules/react-day-picker/src/helpers/getFormatters.test.ts" name="node_modules/react-day-picker/src/helpers/getFormatters.test.ts" time="0">
            <failure message="jest is not defined" type="ReferenceError">
ReferenceError: jest is not defined
 ❯ node_modules/react-day-picker/src/helpers/getFormatters.test.ts:6:23
            </failure>
        </testcase>
    </testsuite>
    <testsuite name="node_modules/react-day-picker/src/helpers/getInitialMonth.test.ts" timestamp="2025-07-02T10:22:05.434Z" hostname="Shubhs-MacBook-Air.local" tests="7" failures="0" errors="0" skipped="0" time="0.001404625">
        <testcase classname="node_modules/react-day-picker/src/helpers/getInitialMonth.test.ts" name="return start of month" time="0.000428833">
        </testcase>
        <testcase classname="node_modules/react-day-picker/src/helpers/getInitialMonth.test.ts" name="when no startMonth or endMonth is given &gt; when month is in context &gt; return that month" time="0.000099708">
        </testcase>
        <testcase classname="node_modules/react-day-picker/src/helpers/getInitialMonth.test.ts" name="when no startMonth or endMonth is given &gt; when defaultMonth is in context and no month is given &gt; return that month" time="0.000067959">
        </testcase>
        <testcase classname="node_modules/react-day-picker/src/helpers/getInitialMonth.test.ts" name="when no startMonth or endMonth is given &gt; when no month or defaultMonth &gt; return the today month" time="0.000058833">
        </testcase>
        <testcase classname="node_modules/react-day-picker/src/helpers/getInitialMonth.test.ts" name="when startMonth is given and is after the default initial month &gt; return the startMonth" time="0.000080667">
        </testcase>
        <testcase classname="node_modules/react-day-picker/src/helpers/getInitialMonth.test.ts" name="when endMonth is given &gt; when endMonth is before the default initial month &gt; when the number of month is 1 &gt; return the endMonth" time="0.000078708">
        </testcase>
        <testcase classname="node_modules/react-day-picker/src/helpers/getInitialMonth.test.ts" name="when endMonth is given &gt; when endMonth is before the default initial month &gt; when the number of month is 3 &gt; return the endMonth plus the number of months" time="0.000067458">
        </testcase>
    </testsuite>
    <testsuite name="node_modules/react-day-picker/src/helpers/getMonthOptions.test.ts" timestamp="2025-07-02T10:22:05.435Z" hostname="Shubhs-MacBook-Air.local" tests="8" failures="0" errors="0" skipped="0" time="0.002302083">
        <testcase classname="node_modules/react-day-picker/src/helpers/getMonthOptions.test.ts" name="return correct dropdown options &gt; when navStart and navEnd are defined" time="0.0010405">
        </testcase>
        <testcase classname="node_modules/react-day-picker/src/helpers/getMonthOptions.test.ts" name="return correct dropdown options &gt; when navStart and navEnd are undefined" time="0.000148417">
        </testcase>
        <testcase classname="node_modules/react-day-picker/src/helpers/getMonthOptions.test.ts" name="return correct dropdown options &gt; when less than 12 months between start and end month" time="0.000127167">
        </testcase>
        <testcase classname="node_modules/react-day-picker/src/helpers/getMonthOptions.test.ts" name="return correct dropdown options &gt; return undefined when navStart is undefined" time="0.000151625">
        </testcase>
        <testcase classname="node_modules/react-day-picker/src/helpers/getMonthOptions.test.ts" name="return correct dropdown options &gt; return undefined when navEnd is undefined" time="0.000116">
        </testcase>
        <testcase classname="node_modules/react-day-picker/src/helpers/getMonthOptions.test.ts" name="return correct dropdown options &gt; when navStart is after displayMonth" time="0.000129375">
        </testcase>
        <testcase classname="node_modules/react-day-picker/src/helpers/getMonthOptions.test.ts" name="return correct dropdown options &gt; when navEnd is before displayMonth" time="0.000123292">
        </testcase>
        <testcase classname="node_modules/react-day-picker/src/helpers/getMonthOptions.test.ts" name="return correct dropdown options &gt; when navStart and navEnd are within the same year" time="0.000109209">
        </testcase>
    </testsuite>
    <testsuite name="node_modules/react-day-picker/src/helpers/getMonths.test.ts" timestamp="2025-07-02T10:22:05.435Z" hostname="Shubhs-MacBook-Air.local" tests="5" failures="0" errors="0" skipped="0" time="0.002222042">
        <testcase classname="node_modules/react-day-picker/src/helpers/getMonths.test.ts" name="should return the correct months without ISO weeks and reverse months" time="0.001026166">
        </testcase>
        <testcase classname="node_modules/react-day-picker/src/helpers/getMonths.test.ts" name="should handle ISO weeks" time="0.000251208">
        </testcase>
        <testcase classname="node_modules/react-day-picker/src/helpers/getMonths.test.ts" name="should handle reverse months" time="0.000313417">
        </testcase>
        <testcase classname="node_modules/react-day-picker/src/helpers/getMonths.test.ts" name="should handle fixed weeks" time="0.000166667">
        </testcase>
        <testcase classname="node_modules/react-day-picker/src/helpers/getMonths.test.ts" name="should handle months with no dates" time="0.000111375">
        </testcase>
    </testsuite>
    <testsuite name="node_modules/react-day-picker/src/helpers/getNavMonth.test.ts" timestamp="2025-07-02T10:22:05.435Z" hostname="Shubhs-MacBook-Air.local" tests="37" failures="0" errors="0" skipped="0" time="0.00309025">
        <testcase classname="node_modules/react-day-picker/src/helpers/getNavMonth.test.ts" name="when &quot;startMonth&quot; is not set &gt; &quot;startMonth&quot; should be undefined" time="0.000358333">
        </testcase>
        <testcase classname="node_modules/react-day-picker/src/helpers/getNavMonth.test.ts" name="when &quot;startMonth&quot; is set &gt; &quot;startMonth&quot; should be the start of that month" time="0.000272541">
        </testcase>
        <testcase classname="node_modules/react-day-picker/src/helpers/getNavMonth.test.ts" name="when &quot;startMonth&quot; is set &gt; when &quot;fromYear&quot; is set &gt; &quot;startMonth&quot; should be the start of that month" time="0.000062875">
        </testcase>
        <testcase classname="node_modules/react-day-picker/src/helpers/getNavMonth.test.ts" name="when &quot;fromYear&quot; is set &gt; &quot;startMonth&quot; should be the start of that year" time="0.000058166">
        </testcase>
        <testcase classname="node_modules/react-day-picker/src/helpers/getNavMonth.test.ts" name="when &quot;endMonth&quot; is set &gt; &quot;endMonth&quot; should be the end of that month" time="0.000065917">
        </testcase>
        <testcase classname="node_modules/react-day-picker/src/helpers/getNavMonth.test.ts" name="when &quot;endMonth&quot; is set &gt; when &quot;fromYear&quot; is set &gt; &quot;endMonth&quot; should be the end of that month" time="0.000063916">
        </testcase>
        <testcase classname="node_modules/react-day-picker/src/helpers/getNavMonth.test.ts" name="when &quot;toYear&quot; is set &gt; &quot;endMonth&quot; should be the end of that year" time="0.000051583">
        </testcase>
        <testcase classname="node_modules/react-day-picker/src/helpers/getNavMonth.test.ts" name="when &quot;captionLayout&quot; is &quot;dropdown&quot; &gt; &quot;startMonth&quot; should be 100 years ago" time="0.000090625">
        </testcase>
        <testcase classname="node_modules/react-day-picker/src/helpers/getNavMonth.test.ts" name="when &quot;captionLayout&quot; is &quot;dropdown&quot; &gt; &quot;endMonth&quot; should be the end of this year" time="0.0000515">
        </testcase>
        <testcase classname="node_modules/react-day-picker/src/helpers/getNavMonth.test.ts" name="when &quot;captionLayout&quot; is &quot;dropdown&quot; &gt; when &quot;startMonth&quot; is set &gt; &quot;startMonth&quot; should be the start of that month" time="0.00006075">
        </testcase>
        <testcase classname="node_modules/react-day-picker/src/helpers/getNavMonth.test.ts" name="when &quot;captionLayout&quot; is &quot;dropdown&quot; &gt; when &quot;startMonth&quot; is set &gt; &quot;endMonth&quot; should be the end of this year" time="0.000070166">
        </testcase>
        <testcase classname="node_modules/react-day-picker/src/helpers/getNavMonth.test.ts" name="when &quot;captionLayout&quot; is &quot;dropdown&quot; &gt; when &quot;endMonth&quot; is set &gt; &quot;startMonth&quot; should be 100 years ago" time="0.000053541">
        </testcase>
        <testcase classname="node_modules/react-day-picker/src/helpers/getNavMonth.test.ts" name="when &quot;captionLayout&quot; is &quot;dropdown&quot; &gt; when &quot;endMonth&quot; is set &gt; &quot;endMonth&quot; should be the end of that month" time="0.000048792">
        </testcase>
        <testcase classname="node_modules/react-day-picker/src/helpers/getNavMonth.test.ts" name="when &quot;captionLayout&quot; is &quot;dropdown&quot; &gt; when &quot;fromYear&quot; is set &gt; &quot;startMonth&quot; should be equal to the &quot;fromYear&quot;" time="0.000047458">
        </testcase>
        <testcase classname="node_modules/react-day-picker/src/helpers/getNavMonth.test.ts" name="when &quot;captionLayout&quot; is &quot;dropdown&quot; &gt; when &quot;fromYear&quot; is set &gt; &quot;endMonth&quot; should be the end of this year" time="0.000063875">
        </testcase>
        <testcase classname="node_modules/react-day-picker/src/helpers/getNavMonth.test.ts" name="when &quot;captionLayout&quot; is &quot;dropdown&quot; &gt; when &quot;toYear&quot; is set &gt; &quot;startMonth&quot; should be 100 years ago" time="0.000061375">
        </testcase>
        <testcase classname="node_modules/react-day-picker/src/helpers/getNavMonth.test.ts" name="when &quot;captionLayout&quot; is &quot;dropdown&quot; &gt; when &quot;toYear&quot; is set &gt; &quot;endMonth&quot; should be equal the last day of the year" time="0.000044125">
        </testcase>
        <testcase classname="node_modules/react-day-picker/src/helpers/getNavMonth.test.ts" name="when &quot;captionLayout&quot; is &quot;dropdown-years&quot; &gt; &quot;startMonth&quot; should be 100 years ago" time="0.000034666">
        </testcase>
        <testcase classname="node_modules/react-day-picker/src/helpers/getNavMonth.test.ts" name="when &quot;captionLayout&quot; is &quot;dropdown-years&quot; &gt; &quot;endMonth&quot; should be the end of this year" time="0.000028625">
        </testcase>
        <testcase classname="node_modules/react-day-picker/src/helpers/getNavMonth.test.ts" name="when &quot;captionLayout&quot; is &quot;dropdown-years&quot; &gt; when &quot;startMonth&quot; is set &gt; &quot;startMonth&quot; should be the start of that month" time="0.000043625">
        </testcase>
        <testcase classname="node_modules/react-day-picker/src/helpers/getNavMonth.test.ts" name="when &quot;captionLayout&quot; is &quot;dropdown-years&quot; &gt; when &quot;startMonth&quot; is set &gt; &quot;endMonth&quot; should be the end of this year" time="0.000044833">
        </testcase>
        <testcase classname="node_modules/react-day-picker/src/helpers/getNavMonth.test.ts" name="when &quot;captionLayout&quot; is &quot;dropdown-years&quot; &gt; when &quot;endMonth&quot; is set &gt; &quot;startMonth&quot; should be 100 years ago" time="0.000054">
        </testcase>
        <testcase classname="node_modules/react-day-picker/src/helpers/getNavMonth.test.ts" name="when &quot;captionLayout&quot; is &quot;dropdown-years&quot; &gt; when &quot;endMonth&quot; is set &gt; &quot;endMonth&quot; should be the end of that month" time="0.000045458">
        </testcase>
        <testcase classname="node_modules/react-day-picker/src/helpers/getNavMonth.test.ts" name="when &quot;captionLayout&quot; is &quot;dropdown-years&quot; &gt; when &quot;fromYear&quot; is set &gt; &quot;startMonth&quot; should be equal to the &quot;fromYear&quot;" time="0.000051208">
        </testcase>
        <testcase classname="node_modules/react-day-picker/src/helpers/getNavMonth.test.ts" name="when &quot;captionLayout&quot; is &quot;dropdown-years&quot; &gt; when &quot;fromYear&quot; is set &gt; &quot;endMonth&quot; should be the end of this year" time="0.000038583">
        </testcase>
        <testcase classname="node_modules/react-day-picker/src/helpers/getNavMonth.test.ts" name="when &quot;captionLayout&quot; is &quot;dropdown-years&quot; &gt; when &quot;toYear&quot; is set &gt; &quot;startMonth&quot; should be 100 years ago" time="0.00004075">
        </testcase>
        <testcase classname="node_modules/react-day-picker/src/helpers/getNavMonth.test.ts" name="when &quot;captionLayout&quot; is &quot;dropdown-years&quot; &gt; when &quot;toYear&quot; is set &gt; &quot;endMonth&quot; should be equal the last day of the year" time="0.000038041">
        </testcase>
        <testcase classname="node_modules/react-day-picker/src/helpers/getNavMonth.test.ts" name="when &quot;captionLayout&quot; is &quot;dropdown-months&quot; &gt; &quot;startMonth&quot; should be undefined" time="0.0000375">
        </testcase>
        <testcase classname="node_modules/react-day-picker/src/helpers/getNavMonth.test.ts" name="when &quot;captionLayout&quot; is &quot;dropdown-months&quot; &gt; &quot;endMonth&quot; should be undefined" time="0.000049417">
        </testcase>
        <testcase classname="node_modules/react-day-picker/src/helpers/getNavMonth.test.ts" name="when &quot;captionLayout&quot; is &quot;dropdown-months&quot; &gt; when &quot;startMonth&quot; is set &gt; &quot;startMonth&quot; should be the start of that month" time="0.000044875">
        </testcase>
        <testcase classname="node_modules/react-day-picker/src/helpers/getNavMonth.test.ts" name="when &quot;captionLayout&quot; is &quot;dropdown-months&quot; &gt; when &quot;startMonth&quot; is set &gt; &quot;endMonth&quot; should be undefined" time="0.000041958">
        </testcase>
        <testcase classname="node_modules/react-day-picker/src/helpers/getNavMonth.test.ts" name="when &quot;captionLayout&quot; is &quot;dropdown-months&quot; &gt; when &quot;endMonth&quot; is set &gt; &quot;startMonth&quot; should be undefined" time="0.0000495">
        </testcase>
        <testcase classname="node_modules/react-day-picker/src/helpers/getNavMonth.test.ts" name="when &quot;captionLayout&quot; is &quot;dropdown-months&quot; &gt; when &quot;endMonth&quot; is set &gt; &quot;endMonth&quot; should be the end of that month" time="0.000046875">
        </testcase>
        <testcase classname="node_modules/react-day-picker/src/helpers/getNavMonth.test.ts" name="when &quot;captionLayout&quot; is &quot;dropdown-months&quot; &gt; when &quot;fromYear&quot; is set &gt; &quot;startMonth&quot; should be equal to the start of that year" time="0.000035708">
        </testcase>
        <testcase classname="node_modules/react-day-picker/src/helpers/getNavMonth.test.ts" name="when &quot;captionLayout&quot; is &quot;dropdown-months&quot; &gt; when &quot;fromYear&quot; is set &gt; &quot;endMonth&quot; should be undefined" time="0.000034042">
        </testcase>
        <testcase classname="node_modules/react-day-picker/src/helpers/getNavMonth.test.ts" name="when &quot;captionLayout&quot; is &quot;dropdown-months&quot; &gt; when &quot;toYear&quot; is set &gt; &quot;startMonth&quot; should be undefined" time="0.00003125">
        </testcase>
        <testcase classname="node_modules/react-day-picker/src/helpers/getNavMonth.test.ts" name="when &quot;captionLayout&quot; is &quot;dropdown-months&quot; &gt; when &quot;toYear&quot; is set &gt; &quot;endMonth&quot; should be equal to the end of that year" time="0.000037458">
        </testcase>
    </testsuite>
    <testsuite name="node_modules/react-day-picker/src/helpers/getNextFocus.test.tsx" timestamp="2025-07-02T10:22:05.437Z" hostname="Shubhs-MacBook-Air.local" tests="4" failures="0" errors="0" skipped="0" time="0.001363458">
        <testcase classname="node_modules/react-day-picker/src/helpers/getNextFocus.test.tsx" name="should return `undefined` if `attempt` exceeds 365" time="0.000509833">
        </testcase>
        <testcase classname="node_modules/react-day-picker/src/helpers/getNextFocus.test.tsx" name="should return the focus date if it is not disabled or hidden" time="0.000314875">
        </testcase>
        <testcase classname="node_modules/react-day-picker/src/helpers/getNextFocus.test.tsx" name="should return the next focus date if it is disabled" time="0.000145042">
        </testcase>
        <testcase classname="node_modules/react-day-picker/src/helpers/getNextFocus.test.tsx" name="should return the next focus date if it is hidden" time="0.000077042">
        </testcase>
    </testsuite>
    <testsuite name="node_modules/react-day-picker/src/helpers/getNextMonth.test.ts" timestamp="2025-07-02T10:22:05.437Z" hostname="Shubhs-MacBook-Air.local" tests="7" failures="0" errors="0" skipped="0" time="0.001495">
        <testcase classname="node_modules/react-day-picker/src/helpers/getNextMonth.test.ts" name="when number of months is 1 &gt; when the navigation is disabled &gt; the next month is undefined" time="0.000403167">
        </testcase>
        <testcase classname="node_modules/react-day-picker/src/helpers/getNextMonth.test.ts" name="when number of months is 1 &gt; when in the navigable range &gt; the next month is not undefined" time="0.000155625">
        </testcase>
        <testcase classname="node_modules/react-day-picker/src/helpers/getNextMonth.test.ts" name="when number of months is 1 &gt; when not in the navigable range &gt; the next month is undefined" time="0.000068791">
        </testcase>
        <testcase classname="node_modules/react-day-picker/src/helpers/getNextMonth.test.ts" name="when displaying 3 months &gt; when the navigation is paged &gt; the next month is 3 months ahead" time="0.000078125">
        </testcase>
        <testcase classname="node_modules/react-day-picker/src/helpers/getNextMonth.test.ts" name="when displaying 3 months &gt; when the navigation is paged &gt; when the to-date is ahead less than 3 months &gt; the next month is undefined" time="0.000070625">
        </testcase>
        <testcase classname="node_modules/react-day-picker/src/helpers/getNextMonth.test.ts" name="when displaying 3 months &gt; when the navigation is not paged &gt; the next month is 1 months ahead" time="0.000067292">
        </testcase>
        <testcase classname="node_modules/react-day-picker/src/helpers/getNextMonth.test.ts" name="when displaying 3 months &gt; when the navigation is not paged &gt; when the to-date is ahead less than 3 months &gt; the next month is undefined" time="0.000066375">
        </testcase>
    </testsuite>
    <testsuite name="node_modules/react-day-picker/src/helpers/getPreviousMonth.test.ts" timestamp="2025-07-02T10:22:05.437Z" hostname="Shubhs-MacBook-Air.local" tests="4" failures="0" errors="0" skipped="0" time="0.001149292">
        <testcase classname="node_modules/react-day-picker/src/helpers/getPreviousMonth.test.ts" name="should return undefined if navigation is disabled" time="0.000353959">
        </testcase>
        <testcase classname="node_modules/react-day-picker/src/helpers/getPreviousMonth.test.ts" name="should return the previous month if startMonth is not provided" time="0.000323125">
        </testcase>
        <testcase classname="node_modules/react-day-picker/src/helpers/getPreviousMonth.test.ts" name="should return undefined if the previous month is before the startMonth" time="0.000086334">
        </testcase>
        <testcase classname="node_modules/react-day-picker/src/helpers/getPreviousMonth.test.ts" name="should return the correct previous month when pagedNavigation is true" time="0.000064417">
        </testcase>
    </testsuite>
    <testsuite name="node_modules/react-day-picker/src/helpers/getStyleForModifiers.test.ts" timestamp="2025-07-02T10:22:05.437Z" hostname="Shubhs-MacBook-Air.local" tests="4" failures="0" errors="0" skipped="0" time="0.001154291">
        <testcase classname="node_modules/react-day-picker/src/helpers/getStyleForModifiers.test.ts" name="applies modifier styles to the base style" time="0.000573083">
        </testcase>
        <testcase classname="node_modules/react-day-picker/src/helpers/getStyleForModifiers.test.ts" name="ignores modifiers that are not active" time="0.000091083">
        </testcase>
        <testcase classname="node_modules/react-day-picker/src/helpers/getStyleForModifiers.test.ts" name="combines multiple active modifier styles" time="0.000078333">
        </testcase>
        <testcase classname="node_modules/react-day-picker/src/helpers/getStyleForModifiers.test.ts" name="applies the most recent modifier style when there are conflicts" time="0.000070625">
        </testcase>
    </testsuite>
    <testsuite name="node_modules/react-day-picker/src/helpers/getWeekdays.test.ts" timestamp="2025-07-02T10:22:05.437Z" hostname="Shubhs-MacBook-Air.local" tests="10" failures="2" errors="0" skipped="0" time="0.003898833">
        <testcase classname="node_modules/react-day-picker/src/helpers/getWeekdays.test.ts" name="when rendered without a locale &gt; should return 7 days" time="0.000747292">
        </testcase>
        <testcase classname="node_modules/react-day-picker/src/helpers/getWeekdays.test.ts" name="when rendered without a locale &gt; should return Sunday as first day" time="0.0018665">
            <failure message="Invalid Chai property: toBeSunday" type="Error">
Error: Invalid Chai property: toBeSunday
 ❯ node_modules/react-day-picker/src/helpers/getWeekdays.test.ts:16:22
            </failure>
        </testcase>
        <testcase classname="node_modules/react-day-picker/src/helpers/getWeekdays.test.ts" name="when week start on 0 &gt; the first date should be weekStartsOn" time="0.000121042">
        </testcase>
        <testcase classname="node_modules/react-day-picker/src/helpers/getWeekdays.test.ts" name="when week start on 1 &gt; the first date should be weekStartsOn" time="0.00005525">
        </testcase>
        <testcase classname="node_modules/react-day-picker/src/helpers/getWeekdays.test.ts" name="when week start on 2 &gt; the first date should be weekStartsOn" time="0.000057958">
        </testcase>
        <testcase classname="node_modules/react-day-picker/src/helpers/getWeekdays.test.ts" name="when week start on 3 &gt; the first date should be weekStartsOn" time="0.000053333">
        </testcase>
        <testcase classname="node_modules/react-day-picker/src/helpers/getWeekdays.test.ts" name="when week start on 4 &gt; the first date should be weekStartsOn" time="0.000048291">
        </testcase>
        <testcase classname="node_modules/react-day-picker/src/helpers/getWeekdays.test.ts" name="when week start on 5 &gt; the first date should be weekStartsOn" time="0.000042334">
        </testcase>
        <testcase classname="node_modules/react-day-picker/src/helpers/getWeekdays.test.ts" name="when week start on 6 &gt; the first date should be weekStartsOn" time="0.000045542">
        </testcase>
        <testcase classname="node_modules/react-day-picker/src/helpers/getWeekdays.test.ts" name="when using ISO week &gt; should return Monday as first day" time="0.000284417">
            <failure message="Invalid Chai property: toBeMonday" type="Error">
Error: Invalid Chai property: toBeMonday
 ❯ node_modules/react-day-picker/src/helpers/getWeekdays.test.ts:39:22
            </failure>
        </testcase>
    </testsuite>
    <testsuite name="node_modules/react-day-picker/src/helpers/getWeeks.test.ts" timestamp="2025-07-02T10:22:05.438Z" hostname="Shubhs-MacBook-Air.local" tests="1" failures="0" errors="0" skipped="0" time="0.000949125">
        <testcase classname="node_modules/react-day-picker/src/helpers/getWeeks.test.ts" name="should return all the days belonging to the calendar by merging the days in the weeks for each month" time="0.000588833">
        </testcase>
    </testsuite>
    <testsuite name="node_modules/react-day-picker/src/helpers/getYearOptions.test.ts" timestamp="2025-07-02T10:22:05.438Z" hostname="Shubhs-MacBook-Air.local" tests="2" failures="0" errors="0" skipped="0" time="0.001252333">
        <testcase classname="node_modules/react-day-picker/src/helpers/getYearOptions.test.ts" name="return undefined if navStart or navEnd are not set" time="0.000425625">
        </testcase>
        <testcase classname="node_modules/react-day-picker/src/helpers/getYearOptions.test.ts" name="return correct dropdown options" time="0.000488042">
        </testcase>
    </testsuite>
    <testsuite name="node_modules/react-day-picker/src/helpers/startOfBroadcastWeek.test.ts" timestamp="2025-07-02T10:22:05.438Z" hostname="Shubhs-MacBook-Air.local" tests="12" failures="0" errors="0" skipped="0" time="0.001572542">
        <testcase classname="node_modules/react-day-picker/src/helpers/startOfBroadcastWeek.test.ts" name="startOfBroadcastWeek &gt; startOfBroadcastWeek(2022-12-31T18:30:00.000Z) should return 2022-12-25T18:30:00.000Z" time="0.000602541">
        </testcase>
        <testcase classname="node_modules/react-day-picker/src/helpers/startOfBroadcastWeek.test.ts" name="startOfBroadcastWeek &gt; startOfBroadcastWeek(2023-01-31T18:30:00.000Z) should return 2023-01-29T18:30:00.000Z" time="0.000071083">
        </testcase>
        <testcase classname="node_modules/react-day-picker/src/helpers/startOfBroadcastWeek.test.ts" name="startOfBroadcastWeek &gt; startOfBroadcastWeek(2023-02-28T18:30:00.000Z) should return 2023-02-26T18:30:00.000Z" time="0.0000585">
        </testcase>
        <testcase classname="node_modules/react-day-picker/src/helpers/startOfBroadcastWeek.test.ts" name="startOfBroadcastWeek &gt; startOfBroadcastWeek(2023-03-31T18:30:00.000Z) should return 2023-03-26T18:30:00.000Z" time="0.000049125">
        </testcase>
        <testcase classname="node_modules/react-day-picker/src/helpers/startOfBroadcastWeek.test.ts" name="startOfBroadcastWeek &gt; startOfBroadcastWeek(2023-04-30T18:30:00.000Z) should return 2023-04-30T18:30:00.000Z" time="0.000045958">
        </testcase>
        <testcase classname="node_modules/react-day-picker/src/helpers/startOfBroadcastWeek.test.ts" name="startOfBroadcastWeek &gt; startOfBroadcastWeek(2023-05-31T18:30:00.000Z) should return 2023-05-28T18:30:00.000Z" time="0.000051583">
        </testcase>
        <testcase classname="node_modules/react-day-picker/src/helpers/startOfBroadcastWeek.test.ts" name="startOfBroadcastWeek &gt; startOfBroadcastWeek(2023-06-30T18:30:00.000Z) should return 2023-06-25T18:30:00.000Z" time="0.000045458">
        </testcase>
        <testcase classname="node_modules/react-day-picker/src/helpers/startOfBroadcastWeek.test.ts" name="startOfBroadcastWeek &gt; startOfBroadcastWeek(2023-07-31T18:30:00.000Z) should return 2023-07-30T18:30:00.000Z" time="0.000039167">
        </testcase>
        <testcase classname="node_modules/react-day-picker/src/helpers/startOfBroadcastWeek.test.ts" name="startOfBroadcastWeek &gt; startOfBroadcastWeek(2023-08-31T18:30:00.000Z) should return 2023-08-27T18:30:00.000Z" time="0.000045584">
        </testcase>
        <testcase classname="node_modules/react-day-picker/src/helpers/startOfBroadcastWeek.test.ts" name="startOfBroadcastWeek &gt; startOfBroadcastWeek(2023-09-30T18:30:00.000Z) should return 2023-09-24T18:30:00.000Z" time="0.00005275">
        </testcase>
        <testcase classname="node_modules/react-day-picker/src/helpers/startOfBroadcastWeek.test.ts" name="startOfBroadcastWeek &gt; startOfBroadcastWeek(2023-10-31T18:30:00.000Z) should return 2023-10-29T18:30:00.000Z" time="0.0000415">
        </testcase>
        <testcase classname="node_modules/react-day-picker/src/helpers/startOfBroadcastWeek.test.ts" name="startOfBroadcastWeek &gt; startOfBroadcastWeek(2023-11-30T18:30:00.000Z) should return 2023-11-26T18:30:00.000Z" time="0.000037625">
        </testcase>
    </testsuite>
    <testsuite name="node_modules/react-day-picker/src/helpers/useControlledValue.test.ts" timestamp="2025-07-02T10:22:05.439Z" hostname="Shubhs-MacBook-Air.local" tests="4" failures="0" errors="0" skipped="0" time="0.008043083">
        <testcase classname="node_modules/react-day-picker/src/helpers/useControlledValue.test.ts" name="when the value is controlled &gt; should return the controlled value" time="0.005326333">
        </testcase>
        <testcase classname="node_modules/react-day-picker/src/helpers/useControlledValue.test.ts" name="when the value is controlled &gt; when setting a new value &gt; should return the controlled value instead" time="0.000989208">
        </testcase>
        <testcase classname="node_modules/react-day-picker/src/helpers/useControlledValue.test.ts" name="when the value is not controlled &gt; should return the value" time="0.000598709">
        </testcase>
        <testcase classname="node_modules/react-day-picker/src/helpers/useControlledValue.test.ts" name="when the value is not controlled &gt; when setting a new value &gt; should return the new value" time="0.000588666">
        </testcase>
    </testsuite>
    <testsuite name="node_modules/react-day-picker/src/labels/labelDayButton.test.ts" timestamp="2025-07-02T10:22:05.439Z" hostname="Shubhs-MacBook-Air.local" tests="3" failures="0" errors="0" skipped="0" time="0.001557083">
        <testcase classname="node_modules/react-day-picker/src/labels/labelDayButton.test.ts" name="when the day is selected &gt; return the label" time="0.000924042">
        </testcase>
        <testcase classname="node_modules/react-day-picker/src/labels/labelDayButton.test.ts" name="when the day is today &gt; return the label" time="0.000121791">
        </testcase>
        <testcase classname="node_modules/react-day-picker/src/labels/labelDayButton.test.ts" name="should return the localized label" time="0.000104875">
        </testcase>
    </testsuite>
    <testsuite name="node_modules/react-day-picker/src/labels/labelGrid.test.ts" timestamp="2025-07-02T10:22:05.439Z" hostname="Shubhs-MacBook-Air.local" tests="1" failures="0" errors="0" skipped="0" time="0.001102">
        <testcase classname="node_modules/react-day-picker/src/labels/labelGrid.test.ts" name="return the label" time="0.00079325">
        </testcase>
    </testsuite>
    <testsuite name="node_modules/react-day-picker/src/labels/labelGridcell.test.ts" timestamp="2025-07-02T10:22:05.439Z" hostname="Shubhs-MacBook-Air.local" tests="1" failures="0" errors="0" skipped="0" time="0.00121425">
        <testcase classname="node_modules/react-day-picker/src/labels/labelGridcell.test.ts" name="return the label" time="0.00089075">
        </testcase>
    </testsuite>
    <testsuite name="node_modules/react-day-picker/src/labels/labelMonthDropdown.test.ts" timestamp="2025-07-02T10:22:05.439Z" hostname="Shubhs-MacBook-Air.local" tests="1" failures="0" errors="0" skipped="0" time="0.000851709">
        <testcase classname="node_modules/react-day-picker/src/labels/labelMonthDropdown.test.ts" name="should return the label" time="0.000500375">
        </testcase>
    </testsuite>
    <testsuite name="node_modules/react-day-picker/src/labels/labelNav.test.ts" timestamp="2025-07-02T10:22:05.439Z" hostname="Shubhs-MacBook-Air.local" tests="1" failures="0" errors="0" skipped="0" time="0.000735875">
        <testcase classname="node_modules/react-day-picker/src/labels/labelNav.test.ts" name="should return the label" time="0.000424416">
        </testcase>
    </testsuite>
    <testsuite name="node_modules/react-day-picker/src/labels/labelNext.test.ts" timestamp="2025-07-02T10:22:05.439Z" hostname="Shubhs-MacBook-Air.local" tests="1" failures="0" errors="0" skipped="0" time="0.000800334">
        <testcase classname="node_modules/react-day-picker/src/labels/labelNext.test.ts" name="should return the label" time="0.000463333">
        </testcase>
    </testsuite>
    <testsuite name="node_modules/react-day-picker/src/labels/labelPrevious.test.ts" timestamp="2025-07-02T10:22:05.439Z" hostname="Shubhs-MacBook-Air.local" tests="1" failures="0" errors="0" skipped="0" time="0.0008345">
        <testcase classname="node_modules/react-day-picker/src/labels/labelPrevious.test.ts" name="should return the label" time="0.000496958">
        </testcase>
    </testsuite>
    <testsuite name="node_modules/react-day-picker/src/labels/labelWeekNumber.test.ts" timestamp="2025-07-02T10:22:05.439Z" hostname="Shubhs-MacBook-Air.local" tests="1" failures="0" errors="0" skipped="0" time="0.000788542">
        <testcase classname="node_modules/react-day-picker/src/labels/labelWeekNumber.test.ts" name="should return the label" time="0.000465209">
        </testcase>
    </testsuite>
    <testsuite name="node_modules/react-day-picker/src/labels/labelWeekNumberHeader.test.ts" timestamp="2025-07-02T10:22:05.439Z" hostname="Shubhs-MacBook-Air.local" tests="1" failures="0" errors="0" skipped="0" time="0.000841625">
        <testcase classname="node_modules/react-day-picker/src/labels/labelWeekNumberHeader.test.ts" name="should return the label" time="0.000491917">
        </testcase>
    </testsuite>
    <testsuite name="node_modules/react-day-picker/src/labels/labelWeekday.test.ts" timestamp="2025-07-02T10:22:05.440Z" hostname="Shubhs-MacBook-Air.local" tests="2" failures="0" errors="0" skipped="0" time="0.001233125">
        <testcase classname="node_modules/react-day-picker/src/labels/labelWeekday.test.ts" name="should return the formatted weekday name" time="0.000755833">
        </testcase>
        <testcase classname="node_modules/react-day-picker/src/labels/labelWeekday.test.ts" name="when a locale is passed in &gt; should format using the locale" time="0.000101">
        </testcase>
    </testsuite>
    <testsuite name="node_modules/react-day-picker/src/labels/labelYearDropdown.test.ts" timestamp="2025-07-02T10:22:05.440Z" hostname="Shubhs-MacBook-Air.local" tests="1" failures="0" errors="0" skipped="0" time="0.00083275">
        <testcase classname="node_modules/react-day-picker/src/labels/labelYearDropdown.test.ts" name="should return the label" time="0.000482916">
        </testcase>
    </testsuite>
    <testsuite name="node_modules/react-day-picker/src/selection/useMulti.test.tsx" timestamp="2025-07-02T10:22:05.440Z" hostname="Shubhs-MacBook-Air.local" tests="1" failures="1" errors="0" skipped="0" time="0">
        <testcase classname="node_modules/react-day-picker/src/selection/useMulti.test.tsx" name="node_modules/react-day-picker/src/selection/useMulti.test.tsx" time="0">
            <failure message="Failed to resolve import &quot;@/test/render&quot; from &quot;node_modules/react-day-picker/src/selection/useMulti.test.tsx&quot;. Does the file exist?" type="Error">
Error: Failed to resolve import &quot;@/test/render&quot; from &quot;node_modules/react-day-picker/src/selection/useMulti.test.tsx&quot;. Does the file exist?
  Plugin: vite:import-analysis
  File: /Users/shubhpatel/Downloads/MB-Sparrow-main/frontend/node_modules/react-day-picker/src/selection/useMulti.test.tsx:1:32
  1  |  import { act, renderHook } from &quot;@/test/render&quot;;
     |                                   ^
  2  |  import { defaultDateLib } from &quot;../classes/DateLib&quot;;
  3  |  import { useMulti } from &quot;./useMulti&quot;;
 ❯ TransformPluginContext._formatError node_modules/vite/dist/node/chunks/dep-C6uTJdX2.js:49258:41
 ❯ TransformPluginContext.error node_modules/vite/dist/node/chunks/dep-C6uTJdX2.js:49253:16
 ❯ normalizeUrl node_modules/vite/dist/node/chunks/dep-C6uTJdX2.js:64291:23
 ❯ node_modules/vite/dist/node/chunks/dep-C6uTJdX2.js:64423:39
 ❯ TransformPluginContext.transform node_modules/vite/dist/node/chunks/dep-C6uTJdX2.js:64350:7
 ❯ PluginContainer.transform node_modules/vite/dist/node/chunks/dep-C6uTJdX2.js:49099:18
 ❯ loadAndTransform node_modules/vite/dist/node/chunks/dep-C6uTJdX2.js:51977:27

⎯⎯⎯⎯⎯⎯⎯⎯⎯⎯⎯⎯⎯⎯⎯⎯⎯⎯⎯⎯⎯⎯⎯⎯⎯⎯⎯⎯⎯⎯
Serialized Error: { __vitest_rollup_error__: { plugin: &apos;vite:import-analysis&apos;, id: &apos;/Users/shubhpatel/Downloads/MB-Sparrow-main/frontend/node_modules/react-day-picker/src/selection/useMulti.test.tsx&apos;, loc: { file: &apos;/Users/shubhpatel/Downloads/MB-Sparrow-main/frontend/node_modules/react-day-picker/src/selection/useMulti.test.tsx&apos;, line: 1, column: 32 }, frame: &apos;1  |  import { act, renderHook } from &quot;@/test/render&quot;;\n   |                                   ^\n2  |  import { defaultDateLib } from &quot;../classes/DateLib&quot;;\n3  |  import { useMulti } from &quot;./useMulti&quot;;&apos; } }
            </failure>
        </testcase>
    </testsuite>
    <testsuite name="node_modules/react-day-picker/src/selection/useRange.test.tsx" timestamp="2025-07-02T10:22:05.440Z" hostname="Shubhs-MacBook-Air.local" tests="1" failures="1" errors="0" skipped="0" time="0">
        <testcase classname="node_modules/react-day-picker/src/selection/useRange.test.tsx" name="node_modules/react-day-picker/src/selection/useRange.test.tsx" time="0">
            <failure message="Failed to resolve import &quot;@/test/render&quot; from &quot;node_modules/react-day-picker/src/selection/useRange.test.tsx&quot;. Does the file exist?" type="Error">
Error: Failed to resolve import &quot;@/test/render&quot; from &quot;node_modules/react-day-picker/src/selection/useRange.test.tsx&quot;. Does the file exist?
  Plugin: vite:import-analysis
  File: /Users/shubhpatel/Downloads/MB-Sparrow-main/frontend/node_modules/react-day-picker/src/selection/useRange.test.tsx:2:32
  1  |  import { act, renderHook } from &quot;@/test/render&quot;;
     |                                   ^
  2  |  import { defaultDateLib } from &quot;../classes/DateLib&quot;;
  3  |  import { useRange } from &quot;./useRange&quot;;
 ❯ TransformPluginContext._formatError node_modules/vite/dist/node/chunks/dep-C6uTJdX2.js:49258:41
 ❯ TransformPluginContext.error node_modules/vite/dist/node/chunks/dep-C6uTJdX2.js:49253:16
 ❯ normalizeUrl node_modules/vite/dist/node/chunks/dep-C6uTJdX2.js:64291:23
 ❯ node_modules/vite/dist/node/chunks/dep-C6uTJdX2.js:64423:39
 ❯ TransformPluginContext.transform node_modules/vite/dist/node/chunks/dep-C6uTJdX2.js:64350:7
 ❯ PluginContainer.transform node_modules/vite/dist/node/chunks/dep-C6uTJdX2.js:49099:18
 ❯ loadAndTransform node_modules/vite/dist/node/chunks/dep-C6uTJdX2.js:51977:27

⎯⎯⎯⎯⎯⎯⎯⎯⎯⎯⎯⎯⎯⎯⎯⎯⎯⎯⎯⎯⎯⎯⎯⎯⎯⎯⎯⎯⎯⎯
Serialized Error: { __vitest_rollup_error__: { plugin: &apos;vite:import-analysis&apos;, id: &apos;/Users/shubhpatel/Downloads/MB-Sparrow-main/frontend/node_modules/react-day-picker/src/selection/useRange.test.tsx&apos;, loc: { file: &apos;/Users/shubhpatel/Downloads/MB-Sparrow-main/frontend/node_modules/react-day-picker/src/selection/useRange.test.tsx&apos;, line: 2, column: 32 }, frame: &apos;1  |  import { act, renderHook } from &quot;@/test/render&quot;;\n   |                                   ^\n2  |  import { defaultDateLib } from &quot;../classes/DateLib&quot;;\n3  |  import { useRange } from &quot;./useRange&quot;;&apos; } }
            </failure>
        </testcase>
    </testsuite>
    <testsuite name="node_modules/react-day-picker/src/selection/useSingle.test.tsx" timestamp="2025-07-02T10:22:05.440Z" hostname="Shubhs-MacBook-Air.local" tests="1" failures="1" errors="0" skipped="0" time="0">
        <testcase classname="node_modules/react-day-picker/src/selection/useSingle.test.tsx" name="node_modules/react-day-picker/src/selection/useSingle.test.tsx" time="0">
            <failure message="Failed to resolve import &quot;@/test/render&quot; from &quot;node_modules/react-day-picker/src/selection/useSingle.test.tsx&quot;. Does the file exist?" type="Error">
Error: Failed to resolve import &quot;@/test/render&quot; from &quot;node_modules/react-day-picker/src/selection/useSingle.test.tsx&quot;. Does the file exist?
  Plugin: vite:import-analysis
  File: /Users/shubhpatel/Downloads/MB-Sparrow-main/frontend/node_modules/react-day-picker/src/selection/useSingle.test.tsx:1:32
  1  |  import { act, renderHook } from &quot;@/test/render&quot;;
     |                                   ^
  2  |  import { defaultDateLib } from &quot;../classes/DateLib&quot;;
  3  |  import { useSingle } from &quot;./useSingle&quot;;
 ❯ TransformPluginContext._formatError node_modules/vite/dist/node/chunks/dep-C6uTJdX2.js:49258:41
 ❯ TransformPluginContext.error node_modules/vite/dist/node/chunks/dep-C6uTJdX2.js:49253:16
 ❯ normalizeUrl node_modules/vite/dist/node/chunks/dep-C6uTJdX2.js:64291:23
 ❯ node_modules/vite/dist/node/chunks/dep-C6uTJdX2.js:64423:39
 ❯ TransformPluginContext.transform node_modules/vite/dist/node/chunks/dep-C6uTJdX2.js:64350:7
 ❯ PluginContainer.transform node_modules/vite/dist/node/chunks/dep-C6uTJdX2.js:49099:18
 ❯ loadAndTransform node_modules/vite/dist/node/chunks/dep-C6uTJdX2.js:51977:27

⎯⎯⎯⎯⎯⎯⎯⎯⎯⎯⎯⎯⎯⎯⎯⎯⎯⎯⎯⎯⎯⎯⎯⎯⎯⎯⎯⎯⎯⎯
Serialized Error: { __vitest_rollup_error__: { plugin: &apos;vite:import-analysis&apos;, id: &apos;/Users/shubhpatel/Downloads/MB-Sparrow-main/frontend/node_modules/react-day-picker/src/selection/useSingle.test.tsx&apos;, loc: { file: &apos;/Users/shubhpatel/Downloads/MB-Sparrow-main/frontend/node_modules/react-day-picker/src/selection/useSingle.test.tsx&apos;, line: 1, column: 32 }, frame: &apos;1  |  import { act, renderHook } from &quot;@/test/render&quot;;\n   |                                   ^\n2  |  import { defaultDateLib } from &quot;../classes/DateLib&quot;;\n3  |  import { useSingle } from &quot;./useSingle&quot;;&apos; } }
            </failure>
        </testcase>
    </testsuite>
    <testsuite name="node_modules/react-day-picker/src/types/props.test.tsx" timestamp="2025-07-02T10:22:05.440Z" hostname="Shubhs-MacBook-Air.local" tests="1" failures="0" errors="0" skipped="0" time="0.000633875">
        <testcase classname="node_modules/react-day-picker/src/types/props.test.tsx" name="should type-check" time="0.000327125">
        </testcase>
    </testsuite>
    <testsuite name="node_modules/react-day-picker/src/utils/addToRange.test.ts" timestamp="2025-07-02T10:22:05.440Z" hostname="Shubhs-MacBook-Air.local" tests="16" failures="0" errors="0" skipped="0" time="0.001939916">
        <testcase classname="node_modules/react-day-picker/src/utils/addToRange.test.ts" name="addToRange &gt; add a date to an undefined range" time="0.000624875">
        </testcase>
        <testcase classname="node_modules/react-day-picker/src/utils/addToRange.test.ts" name="addToRange &gt; add a date to an empty range" time="0.000093083">
        </testcase>
        <testcase classname="node_modules/react-day-picker/src/utils/addToRange.test.ts" name="addToRange &gt; add a date to an incomplete range with same start date" time="0.000076458">
        </testcase>
        <testcase classname="node_modules/react-day-picker/src/utils/addToRange.test.ts" name="addToRange &gt; add a date to an incomplete range with earlier date" time="0.000075042">
        </testcase>
        <testcase classname="node_modules/react-day-picker/src/utils/addToRange.test.ts" name="addToRange &gt; add a date to an incomplete range with later date" time="0.000057042">
        </testcase>
        <testcase classname="node_modules/react-day-picker/src/utils/addToRange.test.ts" name="addToRange &gt; add a date to a complete range with same start and end date" time="0.000056709">
        </testcase>
        <testcase classname="node_modules/react-day-picker/src/utils/addToRange.test.ts" name="addToRange &gt; add a date to a complete range with same start date" time="0.000063958">
        </testcase>
        <testcase classname="node_modules/react-day-picker/src/utils/addToRange.test.ts" name="addToRange &gt; add a date to a complete range with same end date" time="0.000056208">
        </testcase>
        <testcase classname="node_modules/react-day-picker/src/utils/addToRange.test.ts" name="addToRange &gt; add a date when inside the range" time="0.000075042">
        </testcase>
        <testcase classname="node_modules/react-day-picker/src/utils/addToRange.test.ts" name="addToRange &gt; add an earlier date to a complete range" time="0.000062542">
        </testcase>
        <testcase classname="node_modules/react-day-picker/src/utils/addToRange.test.ts" name="addToRange &gt; add a later date to a complete range" time="0.00005325">
        </testcase>
        <testcase classname="node_modules/react-day-picker/src/utils/addToRange.test.ts" name="addToRange &gt; add a date with min &gt; 0" time="0.000039292">
        </testcase>
        <testcase classname="node_modules/react-day-picker/src/utils/addToRange.test.ts" name="addToRange &gt; add a date with max &gt; 0" time="0.000044333">
        </testcase>
        <testcase classname="node_modules/react-day-picker/src/utils/addToRange.test.ts" name="addToRange &gt; add a date with required set to true" time="0.000037416">
        </testcase>
        <testcase classname="node_modules/react-day-picker/src/utils/addToRange.test.ts" name="addToRange &gt; when exceeding max, set the start of the range" time="0.000041542">
        </testcase>
        <testcase classname="node_modules/react-day-picker/src/utils/addToRange.test.ts" name="addToRange &gt; when below min, set the start of the range" time="0.00004">
        </testcase>
    </testsuite>
    <testsuite name="node_modules/react-day-picker/src/utils/dateMatchModifiers.test.ts" timestamp="2025-07-02T10:22:05.441Z" hostname="Shubhs-MacBook-Air.local" tests="12" failures="0" errors="0" skipped="0" time="0.001373542">
        <testcase classname="node_modules/react-day-picker/src/utils/dateMatchModifiers.test.ts" name="when the matcher is a boolean &gt; should return the boolean" time="0.000334375">
        </testcase>
        <testcase classname="node_modules/react-day-picker/src/utils/dateMatchModifiers.test.ts" name="when matching the same day &gt; should return true" time="0.000058542">
        </testcase>
        <testcase classname="node_modules/react-day-picker/src/utils/dateMatchModifiers.test.ts" name="when matching an array of dates including the day &gt; should return true" time="0.000043708">
        </testcase>
        <testcase classname="node_modules/react-day-picker/src/utils/dateMatchModifiers.test.ts" name="when matching date range &gt; should return true" time="0.000041292">
        </testcase>
        <testcase classname="node_modules/react-day-picker/src/utils/dateMatchModifiers.test.ts" name="when matching the day of week &gt; should return true" time="0.000038375">
        </testcase>
        <testcase classname="node_modules/react-day-picker/src/utils/dateMatchModifiers.test.ts" name="when matching date interval (closed) &gt; should return true for the included day" time="0.000041625">
        </testcase>
        <testcase classname="node_modules/react-day-picker/src/utils/dateMatchModifiers.test.ts" name="when matching date interval (open) &gt; should return false" time="0.000056334">
        </testcase>
        <testcase classname="node_modules/react-day-picker/src/utils/dateMatchModifiers.test.ts" name="when matching date interval (open) &gt; should return true for the days before" time="0.000051042">
        </testcase>
        <testcase classname="node_modules/react-day-picker/src/utils/dateMatchModifiers.test.ts" name="when matching date interval (open) &gt; should return true for the days after" time="0.000059709">
        </testcase>
        <testcase classname="node_modules/react-day-picker/src/utils/dateMatchModifiers.test.ts" name="when matching the date after &gt; should return true" time="0.000044">
        </testcase>
        <testcase classname="node_modules/react-day-picker/src/utils/dateMatchModifiers.test.ts" name="when matching the date before &gt; should return true" time="0.00004225">
        </testcase>
        <testcase classname="node_modules/react-day-picker/src/utils/dateMatchModifiers.test.ts" name="when the matcher is a function &gt; should return the result of the function" time="0.000041417">
        </testcase>
    </testsuite>
    <testsuite name="node_modules/react-day-picker/src/utils/rangeContainsDayOfWeek.test.ts" timestamp="2025-07-02T10:22:05.441Z" hostname="Shubhs-MacBook-Air.local" tests="13" failures="0" errors="0" skipped="0" time="0.001576458">
        <testcase classname="node_modules/react-day-picker/src/utils/rangeContainsDayOfWeek.test.ts" name="should return false &gt; range from Mon Sep 02 2024 00:00:00 GMT+0530 (India Standard Time) to Sat Sep 07 2024 00:00:00 GMT+0530 (India Standard Time) should not contain 0" time="0.000524125">
        </testcase>
        <testcase classname="node_modules/react-day-picker/src/utils/rangeContainsDayOfWeek.test.ts" name="should return false &gt; range from Mon Sep 02 2024 00:00:00 GMT+0530 (India Standard Time) to Fri Sep 06 2024 00:00:00 GMT+0530 (India Standard Time) should not contain [0,6]" time="0.000076917">
        </testcase>
        <testcase classname="node_modules/react-day-picker/src/utils/rangeContainsDayOfWeek.test.ts" name="should return false &gt; range from Sun Sep 01 2024 00:00:00 GMT+0530 (India Standard Time) to Fri Sep 06 2024 00:00:00 GMT+0530 (India Standard Time) should not contain 6" time="0.00005875">
        </testcase>
        <testcase classname="node_modules/react-day-picker/src/utils/rangeContainsDayOfWeek.test.ts" name="should return true &gt; range from Sun Sep 01 2024 00:00:00 GMT+0530 (India Standard Time) to Sat Sep 07 2024 00:00:00 GMT+0530 (India Standard Time) should contain 0" time="0.000060292">
        </testcase>
        <testcase classname="node_modules/react-day-picker/src/utils/rangeContainsDayOfWeek.test.ts" name="should return true &gt; range from Mon Sep 02 2024 00:00:00 GMT+0530 (India Standard Time) to Fri Sep 06 2024 00:00:00 GMT+0530 (India Standard Time) should contain 1" time="0.000047542">
        </testcase>
        <testcase classname="node_modules/react-day-picker/src/utils/rangeContainsDayOfWeek.test.ts" name="should return true &gt; range from Mon Sep 02 2024 00:00:00 GMT+0530 (India Standard Time) to Fri Sep 06 2024 00:00:00 GMT+0530 (India Standard Time) should contain 2" time="0.000050833">
        </testcase>
        <testcase classname="node_modules/react-day-picker/src/utils/rangeContainsDayOfWeek.test.ts" name="should return true &gt; range from Mon Sep 02 2024 00:00:00 GMT+0530 (India Standard Time) to Fri Sep 06 2024 00:00:00 GMT+0530 (India Standard Time) should contain 3" time="0.000044292">
        </testcase>
        <testcase classname="node_modules/react-day-picker/src/utils/rangeContainsDayOfWeek.test.ts" name="should return true &gt; range from Mon Sep 02 2024 00:00:00 GMT+0530 (India Standard Time) to Fri Sep 06 2024 00:00:00 GMT+0530 (India Standard Time) should contain 4" time="0.000039125">
        </testcase>
        <testcase classname="node_modules/react-day-picker/src/utils/rangeContainsDayOfWeek.test.ts" name="should return true &gt; range from Mon Sep 02 2024 00:00:00 GMT+0530 (India Standard Time) to Fri Sep 06 2024 00:00:00 GMT+0530 (India Standard Time) should contain 5" time="0.00004625">
        </testcase>
        <testcase classname="node_modules/react-day-picker/src/utils/rangeContainsDayOfWeek.test.ts" name="should return true &gt; range from Mon Sep 02 2024 00:00:00 GMT+0530 (India Standard Time) to Sat Sep 07 2024 00:00:00 GMT+0530 (India Standard Time) should contain 6" time="0.000051542">
        </testcase>
        <testcase classname="node_modules/react-day-picker/src/utils/rangeContainsDayOfWeek.test.ts" name="should return true &gt; range from Mon Sep 02 2024 00:00:00 GMT+0530 (India Standard Time) to Sat Sep 07 2024 00:00:00 GMT+0530 (India Standard Time) should contain [0,6]" time="0.000038208">
        </testcase>
        <testcase classname="node_modules/react-day-picker/src/utils/rangeContainsDayOfWeek.test.ts" name="should return true &gt; range from Mon Sep 02 2024 00:00:00 GMT+0530 (India Standard Time) to Sun Sep 08 2024 00:00:00 GMT+0530 (India Standard Time) should contain 0" time="0.000040083">
        </testcase>
        <testcase classname="node_modules/react-day-picker/src/utils/rangeContainsDayOfWeek.test.ts" name="should return true &gt; range from Mon Sep 02 2024 00:00:00 GMT+0530 (India Standard Time) to Sun Sep 08 2024 00:00:00 GMT+0530 (India Standard Time) should contain 6" time="0.00003675">
        </testcase>
    </testsuite>
    <testsuite name="node_modules/react-day-picker/src/utils/rangeContainsModifiers.test.ts" timestamp="2025-07-02T10:22:05.442Z" hostname="Shubhs-MacBook-Air.local" tests="35" failures="0" errors="0" skipped="0" time="0.003154042">
        <testcase classname="node_modules/react-day-picker/src/utils/rangeContainsModifiers.test.ts" name="when the matcher is a boolean &gt; should return the boolean" time="0.000383458">
        </testcase>
        <testcase classname="node_modules/react-day-picker/src/utils/rangeContainsModifiers.test.ts" name="when matching a single date &gt; should return true when matching a date in the range" time="0.000215375">
        </testcase>
        <testcase classname="node_modules/react-day-picker/src/utils/rangeContainsModifiers.test.ts" name="when matching a single date &gt; should return true when matching the &quot;from&quot; date" time="0.000065333">
        </testcase>
        <testcase classname="node_modules/react-day-picker/src/utils/rangeContainsModifiers.test.ts" name="when matching a single date &gt; should return true when matching the &quot;to&quot; date" time="0.000058375">
        </testcase>
        <testcase classname="node_modules/react-day-picker/src/utils/rangeContainsModifiers.test.ts" name="when matching a single date &gt; should return false on the edge of the &quot;from&quot; date" time="0.00006125">
        </testcase>
        <testcase classname="node_modules/react-day-picker/src/utils/rangeContainsModifiers.test.ts" name="when matching a single date &gt; should return false on the edge of the &quot;to&quot; date" time="0.000059583">
        </testcase>
        <testcase classname="node_modules/react-day-picker/src/utils/rangeContainsModifiers.test.ts" name="when matching an array of dates &gt; should return true" time="0.000075833">
        </testcase>
        <testcase classname="node_modules/react-day-picker/src/utils/rangeContainsModifiers.test.ts" name="when matching an array of dates &gt; should return false" time="0.000054541">
        </testcase>
        <testcase classname="node_modules/react-day-picker/src/utils/rangeContainsModifiers.test.ts" name="when matching date range &gt; should return true when matching the &quot;from&quot; date" time="0.000080958">
        </testcase>
        <testcase classname="node_modules/react-day-picker/src/utils/rangeContainsModifiers.test.ts" name="when matching date range &gt; should return true when matching the &quot;to&quot; date" time="0.000060291">
        </testcase>
        <testcase classname="node_modules/react-day-picker/src/utils/rangeContainsModifiers.test.ts" name="when matching date range &gt; should return true when date range contains matcher" time="0.000050208">
        </testcase>
        <testcase classname="node_modules/react-day-picker/src/utils/rangeContainsModifiers.test.ts" name="when matching date range &gt; should return true when matcher contains date range" time="0.000052625">
        </testcase>
        <testcase classname="node_modules/react-day-picker/src/utils/rangeContainsModifiers.test.ts" name="when matching date range &gt; should return false on the edge of the &quot;from&quot; date" time="0.000055584">
        </testcase>
        <testcase classname="node_modules/react-day-picker/src/utils/rangeContainsModifiers.test.ts" name="when matching date range &gt; should return false on the edge of the &quot;to&quot; date" time="0.00005575">
        </testcase>
        <testcase classname="node_modules/react-day-picker/src/utils/rangeContainsModifiers.test.ts" name="when matching date range &gt; should return false if matcher is an incomplete date range" time="0.000052833">
        </testcase>
        <testcase classname="node_modules/react-day-picker/src/utils/rangeContainsModifiers.test.ts" name="when matching the day of week &gt; should return true" time="0.000066625">
        </testcase>
        <testcase classname="node_modules/react-day-picker/src/utils/rangeContainsModifiers.test.ts" name="when matching the day of week &gt; should return false" time="0.00005975">
        </testcase>
        <testcase classname="node_modules/react-day-picker/src/utils/rangeContainsModifiers.test.ts" name="when matching date interval (closed) &gt; should return true when matching the &quot;from&quot; date" time="0.00006175">
        </testcase>
        <testcase classname="node_modules/react-day-picker/src/utils/rangeContainsModifiers.test.ts" name="when matching date interval (closed) &gt; should return true when matching the &quot;to&quot; date" time="0.000044583">
        </testcase>
        <testcase classname="node_modules/react-day-picker/src/utils/rangeContainsModifiers.test.ts" name="when matching date interval (closed) &gt; should return true when date range contains matcher" time="0.000046666">
        </testcase>
        <testcase classname="node_modules/react-day-picker/src/utils/rangeContainsModifiers.test.ts" name="when matching date interval (closed) &gt; should return true when matcher contains date range" time="0.000045542">
        </testcase>
        <testcase classname="node_modules/react-day-picker/src/utils/rangeContainsModifiers.test.ts" name="when matching date interval (closed) &gt; should return false on the edge of the &quot;from&quot; date" time="0.000086417">
        </testcase>
        <testcase classname="node_modules/react-day-picker/src/utils/rangeContainsModifiers.test.ts" name="when matching date interval (closed) &gt; should return false on the edge of the &quot;to&quot; date" time="0.000091084">
        </testcase>
        <testcase classname="node_modules/react-day-picker/src/utils/rangeContainsModifiers.test.ts" name="when matching date interval (open) &gt; should return true when matching the &quot;from&quot; date" time="0.000116083">
        </testcase>
        <testcase classname="node_modules/react-day-picker/src/utils/rangeContainsModifiers.test.ts" name="when matching date interval (open) &gt; should return true when matching the &quot;to&quot; date" time="0.000051125">
        </testcase>
        <testcase classname="node_modules/react-day-picker/src/utils/rangeContainsModifiers.test.ts" name="when matching date interval (open) &gt; should return false when date range is not part of the matcher" time="0.000050666">
        </testcase>
        <testcase classname="node_modules/react-day-picker/src/utils/rangeContainsModifiers.test.ts" name="when matching the date after &gt; should return true when matching the &quot;from&quot; date" time="0.0000515">
        </testcase>
        <testcase classname="node_modules/react-day-picker/src/utils/rangeContainsModifiers.test.ts" name="when matching the date after &gt; should return true when matching the &quot;to&quot; date" time="0.000043833">
        </testcase>
        <testcase classname="node_modules/react-day-picker/src/utils/rangeContainsModifiers.test.ts" name="when matching the date after &gt; should return false" time="0.000043167">
        </testcase>
        <testcase classname="node_modules/react-day-picker/src/utils/rangeContainsModifiers.test.ts" name="when matching the date before &gt; should return true when matching the &quot;from&quot; date" time="0.000050375">
        </testcase>
        <testcase classname="node_modules/react-day-picker/src/utils/rangeContainsModifiers.test.ts" name="when matching the date before &gt; should return true when matching the &quot;to&quot; date" time="0.000038458">
        </testcase>
        <testcase classname="node_modules/react-day-picker/src/utils/rangeContainsModifiers.test.ts" name="when matching the date before &gt; should return false" time="0.000037167">
        </testcase>
        <testcase classname="node_modules/react-day-picker/src/utils/rangeContainsModifiers.test.ts" name="when the matcher is a function &gt; should return true when matching the &quot;from&quot; date" time="0.000040667">
        </testcase>
        <testcase classname="node_modules/react-day-picker/src/utils/rangeContainsModifiers.test.ts" name="when the matcher is a function &gt; should return true when matching the &quot;to&quot; date" time="0.000038458">
        </testcase>
        <testcase classname="node_modules/react-day-picker/src/utils/rangeContainsModifiers.test.ts" name="when the matcher is a function &gt; should return false" time="0.000036167">
        </testcase>
    </testsuite>
    <testsuite name="node_modules/react-day-picker/src/utils/rangeIncludesDate.test.ts" timestamp="2025-07-02T10:22:05.443Z" hostname="Shubhs-MacBook-Air.local" tests="5" failures="0" errors="0" skipped="0" time="0.001035417">
        <testcase classname="node_modules/react-day-picker/src/utils/rangeIncludesDate.test.ts" name="when range is missing the &quot;from&quot; date &gt; should return false" time="0.000372541">
        </testcase>
        <testcase classname="node_modules/react-day-picker/src/utils/rangeIncludesDate.test.ts" name="when range is missing the &quot;to&quot; date &gt; should return true" time="0.000069375">
        </testcase>
        <testcase classname="node_modules/react-day-picker/src/utils/rangeIncludesDate.test.ts" name="when the range dates are the same as date &gt; should return true" time="0.000052917">
        </testcase>
        <testcase classname="node_modules/react-day-picker/src/utils/rangeIncludesDate.test.ts" name="when the range dates are the same but not as date &gt; should return false" time="0.000050417">
        </testcase>
        <testcase classname="node_modules/react-day-picker/src/utils/rangeIncludesDate.test.ts" name="when the range is inverted &gt; should return true" time="0.000045833">
        </testcase>
    </testsuite>
    <testsuite name="node_modules/react-day-picker/src/utils/rangeOverlaps.test.ts" timestamp="2025-07-02T10:22:05.443Z" hostname="Shubhs-MacBook-Air.local" tests="8" failures="0" errors="0" skipped="0" time="0.001272042">
        <testcase classname="node_modules/react-day-picker/src/utils/rangeOverlaps.test.ts" name="should return true when matching the &quot;from&quot; date" time="0.000506667">
        </testcase>
        <testcase classname="node_modules/react-day-picker/src/utils/rangeOverlaps.test.ts" name="should return true when matching the &quot;to&quot; date" time="0.00007475">
        </testcase>
        <testcase classname="node_modules/react-day-picker/src/utils/rangeOverlaps.test.ts" name="should return true when left date range contains right date range" time="0.000062917">
        </testcase>
        <testcase classname="node_modules/react-day-picker/src/utils/rangeOverlaps.test.ts" name="should return true when right date range contains left date range" time="0.000060458">
        </testcase>
        <testcase classname="node_modules/react-day-picker/src/utils/rangeOverlaps.test.ts" name="should return true when a date range is inverted" time="0.000061667">
        </testcase>
        <testcase classname="node_modules/react-day-picker/src/utils/rangeOverlaps.test.ts" name="should return false on the edge of the &quot;from&quot; date" time="0.000065459">
        </testcase>
        <testcase classname="node_modules/react-day-picker/src/utils/rangeOverlaps.test.ts" name="should return false on the edge of the &quot;to&quot; date" time="0.000058917">
        </testcase>
        <testcase classname="node_modules/react-day-picker/src/utils/rangeOverlaps.test.ts" name="should return false when a date range is inverted" time="0.000051167">
        </testcase>
    </testsuite>
    <testsuite name="node_modules/react-day-picker/src/utils/typeguards.test.ts" timestamp="2025-07-02T10:22:05.444Z" hostname="Shubhs-MacBook-Air.local" tests="12" failures="0" errors="0" skipped="0" time="0.0014615">
        <testcase classname="node_modules/react-day-picker/src/utils/typeguards.test.ts" name="isDateInterval return true for valid DateInterval" time="0.000381">
        </testcase>
        <testcase classname="node_modules/react-day-picker/src/utils/typeguards.test.ts" name="isDateInterval return false for invalid DateInterval" time="0.00009225">
        </testcase>
        <testcase classname="node_modules/react-day-picker/src/utils/typeguards.test.ts" name="isDateRange return true for valid DateRange" time="0.000061542">
        </testcase>
        <testcase classname="node_modules/react-day-picker/src/utils/typeguards.test.ts" name="isDateRange return false for invalid DateRange" time="0.000062458">
        </testcase>
        <testcase classname="node_modules/react-day-picker/src/utils/typeguards.test.ts" name="isDateAfterType return true for valid DateAfter" time="0.000052917">
        </testcase>
        <testcase classname="node_modules/react-day-picker/src/utils/typeguards.test.ts" name="isDateAfterType return false for invalid DateAfter" time="0.00006575">
        </testcase>
        <testcase classname="node_modules/react-day-picker/src/utils/typeguards.test.ts" name="isDateBeforeType return true for valid DateBefore" time="0.000047333">
        </testcase>
        <testcase classname="node_modules/react-day-picker/src/utils/typeguards.test.ts" name="isDateBeforeType return false for invalid DateBefore" time="0.000049583">
        </testcase>
        <testcase classname="node_modules/react-day-picker/src/utils/typeguards.test.ts" name="isDayOfWeekType return true for valid DayOfWeek" time="0.000052083">
        </testcase>
        <testcase classname="node_modules/react-day-picker/src/utils/typeguards.test.ts" name="isDayOfWeekType return false for invalid DayOfWeek" time="0.000058083">
        </testcase>
        <testcase classname="node_modules/react-day-picker/src/utils/typeguards.test.ts" name="isDatesArray return true for valid array of dates" time="0.000085042">
        </testcase>
        <testcase classname="node_modules/react-day-picker/src/utils/typeguards.test.ts" name="isDatesArray return false for invalid array of dates" time="0.00006175">
        </testcase>
    </testsuite>
    <testsuite name="node_modules/next/dist/trace/report/index.test.js" timestamp="2025-07-02T10:22:05.444Z" hostname="Shubhs-MacBook-Air.local" tests="2" failures="1" errors="0" skipped="0" time="0.004453375">
        <testcase classname="node_modules/next/dist/trace/report/index.test.js" name="Trace Reporter &gt; JSON reporter &gt; should write the trace events to JSON file" time="0.002144834">
        </testcase>
        <testcase classname="node_modules/next/dist/trace/report/index.test.js" name="Trace Reporter &gt; Telemetry reporter &gt; should record telemetry event" time="0.001874166">
            <failure message="jest is not defined" type="ReferenceError">
ReferenceError: jest is not defined
 ❯ node_modules/next/src/trace/report/index.test.ts:42:26
            </failure>
        </testcase>
    </testsuite>
    <testsuite name="node_modules/@testing-library/jest-dom/types/__tests__/bun/bun-custom-expect-types.test.ts" timestamp="2025-07-02T10:22:05.444Z" hostname="Shubhs-MacBook-Air.local" tests="1" failures="1" errors="0" skipped="0" time="0">
        <testcase classname="node_modules/@testing-library/jest-dom/types/__tests__/bun/bun-custom-expect-types.test.ts" name="node_modules/@testing-library/jest-dom/types/__tests__/bun/bun-custom-expect-types.test.ts" time="0">
            <failure message="Failed to resolve import &quot;bun:test&quot; from &quot;node_modules/@testing-library/jest-dom/types/__tests__/bun/bun-custom-expect-types.test.ts&quot;. Does the file exist?" type="Error">
Error: Failed to resolve import &quot;bun:test&quot; from &quot;node_modules/@testing-library/jest-dom/types/__tests__/bun/bun-custom-expect-types.test.ts&quot;. Does the file exist?
  Plugin: vite:import-analysis
  File: /Users/shubhpatel/Downloads/MB-Sparrow-main/frontend/node_modules/@testing-library/jest-dom/types/__tests__/bun/bun-custom-expect-types.test.ts:9:21
  1  |  import { expect } from &quot;bun:test&quot;;
     |                          ^
  2  |  import * as matchersStandalone from &quot;../../matchers-standalone&quot;;
  3  |  expect.extend(matchersStandalone);
 ❯ TransformPluginContext._formatError node_modules/vite/dist/node/chunks/dep-C6uTJdX2.js:49258:41
 ❯ TransformPluginContext.error node_modules/vite/dist/node/chunks/dep-C6uTJdX2.js:49253:16
 ❯ normalizeUrl node_modules/vite/dist/node/chunks/dep-C6uTJdX2.js:64291:23
 ❯ node_modules/vite/dist/node/chunks/dep-C6uTJdX2.js:64423:39
 ❯ TransformPluginContext.transform node_modules/vite/dist/node/chunks/dep-C6uTJdX2.js:64350:7
 ❯ PluginContainer.transform node_modules/vite/dist/node/chunks/dep-C6uTJdX2.js:49099:18
 ❯ loadAndTransform node_modules/vite/dist/node/chunks/dep-C6uTJdX2.js:51977:27

⎯⎯⎯⎯⎯⎯⎯⎯⎯⎯⎯⎯⎯⎯⎯⎯⎯⎯⎯⎯⎯⎯⎯⎯⎯⎯⎯⎯⎯⎯
Serialized Error: { __vitest_rollup_error__: { plugin: &apos;vite:import-analysis&apos;, id: &apos;/Users/shubhpatel/Downloads/MB-Sparrow-main/frontend/node_modules/@testing-library/jest-dom/types/__tests__/bun/bun-custom-expect-types.test.ts&apos;, loc: { file: &apos;/Users/shubhpatel/Downloads/MB-Sparrow-main/frontend/node_modules/@testing-library/jest-dom/types/__tests__/bun/bun-custom-expect-types.test.ts&apos;, line: 9, column: 21 }, frame: &apos;1  |  import { expect } from &quot;bun:test&quot;;\n   |                          ^\n2  |  import * as matchersStandalone from &quot;../../matchers-standalone&quot;;\n3  |  expect.extend(matchersStandalone);&apos; } }
            </failure>
        </testcase>
    </testsuite>
    <testsuite name="node_modules/@testing-library/jest-dom/types/__tests__/bun/bun-types.test.ts" timestamp="2025-07-02T10:22:05.445Z" hostname="Shubhs-MacBook-Air.local" tests="1" failures="1" errors="0" skipped="0" time="0">
        <testcase classname="node_modules/@testing-library/jest-dom/types/__tests__/bun/bun-types.test.ts" name="node_modules/@testing-library/jest-dom/types/__tests__/bun/bun-types.test.ts" time="0">
            <failure message="Failed to resolve import &quot;bun:test&quot; from &quot;node_modules/@testing-library/jest-dom/types/__tests__/bun/bun-types.test.ts&quot;. Does the file exist?" type="Error">
Error: Failed to resolve import &quot;bun:test&quot; from &quot;node_modules/@testing-library/jest-dom/types/__tests__/bun/bun-types.test.ts&quot;. Does the file exist?
  Plugin: vite:import-analysis
  File: /Users/shubhpatel/Downloads/MB-Sparrow-main/frontend/node_modules/@testing-library/jest-dom/types/__tests__/bun/bun-types.test.ts:9:21
  1  |  import { expect } from &quot;bun:test&quot;;
     |                          ^
  2  |  import &quot;../../bun&quot;;
  3  |  const element = document.body;
 ❯ TransformPluginContext._formatError node_modules/vite/dist/node/chunks/dep-C6uTJdX2.js:49258:41
 ❯ TransformPluginContext.error node_modules/vite/dist/node/chunks/dep-C6uTJdX2.js:49253:16
 ❯ normalizeUrl node_modules/vite/dist/node/chunks/dep-C6uTJdX2.js:64291:23
 ❯ node_modules/vite/dist/node/chunks/dep-C6uTJdX2.js:64423:39
 ❯ TransformPluginContext.transform node_modules/vite/dist/node/chunks/dep-C6uTJdX2.js:64350:7
 ❯ PluginContainer.transform node_modules/vite/dist/node/chunks/dep-C6uTJdX2.js:49099:18
 ❯ loadAndTransform node_modules/vite/dist/node/chunks/dep-C6uTJdX2.js:51977:27

⎯⎯⎯⎯⎯⎯⎯⎯⎯⎯⎯⎯⎯⎯⎯⎯⎯⎯⎯⎯⎯⎯⎯⎯⎯⎯⎯⎯⎯⎯
Serialized Error: { __vitest_rollup_error__: { plugin: &apos;vite:import-analysis&apos;, id: &apos;/Users/shubhpatel/Downloads/MB-Sparrow-main/frontend/node_modules/@testing-library/jest-dom/types/__tests__/bun/bun-types.test.ts&apos;, loc: { file: &apos;/Users/shubhpatel/Downloads/MB-Sparrow-main/frontend/node_modules/@testing-library/jest-dom/types/__tests__/bun/bun-types.test.ts&apos;, line: 9, column: 21 }, frame: &apos;1  |  import { expect } from &quot;bun:test&quot;;\n   |                          ^\n2  |  import &quot;../../bun&quot;;\n3  |  const element = document.body;&apos; } }
            </failure>
        </testcase>
    </testsuite>
    <testsuite name="node_modules/@testing-library/jest-dom/types/__tests__/jest/jest-custom-expect-types.test.ts" timestamp="2025-07-02T10:22:05.445Z" hostname="Shubhs-MacBook-Air.local" tests="1" failures="1" errors="0" skipped="0" time="0">
        <testcase classname="node_modules/@testing-library/jest-dom/types/__tests__/jest/jest-custom-expect-types.test.ts" name="node_modules/@testing-library/jest-dom/types/__tests__/jest/jest-custom-expect-types.test.ts" time="0">
            <failure message="Failed to resolve import &quot;../../matchers&quot; from &quot;node_modules/@testing-library/jest-dom/types/__tests__/jest/jest-custom-expect-types.test.ts&quot;. Does the file exist?" type="Error">
Error: Failed to resolve import &quot;../../matchers&quot; from &quot;node_modules/@testing-library/jest-dom/types/__tests__/jest/jest-custom-expect-types.test.ts&quot;. Does the file exist?
  Plugin: vite:import-analysis
  File: /Users/shubhpatel/Downloads/MB-Sparrow-main/frontend/node_modules/@testing-library/jest-dom/types/__tests__/jest/jest-custom-expect-types.test.ts:9:26
  1  |  import * as matchers from &quot;../../matchers&quot;;
     |                             ^
  2  |  expect.extend(matchers);
  3  |  const element = document.body;
 ❯ TransformPluginContext._formatError node_modules/vite/dist/node/chunks/dep-C6uTJdX2.js:49258:41
 ❯ TransformPluginContext.error node_modules/vite/dist/node/chunks/dep-C6uTJdX2.js:49253:16
 ❯ normalizeUrl node_modules/vite/dist/node/chunks/dep-C6uTJdX2.js:64291:23
 ❯ node_modules/vite/dist/node/chunks/dep-C6uTJdX2.js:64423:39
 ❯ TransformPluginContext.transform node_modules/vite/dist/node/chunks/dep-C6uTJdX2.js:64350:7
 ❯ PluginContainer.transform node_modules/vite/dist/node/chunks/dep-C6uTJdX2.js:49099:18
 ❯ loadAndTransform node_modules/vite/dist/node/chunks/dep-C6uTJdX2.js:51977:27

⎯⎯⎯⎯⎯⎯⎯⎯⎯⎯⎯⎯⎯⎯⎯⎯⎯⎯⎯⎯⎯⎯⎯⎯⎯⎯⎯⎯⎯⎯
Serialized Error: { __vitest_rollup_error__: { plugin: &apos;vite:import-analysis&apos;, id: &apos;/Users/shubhpatel/Downloads/MB-Sparrow-main/frontend/node_modules/@testing-library/jest-dom/types/__tests__/jest/jest-custom-expect-types.test.ts&apos;, loc: { file: &apos;/Users/shubhpatel/Downloads/MB-Sparrow-main/frontend/node_modules/@testing-library/jest-dom/types/__tests__/jest/jest-custom-expect-types.test.ts&apos;, line: 9, column: 26 }, frame: &apos;1  |  import * as matchers from &quot;../../matchers&quot;;\n   |                             ^\n2  |  expect.extend(matchers);\n3  |  const element = document.body;&apos; } }
            </failure>
        </testcase>
    </testsuite>
    <testsuite name="node_modules/@testing-library/jest-dom/types/__tests__/jest/jest-types.test.ts" timestamp="2025-07-02T10:22:05.445Z" hostname="Shubhs-MacBook-Air.local" tests="1" failures="1" errors="0" skipped="0" time="0">
        <testcase classname="node_modules/@testing-library/jest-dom/types/__tests__/jest/jest-types.test.ts" name="node_modules/@testing-library/jest-dom/types/__tests__/jest/jest-types.test.ts" time="0">
            <failure message="Failed to resolve import &quot;../../jest&quot; from &quot;node_modules/@testing-library/jest-dom/types/__tests__/jest/jest-types.test.ts&quot;. Does the file exist?" type="Error">
Error: Failed to resolve import &quot;../../jest&quot; from &quot;node_modules/@testing-library/jest-dom/types/__tests__/jest/jest-types.test.ts&quot;. Does the file exist?
  Plugin: vite:import-analysis
  File: /Users/shubhpatel/Downloads/MB-Sparrow-main/frontend/node_modules/@testing-library/jest-dom/types/__tests__/jest/jest-types.test.ts:9:7
  1  |  import &quot;../../jest&quot;;
     |          ^
  2  |  const element = document.body;
  3  |  expect(element).toBeInTheDOM();
 ❯ TransformPluginContext._formatError node_modules/vite/dist/node/chunks/dep-C6uTJdX2.js:49258:41
 ❯ TransformPluginContext.error node_modules/vite/dist/node/chunks/dep-C6uTJdX2.js:49253:16
 ❯ normalizeUrl node_modules/vite/dist/node/chunks/dep-C6uTJdX2.js:64291:23
 ❯ node_modules/vite/dist/node/chunks/dep-C6uTJdX2.js:64423:39
 ❯ TransformPluginContext.transform node_modules/vite/dist/node/chunks/dep-C6uTJdX2.js:64350:7
 ❯ PluginContainer.transform node_modules/vite/dist/node/chunks/dep-C6uTJdX2.js:49099:18
 ❯ loadAndTransform node_modules/vite/dist/node/chunks/dep-C6uTJdX2.js:51977:27

⎯⎯⎯⎯⎯⎯⎯⎯⎯⎯⎯⎯⎯⎯⎯⎯⎯⎯⎯⎯⎯⎯⎯⎯⎯⎯⎯⎯⎯⎯
Serialized Error: { __vitest_rollup_error__: { plugin: &apos;vite:import-analysis&apos;, id: &apos;/Users/shubhpatel/Downloads/MB-Sparrow-main/frontend/node_modules/@testing-library/jest-dom/types/__tests__/jest/jest-types.test.ts&apos;, loc: { file: &apos;/Users/shubhpatel/Downloads/MB-Sparrow-main/frontend/node_modules/@testing-library/jest-dom/types/__tests__/jest/jest-types.test.ts&apos;, line: 9, column: 7 }, frame: &apos;1  |  import &quot;../../jest&quot;;\n   |          ^\n2  |  const element = document.body;\n3  |  expect(element).toBeInTheDOM();&apos; } }
            </failure>
        </testcase>
    </testsuite>
    <testsuite name="node_modules/@testing-library/jest-dom/types/__tests__/vitest/vitest-custom-expect-types.test.ts" timestamp="2025-07-02T10:22:05.445Z" hostname="Shubhs-MacBook-Air.local" tests="1" failures="1" errors="0" skipped="0" time="0">
        <testcase classname="node_modules/@testing-library/jest-dom/types/__tests__/vitest/vitest-custom-expect-types.test.ts" name="node_modules/@testing-library/jest-dom/types/__tests__/vitest/vitest-custom-expect-types.test.ts" time="0">
            <failure message="Failed to resolve import &quot;../../matchers&quot; from &quot;node_modules/@testing-library/jest-dom/types/__tests__/vitest/vitest-custom-expect-types.test.ts&quot;. Does the file exist?" type="Error">
Error: Failed to resolve import &quot;../../matchers&quot; from &quot;node_modules/@testing-library/jest-dom/types/__tests__/vitest/vitest-custom-expect-types.test.ts&quot;. Does the file exist?
  Plugin: vite:import-analysis
  File: /Users/shubhpatel/Downloads/MB-Sparrow-main/frontend/node_modules/@testing-library/jest-dom/types/__tests__/vitest/vitest-custom-expect-types.test.ts:10:26
  1  |  import { expect } from &quot;vitest&quot;;
  2  |  import * as matchers from &quot;../../matchers&quot;;
     |                             ^
  3  |  expect.extend(matchers);
  4  |  const element = document.body;
 ❯ TransformPluginContext._formatError node_modules/vite/dist/node/chunks/dep-C6uTJdX2.js:49258:41
 ❯ TransformPluginContext.error node_modules/vite/dist/node/chunks/dep-C6uTJdX2.js:49253:16
 ❯ normalizeUrl node_modules/vite/dist/node/chunks/dep-C6uTJdX2.js:64291:23
 ❯ node_modules/vite/dist/node/chunks/dep-C6uTJdX2.js:64423:39
 ❯ TransformPluginContext.transform node_modules/vite/dist/node/chunks/dep-C6uTJdX2.js:64350:7
 ❯ PluginContainer.transform node_modules/vite/dist/node/chunks/dep-C6uTJdX2.js:49099:18
 ❯ loadAndTransform node_modules/vite/dist/node/chunks/dep-C6uTJdX2.js:51977:27

⎯⎯⎯⎯⎯⎯⎯⎯⎯⎯⎯⎯⎯⎯⎯⎯⎯⎯⎯⎯⎯⎯⎯⎯⎯⎯⎯⎯⎯⎯
Serialized Error: { __vitest_rollup_error__: { plugin: &apos;vite:import-analysis&apos;, id: &apos;/Users/shubhpatel/Downloads/MB-Sparrow-main/frontend/node_modules/@testing-library/jest-dom/types/__tests__/vitest/vitest-custom-expect-types.test.ts&apos;, loc: { file: &apos;/Users/shubhpatel/Downloads/MB-Sparrow-main/frontend/node_modules/@testing-library/jest-dom/types/__tests__/vitest/vitest-custom-expect-types.test.ts&apos;, line: 10, column: 26 }, frame: &apos;1  |  import { expect } from &quot;vitest&quot;;\n2  |  import * as matchers from &quot;../../matchers&quot;;\n   |                             ^\n3  |  expect.extend(matchers);\n4  |  const element = document.body;&apos; } }
            </failure>
        </testcase>
    </testsuite>
    <testsuite name="node_modules/@testing-library/jest-dom/types/__tests__/vitest/vitest-types.test.ts" timestamp="2025-07-02T10:22:05.445Z" hostname="Shubhs-MacBook-Air.local" tests="1" failures="1" errors="0" skipped="0" time="0">
        <testcase classname="node_modules/@testing-library/jest-dom/types/__tests__/vitest/vitest-types.test.ts" name="node_modules/@testing-library/jest-dom/types/__tests__/vitest/vitest-types.test.ts" time="0">
            <failure message="Failed to resolve import &quot;../../vitest&quot; from &quot;node_modules/@testing-library/jest-dom/types/__tests__/vitest/vitest-types.test.ts&quot;. Does the file exist?" type="Error">
Error: Failed to resolve import &quot;../../vitest&quot; from &quot;node_modules/@testing-library/jest-dom/types/__tests__/vitest/vitest-types.test.ts&quot;. Does the file exist?
  Plugin: vite:import-analysis
  File: /Users/shubhpatel/Downloads/MB-Sparrow-main/frontend/node_modules/@testing-library/jest-dom/types/__tests__/vitest/vitest-types.test.ts:10:7
  1  |  import { expect } from &quot;vitest&quot;;
  2  |  import &quot;../../vitest&quot;;
     |          ^
  3  |  const element = document.body;
  4  |  expect(element).toBeInTheDOM();
 ❯ TransformPluginContext._formatError node_modules/vite/dist/node/chunks/dep-C6uTJdX2.js:49258:41
 ❯ TransformPluginContext.error node_modules/vite/dist/node/chunks/dep-C6uTJdX2.js:49253:16
 ❯ normalizeUrl node_modules/vite/dist/node/chunks/dep-C6uTJdX2.js:64291:23
 ❯ node_modules/vite/dist/node/chunks/dep-C6uTJdX2.js:64423:39
 ❯ TransformPluginContext.transform node_modules/vite/dist/node/chunks/dep-C6uTJdX2.js:64350:7
 ❯ PluginContainer.transform node_modules/vite/dist/node/chunks/dep-C6uTJdX2.js:49099:18
 ❯ loadAndTransform node_modules/vite/dist/node/chunks/dep-C6uTJdX2.js:51977:27

⎯⎯⎯⎯⎯⎯⎯⎯⎯⎯⎯⎯⎯⎯⎯⎯⎯⎯⎯⎯⎯⎯⎯⎯⎯⎯⎯⎯⎯⎯
Serialized Error: { __vitest_rollup_error__: { plugin: &apos;vite:import-analysis&apos;, id: &apos;/Users/shubhpatel/Downloads/MB-Sparrow-main/frontend/node_modules/@testing-library/jest-dom/types/__tests__/vitest/vitest-types.test.ts&apos;, loc: { file: &apos;/Users/shubhpatel/Downloads/MB-Sparrow-main/frontend/node_modules/@testing-library/jest-dom/types/__tests__/vitest/vitest-types.test.ts&apos;, line: 10, column: 7 }, frame: &apos;1  |  import { expect } from &quot;vitest&quot;;\n2  |  import &quot;../../vitest&quot;;\n   |          ^\n3  |  const element = document.body;\n4  |  expect(element).toBeInTheDOM();&apos; } }
            </failure>
        </testcase>
    </testsuite>
    <testsuite name="node_modules/@testing-library/jest-dom/types/__tests__/jest-globals/jest-globals-custom-expect-types.test.ts" timestamp="2025-07-02T10:22:05.445Z" hostname="Shubhs-MacBook-Air.local" tests="1" failures="1" errors="0" skipped="0" time="0">
        <testcase classname="node_modules/@testing-library/jest-dom/types/__tests__/jest-globals/jest-globals-custom-expect-types.test.ts" name="node_modules/@testing-library/jest-dom/types/__tests__/jest-globals/jest-globals-custom-expect-types.test.ts" time="0">
            <failure message="Failed to resolve import &quot;@jest/globals&quot; from &quot;node_modules/@testing-library/jest-dom/types/__tests__/jest-globals/jest-globals-custom-expect-types.test.ts&quot;. Does the file exist?" type="Error">
Error: Failed to resolve import &quot;@jest/globals&quot; from &quot;node_modules/@testing-library/jest-dom/types/__tests__/jest-globals/jest-globals-custom-expect-types.test.ts&quot;. Does the file exist?
  Plugin: vite:import-analysis
  File: /Users/shubhpatel/Downloads/MB-Sparrow-main/frontend/node_modules/@testing-library/jest-dom/types/__tests__/jest-globals/jest-globals-custom-expect-types.test.ts:9:21
  1  |  import { expect } from &quot;@jest/globals&quot;;
     |                          ^
  2  |  import * as matchers from &quot;../../matchers&quot;;
  3  |  expect.extend(matchers);
 ❯ TransformPluginContext._formatError node_modules/vite/dist/node/chunks/dep-C6uTJdX2.js:49258:41
 ❯ TransformPluginContext.error node_modules/vite/dist/node/chunks/dep-C6uTJdX2.js:49253:16
 ❯ normalizeUrl node_modules/vite/dist/node/chunks/dep-C6uTJdX2.js:64291:23
 ❯ node_modules/vite/dist/node/chunks/dep-C6uTJdX2.js:64423:39
 ❯ TransformPluginContext.transform node_modules/vite/dist/node/chunks/dep-C6uTJdX2.js:64350:7
 ❯ PluginContainer.transform node_modules/vite/dist/node/chunks/dep-C6uTJdX2.js:49099:18
 ❯ loadAndTransform node_modules/vite/dist/node/chunks/dep-C6uTJdX2.js:51977:27

⎯⎯⎯⎯⎯⎯⎯⎯⎯⎯⎯⎯⎯⎯⎯⎯⎯⎯⎯⎯⎯⎯⎯⎯⎯⎯⎯⎯⎯⎯
Serialized Error: { __vitest_rollup_error__: { plugin: &apos;vite:import-analysis&apos;, id: &apos;/Users/shubhpatel/Downloads/MB-Sparrow-main/frontend/node_modules/@testing-library/jest-dom/types/__tests__/jest-globals/jest-globals-custom-expect-types.test.ts&apos;, loc: { file: &apos;/Users/shubhpatel/Downloads/MB-Sparrow-main/frontend/node_modules/@testing-library/jest-dom/types/__tests__/jest-globals/jest-globals-custom-expect-types.test.ts&apos;, line: 9, column: 21 }, frame: &apos;1  |  import { expect } from &quot;@jest/globals&quot;;\n   |                          ^\n2  |  import * as matchers from &quot;../../matchers&quot;;\n3  |  expect.extend(matchers);&apos; } }
            </failure>
        </testcase>
    </testsuite>
    <testsuite name="node_modules/@testing-library/jest-dom/types/__tests__/jest-globals/jest-globals-types.test.ts" timestamp="2025-07-02T10:22:05.446Z" hostname="Shubhs-MacBook-Air.local" tests="1" failures="1" errors="0" skipped="0" time="0">
        <testcase classname="node_modules/@testing-library/jest-dom/types/__tests__/jest-globals/jest-globals-types.test.ts" name="node_modules/@testing-library/jest-dom/types/__tests__/jest-globals/jest-globals-types.test.ts" time="0">
            <failure message="Failed to resolve import &quot;@jest/globals&quot; from &quot;node_modules/@testing-library/jest-dom/types/__tests__/jest-globals/jest-globals-types.test.ts&quot;. Does the file exist?" type="Error">
Error: Failed to resolve import &quot;@jest/globals&quot; from &quot;node_modules/@testing-library/jest-dom/types/__tests__/jest-globals/jest-globals-types.test.ts&quot;. Does the file exist?
  Plugin: vite:import-analysis
  File: /Users/shubhpatel/Downloads/MB-Sparrow-main/frontend/node_modules/@testing-library/jest-dom/types/__tests__/jest-globals/jest-globals-types.test.ts:9:21
  1  |  import { expect } from &quot;@jest/globals&quot;;
     |                          ^
  2  |  import &quot;../../jest-globals&quot;;
  3  |  const element = document.body;
 ❯ TransformPluginContext._formatError node_modules/vite/dist/node/chunks/dep-C6uTJdX2.js:49258:41
 ❯ TransformPluginContext.error node_modules/vite/dist/node/chunks/dep-C6uTJdX2.js:49253:16
 ❯ normalizeUrl node_modules/vite/dist/node/chunks/dep-C6uTJdX2.js:64291:23
 ❯ node_modules/vite/dist/node/chunks/dep-C6uTJdX2.js:64423:39
 ❯ TransformPluginContext.transform node_modules/vite/dist/node/chunks/dep-C6uTJdX2.js:64350:7
 ❯ PluginContainer.transform node_modules/vite/dist/node/chunks/dep-C6uTJdX2.js:49099:18
 ❯ loadAndTransform node_modules/vite/dist/node/chunks/dep-C6uTJdX2.js:51977:27

⎯⎯⎯⎯⎯⎯⎯⎯⎯⎯⎯⎯⎯⎯⎯⎯⎯⎯⎯⎯⎯⎯⎯⎯⎯⎯⎯⎯⎯⎯
Serialized Error: { __vitest_rollup_error__: { plugin: &apos;vite:import-analysis&apos;, id: &apos;/Users/shubhpatel/Downloads/MB-Sparrow-main/frontend/node_modules/@testing-library/jest-dom/types/__tests__/jest-globals/jest-globals-types.test.ts&apos;, loc: { file: &apos;/Users/shubhpatel/Downloads/MB-Sparrow-main/frontend/node_modules/@testing-library/jest-dom/types/__tests__/jest-globals/jest-globals-types.test.ts&apos;, line: 9, column: 21 }, frame: &apos;1  |  import { expect } from &quot;@jest/globals&quot;;\n   |                          ^\n2  |  import &quot;../../jest-globals&quot;;\n3  |  const element = document.body;&apos; } }
            </failure>
        </testcase>
    </testsuite>
</testsuites>
