<?xml version="1.0" encoding="UTF-8" ?>
<testsuites name="vitest tests" tests="11" failures="1" errors="0" time="20.666">
    <testsuite name="lib/__tests__/feedme-api-delete.test.ts" timestamp="2025-07-05T06:55:18.201Z" hostname="Shubhs-MacBook-Air.local" tests="11" failures="1" errors="0" skipped="0" time="20.014532792">
        <testcase classname="lib/__tests__/feedme-api-delete.test.ts" name="deleteExample API &gt; successfully deletes an example" time="0.001752083">
            <system-out>
[FeedMe API] Attempting fetch to /api/v1/feedme/examples/123 (retries left: 3)

            </system-out>
        </testcase>
        <testcase classname="lib/__tests__/feedme-api-delete.test.ts" name="deleteExample API &gt; throws error when example not found" time="0.000557292">
            <system-out>
[FeedMe API] Attempting fetch to /api/v1/feedme/examples/999 (retries left: 3)

            </system-out>
        </testcase>
        <testcase classname="lib/__tests__/feedme-api-delete.test.ts" name="deleteExample API &gt; throws error when server error occurs" time="0.000139541">
            <system-out>
[FeedMe API] Attempting fetch to /api/v1/feedme/examples/123 (retries left: 3)

            </system-out>
        </testcase>
        <testcase classname="lib/__tests__/feedme-api-delete.test.ts" name="deleteExample API &gt; handles network errors with retry mechanism" time="3.003818959">
            <system-out>
[FeedMe API] Attempting fetch to /api/v1/feedme/examples/123 (retries left: 3)
[FeedMe API] Retrying in 1000ms...

[FeedMe API] Attempting fetch to /api/v1/feedme/examples/123 (retries left: 2)
[FeedMe API] Retrying in 2000ms...

[FeedMe API] Attempting fetch to /api/v1/feedme/examples/123 (retries left: 1)

            </system-out>
            <system-err>
[FeedMe API] Fetch failed for /api/v1/feedme/examples/123: Error: NetworkError
    at /Users/shubhpatel/Downloads/MB-Sparrow-main/frontend/lib/__tests__/feedme-api-delete.test.ts:80:30
    at file:///Users/shubhpatel/Downloads/MB-Sparrow-main/frontend/node_modules/@vitest/runner/dist/index.js:146:14
    at file:///Users/shubhpatel/Downloads/MB-Sparrow-main/frontend/node_modules/@vitest/runner/dist/index.js:533:11
    at runWithTimeout (file:///Users/shubhpatel/Downloads/MB-Sparrow-main/frontend/node_modules/@vitest/runner/dist/index.js:39:7)
    at runTest (file:///Users/shubhpatel/Downloads/MB-Sparrow-main/frontend/node_modules/@vitest/runner/dist/index.js:1056:17)
    at runSuite (file:///Users/shubhpatel/Downloads/MB-Sparrow-main/frontend/node_modules/@vitest/runner/dist/index.js:1205:15)
    at runSuite (file:///Users/shubhpatel/Downloads/MB-Sparrow-main/frontend/node_modules/@vitest/runner/dist/index.js:1205:15)
    at runFiles (file:///Users/shubhpatel/Downloads/MB-Sparrow-main/frontend/node_modules/@vitest/runner/dist/index.js:1262:5)
    at startTests (file:///Users/shubhpatel/Downloads/MB-Sparrow-main/frontend/node_modules/@vitest/runner/dist/index.js:1271:3)
    at file:///Users/shubhpatel/Downloads/MB-Sparrow-main/frontend/node_modules/vitest/dist/chunks/runBaseTests.3qpJUEJM.js:126:11

[FeedMe API] Fetch failed for /api/v1/feedme/examples/123: Error: NetworkError
    at /Users/shubhpatel/Downloads/MB-Sparrow-main/frontend/lib/__tests__/feedme-api-delete.test.ts:81:30
    at file:///Users/shubhpatel/Downloads/MB-Sparrow-main/frontend/node_modules/@vitest/runner/dist/index.js:146:14
    at file:///Users/shubhpatel/Downloads/MB-Sparrow-main/frontend/node_modules/@vitest/runner/dist/index.js:533:11
    at runWithTimeout (file:///Users/shubhpatel/Downloads/MB-Sparrow-main/frontend/node_modules/@vitest/runner/dist/index.js:39:7)
    at runTest (file:///Users/shubhpatel/Downloads/MB-Sparrow-main/frontend/node_modules/@vitest/runner/dist/index.js:1056:17)
    at runSuite (file:///Users/shubhpatel/Downloads/MB-Sparrow-main/frontend/node_modules/@vitest/runner/dist/index.js:1205:15)
    at runSuite (file:///Users/shubhpatel/Downloads/MB-Sparrow-main/frontend/node_modules/@vitest/runner/dist/index.js:1205:15)
    at runFiles (file:///Users/shubhpatel/Downloads/MB-Sparrow-main/frontend/node_modules/@vitest/runner/dist/index.js:1262:5)
    at startTests (file:///Users/shubhpatel/Downloads/MB-Sparrow-main/frontend/node_modules/@vitest/runner/dist/index.js:1271:3)
    at file:///Users/shubhpatel/Downloads/MB-Sparrow-main/frontend/node_modules/vitest/dist/chunks/runBaseTests.3qpJUEJM.js:126:11

            </system-err>
        </testcase>
        <testcase classname="lib/__tests__/feedme-api-delete.test.ts" name="deleteExample API &gt; throws descriptive error when all retries fail" time="7.004235625">
            <system-out>
[FeedMe API] Attempting fetch to /api/v1/feedme/examples/123 (retries left: 3)
[FeedMe API] Retrying in 1000ms...

[FeedMe API] Attempting fetch to /api/v1/feedme/examples/123 (retries left: 2)
[FeedMe API] Retrying in 2000ms...

[FeedMe API] Attempting fetch to /api/v1/feedme/examples/123 (retries left: 1)
[FeedMe API] Retrying in 4000ms...

[FeedMe API] Attempting fetch to /api/v1/feedme/examples/123 (retries left: 0)

            </system-out>
            <system-err>
[FeedMe API] Fetch failed for /api/v1/feedme/examples/123: Error: NetworkError
    at /Users/shubhpatel/Downloads/MB-Sparrow-main/frontend/lib/__tests__/feedme-api-delete.test.ts:101:33
    at file:///Users/shubhpatel/Downloads/MB-Sparrow-main/frontend/node_modules/@vitest/runner/dist/index.js:146:14
    at file:///Users/shubhpatel/Downloads/MB-Sparrow-main/frontend/node_modules/@vitest/runner/dist/index.js:533:11
    at runWithTimeout (file:///Users/shubhpatel/Downloads/MB-Sparrow-main/frontend/node_modules/@vitest/runner/dist/index.js:39:7)
    at runTest (file:///Users/shubhpatel/Downloads/MB-Sparrow-main/frontend/node_modules/@vitest/runner/dist/index.js:1056:17)
    at runSuite (file:///Users/shubhpatel/Downloads/MB-Sparrow-main/frontend/node_modules/@vitest/runner/dist/index.js:1205:15)
    at runSuite (file:///Users/shubhpatel/Downloads/MB-Sparrow-main/frontend/node_modules/@vitest/runner/dist/index.js:1205:15)
    at runFiles (file:///Users/shubhpatel/Downloads/MB-Sparrow-main/frontend/node_modules/@vitest/runner/dist/index.js:1262:5)
    at startTests (file:///Users/shubhpatel/Downloads/MB-Sparrow-main/frontend/node_modules/@vitest/runner/dist/index.js:1271:3)
    at file:///Users/shubhpatel/Downloads/MB-Sparrow-main/frontend/node_modules/vitest/dist/chunks/runBaseTests.3qpJUEJM.js:126:11

[FeedMe API] Fetch failed for /api/v1/feedme/examples/123: Error: NetworkError
    at /Users/shubhpatel/Downloads/MB-Sparrow-main/frontend/lib/__tests__/feedme-api-delete.test.ts:101:33
    at file:///Users/shubhpatel/Downloads/MB-Sparrow-main/frontend/node_modules/@vitest/runner/dist/index.js:146:14
    at file:///Users/shubhpatel/Downloads/MB-Sparrow-main/frontend/node_modules/@vitest/runner/dist/index.js:533:11
    at runWithTimeout (file:///Users/shubhpatel/Downloads/MB-Sparrow-main/frontend/node_modules/@vitest/runner/dist/index.js:39:7)
    at runTest (file:///Users/shubhpatel/Downloads/MB-Sparrow-main/frontend/node_modules/@vitest/runner/dist/index.js:1056:17)
    at runSuite (file:///Users/shubhpatel/Downloads/MB-Sparrow-main/frontend/node_modules/@vitest/runner/dist/index.js:1205:15)
    at runSuite (file:///Users/shubhpatel/Downloads/MB-Sparrow-main/frontend/node_modules/@vitest/runner/dist/index.js:1205:15)
    at runFiles (file:///Users/shubhpatel/Downloads/MB-Sparrow-main/frontend/node_modules/@vitest/runner/dist/index.js:1262:5)
    at startTests (file:///Users/shubhpatel/Downloads/MB-Sparrow-main/frontend/node_modules/@vitest/runner/dist/index.js:1271:3)
    at file:///Users/shubhpatel/Downloads/MB-Sparrow-main/frontend/node_modules/vitest/dist/chunks/runBaseTests.3qpJUEJM.js:126:11

[FeedMe API] Fetch failed for /api/v1/feedme/examples/123: Error: NetworkError
    at /Users/shubhpatel/Downloads/MB-Sparrow-main/frontend/lib/__tests__/feedme-api-delete.test.ts:101:33
    at file:///Users/shubhpatel/Downloads/MB-Sparrow-main/frontend/node_modules/@vitest/runner/dist/index.js:146:14
    at file:///Users/shubhpatel/Downloads/MB-Sparrow-main/frontend/node_modules/@vitest/runner/dist/index.js:533:11
    at runWithTimeout (file:///Users/shubhpatel/Downloads/MB-Sparrow-main/frontend/node_modules/@vitest/runner/dist/index.js:39:7)
    at runTest (file:///Users/shubhpatel/Downloads/MB-Sparrow-main/frontend/node_modules/@vitest/runner/dist/index.js:1056:17)
    at runSuite (file:///Users/shubhpatel/Downloads/MB-Sparrow-main/frontend/node_modules/@vitest/runner/dist/index.js:1205:15)
    at runSuite (file:///Users/shubhpatel/Downloads/MB-Sparrow-main/frontend/node_modules/@vitest/runner/dist/index.js:1205:15)
    at runFiles (file:///Users/shubhpatel/Downloads/MB-Sparrow-main/frontend/node_modules/@vitest/runner/dist/index.js:1262:5)
    at startTests (file:///Users/shubhpatel/Downloads/MB-Sparrow-main/frontend/node_modules/@vitest/runner/dist/index.js:1271:3)
    at file:///Users/shubhpatel/Downloads/MB-Sparrow-main/frontend/node_modules/vitest/dist/chunks/runBaseTests.3qpJUEJM.js:126:11

[FeedMe API] Fetch failed for /api/v1/feedme/examples/123: Error: NetworkError
    at /Users/shubhpatel/Downloads/MB-Sparrow-main/frontend/lib/__tests__/feedme-api-delete.test.ts:101:33
    at file:///Users/shubhpatel/Downloads/MB-Sparrow-main/frontend/node_modules/@vitest/runner/dist/index.js:146:14
    at file:///Users/shubhpatel/Downloads/MB-Sparrow-main/frontend/node_modules/@vitest/runner/dist/index.js:533:11
    at runWithTimeout (file:///Users/shubhpatel/Downloads/MB-Sparrow-main/frontend/node_modules/@vitest/runner/dist/index.js:39:7)
    at runTest (file:///Users/shubhpatel/Downloads/MB-Sparrow-main/frontend/node_modules/@vitest/runner/dist/index.js:1056:17)
    at runSuite (file:///Users/shubhpatel/Downloads/MB-Sparrow-main/frontend/node_modules/@vitest/runner/dist/index.js:1205:15)
    at runSuite (file:///Users/shubhpatel/Downloads/MB-Sparrow-main/frontend/node_modules/@vitest/runner/dist/index.js:1205:15)
    at runFiles (file:///Users/shubhpatel/Downloads/MB-Sparrow-main/frontend/node_modules/@vitest/runner/dist/index.js:1262:5)
    at startTests (file:///Users/shubhpatel/Downloads/MB-Sparrow-main/frontend/node_modules/@vitest/runner/dist/index.js:1271:3)
    at file:///Users/shubhpatel/Downloads/MB-Sparrow-main/frontend/node_modules/vitest/dist/chunks/runBaseTests.3qpJUEJM.js:126:11

            </system-err>
        </testcase>
        <testcase classname="lib/__tests__/feedme-api-delete.test.ts" name="deleteExample API &gt; handles malformed JSON response gracefully" time="0.000231416">
            <system-out>
[FeedMe API] Attempting fetch to /api/v1/feedme/examples/123 (retries left: 3)

            </system-out>
        </testcase>
        <testcase classname="lib/__tests__/feedme-api-delete.test.ts" name="deleteExample API &gt; handles timeout errors" time="10.002172458">
            <system-out>
[FeedMe API] Attempting fetch to /api/v1/feedme/examples/123 (retries left: 3)

            </system-out>
            <failure message="Test timed out in 10000ms.
If this is a long-running test, pass a timeout value as the last argument or configure it globally with &quot;testTimeout&quot;." type="Error">
Error: Test timed out in 10000ms.
If this is a long-running test, pass a timeout value as the last argument or configure it globally with &quot;testTimeout&quot;.
            </failure>
        </testcase>
        <testcase classname="lib/__tests__/feedme-api-delete.test.ts" name="deleteExample API &gt; validates example ID parameter" time="0.000424291">
            <system-out>
[FeedMe API] Attempting fetch to /api/v1/feedme/examples/123 (retries left: 3)

            </system-out>
        </testcase>
        <testcase classname="lib/__tests__/feedme-api-delete.test.ts" name="deleteExample API &gt; includes proper headers in request" time="0.000120334">
            <system-out>
[FeedMe API] Attempting fetch to /api/v1/feedme/examples/123 (retries left: 3)

            </system-out>
        </testcase>
        <testcase classname="lib/__tests__/feedme-api-delete.test.ts" name="deleteExample API &gt; preserves error details from server response" time="0.000177375">
            <system-out>
[FeedMe API] Attempting fetch to /api/v1/feedme/examples/123 (retries left: 3)

            </system-out>
        </testcase>
        <testcase classname="lib/__tests__/feedme-api-delete.test.ts" name="deleteExample API &gt; handles empty response body" time="0.000141167">
            <system-out>
[FeedMe API] Attempting fetch to /api/v1/feedme/examples/123 (retries left: 3)

            </system-out>
        </testcase>
    </testsuite>
</testsuites>
